Sample	cat16-77.trees	cat16-77.sequence01_sequence04_sequence14_sequence07_sequence13_sequence16_sequence09_sequence15	cat16-77.sequence01_sequence16	cat16-77.sequence05_sequence11_sequence12_sequence02_sequence03_sequence10_sequence06_sequence08	cat16-77.sequence01_sequence05_sequence11_sequence12_sequence16_sequence02_sequence03_sequence10_sequence06_sequence08	cat16-77.sequence01_sequence04_sequence14_sequence07_sequence13_sequence09_sequence15	cat16-77.sequence05_sequence11_sequence12_sequence16_sequence02_sequence03_sequence10_sequence06_sequence08	cat16-77.sequence05_sequence04_sequence14_sequence07_sequence11_sequence12_sequence13_sequence16_sequence02_sequence09_sequence03_sequence10_sequence06_sequence08_sequence15	cat16-77.sequence01_sequence05_sequence04_sequence14_sequence07_sequence11_sequence12_sequence13_sequence02_sequence09_sequence03_sequence10_sequence06_sequence08_sequence15	
0	26.0	0.0	0.0	1.0	0.0	0.0	1.0	1.0	0.0	
1	28.0	0.0	0.0	1.0	0.0	1.0	1.0	0.0	0.0	
2	28.0	0.0	0.0	1.0	0.0	1.0	1.0	0.0	0.0	
3	28.0	0.0	0.0	1.0	0.0	1.0	1.0	0.0	0.0	
4	30.0	1.0	0.0	1.0	0.0	1.0	0.0	0.0	0.0	
5	30.0	1.0	0.0	1.0	0.0	1.0	0.0	0.0	0.0	
6	26.0	0.0	0.0	1.0	0.0	0.0	1.0	1.0	0.0	
7	26.0	0.0	0.0	1.0	1.0	0.0	1.0	0.0	0.0	
8	28.0	0.0	0.0	1.0	0.0	1.0	0.0	0.0	1.0	
9	26.0	0.0	0.0	1.0	1.0	0.0	1.0	0.0	0.0	
10	26.0	0.0	0.0	1.0	0.0	0.0	0.0	0.0	0.0	
11	26.0	0.0	0.0	1.0	1.0	0.0	1.0	0.0	0.0	
12	28.0	0.0	0.0	1.0	0.0	1.0	1.0	0.0	0.0	
13	28.0	0.0	0.0	1.0	0.0	1.0	1.0	0.0	0.0	
14	28.0	0.0	0.0	1.0	0.0	1.0	1.0	0.0	0.0	
15	30.0	1.0	0.0	1.0	0.0	1.0	0.0	0.0	0.0	
16	28.0	0.0	0.0	1.0	0.0	1.0	0.0	0.0	1.0	
17	28.0	0.0	0.0	1.0	0.0	1.0	1.0	0.0	0.0	
18	28.0	0.0	0.0	1.0	0.0	1.0	1.0	0.0	0.0	
19	28.0	0.0	0.0	1.0	0.0	1.0	1.0	0.0	0.0	
20	30.0	1.0	0.0	1.0	0.0	1.0	0.0	0.0	0.0	
21	30.0	1.0	0.0	1.0	0.0	1.0	0.0	0.0	0.0	
22	28.0	0.0	0.0	1.0	0.0	1.0	1.0	0.0	0.0	
23	28.0	0.0	0.0	1.0	0.0	1.0	1.0	0.0	0.0	
24	30.0	1.0	0.0	1.0	0.0	1.0	0.0	0.0	0.0	
25	26.0	0.0	0.0	1.0	0.0	0.0	1.0	1.0	0.0	
26	30.0	1.0	0.0	1.0	0.0	1.0	0.0	0.0	0.0	
27	26.0	0.0	0.0	1.0	1.0	0.0	1.0	0.0	0.0	
28	28.0	0.0	0.0	1.0	0.0	1.0	0.0	0.0	1.0	
29	28.0	0.0	0.0	1.0	0.0	1.0	1.0	0.0	0.0	
30	26.0	0.0	0.0	1.0	1.0	0.0	1.0	0.0	0.0	
31	28.0	0.0	0.0	1.0	0.0	1.0	1.0	0.0	0.0	
32	28.0	0.0	0.0	1.0	0.0	1.0	1.0	0.0	0.0	
33	26.0	0.0	0.0	1.0	1.0	0.0	1.0	0.0	0.0	
34	30.0	1.0	0.0	1.0	0.0	1.0	0.0	0.0	0.0	
35	30.0	1.0	0.0	1.0	0.0	1.0	0.0	0.0	0.0	
36	28.0	0.0	0.0	1.0	0.0	1.0	1.0	0.0	0.0	
37	30.0	1.0	0.0	1.0	0.0	1.0	0.0	0.0	0.0	
38	30.0	1.0	0.0	1.0	0.0	1.0	0.0	0.0	0.0	
39	28.0	0.0	0.0	1.0	0.0	1.0	0.0	0.0	1.0	
40	26.0	0.0	0.0	1.0	1.0	0.0	1.0	0.0	0.0	
41	28.0	0.0	0.0	1.0	0.0	1.0	1.0	0.0	0.0	
42	26.0	0.0	0.0	1.0	1.0	0.0	1.0	0.0	0.0	
43	28.0	0.0	0.0	1.0	0.0	1.0	0.0	0.0	1.0	
44	26.0	0.0	0.0	1.0	1.0	0.0	1.0	0.0	0.0	
45	30.0	1.0	0.0	1.0	0.0	1.0	0.0	0.0	0.0	
46	30.0	1.0	0.0	1.0	0.0	1.0	0.0	0.0	0.0	
47	28.0	0.0	0.0	1.0	0.0	1.0	0.0	0.0	1.0	
48	28.0	1.0	1.0	1.0	0.0	0.0	0.0	0.0	0.0	
49	28.0	0.0	0.0	1.0	0.0	1.0	1.0	0.0	0.0	
50	28.0	0.0	0.0	1.0	0.0	1.0	1.0	0.0	0.0	
51	28.0	1.0	1.0	1.0	0.0	0.0	0.0	0.0	0.0	
52	28.0	0.0	0.0	1.0	0.0	1.0	1.0	0.0	0.0	
53	26.0	0.0	0.0	1.0	0.0	0.0	1.0	1.0	0.0	
54	26.0	0.0	0.0	1.0	0.0	0.0	1.0	1.0	0.0	
55	26.0	0.0	0.0	1.0	0.0	0.0	1.0	1.0	0.0	
56	28.0	0.0	0.0	1.0	0.0	1.0	1.0	0.0	0.0	
57	28.0	0.0	0.0	1.0	0.0	1.0	0.0	0.0	1.0	
58	26.0	0.0	0.0	1.0	1.0	0.0	1.0	0.0	0.0	
59	30.0	1.0	0.0	1.0	0.0	1.0	0.0	0.0	0.0	
60	30.0	1.0	0.0	1.0	0.0	1.0	0.0	0.0	0.0	
61	26.0	0.0	0.0	1.0	0.0	0.0	1.0	1.0	0.0	
62	28.0	1.0	1.0	1.0	0.0	0.0	0.0	0.0	0.0	
63	30.0	1.0	0.0	1.0	0.0	1.0	0.0	0.0	0.0	
64	28.0	0.0	0.0	1.0	0.0	1.0	1.0	0.0	0.0	
65	30.0	1.0	0.0	1.0	0.0	1.0	0.0	0.0	0.0	
66	30.0	1.0	0.0	1.0	0.0	1.0	0.0	0.0	0.0	
67	28.0	0.0	0.0	1.0	0.0	1.0	1.0	0.0	0.0	
68	26.0	0.0	0.0	1.0	0.0	0.0	1.0	1.0	0.0	
69	30.0	1.0	0.0	1.0	0.0	1.0	0.0	0.0	0.0	
70	26.0	0.0	0.0	1.0	1.0	0.0	1.0	0.0	0.0	
71	28.0	0.0	0.0	1.0	0.0	1.0	1.0	0.0	0.0	
72	26.0	0.0	0.0	1.0	1.0	0.0	1.0	0.0	0.0	
73	30.0	1.0	0.0	1.0	0.0	1.0	0.0	0.0	0.0	
74	28.0	0.0	0.0	1.0	0.0	1.0	1.0	0.0	0.0	
75	28.0	0.0	0.0	1.0	0.0	1.0	0.0	0.0	1.0	
76	30.0	1.0	0.0	1.0	0.0	1.0	0.0	0.0	0.0	
77	30.0	1.0	0.0	1.0	0.0	1.0	0.0	0.0	0.0	
78	26.0	0.0	0.0	1.0	1.0	0.0	1.0	0.0	0.0	
79	26.0	0.0	0.0	1.0	1.0	0.0	1.0	0.0	0.0	
80	28.0	0.0	0.0	1.0	0.0	1.0	1.0	0.0	0.0	
81	30.0	1.0	0.0	1.0	0.0	1.0	0.0	0.0	0.0	
82	28.0	1.0	1.0	1.0	0.0	0.0	0.0	0.0	0.0	
83	30.0	1.0	0.0	1.0	0.0	1.0	0.0	0.0	0.0	
84	26.0	0.0	0.0	1.0	1.0	0.0	1.0	0.0	0.0	
85	28.0	0.0	0.0	1.0	0.0	1.0	0.0	0.0	1.0	
86	26.0	0.0	0.0	1.0	1.0	0.0	1.0	0.0	0.0	
87	30.0	1.0	0.0	1.0	0.0	1.0	0.0	0.0	0.0	
88	30.0	1.0	0.0	1.0	0.0	1.0	0.0	0.0	0.0	
89	30.0	1.0	0.0	1.0	0.0	1.0	0.0	0.0	0.0	
90	28.0	0.0	0.0	1.0	0.0	1.0	0.0	0.0	1.0	
91	30.0	1.0	0.0	1.0	0.0	1.0	0.0	0.0	0.0	
92	30.0	1.0	0.0	1.0	0.0	1.0	0.0	0.0	0.0	
93	30.0	1.0	0.0	1.0	0.0	1.0	0.0	0.0	0.0	
94	26.0	0.0	0.0	1.0	1.0	0.0	1.0	0.0	0.0	
95	28.0	0.0	0.0	1.0	0.0	1.0	1.0	0.0	0.0	
96	28.0	0.0	0.0	1.0	0.0	1.0	1.0	0.0	0.0	
97	28.0	0.0	0.0	1.0	0.0	1.0	0.0	0.0	1.0	
98	28.0	0.0	0.0	1.0	0.0	1.0	1.0	0.0	0.0	
99	28.0	0.0	0.0	1.0	0.0	1.0	0.0	0.0	1.0	
100	28.0	0.0	0.0	1.0	0.0	1.0	1.0	0.0	0.0	
101	30.0	1.0	0.0	1.0	0.0	1.0	0.0	0.0	0.0	
102	26.0	0.0	1.0	1.0	1.0	0.0	0.0	0.0	0.0	
103	28.0	0.0	0.0	1.0	0.0	1.0	0.0	0.0	1.0	
104	26.0	0.0	0.0	1.0	0.0	0.0	1.0	1.0	0.0	
105	28.0	0.0	0.0	1.0	0.0	1.0	1.0	0.0	0.0	
106	26.0	0.0	1.0	1.0	1.0	0.0	0.0	0.0	0.0	
107	30.0	1.0	0.0	1.0	0.0	1.0	0.0	0.0	0.0	
108	28.0	0.0	0.0	1.0	0.0	1.0	1.0	0.0	0.0	
109	26.0	0.0	0.0	1.0	0.0	0.0	1.0	1.0	0.0	
110	26.0	0.0	0.0	1.0	1.0	0.0	1.0	0.0	0.0	
111	28.0	0.0	0.0	1.0	0.0	1.0	1.0	0.0	0.0	
112	26.0	0.0	1.0	1.0	1.0	0.0	0.0	0.0	0.0	
113	30.0	1.0	0.0	1.0	0.0	1.0	0.0	0.0	0.0	
114	30.0	1.0	0.0	1.0	0.0	1.0	0.0	0.0	0.0	
115	28.0	0.0	0.0	1.0	0.0	1.0	1.0	0.0	0.0	
116	26.0	0.0	0.0	1.0	1.0	0.0	1.0	0.0	0.0	
117	26.0	0.0	0.0	1.0	1.0	0.0	1.0	0.0	0.0	
118	28.0	0.0	0.0	1.0	0.0	1.0	1.0	0.0	0.0	
119	28.0	0.0	0.0	1.0	0.0	1.0	0.0	0.0	1.0	
120	30.0	1.0	0.0	1.0	0.0	1.0	0.0	0.0	0.0	
121	26.0	0.0	1.0	1.0	1.0	0.0	0.0	0.0	0.0	
122	28.0	0.0	0.0	1.0	0.0	1.0	1.0	0.0	0.0	
123	26.0	0.0	1.0	1.0	1.0	0.0	0.0	0.0	0.0	
124	28.0	0.0	0.0	1.0	0.0	1.0	1.0	0.0	0.0	
125	28.0	0.0	0.0	1.0	0.0	1.0	1.0	0.0	0.0	
126	28.0	0.0	0.0	1.0	0.0	1.0	0.0	0.0	1.0	
127	26.0	0.0	0.0	1.0	0.0	0.0	1.0	1.0	0.0	
128	26.0	0.0	0.0	1.0	1.0	0.0	1.0	0.0	0.0	
129	26.0	0.0	0.0	1.0	1.0	0.0	1.0	0.0	0.0	
130	28.0	0.0	0.0	1.0	0.0	1.0	1.0	0.0	0.0	
131	26.0	0.0	0.0	1.0	0.0	0.0	1.0	1.0	0.0	
132	28.0	0.0	0.0	1.0	0.0	1.0	1.0	0.0	0.0	
133	26.0	0.0	0.0	1.0	0.0	0.0	1.0	1.0	0.0	
134	28.0	0.0	0.0	1.0	0.0	1.0	0.0	0.0	1.0	
135	26.0	0.0	0.0	1.0	1.0	0.0	1.0	0.0	0.0	
136	30.0	1.0	0.0	1.0	0.0	1.0	0.0	0.0	0.0	
137	28.0	0.0	0.0	1.0	0.0	1.0	0.0	0.0	1.0	
138	30.0	1.0	0.0	1.0	0.0	1.0	0.0	0.0	0.0	
139	26.0	0.0	0.0	1.0	1.0	0.0	1.0	0.0	0.0	
140	28.0	0.0	0.0	1.0	0.0	1.0	0.0	0.0	1.0	
141	28.0	0.0	0.0	1.0	0.0	1.0	1.0	0.0	0.0	
142	28.0	1.0	1.0	1.0	0.0	0.0	0.0	0.0	0.0	
143	28.0	0.0	0.0	1.0	0.0	1.0	1.0	0.0	0.0	
144	28.0	0.0	0.0	1.0	0.0	1.0	1.0	0.0	0.0	
145	26.0	0.0	0.0	1.0	0.0	0.0	1.0	1.0	0.0	
146	28.0	0.0	0.0	1.0	0.0	1.0	0.0	0.0	1.0	
147	30.0	1.0	0.0	1.0	0.0	1.0	0.0	0.0	0.0	
148	26.0	0.0	0.0	1.0	0.0	0.0	1.0	1.0	0.0	
149	26.0	0.0	0.0	1.0	1.0	0.0	1.0	0.0	0.0	
150	28.0	0.0	0.0	1.0	0.0	1.0	0.0	0.0	1.0	
151	26.0	0.0	0.0	1.0	0.0	0.0	1.0	1.0	0.0	
152	26.0	0.0	0.0	1.0	0.0	0.0	1.0	1.0	0.0	
153	26.0	0.0	0.0	1.0	1.0	0.0	1.0	0.0	0.0	
154	28.0	0.0	0.0	1.0	0.0	1.0	0.0	0.0	1.0	
155	26.0	0.0	0.0	1.0	1.0	0.0	1.0	0.0	0.0	
156	30.0	1.0	0.0	1.0	0.0	1.0	0.0	0.0	0.0	
157	28.0	0.0	0.0	1.0	0.0	1.0	0.0	0.0	1.0	
158	30.0	1.0	0.0	1.0	0.0	1.0	0.0	0.0	0.0	
159	28.0	1.0	1.0	1.0	0.0	0.0	0.0	0.0	0.0	
160	30.0	1.0	0.0	1.0	0.0	1.0	0.0	0.0	0.0	
161	28.0	0.0	0.0	1.0	0.0	1.0	1.0	0.0	0.0	
162	30.0	1.0	0.0	1.0	0.0	1.0	0.0	0.0	0.0	
163	30.0	1.0	0.0	1.0	0.0	1.0	0.0	0.0	0.0	
164	26.0	0.0	0.0	1.0	1.0	0.0	1.0	0.0	0.0	
165	26.0	0.0	0.0	1.0	1.0	0.0	1.0	0.0	0.0	
166	28.0	1.0	1.0	1.0	0.0	0.0	0.0	0.0	0.0	
167	28.0	0.0	0.0	1.0	0.0	1.0	1.0	0.0	0.0	
168	26.0	0.0	0.0	1.0	1.0	0.0	1.0	0.0	0.0	
169	28.0	0.0	0.0	1.0	0.0	1.0	1.0	0.0	0.0	
170	26.0	0.0	0.0	1.0	1.0	0.0	1.0	0.0	0.0	
171	26.0	0.0	0.0	1.0	1.0	0.0	1.0	0.0	0.0	
172	28.0	0.0	0.0	1.0	0.0	1.0	1.0	0.0	0.0	
173	28.0	0.0	0.0	1.0	0.0	1.0	1.0	0.0	0.0	
174	30.0	1.0	0.0	1.0	0.0	1.0	0.0	0.0	0.0	
175	26.0	0.0	0.0	1.0	0.0	0.0	1.0	1.0	0.0	
176	28.0	0.0	0.0	1.0	0.0	1.0	1.0	0.0	0.0	
177	30.0	1.0	0.0	1.0	0.0	1.0	0.0	0.0	0.0	
178	28.0	0.0	0.0	1.0	0.0	1.0	1.0	0.0	0.0	
179	30.0	1.0	0.0	1.0	0.0	1.0	0.0	0.0	0.0	
180	26.0	0.0	0.0	1.0	0.0	0.0	1.0	1.0	0.0	
181	26.0	0.0	0.0	1.0	0.0	0.0	1.0	1.0	0.0	
182	30.0	1.0	0.0	1.0	0.0	1.0	0.0	0.0	0.0	
183	26.0	0.0	0.0	1.0	0.0	0.0	1.0	1.0	0.0	
184	26.0	0.0	0.0	1.0	1.0	0.0	1.0	0.0	0.0	
185	28.0	0.0	0.0	1.0	0.0	1.0	0.0	0.0	1.0	
186	28.0	0.0	0.0	1.0	0.0	1.0	1.0	0.0	0.0	
187	28.0	0.0	0.0	1.0	0.0	1.0	1.0	0.0	0.0	
188	26.0	0.0	0.0	1.0	1.0	0.0	1.0	0.0	0.0	
189	30.0	1.0	0.0	1.0	0.0	1.0	0.0	0.0	0.0	
190	28.0	0.0	0.0	1.0	0.0	1.0	0.0	0.0	1.0	
191	28.0	1.0	1.0	1.0	0.0	0.0	0.0	0.0	0.0	
192	28.0	1.0	1.0	1.0	0.0	0.0	0.0	0.0	0.0	
193	26.0	0.0	0.0	1.0	1.0	0.0	1.0	0.0	0.0	
194	28.0	1.0	1.0	1.0	0.0	0.0	0.0	0.0	0.0	
195	28.0	0.0	0.0	1.0	0.0	1.0	1.0	0.0	0.0	
196	30.0	1.0	0.0	1.0	0.0	1.0	0.0	0.0	0.0	
197	28.0	1.0	1.0	1.0	0.0	0.0	0.0	0.0	0.0	
198	28.0	0.0	0.0	1.0	0.0	1.0	0.0	0.0	1.0	
199	30.0	1.0	0.0	1.0	0.0	1.0	0.0	0.0	0.0	
200	28.0	0.0	0.0	1.0	0.0	1.0	1.0	0.0	0.0	
201	26.0	0.0	0.0	1.0	0.0	0.0	1.0	1.0	0.0	
202	30.0	1.0	0.0	1.0	0.0	1.0	0.0	0.0	0.0	
203	28.0	0.0	0.0	1.0	0.0	1.0	0.0	0.0	1.0	
204	28.0	0.0	0.0	1.0	0.0	1.0	0.0	0.0	1.0	
205	30.0	1.0	0.0	1.0	0.0	1.0	0.0	0.0	0.0	
206	28.0	1.0	1.0	1.0	0.0	0.0	0.0	0.0	0.0	
207	28.0	0.0	0.0	1.0	0.0	1.0	1.0	0.0	0.0	
208	28.0	0.0	0.0	1.0	0.0	1.0	0.0	0.0	1.0	
209	28.0	0.0	0.0	1.0	0.0	1.0	1.0	0.0	0.0	
210	26.0	0.0	1.0	1.0	1.0	0.0	0.0	0.0	0.0	
211	26.0	0.0	0.0	1.0	1.0	0.0	1.0	0.0	0.0	
212	30.0	1.0	0.0	1.0	0.0	1.0	0.0	0.0	0.0	
213	30.0	1.0	0.0	1.0	0.0	1.0	0.0	0.0	0.0	
214	26.0	0.0	0.0	1.0	1.0	0.0	1.0	0.0	0.0	
215	30.0	1.0	0.0	1.0	0.0	1.0	0.0	0.0	0.0	
216	28.0	1.0	1.0	1.0	0.0	0.0	0.0	0.0	0.0	
217	26.0	0.0	0.0	1.0	0.0	0.0	1.0	1.0	0.0	
218	30.0	1.0	0.0	1.0	0.0	1.0	0.0	0.0	0.0	
219	28.0	0.0	0.0	1.0	0.0	1.0	1.0	0.0	0.0	
220	28.0	0.0	0.0	1.0	0.0	1.0	1.0	0.0	0.0	
221	30.0	1.0	0.0	1.0	0.0	1.0	0.0	0.0	0.0	
222	28.0	0.0	0.0	1.0	0.0	1.0	1.0	0.0	0.0	
223	30.0	1.0	0.0	1.0	0.0	1.0	0.0	0.0	0.0	
224	30.0	1.0	0.0	1.0	0.0	1.0	0.0	0.0	0.0	
225	30.0	1.0	0.0	1.0	0.0	1.0	0.0	0.0	0.0	
226	26.0	0.0	0.0	1.0	0.0	0.0	1.0	1.0	0.0	
227	28.0	0.0	0.0	1.0	0.0	1.0	0.0	0.0	1.0	
228	28.0	1.0	1.0	1.0	0.0	0.0	0.0	0.0	0.0	
229	28.0	0.0	0.0	1.0	0.0	1.0	1.0	0.0	0.0	
230	28.0	0.0	0.0	1.0	0.0	1.0	1.0	0.0	0.0	
231	30.0	1.0	0.0	1.0	0.0	1.0	0.0	0.0	0.0	
232	26.0	0.0	0.0	1.0	1.0	0.0	1.0	0.0	0.0	
233	28.0	0.0	0.0	1.0	0.0	1.0	1.0	0.0	0.0	
234	28.0	0.0	0.0	1.0	0.0	1.0	1.0	0.0	0.0	
235	26.0	0.0	0.0	1.0	1.0	0.0	1.0	0.0	0.0	
236	28.0	1.0	1.0	1.0	0.0	0.0	0.0	0.0	0.0	
237	26.0	0.0	0.0	1.0	0.0	0.0	1.0	1.0	0.0	
238	28.0	1.0	0.0	1.0	0.0	0.0	0.0	0.0	0.0	
239	28.0	1.0	0.0	1.0	0.0	0.0	0.0	0.0	0.0	
240	28.0	0.0	0.0	1.0	0.0	1.0	1.0	0.0	0.0	
241	26.0	0.0	0.0	1.0	1.0	0.0	1.0	0.0	0.0	
242	28.0	0.0	0.0	1.0	0.0	1.0	1.0	0.0	0.0	
243	28.0	0.0	0.0	1.0	0.0	1.0	0.0	0.0	1.0	
244	28.0	0.0	0.0	1.0	0.0	1.0	1.0	0.0	0.0	
245	26.0	0.0	0.0	1.0	1.0	0.0	1.0	0.0	0.0	
246	30.0	1.0	0.0	1.0	0.0	1.0	0.0	0.0	0.0	
247	28.0	0.0	0.0	1.0	0.0	1.0	0.0	0.0	1.0	
248	28.0	0.0	0.0	1.0	0.0	1.0	0.0	0.0	1.0	
249	26.0	0.0	0.0	1.0	1.0	0.0	1.0	0.0	0.0	
250	28.0	0.0	0.0	1.0	0.0	1.0	1.0	0.0	0.0	
251	26.0	0.0	0.0	1.0	0.0	0.0	1.0	1.0	0.0	
252	26.0	0.0	0.0	1.0	0.0	0.0	1.0	1.0	0.0	
253	26.0	0.0	0.0	1.0	0.0	0.0	1.0	1.0	0.0	
254	28.0	0.0	0.0	1.0	0.0	1.0	1.0	0.0	0.0	
255	28.0	0.0	0.0	1.0	0.0	1.0	0.0	0.0	1.0	
256	28.0	0.0	0.0	1.0	0.0	1.0	1.0	0.0	0.0	
257	28.0	0.0	0.0	1.0	0.0	1.0	1.0	0.0	0.0	
258	26.0	0.0	0.0	1.0	1.0	0.0	1.0	0.0	0.0	
259	28.0	0.0	0.0	1.0	0.0	1.0	1.0	0.0	0.0	
260	28.0	0.0	0.0	1.0	0.0	1.0	1.0	0.0	0.0	
261	30.0	1.0	0.0	1.0	0.0	1.0	0.0	0.0	0.0	
262	28.0	0.0	0.0	1.0	0.0	1.0	1.0	0.0	0.0	
263	30.0	1.0	0.0	1.0	0.0	1.0	0.0	0.0	0.0	
264	28.0	0.0	0.0	1.0	0.0	1.0	0.0	0.0	1.0	
265	30.0	1.0	0.0	1.0	0.0	1.0	0.0	0.0	0.0	
266	28.0	0.0	0.0	1.0	0.0	1.0	1.0	0.0	0.0	
267	26.0	0.0	0.0	1.0	0.0	0.0	1.0	1.0	0.0	
268	26.0	0.0	0.0	1.0	1.0	0.0	1.0	0.0	0.0	
269	26.0	0.0	0.0	1.0	1.0	0.0	1.0	0.0	0.0	
270	30.0	1.0	0.0	1.0	0.0	1.0	0.0	0.0	0.0	
271	28.0	0.0	0.0	1.0	0.0	1.0	1.0	0.0	0.0	
272	30.0	1.0	0.0	1.0	0.0	1.0	0.0	0.0	0.0	
273	26.0	0.0	0.0	1.0	1.0	0.0	1.0	0.0	0.0	
274	26.0	0.0	0.0	1.0	1.0	0.0	1.0	0.0	0.0	
275	28.0	0.0	0.0	1.0	0.0	1.0	1.0	0.0	0.0	
276	30.0	1.0	0.0	1.0	0.0	1.0	0.0	0.0	0.0	
277	30.0	1.0	0.0	1.0	0.0	1.0	0.0	0.0	0.0	
278	26.0	0.0	0.0	1.0	0.0	0.0	1.0	1.0	0.0	
279	30.0	1.0	0.0	1.0	0.0	1.0	0.0	0.0	0.0	
280	28.0	0.0	0.0	1.0	0.0	1.0	1.0	0.0	0.0	
281	28.0	1.0	1.0	1.0	0.0	0.0	0.0	0.0	0.0	
282	26.0	0.0	1.0	1.0	1.0	0.0	0.0	0.0	0.0	
283	26.0	0.0	0.0	1.0	1.0	0.0	1.0	0.0	0.0	
284	26.0	0.0	0.0	1.0	0.0	0.0	1.0	1.0	0.0	
285	28.0	0.0	0.0	1.0	0.0	1.0	1.0	0.0	0.0	
286	30.0	1.0	0.0	1.0	0.0	1.0	0.0	0.0	0.0	
287	26.0	0.0	0.0	1.0	1.0	0.0	1.0	0.0	0.0	
288	28.0	0.0	0.0	1.0	0.0	1.0	0.0	0.0	1.0	
289	28.0	0.0	0.0	1.0	0.0	1.0	1.0	0.0	0.0	
290	26.0	0.0	0.0	1.0	1.0	0.0	1.0	0.0	0.0	
291	28.0	0.0	0.0	1.0	0.0	1.0	0.0	0.0	1.0	
292	26.0	0.0	0.0	1.0	1.0	0.0	1.0	0.0	0.0	
293	28.0	0.0	0.0	1.0	0.0	1.0	0.0	0.0	1.0	
294	28.0	0.0	0.0	1.0	0.0	1.0	1.0	0.0	0.0	
295	28.0	0.0	0.0	1.0	0.0	1.0	1.0	0.0	0.0	
296	26.0	0.0	0.0	1.0	0.0	0.0	1.0	1.0	0.0	
297	26.0	0.0	0.0	1.0	1.0	0.0	1.0	0.0	0.0	
298	28.0	0.0	0.0	1.0	0.0	1.0	1.0	0.0	0.0	
299	28.0	0.0	0.0	1.0	0.0	1.0	1.0	0.0	0.0	
300	30.0	1.0	0.0	1.0	0.0	1.0	0.0	0.0	0.0	
301	28.0	0.0	0.0	1.0	0.0	1.0	1.0	0.0	0.0	
302	28.0	0.0	0.0	1.0	0.0	1.0	1.0	0.0	0.0	
303	26.0	0.0	0.0	1.0	1.0	0.0	1.0	0.0	0.0	
304	30.0	1.0	0.0	1.0	0.0	1.0	0.0	0.0	0.0	
305	28.0	1.0	1.0	1.0	0.0	0.0	0.0	0.0	0.0	
306	30.0	1.0	0.0	1.0	0.0	1.0	0.0	0.0	0.0	
307	30.0	1.0	0.0	1.0	0.0	1.0	0.0	0.0	0.0	
308	30.0	1.0	0.0	1.0	0.0	1.0	0.0	0.0	0.0	
309	30.0	1.0	0.0	1.0	0.0	1.0	0.0	0.0	0.0	
310	26.0	0.0	0.0	1.0	1.0	0.0	1.0	0.0	0.0	
311	30.0	1.0	0.0	1.0	0.0	1.0	0.0	0.0	0.0	
312	26.0	0.0	0.0	1.0	1.0	0.0	1.0	0.0	0.0	
313	28.0	0.0	0.0	1.0	0.0	1.0	1.0	0.0	0.0	
314	28.0	0.0	0.0	1.0	0.0	1.0	1.0	0.0	0.0	
315	28.0	0.0	0.0	1.0	0.0	1.0	1.0	0.0	0.0	
316	26.0	0.0	0.0	1.0	1.0	0.0	1.0	0.0	0.0	
317	28.0	0.0	0.0	1.0	0.0	1.0	1.0	0.0	0.0	
318	30.0	1.0	0.0	1.0	0.0	1.0	0.0	0.0	0.0	
319	26.0	0.0	0.0	1.0	1.0	0.0	1.0	0.0	0.0	
320	28.0	0.0	0.0	1.0	0.0	1.0	1.0	0.0	0.0	
321	28.0	0.0	0.0	1.0	0.0	1.0	0.0	0.0	1.0	
322	28.0	0.0	0.0	1.0	0.0	1.0	1.0	0.0	0.0	
323	26.0	0.0	0.0	1.0	0.0	0.0	1.0	1.0	0.0	
324	28.0	0.0	0.0	1.0	0.0	1.0	1.0	0.0	0.0	
325	26.0	0.0	0.0	1.0	1.0	0.0	0.0	0.0	0.0	
326	28.0	0.0	0.0	1.0	0.0	1.0	1.0	0.0	0.0	
327	26.0	0.0	0.0	1.0	0.0	0.0	1.0	1.0	0.0	
328	28.0	0.0	0.0	1.0	0.0	1.0	1.0	0.0	0.0	
329	28.0	0.0	0.0	1.0	0.0	1.0	1.0	0.0	0.0	
330	28.0	0.0	0.0	1.0	0.0	1.0	1.0	0.0	0.0	
331	28.0	0.0	0.0	1.0	0.0	1.0	1.0	0.0	0.0	
332	30.0	1.0	0.0	1.0	0.0	1.0	0.0	0.0	0.0	
333	26.0	0.0	0.0	1.0	1.0	0.0	1.0	0.0	0.0	
334	30.0	1.0	0.0	1.0	0.0	1.0	0.0	0.0	0.0	
335	28.0	0.0	0.0	1.0	0.0	1.0	1.0	0.0	0.0	
336	26.0	0.0	0.0	1.0	1.0	0.0	1.0	0.0	0.0	
337	26.0	0.0	0.0	1.0	0.0	0.0	1.0	1.0	0.0	
338	28.0	0.0	0.0	1.0	0.0	1.0	1.0	0.0	0.0	
339	26.0	0.0	0.0	1.0	0.0	0.0	1.0	1.0	0.0	
340	30.0	1.0	0.0	1.0	0.0	1.0	0.0	0.0	0.0	
341	28.0	0.0	0.0	1.0	0.0	1.0	1.0	0.0	0.0	
342	28.0	0.0	0.0	1.0	0.0	1.0	0.0	0.0	1.0	
343	30.0	1.0	0.0	1.0	0.0	1.0	0.0	0.0	0.0	
344	28.0	0.0	0.0	1.0	0.0	1.0	1.0	0.0	0.0	
345	28.0	0.0	0.0	1.0	0.0	1.0	1.0	0.0	0.0	
346	28.0	0.0	0.0	1.0	0.0	1.0	1.0	0.0	0.0	
347	28.0	0.0	0.0	1.0	0.0	1.0	1.0	0.0	0.0	
348	28.0	0.0	0.0	1.0	0.0	1.0	1.0	0.0	0.0	
349	30.0	1.0	0.0	1.0	0.0	1.0	0.0	0.0	0.0	
350	28.0	0.0	0.0	1.0	0.0	1.0	0.0	0.0	1.0	
351	28.0	0.0	0.0	1.0	0.0	1.0	1.0	0.0	0.0	
352	26.0	0.0	0.0	1.0	0.0	0.0	1.0	1.0	0.0	
353	26.0	0.0	0.0	1.0	0.0	0.0	1.0	1.0	0.0	
354	26.0	0.0	0.0	1.0	0.0	0.0	1.0	1.0	0.0	
355	30.0	1.0	0.0	1.0	0.0	1.0	0.0	0.0	0.0	
356	26.0	0.0	0.0	1.0	0.0	0.0	1.0	1.0	0.0	
357	26.0	0.0	0.0	1.0	1.0	0.0	1.0	0.0	0.0	
358	28.0	0.0	0.0	1.0	0.0	1.0	0.0	0.0	1.0	
359	26.0	0.0	0.0	1.0	1.0	0.0	1.0	0.0	0.0	
360	28.0	0.0	0.0	1.0	0.0	1.0	0.0	0.0	1.0	
361	26.0	0.0	0.0	1.0	1.0	0.0	1.0	0.0	0.0	
362	26.0	0.0	0.0	1.0	1.0	0.0	0.0	0.0	0.0	
363	26.0	0.0	0.0	1.0	1.0	0.0	1.0	0.0	0.0	
364	30.0	1.0	0.0	1.0	0.0	1.0	0.0	0.0	0.0	
365	26.0	0.0	0.0	1.0	0.0	0.0	1.0	1.0	0.0	
366	30.0	1.0	0.0	1.0	0.0	1.0	0.0	0.0	0.0	
367	26.0	0.0	0.0	1.0	0.0	0.0	1.0	1.0	0.0	
368	30.0	1.0	0.0	1.0	0.0	1.0	0.0	0.0	0.0	
369	28.0	0.0	0.0	1.0	0.0	1.0	1.0	0.0	0.0	
370	26.0	0.0	0.0	1.0	1.0	0.0	1.0	0.0	0.0	
371	28.0	0.0	0.0	1.0	0.0	1.0	1.0	0.0	0.0	
372	26.0	0.0	0.0	1.0	0.0	0.0	1.0	1.0	0.0	
373	26.0	0.0	0.0	1.0	0.0	0.0	1.0	1.0	0.0	
374	28.0	0.0	0.0	1.0	0.0	1.0	1.0	0.0	0.0	
375	26.0	0.0	0.0	1.0	1.0	0.0	1.0	0.0	0.0	
376	30.0	1.0	0.0	1.0	0.0	1.0	0.0	0.0	0.0	
377	28.0	0.0	0.0	1.0	0.0	1.0	1.0	0.0	0.0	
378	28.0	0.0	0.0	1.0	0.0	1.0	0.0	0.0	1.0	
379	26.0	0.0	0.0	1.0	1.0	0.0	1.0	0.0	0.0	
380	28.0	0.0	0.0	1.0	0.0	1.0	0.0	0.0	1.0	
381	28.0	0.0	0.0	1.0	0.0	1.0	1.0	0.0	0.0	
382	26.0	0.0	0.0	1.0	1.0	0.0	1.0	0.0	0.0	
383	30.0	1.0	0.0	1.0	0.0	1.0	0.0	0.0	0.0	
384	28.0	0.0	0.0	1.0	0.0	1.0	1.0	0.0	0.0	
385	26.0	0.0	0.0	1.0	1.0	0.0	1.0	0.0	0.0	
386	28.0	0.0	0.0	1.0	0.0	1.0	1.0	0.0	0.0	
387	28.0	0.0	0.0	1.0	0.0	1.0	1.0	0.0	0.0	
388	28.0	0.0	0.0	1.0	0.0	1.0	0.0	0.0	1.0	
389	28.0	0.0	0.0	1.0	0.0	1.0	1.0	0.0	0.0	
390	30.0	1.0	0.0	1.0	0.0	1.0	0.0	0.0	0.0	
391	30.0	1.0	0.0	1.0	0.0	1.0	0.0	0.0	0.0	
392	30.0	1.0	0.0	1.0	0.0	1.0	0.0	0.0	0.0	
393	30.0	1.0	0.0	1.0	0.0	1.0	0.0	0.0	0.0	
394	28.0	0.0	0.0	1.0	0.0	1.0	1.0	0.0	0.0	
395	26.0	0.0	0.0	1.0	0.0	0.0	1.0	1.0	0.0	
396	28.0	0.0	0.0	1.0	0.0	1.0	1.0	0.0	0.0	
397	28.0	0.0	0.0	1.0	0.0	1.0	1.0	0.0	0.0	
398	28.0	1.0	1.0	1.0	0.0	0.0	0.0	0.0	0.0	
399	30.0	1.0	0.0	1.0	0.0	1.0	0.0	0.0	0.0	
400	30.0	1.0	0.0	1.0	0.0	1.0	0.0	0.0	0.0	
401	30.0	1.0	0.0	1.0	0.0	1.0	0.0	0.0	0.0	
402	30.0	1.0	0.0	1.0	0.0	1.0	0.0	0.0	0.0	
403	26.0	0.0	0.0	1.0	0.0	0.0	1.0	1.0	0.0	
404	26.0	0.0	0.0	1.0	0.0	0.0	1.0	1.0	0.0	
405	28.0	0.0	0.0	1.0	0.0	1.0	1.0	0.0	0.0	
406	26.0	0.0	0.0	1.0	1.0	0.0	1.0	0.0	0.0	
407	26.0	0.0	0.0	1.0	0.0	0.0	1.0	1.0	0.0	
408	26.0	0.0	0.0	1.0	1.0	0.0	1.0	0.0	0.0	
409	30.0	1.0	0.0	1.0	0.0	1.0	0.0	0.0	0.0	
410	30.0	1.0	0.0	1.0	0.0	1.0	0.0	0.0	0.0	
411	28.0	0.0	0.0	1.0	0.0	1.0	1.0	0.0	0.0	
412	28.0	0.0	0.0	1.0	0.0	1.0	0.0	0.0	1.0	
413	28.0	0.0	0.0	1.0	0.0	1.0	1.0	0.0	0.0	
414	26.0	0.0	1.0	1.0	1.0	0.0	0.0	0.0	0.0	
415	28.0	0.0	0.0	1.0	0.0	1.0	1.0	0.0	0.0	
416	26.0	0.0	0.0	1.0	0.0	0.0	1.0	1.0	0.0	
417	28.0	0.0	0.0	1.0	0.0	1.0	1.0	0.0	0.0	
418	26.0	0.0	0.0	1.0	1.0	0.0	1.0	0.0	0.0	
419	30.0	1.0	0.0	1.0	0.0	1.0	0.0	0.0	0.0	
420	30.0	1.0	0.0	1.0	0.0	1.0	0.0	0.0	0.0	
421	26.0	0.0	0.0	1.0	1.0	0.0	1.0	0.0	0.0	
422	30.0	1.0	0.0	1.0	0.0	1.0	0.0	0.0	0.0	
423	26.0	0.0	0.0	1.0	1.0	0.0	1.0	0.0	0.0	
424	30.0	1.0	0.0	1.0	0.0	1.0	0.0	0.0	0.0	
425	26.0	0.0	0.0	1.0	1.0	0.0	1.0	0.0	0.0	
426	26.0	0.0	0.0	1.0	0.0	0.0	1.0	1.0	0.0	
427	28.0	0.0	0.0	1.0	0.0	1.0	1.0	0.0	0.0	
428	30.0	1.0	0.0	1.0	0.0	1.0	0.0	0.0	0.0	
429	30.0	1.0	0.0	1.0	0.0	1.0	0.0	0.0	0.0	
430	26.0	0.0	1.0	1.0	1.0	0.0	0.0	0.0	0.0	
431	30.0	1.0	0.0	1.0	0.0	1.0	0.0	0.0	0.0	
432	26.0	0.0	1.0	1.0	1.0	0.0	0.0	0.0	0.0	
433	30.0	1.0	0.0	1.0	0.0	1.0	0.0	0.0	0.0	
434	26.0	0.0	1.0	1.0	1.0	0.0	0.0	0.0	0.0	
435	28.0	0.0	0.0	1.0	0.0	1.0	1.0	0.0	0.0	
436	30.0	1.0	0.0	1.0	0.0	1.0	0.0	0.0	0.0	
437	28.0	0.0	0.0	1.0	0.0	1.0	1.0	0.0	0.0	
438	26.0	0.0	0.0	1.0	1.0	0.0	1.0	0.0	0.0	
439	30.0	1.0	0.0	1.0	0.0	1.0	0.0	0.0	0.0	
440	28.0	0.0	0.0	1.0	0.0	1.0	0.0	0.0	1.0	
441	28.0	0.0	0.0	1.0	0.0	1.0	1.0	0.0	0.0	
442	26.0	0.0	0.0	1.0	0.0	0.0	1.0	1.0	0.0	
443	26.0	0.0	0.0	1.0	1.0	0.0	1.0	0.0	0.0	
444	28.0	0.0	0.0	1.0	0.0	1.0	1.0	0.0	0.0	
445	28.0	1.0	1.0	1.0	0.0	0.0	0.0	0.0	0.0	
446	26.0	0.0	0.0	1.0	0.0	0.0	1.0	1.0	0.0	
447	28.0	0.0	0.0	1.0	0.0	1.0	1.0	0.0	0.0	
448	28.0	1.0	1.0	1.0	0.0	0.0	0.0	0.0	0.0	
449	26.0	0.0	1.0	1.0	1.0	0.0	0.0	0.0	0.0	
450	30.0	1.0	0.0	1.0	0.0	1.0	0.0	0.0	0.0	
451	28.0	0.0	0.0	1.0	0.0	1.0	1.0	0.0	0.0	
452	30.0	1.0	0.0	1.0	0.0	1.0	0.0	0.0	0.0	
453	28.0	0.0	0.0	1.0	0.0	1.0	1.0	0.0	0.0	
454	28.0	0.0	0.0	1.0	0.0	1.0	0.0	0.0	1.0	
455	28.0	0.0	0.0	1.0	0.0	1.0	1.0	0.0	0.0	
456	30.0	1.0	0.0	1.0	0.0	1.0	0.0	0.0	0.0	
457	28.0	0.0	0.0	1.0	0.0	1.0	0.0	0.0	1.0	
458	26.0	0.0	0.0	1.0	1.0	0.0	1.0	0.0	0.0	
459	28.0	1.0	1.0	1.0	0.0	0.0	0.0	0.0	0.0	
460	30.0	1.0	0.0	1.0	0.0	1.0	0.0	0.0	0.0	
461	28.0	0.0	0.0	1.0	0.0	1.0	1.0	0.0	0.0	
462	26.0	0.0	1.0	1.0	1.0	0.0	0.0	0.0	0.0	
463	28.0	0.0	0.0	1.0	0.0	1.0	1.0	0.0	0.0	
464	30.0	1.0	0.0	1.0	0.0	1.0	0.0	0.0	0.0	
465	26.0	0.0	0.0	1.0	0.0	0.0	1.0	1.0	0.0	
466	30.0	1.0	0.0	1.0	0.0	1.0	0.0	0.0	0.0	
467	30.0	1.0	0.0	1.0	0.0	1.0	0.0	0.0	0.0	
468	30.0	1.0	0.0	1.0	0.0	1.0	0.0	0.0	0.0	
469	26.0	0.0	0.0	1.0	1.0	0.0	1.0	0.0	0.0	
470	26.0	0.0	0.0	1.0	0.0	0.0	1.0	1.0	0.0	
471	26.0	0.0	0.0	1.0	1.0	0.0	1.0	0.0	0.0	
472	26.0	0.0	0.0	1.0	0.0	0.0	0.0	0.0	1.0	
473	26.0	0.0	0.0	1.0	1.0	0.0	1.0	0.0	0.0	
474	30.0	1.0	0.0	1.0	0.0	1.0	0.0	0.0	0.0	
475	26.0	0.0	1.0	1.0	1.0	0.0	0.0	0.0	0.0	
476	28.0	0.0	0.0	1.0	0.0	1.0	1.0	0.0	0.0	
477	30.0	1.0	0.0	1.0	0.0	1.0	0.0	0.0	0.0	
478	28.0	0.0	0.0	1.0	0.0	1.0	1.0	0.0	0.0	
479	26.0	0.0	0.0	1.0	1.0	0.0	1.0	0.0	0.0	
480	28.0	0.0	0.0	1.0	0.0	1.0	1.0	0.0	0.0	
481	28.0	1.0	1.0	1.0	0.0	0.0	0.0	0.0	0.0	
482	26.0	0.0	0.0	1.0	0.0	0.0	1.0	1.0	0.0	
483	28.0	1.0	1.0	1.0	0.0	0.0	0.0	0.0	0.0	
484	28.0	0.0	0.0	1.0	0.0	1.0	1.0	0.0	0.0	
485	26.0	0.0	0.0	1.0	0.0	0.0	1.0	1.0	0.0	
486	30.0	1.0	0.0	1.0	0.0	1.0	0.0	0.0	0.0	
487	30.0	1.0	0.0	1.0	0.0	1.0	0.0	0.0	0.0	
488	26.0	0.0	1.0	1.0	1.0	0.0	0.0	0.0	0.0	
489	28.0	0.0	0.0	1.0	0.0	1.0	1.0	0.0	0.0	
490	28.0	0.0	0.0	1.0	0.0	1.0	0.0	0.0	1.0	
491	26.0	0.0	0.0	1.0	0.0	0.0	1.0	1.0	0.0	
492	30.0	1.0	0.0	1.0	0.0	1.0	0.0	0.0	0.0	
493	28.0	0.0	0.0	1.0	0.0	1.0	1.0	0.0	0.0	
494	28.0	0.0	0.0	1.0	0.0	1.0	0.0	0.0	1.0	
495	28.0	0.0	0.0	1.0	0.0	1.0	0.0	0.0	1.0	
496	26.0	0.0	0.0	1.0	0.0	0.0	1.0	1.0	0.0	
497	28.0	0.0	0.0	1.0	0.0	1.0	1.0	0.0	0.0	
498	26.0	0.0	0.0	1.0	1.0	0.0	1.0	0.0	0.0	
499	28.0	0.0	0.0	1.0	0.0	1.0	1.0	0.0	0.0	
500	30.0	1.0	0.0	1.0	0.0	1.0	0.0	0.0	0.0	
501	30.0	1.0	0.0	1.0	0.0	1.0	0.0	0.0	0.0	
502	30.0	1.0	0.0	1.0	0.0	1.0	0.0	0.0	0.0	
503	26.0	0.0	0.0	1.0	0.0	0.0	1.0	1.0	0.0	
504	28.0	0.0	0.0	1.0	0.0	1.0	1.0	0.0	0.0	
505	28.0	0.0	0.0	1.0	0.0	1.0	1.0	0.0	0.0	
506	30.0	1.0	0.0	1.0	0.0	1.0	0.0	0.0	0.0	
507	28.0	0.0	0.0	1.0	0.0	1.0	1.0	0.0	0.0	
508	28.0	0.0	0.0	1.0	0.0	1.0	0.0	0.0	1.0	
509	30.0	1.0	0.0	1.0	0.0	1.0	0.0	0.0	0.0	
510	26.0	0.0	0.0	1.0	0.0	0.0	1.0	1.0	0.0	
511	28.0	0.0	0.0	1.0	0.0	1.0	1.0	0.0	0.0	
512	26.0	0.0	0.0	1.0	0.0	0.0	0.0	1.0	0.0	
513	30.0	1.0	0.0	1.0	0.0	1.0	0.0	0.0	0.0	
514	26.0	0.0	0.0	1.0	0.0	0.0	1.0	1.0	0.0	
515	26.0	0.0	0.0	1.0	1.0	0.0	1.0	0.0	0.0	
516	28.0	0.0	0.0	1.0	0.0	1.0	1.0	0.0	0.0	
517	30.0	1.0	0.0	1.0	0.0	1.0	0.0	0.0	0.0	
518	28.0	1.0	1.0	1.0	0.0	0.0	0.0	0.0	0.0	
519	30.0	1.0	0.0	1.0	0.0	1.0	0.0	0.0	0.0	
520	26.0	0.0	0.0	1.0	1.0	0.0	1.0	0.0	0.0	
521	28.0	1.0	1.0	1.0	0.0	0.0	0.0	0.0	0.0	
522	28.0	0.0	0.0	1.0	0.0	1.0	1.0	0.0	0.0	
523	30.0	1.0	0.0	1.0	0.0	1.0	0.0	0.0	0.0	
524	28.0	0.0	0.0	1.0	0.0	1.0	0.0	0.0	1.0	
525	28.0	0.0	0.0	1.0	0.0	1.0	1.0	0.0	0.0	
526	28.0	0.0	0.0	1.0	0.0	1.0	1.0	0.0	0.0	
527	28.0	0.0	0.0	1.0	0.0	1.0	1.0	0.0	0.0	
528	26.0	0.0	0.0	1.0	1.0	0.0	1.0	0.0	0.0	
529	28.0	1.0	1.0	1.0	0.0	0.0	0.0	0.0	0.0	
530	28.0	1.0	1.0	1.0	0.0	0.0	0.0	0.0	0.0	
531	28.0	0.0	0.0	1.0	0.0	1.0	0.0	0.0	1.0	
532	28.0	0.0	0.0	1.0	0.0	1.0	0.0	0.0	1.0	
533	30.0	1.0	0.0	1.0	0.0	1.0	0.0	0.0	0.0	
534	26.0	0.0	0.0	1.0	1.0	0.0	1.0	0.0	0.0	
535	28.0	0.0	0.0	1.0	0.0	1.0	1.0	0.0	0.0	
536	30.0	1.0	0.0	1.0	0.0	1.0	0.0	0.0	0.0	
537	28.0	0.0	0.0	1.0	0.0	1.0	1.0	0.0	0.0	
538	26.0	0.0	1.0	1.0	1.0	0.0	0.0	0.0	0.0	
539	26.0	0.0	0.0	1.0	1.0	0.0	1.0	0.0	0.0	
540	26.0	0.0	0.0	1.0	0.0	0.0	1.0	1.0	0.0	
541	30.0	1.0	0.0	1.0	0.0	1.0	0.0	0.0	0.0	
542	28.0	0.0	0.0	1.0	0.0	1.0	1.0	0.0	0.0	
543	30.0	1.0	0.0	1.0	0.0	1.0	0.0	0.0	0.0	
544	30.0	1.0	0.0	1.0	0.0	1.0	0.0	0.0	0.0	
545	26.0	0.0	0.0	1.0	0.0	0.0	1.0	1.0	0.0	
546	26.0	0.0	0.0	1.0	1.0	0.0	1.0	0.0	0.0	
547	28.0	1.0	1.0	1.0	0.0	0.0	0.0	0.0	0.0	
548	30.0	1.0	0.0	1.0	0.0	1.0	0.0	0.0	0.0	
549	26.0	0.0	0.0	1.0	1.0	0.0	1.0	0.0	0.0	
550	28.0	0.0	0.0	1.0	0.0	1.0	0.0	0.0	1.0	
551	30.0	1.0	0.0	1.0	0.0	1.0	0.0	0.0	0.0	
552	28.0	1.0	0.0	0.0	0.0	1.0	0.0	0.0	0.0	
553	28.0	0.0	0.0	1.0	0.0	1.0	1.0	0.0	0.0	
554	26.0	0.0	0.0	1.0	1.0	0.0	1.0	0.0	0.0	
555	30.0	1.0	0.0	1.0	0.0	1.0	0.0	0.0	0.0	
556	30.0	1.0	0.0	1.0	0.0	1.0	0.0	0.0	0.0	
557	28.0	0.0	0.0	1.0	0.0	1.0	0.0	0.0	1.0	
558	28.0	0.0	0.0	1.0	0.0	1.0	1.0	0.0	0.0	
559	26.0	0.0	0.0	1.0	0.0	0.0	0.0	1.0	0.0	
560	28.0	0.0	0.0	1.0	0.0	1.0	1.0	0.0	0.0	
561	26.0	0.0	0.0	1.0	0.0	0.0	1.0	1.0	0.0	
562	26.0	0.0	0.0	1.0	0.0	0.0	1.0	1.0	0.0	
563	28.0	1.0	0.0	1.0	0.0	0.0	0.0	0.0	0.0	
564	26.0	0.0	0.0	1.0	1.0	0.0	1.0	0.0	0.0	
565	30.0	1.0	0.0	1.0	0.0	1.0	0.0	0.0	0.0	
566	28.0	0.0	0.0	1.0	0.0	1.0	1.0	0.0	0.0	
567	30.0	1.0	0.0	1.0	0.0	1.0	0.0	0.0	0.0	
568	28.0	0.0	0.0	1.0	0.0	1.0	1.0	0.0	0.0	
569	26.0	0.0	0.0	1.0	0.0	0.0	1.0	1.0	0.0	
570	30.0	1.0	0.0	1.0	0.0	1.0	0.0	0.0	0.0	
571	26.0	0.0	0.0	1.0	1.0	0.0	1.0	0.0	0.0	
572	28.0	0.0	0.0	1.0	0.0	1.0	1.0	0.0	0.0	
573	26.0	0.0	0.0	1.0	1.0	0.0	1.0	0.0	0.0	
574	26.0	0.0	0.0	1.0	0.0	0.0	1.0	1.0	0.0	
575	26.0	0.0	1.0	1.0	1.0	0.0	0.0	0.0	0.0	
576	26.0	0.0	1.0	1.0	1.0	0.0	0.0	0.0	0.0	
577	28.0	1.0	1.0	1.0	0.0	0.0	0.0	0.0	0.0	
578	28.0	0.0	0.0	1.0	0.0	1.0	1.0	0.0	0.0	
579	26.0	0.0	0.0	1.0	0.0	0.0	1.0	1.0	0.0	
580	28.0	0.0	0.0	1.0	0.0	1.0	1.0	0.0	0.0	
581	30.0	1.0	0.0	1.0	0.0	1.0	0.0	0.0	0.0	
582	28.0	0.0	0.0	1.0	0.0	1.0	1.0	0.0	0.0	
583	30.0	1.0	0.0	1.0	0.0	1.0	0.0	0.0	0.0	
584	26.0	0.0	0.0	1.0	1.0	0.0	1.0	0.0	0.0	
585	28.0	1.0	1.0	1.0	0.0	0.0	0.0	0.0	0.0	
586	28.0	0.0	0.0	1.0	0.0	1.0	0.0	0.0	1.0	
587	26.0	0.0	0.0	1.0	1.0	0.0	1.0	0.0	0.0	
588	30.0	1.0	0.0	1.0	0.0	1.0	0.0	0.0	0.0	
589	30.0	1.0	0.0	1.0	0.0	1.0	0.0	0.0	0.0	
590	28.0	0.0	0.0	1.0	0.0	1.0	0.0	0.0	1.0	
591	28.0	0.0	0.0	1.0	0.0	1.0	0.0	0.0	1.0	
592	26.0	0.0	0.0	1.0	1.0	0.0	1.0	0.0	0.0	
593	28.0	0.0	0.0	1.0	0.0	1.0	1.0	0.0	0.0	
594	26.0	0.0	0.0	1.0	1.0	0.0	1.0	0.0	0.0	
595	26.0	0.0	0.0	1.0	0.0	0.0	1.0	1.0	0.0	
596	30.0	1.0	0.0	1.0	0.0	1.0	0.0	0.0	0.0	
597	26.0	0.0	0.0	1.0	1.0	0.0	1.0	0.0	0.0	
598	28.0	0.0	0.0	1.0	0.0	1.0	1.0	0.0	0.0	
599	30.0	1.0	0.0	1.0	0.0	1.0	0.0	0.0	0.0	
600	28.0	0.0	0.0	1.0	0.0	1.0	0.0	0.0	1.0	
601	30.0	1.0	0.0	1.0	0.0	1.0	0.0	0.0	0.0	
602	30.0	1.0	0.0	1.0	0.0	1.0	0.0	0.0	0.0	
603	26.0	0.0	0.0	1.0	0.0	0.0	1.0	1.0	0.0	
604	30.0	1.0	0.0	1.0	0.0	1.0	0.0	0.0	0.0	
605	28.0	0.0	0.0	1.0	0.0	1.0	0.0	0.0	1.0	
606	26.0	0.0	0.0	1.0	0.0	0.0	1.0	1.0	0.0	
607	26.0	0.0	0.0	1.0	1.0	0.0	1.0	0.0	0.0	
608	26.0	0.0	0.0	1.0	1.0	0.0	1.0	0.0	0.0	
609	26.0	0.0	0.0	1.0	0.0	0.0	1.0	1.0	0.0	
610	26.0	0.0	1.0	1.0	1.0	0.0	0.0	0.0	0.0	
611	26.0	0.0	0.0	1.0	0.0	0.0	1.0	1.0	0.0	
612	26.0	0.0	0.0	1.0	1.0	0.0	1.0	0.0	0.0	
613	30.0	1.0	0.0	1.0	0.0	1.0	0.0	0.0	0.0	
614	28.0	0.0	0.0	1.0	0.0	1.0	1.0	0.0	0.0	
615	30.0	1.0	0.0	1.0	0.0	1.0	0.0	0.0	0.0	
616	26.0	0.0	1.0	1.0	0.0	0.0	0.0	0.0	0.0	
617	26.0	0.0	0.0	1.0	0.0	0.0	0.0	0.0	1.0	
618	28.0	1.0	0.0	1.0	0.0	0.0	0.0	0.0	0.0	
619	28.0	0.0	0.0	1.0	0.0	1.0	1.0	0.0	0.0	
620	26.0	0.0	0.0	1.0	1.0	0.0	1.0	0.0	0.0	
621	28.0	0.0	0.0	1.0	0.0	1.0	1.0	0.0	0.0	
622	28.0	0.0	0.0	1.0	0.0	1.0	1.0	0.0	0.0	
623	26.0	0.0	1.0	1.0	1.0	0.0	0.0	0.0	0.0	
624	28.0	0.0	0.0	1.0	0.0	1.0	1.0	0.0	0.0	
625	28.0	0.0	0.0	1.0	0.0	1.0	0.0	0.0	1.0	
626	26.0	0.0	0.0	1.0	1.0	0.0	1.0	0.0	0.0	
627	30.0	1.0	0.0	1.0	0.0	1.0	0.0	0.0	0.0	
628	28.0	0.0	0.0	1.0	0.0	1.0	1.0	0.0	0.0	
629	30.0	1.0	0.0	1.0	0.0	1.0	0.0	0.0	0.0	
630	26.0	0.0	0.0	1.0	0.0	0.0	1.0	1.0	0.0	
631	28.0	0.0	0.0	1.0	0.0	1.0	1.0	0.0	0.0	
632	30.0	1.0	0.0	1.0	0.0	1.0	0.0	0.0	0.0	
633	28.0	0.0	0.0	1.0	0.0	1.0	0.0	0.0	1.0	
634	26.0	0.0	0.0	1.0	1.0	0.0	1.0	0.0	0.0	
635	28.0	0.0	0.0	1.0	0.0	1.0	0.0	0.0	1.0	
636	28.0	0.0	0.0	1.0	0.0	1.0	0.0	0.0	1.0	
637	26.0	0.0	0.0	1.0	0.0	0.0	1.0	1.0	0.0	
638	28.0	0.0	0.0	1.0	0.0	1.0	1.0	0.0	0.0	
639	26.0	0.0	0.0	1.0	1.0	0.0	1.0	0.0	0.0	
640	28.0	0.0	0.0	1.0	0.0	1.0	1.0	0.0	0.0	
641	30.0	1.0	0.0	1.0	0.0	1.0	0.0	0.0	0.0	
642	26.0	0.0	0.0	1.0	0.0	0.0	1.0	1.0	0.0	
643	28.0	0.0	0.0	1.0	0.0	1.0	1.0	0.0	0.0	
644	30.0	1.0	0.0	1.0	0.0	1.0	0.0	0.0	0.0	
645	28.0	0.0	0.0	1.0	0.0	1.0	0.0	0.0	1.0	
646	26.0	0.0	0.0	1.0	1.0	0.0	1.0	0.0	0.0	
647	26.0	0.0	0.0	1.0	0.0	0.0	1.0	1.0	0.0	
648	26.0	0.0	0.0	1.0	0.0	0.0	1.0	1.0	0.0	
649	26.0	0.0	0.0	1.0	1.0	0.0	1.0	0.0	0.0	
650	30.0	1.0	0.0	1.0	0.0	1.0	0.0	0.0	0.0	
651	26.0	0.0	0.0	1.0	0.0	0.0	1.0	1.0	0.0	
652	26.0	0.0	1.0	1.0	1.0	0.0	0.0	0.0	0.0	
653	28.0	0.0	0.0	1.0	0.0	1.0	1.0	0.0	0.0	
654	28.0	1.0	1.0	1.0	0.0	0.0	0.0	0.0	0.0	
655	30.0	1.0	0.0	1.0	0.0	1.0	0.0	0.0	0.0	
656	28.0	1.0	0.0	1.0	0.0	0.0	0.0	0.0	0.0	
657	26.0	0.0	0.0	1.0	0.0	0.0	1.0	1.0	0.0	
658	28.0	0.0	0.0	1.0	0.0	1.0	0.0	0.0	1.0	
659	28.0	0.0	0.0	1.0	0.0	1.0	0.0	0.0	1.0	
660	28.0	0.0	0.0	1.0	0.0	1.0	1.0	0.0	0.0	
661	26.0	0.0	0.0	1.0	1.0	0.0	1.0	0.0	0.0	
662	26.0	0.0	0.0	1.0	0.0	0.0	1.0	1.0	0.0	
663	28.0	0.0	0.0	1.0	0.0	1.0	1.0	0.0	0.0	
664	28.0	0.0	0.0	1.0	0.0	1.0	1.0	0.0	0.0	
665	26.0	0.0	0.0	1.0	1.0	0.0	1.0	0.0	0.0	
666	28.0	0.0	0.0	1.0	0.0	1.0	1.0	0.0	0.0	
667	28.0	0.0	0.0	1.0	0.0	1.0	1.0	0.0	0.0	
668	26.0	0.0	0.0	1.0	0.0	0.0	1.0	1.0	0.0	
669	26.0	0.0	0.0	1.0	0.0	0.0	1.0	1.0	0.0	
670	28.0	0.0	0.0	1.0	0.0	1.0	0.0	0.0	1.0	
671	28.0	0.0	0.0	1.0	0.0	1.0	1.0	0.0	0.0	
672	28.0	1.0	1.0	1.0	0.0	0.0	0.0	0.0	0.0	
673	26.0	0.0	1.0	1.0	1.0	0.0	0.0	0.0	0.0	
674	26.0	0.0	0.0	1.0	0.0	0.0	1.0	1.0	0.0	
675	26.0	0.0	0.0	1.0	0.0	0.0	1.0	1.0	0.0	
676	30.0	1.0	0.0	1.0	0.0	1.0	0.0	0.0	0.0	
677	28.0	0.0	0.0	1.0	0.0	1.0	0.0	0.0	1.0	
678	28.0	0.0	0.0	1.0	0.0	1.0	0.0	0.0	1.0	
679	28.0	1.0	1.0	1.0	0.0	0.0	0.0	0.0	0.0	
680	26.0	0.0	0.0	1.0	1.0	0.0	1.0	0.0	0.0	
681	26.0	0.0	0.0	1.0	0.0	0.0	1.0	1.0	0.0	
682	30.0	1.0	0.0	1.0	0.0	1.0	0.0	0.0	0.0	
683	26.0	0.0	0.0	1.0	1.0	0.0	1.0	0.0	0.0	
684	26.0	0.0	0.0	1.0	1.0	0.0	1.0	0.0	0.0	
685	26.0	0.0	0.0	1.0	0.0	0.0	1.0	1.0	0.0	
686	26.0	0.0	0.0	1.0	0.0	0.0	1.0	1.0	0.0	
687	28.0	0.0	0.0	1.0	0.0	1.0	0.0	0.0	1.0	
688	28.0	0.0	0.0	1.0	0.0	1.0	0.0	0.0	1.0	
689	28.0	0.0	0.0	1.0	0.0	1.0	1.0	0.0	0.0	
690	26.0	0.0	0.0	1.0	0.0	0.0	1.0	1.0	0.0	
691	30.0	1.0	0.0	1.0	0.0	1.0	0.0	0.0	0.0	
692	26.0	0.0	0.0	1.0	0.0	0.0	1.0	1.0	0.0	
693	28.0	1.0	1.0	1.0	0.0	0.0	0.0	0.0	0.0	
694	28.0	0.0	0.0	1.0	0.0	1.0	1.0	0.0	0.0	
695	30.0	1.0	0.0	1.0	0.0	1.0	0.0	0.0	0.0	
696	26.0	0.0	0.0	1.0	1.0	0.0	1.0	0.0	0.0	
697	26.0	0.0	1.0	1.0	1.0	0.0	0.0	0.0	0.0	
698	28.0	0.0	0.0	1.0	0.0	1.0	1.0	0.0	0.0	
699	28.0	0.0	0.0	1.0	0.0	1.0	1.0	0.0	0.0	
700	28.0	0.0	0.0	1.0	0.0	1.0	0.0	0.0	1.0	
701	26.0	0.0	0.0	1.0	0.0	0.0	1.0	1.0	0.0	
702	30.0	1.0	0.0	1.0	0.0	1.0	0.0	0.0	0.0	
703	30.0	1.0	0.0	1.0	0.0	1.0	0.0	0.0	0.0	
704	26.0	0.0	0.0	1.0	0.0	0.0	1.0	1.0	0.0	
705	26.0	0.0	0.0	1.0	0.0	0.0	1.0	1.0	0.0	
706	28.0	0.0	0.0	1.0	0.0	1.0	0.0	0.0	1.0	
707	26.0	0.0	0.0	1.0	1.0	0.0	1.0	0.0	0.0	
708	28.0	0.0	0.0	1.0	0.0	1.0	0.0	0.0	1.0	
709	30.0	1.0	0.0	1.0	0.0	1.0	0.0	0.0	0.0	
710	28.0	0.0	0.0	1.0	0.0	1.0	1.0	0.0	0.0	
711	26.0	0.0	0.0	1.0	1.0	0.0	1.0	0.0	0.0	
712	28.0	0.0	0.0	1.0	0.0	1.0	1.0	0.0	0.0	
713	28.0	0.0	0.0	1.0	0.0	1.0	1.0	0.0	0.0	
714	30.0	1.0	0.0	1.0	0.0	1.0	0.0	0.0	0.0	
715	28.0	0.0	0.0	1.0	0.0	1.0	1.0	0.0	0.0	
716	26.0	0.0	0.0	1.0	0.0	0.0	1.0	1.0	0.0	
717	28.0	0.0	0.0	1.0	0.0	1.0	1.0	0.0	0.0	
718	30.0	1.0	0.0	1.0	0.0	1.0	0.0	0.0	0.0	
719	26.0	0.0	0.0	1.0	0.0	0.0	1.0	1.0	0.0	
720	26.0	0.0	0.0	1.0	1.0	0.0	1.0	0.0	0.0	
721	28.0	0.0	0.0	1.0	0.0	1.0	1.0	0.0	0.0	
722	28.0	0.0	0.0	1.0	0.0	1.0	1.0	0.0	0.0	
723	28.0	0.0	0.0	1.0	0.0	1.0	1.0	0.0	0.0	
724	28.0	0.0	0.0	1.0	0.0	1.0	0.0	0.0	1.0	
725	30.0	1.0	0.0	1.0	0.0	1.0	0.0	0.0	0.0	
726	28.0	0.0	0.0	1.0	0.0	1.0	1.0	0.0	0.0	
727	28.0	0.0	0.0	1.0	0.0	1.0	0.0	0.0	1.0	
728	28.0	0.0	0.0	1.0	0.0	1.0	0.0	0.0	1.0	
729	26.0	0.0	0.0	1.0	0.0	0.0	1.0	1.0	0.0	
730	28.0	0.0	0.0	1.0	0.0	1.0	1.0	0.0	0.0	
731	30.0	1.0	0.0	1.0	0.0	1.0	0.0	0.0	0.0	
732	28.0	0.0	0.0	1.0	0.0	1.0	1.0	0.0	0.0	
733	26.0	0.0	0.0	1.0	1.0	0.0	1.0	0.0	0.0	
734	26.0	0.0	0.0	1.0	1.0	0.0	1.0	0.0	0.0	
735	28.0	0.0	0.0	1.0	0.0	1.0	0.0	0.0	1.0	
736	28.0	0.0	0.0	1.0	0.0	1.0	1.0	0.0	0.0	
737	26.0	0.0	0.0	1.0	1.0	0.0	1.0	0.0	0.0	
738	28.0	0.0	0.0	1.0	0.0	1.0	1.0	0.0	0.0	
739	30.0	1.0	0.0	1.0	0.0	1.0	0.0	0.0	0.0	
740	26.0	0.0	0.0	1.0	1.0	0.0	1.0	0.0	0.0	
741	26.0	0.0	0.0	1.0	0.0	0.0	1.0	1.0	0.0	
742	30.0	1.0	0.0	1.0	0.0	1.0	0.0	0.0	0.0	
743	26.0	0.0	0.0	1.0	0.0	0.0	1.0	1.0	0.0	
744	28.0	0.0	0.0	1.0	0.0	1.0	1.0	0.0	0.0	
745	26.0	0.0	0.0	1.0	1.0	0.0	1.0	0.0	0.0	
746	28.0	0.0	0.0	1.0	0.0	1.0	1.0	0.0	0.0	
747	26.0	0.0	0.0	1.0	0.0	0.0	1.0	1.0	0.0	
748	30.0	1.0	0.0	1.0	0.0	1.0	0.0	0.0	0.0	
749	28.0	0.0	0.0	1.0	0.0	1.0	1.0	0.0	0.0	
750	30.0	1.0	0.0	1.0	0.0	1.0	0.0	0.0	0.0	
751	28.0	0.0	0.0	1.0	0.0	1.0	1.0	0.0	0.0	
752	28.0	0.0	0.0	1.0	0.0	1.0	0.0	0.0	1.0	
753	28.0	0.0	0.0	1.0	0.0	1.0	1.0	0.0	0.0	
754	30.0	1.0	0.0	1.0	0.0	1.0	0.0	0.0	0.0	
755	30.0	1.0	0.0	1.0	0.0	1.0	0.0	0.0	0.0	
756	28.0	0.0	0.0	1.0	0.0	1.0	0.0	0.0	1.0	
757	26.0	0.0	0.0	1.0	0.0	0.0	1.0	1.0	0.0	
758	26.0	0.0	0.0	1.0	1.0	0.0	1.0	0.0	0.0	
759	28.0	0.0	0.0	1.0	0.0	1.0	1.0	0.0	0.0	
760	28.0	0.0	0.0	1.0	0.0	1.0	1.0	0.0	0.0	
761	26.0	0.0	0.0	1.0	0.0	0.0	1.0	1.0	0.0	
762	26.0	0.0	0.0	1.0	1.0	0.0	1.0	0.0	0.0	
763	26.0	0.0	0.0	1.0	0.0	0.0	1.0	1.0	0.0	
764	28.0	0.0	0.0	1.0	0.0	1.0	1.0	0.0	0.0	
765	26.0	0.0	0.0	1.0	1.0	0.0	1.0	0.0	0.0	
766	26.0	0.0	0.0	1.0	0.0	0.0	1.0	1.0	0.0	
767	28.0	0.0	0.0	1.0	0.0	1.0	1.0	0.0	0.0	
768	30.0	1.0	0.0	1.0	0.0	1.0	0.0	0.0	0.0	
769	28.0	0.0	0.0	1.0	0.0	1.0	1.0	0.0	0.0	
770	28.0	0.0	0.0	1.0	0.0	1.0	1.0	0.0	0.0	
771	28.0	0.0	0.0	1.0	0.0	1.0	1.0	0.0	0.0	
772	28.0	1.0	1.0	1.0	0.0	0.0	0.0	0.0	0.0	
773	30.0	1.0	0.0	1.0	0.0	1.0	0.0	0.0	0.0	
774	26.0	0.0	0.0	1.0	1.0	0.0	1.0	0.0	0.0	
775	28.0	0.0	0.0	1.0	0.0	1.0	0.0	0.0	1.0	
776	26.0	0.0	0.0	1.0	0.0	0.0	1.0	1.0	0.0	
777	26.0	0.0	0.0	1.0	0.0	0.0	1.0	1.0	0.0	
778	28.0	0.0	0.0	1.0	0.0	1.0	0.0	0.0	1.0	
779	28.0	0.0	0.0	1.0	0.0	1.0	0.0	0.0	1.0	
780	30.0	1.0	0.0	1.0	0.0	1.0	0.0	0.0	0.0	
781	28.0	0.0	0.0	1.0	0.0	1.0	0.0	0.0	1.0	
782	28.0	0.0	0.0	1.0	0.0	1.0	1.0	0.0	0.0	
783	26.0	0.0	0.0	1.0	0.0	0.0	1.0	1.0	0.0	
784	30.0	1.0	0.0	1.0	0.0	1.0	0.0	0.0	0.0	
785	28.0	0.0	0.0	1.0	0.0	1.0	1.0	0.0	0.0	
786	28.0	0.0	0.0	1.0	0.0	1.0	0.0	0.0	1.0	
787	26.0	0.0	1.0	1.0	1.0	0.0	0.0	0.0	0.0	
788	30.0	1.0	0.0	1.0	0.0	1.0	0.0	0.0	0.0	
789	30.0	1.0	0.0	1.0	0.0	1.0	0.0	0.0	0.0	
790	26.0	0.0	0.0	1.0	1.0	0.0	1.0	0.0	0.0	
791	28.0	0.0	0.0	1.0	0.0	1.0	1.0	0.0	0.0	
792	28.0	0.0	0.0	1.0	0.0	1.0	1.0	0.0	0.0	
793	26.0	0.0	0.0	1.0	1.0	0.0	1.0	0.0	0.0	
794	28.0	0.0	0.0	1.0	0.0	1.0	1.0	0.0	0.0	
795	28.0	0.0	0.0	1.0	0.0	1.0	1.0	0.0	0.0	
796	26.0	0.0	0.0	1.0	1.0	0.0	1.0	0.0	0.0	
797	26.0	0.0	0.0	1.0	0.0	0.0	1.0	1.0	0.0	
798	28.0	0.0	0.0	1.0	0.0	1.0	0.0	0.0	1.0	
799	30.0	1.0	0.0	1.0	0.0	1.0	0.0	0.0	0.0	
800	28.0	1.0	0.0	1.0	0.0	0.0	0.0	0.0	0.0	
801	30.0	1.0	0.0	1.0	0.0	1.0	0.0	0.0	0.0	
802	28.0	0.0	0.0	1.0	0.0	1.0	0.0	0.0	1.0	
803	28.0	0.0	0.0	1.0	0.0	1.0	1.0	0.0	0.0	
804	28.0	0.0	0.0	1.0	0.0	1.0	1.0	0.0	0.0	
805	28.0	0.0	0.0	1.0	0.0	1.0	1.0	0.0	0.0	
806	28.0	0.0	0.0	1.0	0.0	1.0	0.0	0.0	1.0	
807	30.0	1.0	0.0	1.0	0.0	1.0	0.0	0.0	0.0	
808	30.0	1.0	0.0	1.0	0.0	1.0	0.0	0.0	0.0	
809	28.0	0.0	0.0	1.0	0.0	1.0	0.0	0.0	1.0	
810	28.0	0.0	0.0	1.0	0.0	1.0	1.0	0.0	0.0	
811	28.0	0.0	0.0	1.0	0.0	1.0	0.0	0.0	1.0	
812	28.0	1.0	1.0	1.0	0.0	0.0	0.0	0.0	0.0	
813	26.0	0.0	0.0	1.0	0.0	0.0	1.0	1.0	0.0	
814	28.0	0.0	0.0	1.0	0.0	1.0	1.0	0.0	0.0	
815	28.0	0.0	0.0	1.0	0.0	1.0	1.0	0.0	0.0	
816	28.0	0.0	0.0	1.0	0.0	1.0	1.0	0.0	0.0	
817	26.0	0.0	0.0	1.0	0.0	0.0	1.0	1.0	0.0	
818	26.0	0.0	0.0	1.0	0.0	0.0	1.0	1.0	0.0	
819	30.0	1.0	0.0	1.0	0.0	1.0	0.0	0.0	0.0	
820	30.0	1.0	0.0	1.0	0.0	1.0	0.0	0.0	0.0	
821	26.0	0.0	1.0	1.0	1.0	0.0	0.0	0.0	0.0	
822	26.0	0.0	0.0	1.0	0.0	0.0	1.0	1.0	0.0	
823	28.0	0.0	0.0	1.0	0.0	1.0	1.0	0.0	0.0	
824	26.0	0.0	1.0	1.0	1.0	0.0	0.0	0.0	0.0	
825	30.0	1.0	0.0	1.0	0.0	1.0	0.0	0.0	0.0	
826	28.0	0.0	0.0	1.0	0.0	1.0	0.0	0.0	1.0	
827	28.0	0.0	0.0	1.0	0.0	1.0	1.0	0.0	0.0	
828	28.0	0.0	0.0	1.0	0.0	1.0	1.0	0.0	0.0	
829	28.0	0.0	0.0	1.0	0.0	1.0	1.0	0.0	0.0	
830	28.0	0.0	0.0	1.0	0.0	1.0	1.0	0.0	0.0	
831	26.0	0.0	0.0	1.0	1.0	0.0	1.0	0.0	0.0	
832	30.0	1.0	0.0	1.0	0.0	1.0	0.0	0.0	0.0	
833	30.0	1.0	0.0	1.0	0.0	1.0	0.0	0.0	0.0	
834	30.0	1.0	0.0	1.0	0.0	1.0	0.0	0.0	0.0	
835	30.0	1.0	0.0	1.0	0.0	1.0	0.0	0.0	0.0	
836	30.0	1.0	0.0	1.0	0.0	1.0	0.0	0.0	0.0	
837	28.0	0.0	0.0	1.0	0.0	1.0	0.0	0.0	1.0	
838	28.0	0.0	0.0	1.0	0.0	1.0	0.0	0.0	1.0	
839	30.0	1.0	0.0	1.0	0.0	1.0	0.0	0.0	0.0	
840	28.0	0.0	0.0	1.0	0.0	1.0	1.0	0.0	0.0	
841	26.0	0.0	0.0	1.0	0.0	0.0	1.0	1.0	0.0	
842	28.0	0.0	0.0	1.0	0.0	1.0	0.0	0.0	1.0	
843	26.0	0.0	0.0	1.0	0.0	0.0	1.0	1.0	0.0	
844	26.0	0.0	0.0	1.0	0.0	0.0	1.0	1.0	0.0	
845	28.0	0.0	0.0	1.0	0.0	1.0	1.0	0.0	0.0	
846	26.0	0.0	0.0	1.0	0.0	0.0	1.0	1.0	0.0	
847	30.0	1.0	0.0	1.0	0.0	1.0	0.0	0.0	0.0	
848	30.0	1.0	0.0	1.0	0.0	1.0	0.0	0.0	0.0	
849	30.0	1.0	0.0	1.0	0.0	1.0	0.0	0.0	0.0	
850	30.0	1.0	0.0	1.0	0.0	1.0	0.0	0.0	0.0	
851	30.0	1.0	0.0	1.0	0.0	1.0	0.0	0.0	0.0	
852	28.0	0.0	0.0	1.0	0.0	1.0	0.0	0.0	1.0	
853	26.0	0.0	0.0	1.0	0.0	0.0	1.0	1.0	0.0	
854	26.0	0.0	1.0	1.0	1.0	0.0	0.0	0.0	0.0	
855	26.0	0.0	0.0	1.0	1.0	0.0	1.0	0.0	0.0	
856	28.0	0.0	0.0	1.0	0.0	1.0	1.0	0.0	0.0	
857	26.0	0.0	0.0	1.0	1.0	0.0	1.0	0.0	0.0	
858	28.0	0.0	0.0	1.0	0.0	1.0	1.0	0.0	0.0	
859	28.0	0.0	0.0	1.0	0.0	1.0	1.0	0.0	0.0	
860	26.0	0.0	0.0	1.0	0.0	0.0	1.0	1.0	0.0	
861	26.0	0.0	0.0	1.0	1.0	0.0	1.0	0.0	0.0	
862	28.0	0.0	0.0	1.0	0.0	1.0	1.0	0.0	0.0	
863	30.0	1.0	0.0	1.0	0.0	1.0	0.0	0.0	0.0	
864	28.0	0.0	0.0	1.0	0.0	1.0	1.0	0.0	0.0	
865	28.0	0.0	0.0	1.0	0.0	1.0	1.0	0.0	0.0	
866	26.0	0.0	0.0	1.0	1.0	0.0	1.0	0.0	0.0	
867	30.0	1.0	0.0	1.0	0.0	1.0	0.0	0.0	0.0	
868	30.0	1.0	0.0	1.0	0.0	1.0	0.0	0.0	0.0	
869	30.0	1.0	0.0	1.0	0.0	1.0	0.0	0.0	0.0	
870	28.0	0.0	0.0	1.0	0.0	1.0	0.0	0.0	1.0	
871	26.0	0.0	0.0	1.0	0.0	0.0	1.0	1.0	0.0	
872	30.0	1.0	0.0	1.0	0.0	1.0	0.0	0.0	0.0	
873	26.0	0.0	0.0	1.0	0.0	0.0	1.0	1.0	0.0	
874	28.0	0.0	0.0	1.0	0.0	1.0	0.0	0.0	1.0	
875	28.0	0.0	0.0	1.0	0.0	1.0	0.0	0.0	1.0	
876	26.0	0.0	0.0	1.0	0.0	0.0	1.0	1.0	0.0	
877	28.0	0.0	0.0	1.0	0.0	1.0	1.0	0.0	0.0	
878	26.0	0.0	0.0	1.0	1.0	0.0	1.0	0.0	0.0	
879	26.0	0.0	1.0	1.0	1.0	0.0	0.0	0.0	0.0	
880	30.0	1.0	0.0	1.0	0.0	1.0	0.0	0.0	0.0	
881	26.0	0.0	0.0	1.0	0.0	0.0	1.0	1.0	0.0	
882	28.0	0.0	0.0	1.0	0.0	1.0	1.0	0.0	0.0	
883	28.0	0.0	0.0	1.0	0.0	1.0	1.0	0.0	0.0	
884	26.0	0.0	0.0	1.0	0.0	0.0	1.0	1.0	0.0	
885	28.0	1.0	0.0	1.0	0.0	0.0	0.0	0.0	0.0	
886	26.0	1.0	1.0	0.0	0.0	0.0	0.0	0.0	0.0	
887	30.0	1.0	0.0	1.0	0.0	1.0	0.0	0.0	0.0	
888	28.0	0.0	0.0	1.0	0.0	1.0	1.0	0.0	0.0	
889	26.0	0.0	0.0	1.0	0.0	0.0	1.0	1.0	0.0	
890	28.0	0.0	0.0	1.0	0.0	1.0	0.0	0.0	1.0	
891	30.0	1.0	0.0	1.0	0.0	1.0	0.0	0.0	0.0	
892	28.0	0.0	0.0	1.0	0.0	1.0	1.0	0.0	0.0	
893	30.0	1.0	0.0	1.0	0.0	1.0	0.0	0.0	0.0	
894	26.0	0.0	0.0	1.0	0.0	0.0	1.0	1.0	0.0	
895	28.0	0.0	0.0	1.0	0.0	1.0	1.0	0.0	0.0	
896	30.0	1.0	0.0	1.0	0.0	1.0	0.0	0.0	0.0	
897	26.0	0.0	1.0	1.0	1.0	0.0	0.0	0.0	0.0	
898	28.0	0.0	0.0	1.0	0.0	1.0	1.0	0.0	0.0	
899	28.0	0.0	0.0	1.0	0.0	1.0	1.0	0.0	0.0	
