Sample	cat16-14.trees	cat16-14.sequence04_sequence10_sequence15	cat16-14.sequence01_sequence04_sequence10	cat16-14.sequence05_sequence07_sequence16_sequence02_sequence09_sequence06_sequence08	cat16-14.sequence01_sequence04_sequence14_sequence10_sequence15	cat16-14.sequence01_sequence04_sequence13_sequence10_sequence15	cat16-14.sequence01_sequence04_sequence14_sequence11_sequence12_sequence13_sequence16_sequence02_sequence03_sequence10_sequence15	cat16-14.sequence14_sequence13	cat16-14.sequence01_sequence15	cat16-14.sequence16_sequence02	cat16-14.sequence01_sequence05_sequence04_sequence14_sequence07_sequence11_sequence12_sequence13_sequence09_sequence03_sequence10_sequence06_sequence08_sequence15	
0	28.0	1.0	0.0	0.0	0.0	0.0	1.0	1.0	0.0	1.0	0.0	
1	26.0	1.0	0.0	1.0	0.0	0.0	0.0	1.0	0.0	1.0	0.0	
2	26.0	1.0	0.0	0.0	0.0	0.0	0.0	1.0	0.0	1.0	1.0	
3	24.0	1.0	0.0	1.0	1.0	0.0	0.0	0.0	0.0	1.0	0.0	
4	26.0	1.0	0.0	1.0	0.0	0.0	0.0	1.0	0.0	1.0	0.0	
5	26.0	1.0	0.0	1.0	0.0	0.0	0.0	1.0	0.0	1.0	0.0	
6	24.0	1.0	0.0	1.0	0.0	1.0	0.0	0.0	0.0	1.0	0.0	
7	26.0	1.0	0.0	1.0	0.0	0.0	0.0	1.0	0.0	1.0	0.0	
8	26.0	1.0	0.0	0.0	0.0	0.0	0.0	1.0	0.0	1.0	1.0	
9	26.0	1.0	0.0	1.0	0.0	0.0	0.0	1.0	0.0	1.0	0.0	
10	28.0	1.0	0.0	0.0	0.0	0.0	1.0	1.0	0.0	1.0	0.0	
11	28.0	1.0	0.0	0.0	0.0	0.0	1.0	1.0	0.0	1.0	0.0	
12	26.0	1.0	0.0	1.0	0.0	0.0	0.0	1.0	0.0	1.0	0.0	
13	26.0	1.0	0.0	1.0	0.0	0.0	0.0	1.0	0.0	1.0	0.0	
14	28.0	0.0	1.0	1.0	0.0	0.0	0.0	1.0	0.0	1.0	0.0	
15	28.0	1.0	0.0	0.0	0.0	0.0	1.0	1.0	0.0	1.0	0.0	
16	24.0	1.0	0.0	1.0	1.0	0.0	0.0	0.0	0.0	1.0	0.0	
17	26.0	0.0	0.0	1.0	0.0	0.0	0.0	1.0	1.0	1.0	0.0	
18	26.0	1.0	0.0	0.0	0.0	0.0	0.0	1.0	0.0	1.0	1.0	
19	28.0	1.0	0.0	0.0	0.0	0.0	1.0	1.0	0.0	1.0	0.0	
20	26.0	0.0	0.0	1.0	0.0	0.0	0.0	1.0	1.0	1.0	0.0	
21	28.0	1.0	0.0	0.0	0.0	0.0	1.0	1.0	0.0	1.0	0.0	
22	26.0	1.0	0.0	1.0	0.0	0.0	0.0	1.0	0.0	1.0	0.0	
23	28.0	0.0	0.0	0.0	0.0	0.0	1.0	1.0	1.0	1.0	0.0	
24	30.0	0.0	1.0	0.0	0.0	0.0	1.0	1.0	0.0	1.0	0.0	
25	28.0	0.0	1.0	1.0	0.0	0.0	0.0	1.0	0.0	1.0	0.0	
26	26.0	1.0	0.0	1.0	0.0	0.0	0.0	1.0	0.0	1.0	0.0	
27	26.0	1.0	0.0	1.0	0.0	0.0	0.0	1.0	0.0	1.0	0.0	
28	26.0	1.0	0.0	1.0	0.0	0.0	0.0	1.0	0.0	1.0	0.0	
29	26.0	1.0	0.0	1.0	0.0	0.0	0.0	1.0	0.0	1.0	0.0	
30	28.0	1.0	0.0	0.0	0.0	0.0	1.0	1.0	0.0	1.0	0.0	
31	26.0	1.0	0.0	1.0	0.0	0.0	0.0	1.0	0.0	1.0	0.0	
32	26.0	1.0	0.0	1.0	0.0	0.0	0.0	1.0	0.0	1.0	0.0	
33	28.0	1.0	0.0	0.0	0.0	0.0	1.0	1.0	0.0	1.0	0.0	
34	30.0	0.0	1.0	0.0	0.0	0.0	1.0	1.0	0.0	1.0	0.0	
35	26.0	1.0	0.0	1.0	0.0	0.0	0.0	1.0	0.0	1.0	0.0	
36	26.0	1.0	0.0	1.0	0.0	0.0	0.0	1.0	0.0	1.0	0.0	
37	30.0	0.0	1.0	0.0	0.0	0.0	1.0	1.0	0.0	1.0	0.0	
38	26.0	1.0	0.0	1.0	0.0	0.0	0.0	1.0	0.0	1.0	0.0	
39	26.0	1.0	0.0	1.0	0.0	0.0	0.0	1.0	0.0	1.0	0.0	
40	26.0	1.0	0.0	1.0	0.0	0.0	0.0	1.0	0.0	1.0	0.0	
41	26.0	1.0	0.0	1.0	0.0	0.0	0.0	1.0	0.0	1.0	0.0	
42	28.0	0.0	1.0	0.0	0.0	0.0	0.0	1.0	0.0	1.0	1.0	
43	26.0	1.0	0.0	1.0	0.0	0.0	0.0	1.0	0.0	1.0	0.0	
44	28.0	1.0	0.0	0.0	0.0	0.0	1.0	1.0	0.0	1.0	0.0	
45	26.0	1.0	0.0	1.0	0.0	0.0	0.0	1.0	0.0	1.0	0.0	
46	26.0	0.0	0.0	1.0	0.0	0.0	0.0	1.0	1.0	1.0	0.0	
47	26.0	1.0	0.0	1.0	0.0	0.0	0.0	1.0	0.0	1.0	0.0	
48	26.0	0.0	0.0	0.0	0.0	0.0	0.0	1.0	1.0	1.0	1.0	
49	26.0	1.0	0.0	1.0	0.0	0.0	0.0	1.0	0.0	1.0	0.0	
50	28.0	0.0	1.0	1.0	0.0	0.0	0.0	1.0	0.0	1.0	0.0	
51	26.0	1.0	0.0	1.0	0.0	0.0	0.0	1.0	0.0	1.0	0.0	
52	26.0	1.0	0.0	1.0	0.0	0.0	0.0	1.0	0.0	1.0	0.0	
53	26.0	1.0	0.0	1.0	0.0	0.0	0.0	1.0	0.0	1.0	0.0	
54	26.0	1.0	0.0	0.0	0.0	0.0	0.0	1.0	0.0	1.0	1.0	
55	26.0	1.0	0.0	0.0	1.0	0.0	1.0	0.0	0.0	1.0	0.0	
56	28.0	1.0	0.0	0.0	0.0	0.0	1.0	1.0	0.0	1.0	0.0	
57	26.0	0.0	0.0	1.0	0.0	0.0	0.0	1.0	1.0	1.0	0.0	
58	26.0	1.0	0.0	0.0	0.0	1.0	1.0	0.0	0.0	1.0	0.0	
59	26.0	1.0	0.0	1.0	0.0	0.0	0.0	1.0	0.0	1.0	0.0	
60	28.0	1.0	0.0	0.0	0.0	0.0	1.0	1.0	0.0	1.0	0.0	
61	26.0	1.0	0.0	1.0	0.0	0.0	0.0	1.0	0.0	1.0	0.0	
62	28.0	1.0	0.0	0.0	0.0	0.0	1.0	1.0	0.0	1.0	0.0	
63	26.0	1.0	0.0	1.0	0.0	0.0	0.0	1.0	0.0	1.0	0.0	
64	24.0	1.0	0.0	0.0	0.0	1.0	0.0	0.0	0.0	1.0	1.0	
65	26.0	1.0	0.0	1.0	0.0	0.0	0.0	1.0	0.0	1.0	0.0	
66	26.0	1.0	0.0	0.0	0.0	0.0	0.0	1.0	0.0	1.0	1.0	
67	26.0	1.0	0.0	1.0	0.0	0.0	0.0	1.0	0.0	1.0	0.0	
68	28.0	0.0	1.0	1.0	0.0	0.0	0.0	1.0	0.0	1.0	0.0	
69	26.0	1.0	0.0	1.0	0.0	0.0	0.0	1.0	0.0	1.0	0.0	
70	26.0	1.0	0.0	1.0	0.0	0.0	0.0	1.0	0.0	1.0	0.0	
71	26.0	1.0	0.0	1.0	0.0	0.0	0.0	1.0	0.0	1.0	0.0	
72	26.0	1.0	0.0	1.0	0.0	0.0	0.0	1.0	0.0	1.0	0.0	
73	26.0	1.0	0.0	1.0	0.0	0.0	0.0	1.0	0.0	1.0	0.0	
74	26.0	1.0	0.0	0.0	0.0	0.0	0.0	1.0	0.0	1.0	1.0	
75	26.0	1.0	0.0	1.0	0.0	0.0	0.0	1.0	0.0	1.0	0.0	
76	26.0	1.0	0.0	0.0	0.0	0.0	0.0	1.0	0.0	1.0	1.0	
77	28.0	1.0	0.0	0.0	0.0	0.0	1.0	1.0	0.0	1.0	0.0	
78	26.0	0.0	0.0	1.0	0.0	0.0	0.0	1.0	1.0	1.0	0.0	
79	28.0	1.0	0.0	0.0	0.0	0.0	1.0	1.0	0.0	1.0	0.0	
80	26.0	1.0	0.0	1.0	0.0	0.0	0.0	1.0	0.0	1.0	0.0	
81	26.0	0.0	0.0	0.0	1.0	0.0	1.0	0.0	1.0	1.0	0.0	
82	26.0	1.0	0.0	1.0	0.0	0.0	0.0	1.0	0.0	1.0	0.0	
83	28.0	1.0	0.0	0.0	0.0	0.0	1.0	1.0	0.0	1.0	0.0	
84	26.0	1.0	0.0	1.0	0.0	0.0	0.0	1.0	0.0	1.0	0.0	
85	28.0	1.0	0.0	0.0	0.0	0.0	1.0	1.0	0.0	1.0	0.0	
86	28.0	0.0	1.0	1.0	0.0	0.0	0.0	1.0	0.0	1.0	0.0	
87	26.0	1.0	0.0	1.0	0.0	0.0	0.0	1.0	0.0	1.0	0.0	
88	28.0	1.0	0.0	0.0	0.0	0.0	1.0	1.0	0.0	1.0	0.0	
89	28.0	1.0	0.0	0.0	0.0	0.0	1.0	1.0	0.0	1.0	0.0	
90	28.0	1.0	0.0	0.0	0.0	0.0	1.0	1.0	0.0	1.0	0.0	
91	26.0	1.0	0.0	1.0	0.0	0.0	0.0	1.0	0.0	1.0	0.0	
92	26.0	0.0	0.0	1.0	0.0	0.0	0.0	1.0	1.0	1.0	0.0	
93	26.0	1.0	0.0	1.0	0.0	0.0	0.0	1.0	0.0	1.0	0.0	
94	26.0	1.0	0.0	1.0	0.0	0.0	0.0	1.0	0.0	1.0	0.0	
95	26.0	1.0	0.0	0.0	0.0	0.0	0.0	1.0	0.0	1.0	1.0	
96	26.0	1.0	0.0	1.0	0.0	0.0	0.0	1.0	0.0	1.0	0.0	
97	26.0	1.0	0.0	1.0	0.0	0.0	0.0	1.0	0.0	1.0	0.0	
98	26.0	1.0	0.0	1.0	0.0	0.0	0.0	1.0	0.0	1.0	0.0	
99	28.0	0.0	1.0	1.0	0.0	0.0	0.0	1.0	0.0	1.0	0.0	
100	26.0	1.0	0.0	1.0	0.0	0.0	0.0	1.0	0.0	1.0	0.0	
101	26.0	1.0	0.0	1.0	0.0	0.0	0.0	1.0	0.0	1.0	0.0	
102	26.0	1.0	0.0	1.0	0.0	0.0	0.0	1.0	0.0	1.0	0.0	
103	26.0	1.0	0.0	1.0	0.0	0.0	0.0	1.0	0.0	1.0	0.0	
104	26.0	1.0	0.0	1.0	0.0	0.0	0.0	1.0	0.0	1.0	0.0	
105	26.0	1.0	0.0	1.0	0.0	0.0	0.0	1.0	0.0	1.0	0.0	
106	26.0	1.0	0.0	1.0	0.0	0.0	0.0	1.0	0.0	1.0	0.0	
107	26.0	1.0	0.0	1.0	0.0	0.0	0.0	1.0	0.0	1.0	0.0	
108	28.0	1.0	0.0	0.0	0.0	0.0	1.0	1.0	0.0	1.0	0.0	
109	28.0	1.0	0.0	0.0	0.0	0.0	1.0	1.0	0.0	1.0	0.0	
110	24.0	1.0	0.0	1.0	1.0	0.0	0.0	0.0	0.0	1.0	0.0	
111	24.0	0.0	0.0	1.0	1.0	0.0	0.0	0.0	1.0	1.0	0.0	
112	28.0	1.0	0.0	0.0	0.0	0.0	1.0	1.0	0.0	1.0	0.0	
113	26.0	1.0	0.0	1.0	0.0	0.0	0.0	1.0	0.0	1.0	0.0	
114	26.0	1.0	0.0	1.0	0.0	0.0	0.0	1.0	0.0	1.0	0.0	
115	28.0	1.0	0.0	0.0	0.0	0.0	1.0	1.0	0.0	1.0	0.0	
116	28.0	1.0	0.0	0.0	0.0	0.0	1.0	1.0	0.0	1.0	0.0	
117	28.0	0.0	1.0	1.0	0.0	0.0	0.0	1.0	0.0	1.0	0.0	
118	28.0	1.0	0.0	0.0	0.0	0.0	1.0	1.0	0.0	1.0	0.0	
119	26.0	1.0	0.0	1.0	0.0	0.0	0.0	1.0	0.0	1.0	0.0	
120	26.0	1.0	0.0	1.0	0.0	0.0	0.0	1.0	0.0	1.0	0.0	
121	26.0	1.0	0.0	1.0	0.0	0.0	0.0	1.0	0.0	1.0	0.0	
122	26.0	1.0	0.0	1.0	0.0	0.0	0.0	1.0	0.0	1.0	0.0	
123	26.0	1.0	0.0	1.0	0.0	0.0	0.0	1.0	0.0	1.0	0.0	
124	28.0	1.0	0.0	0.0	0.0	0.0	1.0	1.0	0.0	1.0	0.0	
125	28.0	1.0	0.0	0.0	0.0	0.0	1.0	1.0	0.0	1.0	0.0	
126	26.0	1.0	0.0	1.0	0.0	0.0	0.0	1.0	0.0	1.0	0.0	
127	28.0	1.0	0.0	0.0	0.0	0.0	1.0	1.0	0.0	1.0	0.0	
128	26.0	1.0	0.0	0.0	0.0	0.0	0.0	1.0	0.0	1.0	1.0	
129	26.0	1.0	0.0	1.0	0.0	0.0	0.0	1.0	0.0	1.0	0.0	
130	26.0	1.0	0.0	0.0	1.0	0.0	1.0	0.0	0.0	1.0	0.0	
131	26.0	1.0	0.0	0.0	0.0	0.0	0.0	1.0	0.0	1.0	1.0	
132	28.0	1.0	0.0	0.0	0.0	0.0	1.0	1.0	0.0	1.0	0.0	
133	26.0	1.0	0.0	1.0	0.0	0.0	0.0	1.0	0.0	1.0	0.0	
134	24.0	1.0	0.0	1.0	1.0	0.0	0.0	0.0	0.0	1.0	0.0	
135	26.0	0.0	1.0	1.0	0.0	1.0	0.0	0.0	0.0	1.0	0.0	
136	26.0	1.0	0.0	0.0	0.0	0.0	0.0	1.0	0.0	1.0	1.0	
137	26.0	1.0	0.0	1.0	0.0	0.0	0.0	1.0	0.0	1.0	0.0	
138	26.0	1.0	0.0	1.0	0.0	0.0	0.0	1.0	0.0	1.0	0.0	
139	26.0	1.0	0.0	0.0	0.0	0.0	0.0	1.0	0.0	1.0	1.0	
140	28.0	1.0	0.0	0.0	0.0	0.0	1.0	1.0	0.0	1.0	0.0	
141	26.0	1.0	0.0	0.0	0.0	0.0	0.0	1.0	0.0	1.0	1.0	
142	26.0	1.0	0.0	1.0	0.0	0.0	0.0	1.0	0.0	1.0	0.0	
143	28.0	1.0	0.0	0.0	0.0	0.0	1.0	1.0	0.0	1.0	0.0	
144	26.0	1.0	0.0	0.0	0.0	0.0	0.0	1.0	0.0	1.0	1.0	
145	28.0	1.0	0.0	0.0	0.0	0.0	1.0	1.0	0.0	1.0	0.0	
146	26.0	0.0	0.0	0.0	0.0	0.0	0.0	1.0	1.0	1.0	1.0	
147	28.0	0.0	1.0	1.0	0.0	0.0	0.0	1.0	0.0	1.0	0.0	
148	28.0	1.0	0.0	0.0	0.0	0.0	1.0	1.0	0.0	1.0	0.0	
149	26.0	1.0	0.0	0.0	0.0	0.0	0.0	1.0	0.0	1.0	1.0	
150	26.0	1.0	0.0	1.0	0.0	0.0	0.0	1.0	0.0	1.0	0.0	
151	26.0	0.0	0.0	0.0	0.0	0.0	0.0	1.0	1.0	1.0	1.0	
152	26.0	1.0	0.0	0.0	0.0	0.0	0.0	1.0	0.0	1.0	1.0	
153	26.0	1.0	0.0	0.0	1.0	0.0	1.0	0.0	0.0	1.0	0.0	
154	26.0	1.0	0.0	1.0	0.0	0.0	0.0	1.0	0.0	1.0	0.0	
155	26.0	1.0	0.0	1.0	0.0	0.0	0.0	1.0	0.0	1.0	0.0	
156	26.0	1.0	0.0	0.0	0.0	0.0	0.0	1.0	0.0	1.0	1.0	
157	28.0	0.0	1.0	0.0	0.0	0.0	0.0	1.0	0.0	1.0	1.0	
158	28.0	1.0	0.0	0.0	0.0	0.0	1.0	1.0	0.0	1.0	0.0	
159	28.0	0.0	1.0	1.0	0.0	0.0	0.0	1.0	0.0	1.0	0.0	
160	26.0	0.0	0.0	1.0	0.0	0.0	0.0	1.0	1.0	1.0	0.0	
161	26.0	1.0	0.0	1.0	0.0	0.0	0.0	1.0	0.0	1.0	0.0	
162	26.0	1.0	0.0	1.0	0.0	0.0	0.0	1.0	0.0	1.0	0.0	
163	28.0	0.0	1.0	0.0	0.0	0.0	0.0	1.0	0.0	1.0	1.0	
164	28.0	0.0	1.0	1.0	0.0	0.0	0.0	1.0	0.0	1.0	0.0	
165	26.0	1.0	0.0	1.0	0.0	0.0	0.0	1.0	0.0	1.0	0.0	
166	28.0	1.0	0.0	0.0	0.0	0.0	1.0	1.0	0.0	1.0	0.0	
167	30.0	0.0	1.0	0.0	0.0	0.0	1.0	1.0	0.0	1.0	0.0	
168	26.0	1.0	0.0	1.0	0.0	0.0	0.0	1.0	0.0	1.0	0.0	
169	28.0	1.0	0.0	0.0	0.0	0.0	1.0	1.0	0.0	1.0	0.0	
170	28.0	1.0	0.0	0.0	0.0	0.0	1.0	1.0	0.0	1.0	0.0	
171	26.0	1.0	0.0	1.0	0.0	0.0	0.0	1.0	0.0	1.0	0.0	
172	26.0	1.0	0.0	1.0	0.0	0.0	0.0	1.0	0.0	1.0	0.0	
173	26.0	1.0	0.0	1.0	0.0	0.0	0.0	1.0	0.0	1.0	0.0	
174	28.0	0.0	1.0	0.0	0.0	1.0	1.0	0.0	0.0	1.0	0.0	
175	26.0	1.0	0.0	1.0	0.0	0.0	0.0	1.0	0.0	1.0	0.0	
176	26.0	1.0	0.0	0.0	1.0	0.0	1.0	0.0	0.0	1.0	0.0	
177	30.0	0.0	1.0	0.0	0.0	0.0	1.0	1.0	0.0	1.0	0.0	
178	26.0	1.0	0.0	1.0	0.0	0.0	0.0	1.0	0.0	1.0	0.0	
179	28.0	1.0	0.0	0.0	0.0	0.0	1.0	1.0	0.0	1.0	0.0	
180	28.0	1.0	0.0	0.0	0.0	0.0	1.0	1.0	0.0	1.0	0.0	
181	28.0	0.0	1.0	1.0	0.0	0.0	0.0	1.0	0.0	1.0	0.0	
182	28.0	1.0	0.0	0.0	0.0	0.0	1.0	1.0	0.0	1.0	0.0	
183	28.0	0.0	1.0	1.0	0.0	0.0	0.0	1.0	0.0	1.0	0.0	
184	26.0	1.0	0.0	1.0	0.0	0.0	0.0	1.0	0.0	1.0	0.0	
185	28.0	1.0	0.0	0.0	0.0	0.0	1.0	1.0	0.0	1.0	0.0	
186	26.0	1.0	0.0	1.0	0.0	0.0	0.0	1.0	0.0	1.0	0.0	
187	26.0	1.0	0.0	1.0	0.0	0.0	0.0	1.0	0.0	1.0	0.0	
188	26.0	1.0	0.0	1.0	0.0	0.0	0.0	1.0	0.0	1.0	0.0	
189	28.0	1.0	0.0	0.0	0.0	0.0	1.0	1.0	0.0	1.0	0.0	
190	28.0	1.0	0.0	0.0	0.0	0.0	1.0	1.0	0.0	1.0	0.0	
191	26.0	1.0	0.0	1.0	0.0	0.0	0.0	1.0	0.0	1.0	0.0	
192	26.0	0.0	0.0	1.0	0.0	0.0	0.0	1.0	1.0	1.0	0.0	
193	26.0	1.0	0.0	1.0	0.0	0.0	0.0	1.0	0.0	1.0	0.0	
194	26.0	1.0	0.0	1.0	0.0	0.0	0.0	1.0	0.0	1.0	0.0	
195	26.0	1.0	0.0	1.0	0.0	0.0	0.0	1.0	0.0	1.0	0.0	
196	26.0	1.0	0.0	1.0	0.0	0.0	0.0	1.0	0.0	1.0	0.0	
197	26.0	1.0	0.0	1.0	0.0	0.0	0.0	1.0	0.0	1.0	0.0	
198	26.0	1.0	0.0	1.0	0.0	0.0	0.0	1.0	0.0	1.0	0.0	
199	28.0	0.0	1.0	0.0	0.0	0.0	0.0	1.0	0.0	1.0	1.0	
200	26.0	1.0	0.0	1.0	0.0	0.0	0.0	1.0	0.0	1.0	0.0	
201	26.0	1.0	0.0	0.0	0.0	0.0	0.0	1.0	0.0	1.0	1.0	
202	28.0	0.0	1.0	1.0	0.0	0.0	0.0	1.0	0.0	1.0	0.0	
203	28.0	1.0	0.0	0.0	0.0	0.0	1.0	1.0	0.0	1.0	0.0	
204	28.0	1.0	0.0	0.0	0.0	0.0	1.0	1.0	0.0	1.0	0.0	
205	26.0	1.0	0.0	1.0	0.0	0.0	0.0	1.0	0.0	1.0	0.0	
206	26.0	1.0	0.0	1.0	0.0	0.0	0.0	1.0	0.0	1.0	0.0	
207	26.0	1.0	0.0	1.0	0.0	0.0	0.0	1.0	0.0	1.0	0.0	
208	26.0	1.0	0.0	1.0	0.0	0.0	0.0	1.0	0.0	1.0	0.0	
209	24.0	1.0	0.0	1.0	1.0	0.0	0.0	0.0	0.0	1.0	0.0	
210	26.0	1.0	0.0	1.0	0.0	0.0	0.0	1.0	0.0	1.0	0.0	
211	26.0	1.0	0.0	1.0	0.0	0.0	0.0	1.0	0.0	1.0	0.0	
212	22.0	1.0	0.0	0.0	0.0	1.0	0.0	0.0	0.0	0.0	1.0	
213	26.0	0.0	0.0	1.0	0.0	0.0	0.0	1.0	1.0	1.0	0.0	
214	26.0	1.0	0.0	1.0	0.0	0.0	0.0	1.0	0.0	1.0	0.0	
215	26.0	1.0	0.0	1.0	0.0	0.0	0.0	1.0	0.0	1.0	0.0	
216	26.0	1.0	0.0	1.0	0.0	0.0	0.0	1.0	0.0	1.0	0.0	
217	30.0	0.0	1.0	0.0	0.0	0.0	1.0	1.0	0.0	1.0	0.0	
218	26.0	1.0	0.0	1.0	0.0	0.0	0.0	1.0	0.0	1.0	0.0	
219	28.0	0.0	1.0	1.0	0.0	0.0	0.0	1.0	0.0	1.0	0.0	
220	26.0	1.0	0.0	1.0	0.0	0.0	0.0	1.0	0.0	1.0	0.0	
221	26.0	1.0	0.0	1.0	0.0	0.0	0.0	1.0	0.0	1.0	0.0	
222	26.0	1.0	0.0	0.0	0.0	0.0	0.0	1.0	0.0	1.0	1.0	
223	26.0	1.0	0.0	0.0	0.0	0.0	0.0	1.0	0.0	1.0	1.0	
224	26.0	0.0	0.0	1.0	0.0	0.0	0.0	1.0	1.0	1.0	0.0	
225	26.0	1.0	0.0	1.0	0.0	0.0	0.0	1.0	0.0	1.0	0.0	
226	26.0	1.0	0.0	1.0	0.0	0.0	0.0	1.0	0.0	1.0	0.0	
227	28.0	1.0	0.0	0.0	0.0	0.0	1.0	1.0	0.0	1.0	0.0	
228	26.0	1.0	0.0	1.0	0.0	0.0	0.0	1.0	0.0	1.0	0.0	
229	26.0	1.0	0.0	1.0	0.0	0.0	0.0	1.0	0.0	1.0	0.0	
230	26.0	0.0	0.0	1.0	0.0	0.0	0.0	1.0	1.0	1.0	0.0	
231	28.0	1.0	0.0	0.0	0.0	0.0	1.0	1.0	0.0	1.0	0.0	
232	28.0	1.0	0.0	0.0	0.0	0.0	1.0	1.0	0.0	1.0	0.0	
233	26.0	1.0	0.0	1.0	0.0	0.0	0.0	1.0	0.0	1.0	0.0	
234	28.0	0.0	1.0	0.0	0.0	0.0	0.0	1.0	0.0	1.0	1.0	
235	26.0	1.0	0.0	1.0	0.0	0.0	0.0	1.0	0.0	1.0	0.0	
236	28.0	0.0	1.0	0.0	0.0	0.0	0.0	1.0	0.0	1.0	1.0	
237	24.0	1.0	0.0	1.0	1.0	0.0	0.0	0.0	0.0	1.0	0.0	
238	26.0	1.0	0.0	1.0	0.0	0.0	0.0	1.0	0.0	1.0	0.0	
239	28.0	0.0	1.0	1.0	0.0	0.0	0.0	1.0	0.0	1.0	0.0	
240	28.0	1.0	0.0	0.0	0.0	0.0	1.0	1.0	0.0	1.0	0.0	
241	28.0	0.0	1.0	1.0	0.0	0.0	0.0	1.0	0.0	1.0	0.0	
242	30.0	0.0	1.0	0.0	0.0	0.0	1.0	1.0	0.0	1.0	0.0	
243	28.0	0.0	1.0	1.0	0.0	0.0	0.0	1.0	0.0	1.0	0.0	
244	26.0	0.0	0.0	0.0	0.0	0.0	0.0	1.0	1.0	1.0	1.0	
245	26.0	1.0	0.0	1.0	0.0	0.0	0.0	1.0	0.0	1.0	0.0	
246	30.0	0.0	1.0	0.0	0.0	0.0	1.0	1.0	0.0	1.0	0.0	
247	26.0	1.0	0.0	1.0	0.0	0.0	0.0	1.0	0.0	1.0	0.0	
248	26.0	1.0	0.0	1.0	0.0	0.0	0.0	1.0	0.0	1.0	0.0	
249	26.0	1.0	0.0	1.0	0.0	0.0	0.0	1.0	0.0	1.0	0.0	
250	26.0	1.0	0.0	1.0	0.0	0.0	0.0	1.0	0.0	1.0	0.0	
251	28.0	1.0	0.0	0.0	0.0	0.0	1.0	1.0	0.0	1.0	0.0	
252	28.0	1.0	0.0	0.0	0.0	0.0	1.0	1.0	0.0	1.0	0.0	
253	26.0	1.0	0.0	1.0	0.0	0.0	0.0	1.0	0.0	1.0	0.0	
254	24.0	1.0	0.0	1.0	0.0	1.0	0.0	0.0	0.0	1.0	0.0	
255	24.0	0.0	0.0	1.0	1.0	0.0	0.0	0.0	1.0	1.0	0.0	
256	26.0	1.0	0.0	1.0	0.0	0.0	0.0	1.0	0.0	1.0	0.0	
257	24.0	1.0	0.0	1.0	0.0	1.0	0.0	0.0	0.0	1.0	0.0	
258	26.0	1.0	0.0	1.0	0.0	0.0	0.0	1.0	0.0	1.0	0.0	
259	26.0	1.0	0.0	1.0	0.0	0.0	0.0	1.0	0.0	1.0	0.0	
260	26.0	1.0	0.0	1.0	0.0	0.0	0.0	1.0	0.0	1.0	0.0	
261	26.0	0.0	0.0	1.0	0.0	0.0	0.0	1.0	1.0	1.0	0.0	
262	26.0	1.0	0.0	1.0	0.0	0.0	0.0	1.0	0.0	1.0	0.0	
263	30.0	0.0	1.0	0.0	0.0	0.0	1.0	1.0	0.0	1.0	0.0	
264	26.0	0.0	0.0	1.0	0.0	0.0	0.0	1.0	1.0	1.0	0.0	
265	26.0	0.0	0.0	0.0	0.0	0.0	0.0	1.0	1.0	1.0	1.0	
266	28.0	1.0	0.0	0.0	0.0	0.0	1.0	1.0	0.0	1.0	0.0	
267	26.0	1.0	0.0	0.0	0.0	0.0	0.0	1.0	0.0	1.0	1.0	
268	26.0	1.0	0.0	0.0	0.0	0.0	0.0	1.0	0.0	1.0	1.0	
269	26.0	1.0	0.0	1.0	0.0	0.0	0.0	1.0	0.0	1.0	0.0	
270	26.0	1.0	0.0	1.0	0.0	0.0	0.0	1.0	0.0	1.0	0.0	
271	26.0	1.0	0.0	1.0	0.0	0.0	0.0	1.0	0.0	1.0	0.0	
272	24.0	1.0	0.0	1.0	0.0	1.0	0.0	0.0	0.0	1.0	0.0	
273	28.0	1.0	0.0	0.0	0.0	0.0	1.0	1.0	0.0	1.0	0.0	
274	26.0	1.0	0.0	1.0	0.0	0.0	0.0	1.0	0.0	1.0	0.0	
275	26.0	1.0	0.0	0.0	0.0	0.0	0.0	1.0	0.0	1.0	1.0	
276	28.0	1.0	0.0	0.0	0.0	0.0	1.0	1.0	0.0	1.0	0.0	
277	26.0	1.0	0.0	0.0	0.0	0.0	0.0	1.0	0.0	1.0	1.0	
278	26.0	1.0	0.0	1.0	0.0	0.0	0.0	1.0	0.0	1.0	0.0	
279	26.0	1.0	0.0	1.0	0.0	0.0	0.0	1.0	0.0	1.0	0.0	
280	26.0	1.0	0.0	1.0	0.0	0.0	0.0	1.0	0.0	1.0	0.0	
281	26.0	1.0	0.0	1.0	0.0	0.0	0.0	1.0	0.0	1.0	0.0	
282	26.0	1.0	0.0	1.0	0.0	0.0	0.0	1.0	0.0	1.0	0.0	
283	26.0	1.0	0.0	1.0	0.0	0.0	0.0	1.0	0.0	1.0	0.0	
284	28.0	0.0	1.0	1.0	0.0	0.0	0.0	1.0	0.0	1.0	0.0	
285	26.0	1.0	0.0	1.0	0.0	0.0	0.0	1.0	0.0	1.0	0.0	
286	26.0	1.0	0.0	1.0	0.0	0.0	0.0	1.0	0.0	1.0	0.0	
287	26.0	1.0	0.0	1.0	0.0	0.0	0.0	1.0	0.0	1.0	0.0	
288	26.0	1.0	0.0	0.0	0.0	0.0	0.0	1.0	0.0	1.0	1.0	
289	28.0	1.0	0.0	0.0	0.0	0.0	1.0	1.0	0.0	1.0	0.0	
290	26.0	0.0	0.0	1.0	0.0	0.0	0.0	1.0	1.0	1.0	0.0	
291	28.0	0.0	1.0	0.0	0.0	0.0	0.0	1.0	0.0	1.0	1.0	
292	26.0	1.0	0.0	0.0	0.0	0.0	0.0	1.0	0.0	1.0	1.0	
293	26.0	1.0	0.0	1.0	0.0	0.0	0.0	1.0	0.0	1.0	0.0	
294	30.0	0.0	1.0	0.0	0.0	0.0	1.0	1.0	0.0	1.0	0.0	
295	26.0	1.0	0.0	1.0	0.0	0.0	0.0	1.0	0.0	1.0	0.0	
296	26.0	1.0	0.0	0.0	0.0	0.0	0.0	1.0	0.0	1.0	1.0	
297	24.0	1.0	0.0	0.0	1.0	0.0	0.0	0.0	0.0	1.0	1.0	
298	26.0	1.0	0.0	0.0	0.0	0.0	0.0	1.0	0.0	1.0	1.0	
299	26.0	1.0	0.0	0.0	0.0	0.0	0.0	1.0	0.0	1.0	1.0	
300	30.0	0.0	1.0	0.0	0.0	0.0	1.0	1.0	0.0	1.0	0.0	
301	26.0	0.0	1.0	0.0	1.0	0.0	0.0	0.0	0.0	1.0	1.0	
302	26.0	1.0	0.0	1.0	0.0	0.0	0.0	1.0	0.0	1.0	0.0	
303	26.0	1.0	0.0	1.0	0.0	0.0	0.0	1.0	0.0	1.0	0.0	
304	26.0	1.0	0.0	1.0	0.0	0.0	0.0	1.0	0.0	1.0	0.0	
305	26.0	1.0	0.0	1.0	0.0	0.0	0.0	1.0	0.0	1.0	0.0	
306	24.0	1.0	0.0	1.0	1.0	0.0	0.0	0.0	0.0	1.0	0.0	
307	26.0	1.0	0.0	1.0	0.0	0.0	0.0	1.0	0.0	1.0	0.0	
308	28.0	1.0	0.0	0.0	0.0	0.0	1.0	1.0	0.0	1.0	0.0	
309	26.0	1.0	0.0	1.0	0.0	0.0	0.0	1.0	0.0	1.0	0.0	
310	26.0	1.0	0.0	1.0	0.0	0.0	0.0	1.0	0.0	1.0	0.0	
311	28.0	1.0	0.0	0.0	0.0	0.0	1.0	1.0	0.0	1.0	0.0	
312	26.0	1.0	0.0	0.0	0.0	0.0	0.0	1.0	0.0	1.0	1.0	
313	28.0	0.0	1.0	1.0	0.0	0.0	0.0	1.0	0.0	1.0	0.0	
314	28.0	0.0	1.0	1.0	0.0	0.0	0.0	1.0	0.0	1.0	0.0	
315	26.0	1.0	0.0	1.0	0.0	0.0	0.0	1.0	0.0	1.0	0.0	
316	28.0	1.0	0.0	0.0	0.0	0.0	1.0	1.0	0.0	1.0	0.0	
317	26.0	1.0	0.0	0.0	0.0	0.0	0.0	1.0	0.0	1.0	1.0	
318	26.0	1.0	0.0	1.0	0.0	0.0	0.0	1.0	0.0	1.0	0.0	
319	26.0	1.0	0.0	1.0	0.0	0.0	0.0	1.0	0.0	1.0	0.0	
320	26.0	1.0	0.0	1.0	0.0	0.0	0.0	1.0	0.0	1.0	0.0	
321	26.0	1.0	0.0	1.0	0.0	0.0	0.0	1.0	0.0	1.0	0.0	
322	28.0	0.0	1.0	1.0	0.0	0.0	0.0	1.0	0.0	1.0	0.0	
323	26.0	1.0	0.0	1.0	0.0	0.0	0.0	1.0	0.0	1.0	0.0	
324	26.0	1.0	0.0	0.0	0.0	0.0	0.0	1.0	0.0	1.0	1.0	
325	26.0	1.0	0.0	1.0	0.0	0.0	0.0	1.0	0.0	1.0	0.0	
326	26.0	1.0	0.0	0.0	0.0	0.0	0.0	1.0	0.0	1.0	1.0	
327	26.0	1.0	0.0	1.0	0.0	0.0	0.0	1.0	0.0	1.0	0.0	
328	26.0	1.0	0.0	0.0	0.0	0.0	0.0	1.0	0.0	1.0	1.0	
329	26.0	1.0	0.0	1.0	0.0	0.0	0.0	1.0	0.0	1.0	0.0	
330	26.0	1.0	0.0	1.0	0.0	0.0	0.0	1.0	0.0	1.0	0.0	
331	26.0	0.0	1.0	1.0	1.0	0.0	0.0	0.0	0.0	1.0	0.0	
332	26.0	1.0	0.0	1.0	0.0	0.0	0.0	1.0	0.0	1.0	0.0	
333	26.0	1.0	0.0	1.0	0.0	0.0	0.0	1.0	0.0	1.0	0.0	
334	28.0	0.0	0.0	0.0	0.0	0.0	1.0	1.0	1.0	1.0	0.0	
335	26.0	1.0	0.0	1.0	0.0	0.0	0.0	1.0	0.0	1.0	0.0	
336	26.0	1.0	0.0	1.0	0.0	0.0	0.0	1.0	0.0	1.0	0.0	
337	26.0	1.0	0.0	1.0	0.0	0.0	0.0	1.0	0.0	1.0	0.0	
338	24.0	1.0	0.0	1.0	1.0	0.0	0.0	0.0	0.0	1.0	0.0	
339	26.0	1.0	0.0	0.0	0.0	0.0	0.0	1.0	0.0	1.0	1.0	
340	24.0	1.0	0.0	1.0	0.0	1.0	0.0	0.0	0.0	1.0	0.0	
341	26.0	1.0	0.0	1.0	0.0	0.0	0.0	1.0	0.0	1.0	0.0	
342	26.0	1.0	0.0	1.0	0.0	0.0	0.0	1.0	0.0	1.0	0.0	
343	26.0	1.0	0.0	1.0	0.0	0.0	0.0	1.0	0.0	1.0	0.0	
344	26.0	1.0	0.0	1.0	0.0	0.0	0.0	1.0	0.0	1.0	0.0	
345	26.0	1.0	0.0	1.0	0.0	0.0	0.0	1.0	0.0	1.0	0.0	
346	26.0	0.0	0.0	1.0	0.0	0.0	0.0	1.0	1.0	1.0	0.0	
347	26.0	1.0	0.0	0.0	0.0	0.0	0.0	1.0	0.0	1.0	1.0	
348	28.0	0.0	1.0	1.0	0.0	0.0	0.0	1.0	0.0	1.0	0.0	
349	26.0	1.0	0.0	0.0	0.0	0.0	0.0	1.0	0.0	1.0	1.0	
350	26.0	1.0	0.0	1.0	0.0	0.0	0.0	1.0	0.0	1.0	0.0	
351	26.0	1.0	0.0	0.0	0.0	0.0	0.0	1.0	0.0	1.0	1.0	
352	28.0	1.0	0.0	0.0	0.0	0.0	1.0	1.0	0.0	1.0	0.0	
353	22.0	1.0	0.0	1.0	1.0	0.0	0.0	0.0	0.0	0.0	0.0	
354	28.0	1.0	0.0	0.0	0.0	0.0	1.0	1.0	0.0	1.0	0.0	
355	26.0	0.0	0.0	1.0	0.0	0.0	0.0	1.0	1.0	1.0	0.0	
356	28.0	1.0	0.0	0.0	0.0	0.0	1.0	1.0	0.0	1.0	0.0	
357	28.0	1.0	0.0	0.0	0.0	0.0	1.0	1.0	0.0	1.0	0.0	
358	26.0	1.0	0.0	0.0	0.0	0.0	0.0	1.0	0.0	1.0	1.0	
359	26.0	1.0	0.0	1.0	0.0	0.0	0.0	1.0	0.0	1.0	0.0	
360	26.0	1.0	0.0	0.0	0.0	0.0	0.0	1.0	0.0	1.0	1.0	
361	26.0	0.0	0.0	0.0	1.0	0.0	1.0	0.0	1.0	1.0	0.0	
362	26.0	1.0	0.0	1.0	0.0	0.0	0.0	1.0	0.0	1.0	0.0	
363	28.0	0.0	1.0	1.0	0.0	0.0	0.0	1.0	0.0	1.0	0.0	
364	26.0	1.0	0.0	1.0	0.0	0.0	0.0	1.0	0.0	1.0	0.0	
365	26.0	1.0	0.0	1.0	0.0	0.0	0.0	1.0	0.0	1.0	0.0	
366	26.0	1.0	0.0	1.0	0.0	0.0	0.0	1.0	0.0	1.0	0.0	
367	28.0	0.0	1.0	1.0	0.0	0.0	0.0	1.0	0.0	1.0	0.0	
368	26.0	1.0	0.0	0.0	0.0	1.0	1.0	0.0	0.0	1.0	0.0	
369	26.0	0.0	0.0	1.0	0.0	0.0	0.0	1.0	1.0	1.0	0.0	
370	26.0	1.0	0.0	1.0	0.0	0.0	0.0	1.0	0.0	1.0	0.0	
371	26.0	1.0	0.0	1.0	0.0	0.0	0.0	1.0	0.0	1.0	0.0	
372	28.0	0.0	1.0	0.0	0.0	0.0	0.0	1.0	0.0	1.0	1.0	
373	28.0	0.0	1.0	1.0	0.0	0.0	0.0	1.0	0.0	1.0	0.0	
374	28.0	0.0	1.0	0.0	0.0	0.0	0.0	1.0	0.0	1.0	1.0	
375	28.0	1.0	0.0	0.0	0.0	0.0	1.0	1.0	0.0	1.0	0.0	
376	24.0	0.0	0.0	1.0	0.0	1.0	0.0	0.0	1.0	1.0	0.0	
377	26.0	1.0	0.0	1.0	0.0	0.0	0.0	1.0	0.0	1.0	0.0	
378	26.0	1.0	0.0	0.0	0.0	0.0	0.0	1.0	0.0	1.0	1.0	
379	26.0	1.0	0.0	0.0	0.0	0.0	0.0	1.0	0.0	1.0	1.0	
380	26.0	1.0	0.0	1.0	0.0	0.0	0.0	1.0	0.0	1.0	0.0	
381	26.0	1.0	0.0	1.0	0.0	0.0	0.0	1.0	0.0	1.0	0.0	
382	28.0	0.0	1.0	1.0	0.0	0.0	0.0	1.0	0.0	1.0	0.0	
383	26.0	1.0	0.0	1.0	0.0	0.0	0.0	1.0	0.0	1.0	0.0	
384	26.0	1.0	0.0	1.0	0.0	0.0	0.0	1.0	0.0	1.0	0.0	
385	26.0	1.0	0.0	1.0	0.0	0.0	0.0	1.0	0.0	1.0	0.0	
386	26.0	1.0	0.0	1.0	0.0	0.0	0.0	1.0	0.0	1.0	0.0	
387	28.0	0.0	1.0	1.0	0.0	0.0	0.0	1.0	0.0	1.0	0.0	
388	26.0	1.0	0.0	1.0	0.0	0.0	0.0	1.0	0.0	1.0	0.0	
389	26.0	1.0	0.0	1.0	0.0	0.0	0.0	1.0	0.0	1.0	0.0	
390	26.0	1.0	0.0	1.0	0.0	0.0	0.0	1.0	0.0	1.0	0.0	
391	26.0	1.0	0.0	1.0	0.0	0.0	0.0	1.0	0.0	1.0	0.0	
392	26.0	1.0	0.0	1.0	0.0	0.0	0.0	1.0	0.0	1.0	0.0	
393	28.0	0.0	1.0	1.0	0.0	0.0	0.0	1.0	0.0	1.0	0.0	
394	28.0	1.0	0.0	0.0	0.0	0.0	1.0	1.0	0.0	1.0	0.0	
395	28.0	1.0	0.0	0.0	0.0	0.0	1.0	1.0	0.0	1.0	0.0	
396	26.0	1.0	0.0	1.0	0.0	0.0	0.0	1.0	0.0	1.0	0.0	
397	28.0	1.0	0.0	0.0	0.0	0.0	1.0	1.0	0.0	1.0	0.0	
398	26.0	1.0	0.0	1.0	0.0	0.0	0.0	1.0	0.0	1.0	0.0	
399	26.0	1.0	0.0	1.0	0.0	0.0	0.0	1.0	0.0	1.0	0.0	
400	28.0	0.0	1.0	1.0	0.0	0.0	0.0	1.0	0.0	1.0	0.0	
401	26.0	1.0	0.0	1.0	0.0	0.0	0.0	1.0	0.0	1.0	0.0	
402	28.0	0.0	1.0	0.0	0.0	0.0	0.0	1.0	0.0	1.0	1.0	
403	26.0	1.0	0.0	1.0	0.0	0.0	0.0	1.0	0.0	1.0	0.0	
404	26.0	1.0	0.0	1.0	0.0	0.0	0.0	1.0	0.0	1.0	0.0	
405	28.0	1.0	0.0	0.0	0.0	0.0	1.0	1.0	0.0	1.0	0.0	
406	24.0	1.0	0.0	0.0	0.0	1.0	0.0	0.0	0.0	1.0	1.0	
407	26.0	1.0	0.0	1.0	0.0	0.0	0.0	1.0	0.0	1.0	0.0	
408	26.0	1.0	0.0	0.0	0.0	0.0	0.0	1.0	0.0	1.0	1.0	
409	24.0	1.0	0.0	1.0	0.0	1.0	0.0	0.0	0.0	1.0	0.0	
410	26.0	1.0	0.0	1.0	0.0	0.0	0.0	1.0	0.0	1.0	0.0	
411	26.0	1.0	0.0	1.0	0.0	0.0	0.0	1.0	0.0	1.0	0.0	
412	26.0	1.0	0.0	1.0	0.0	0.0	0.0	1.0	0.0	1.0	0.0	
413	26.0	0.0	0.0	1.0	0.0	0.0	0.0	1.0	1.0	1.0	0.0	
414	28.0	0.0	0.0	0.0	0.0	0.0	1.0	1.0	1.0	1.0	0.0	
415	28.0	1.0	0.0	0.0	0.0	0.0	1.0	1.0	0.0	1.0	0.0	
416	26.0	1.0	0.0	1.0	0.0	0.0	0.0	1.0	0.0	1.0	0.0	
417	26.0	1.0	0.0	1.0	0.0	0.0	0.0	1.0	0.0	1.0	0.0	
418	26.0	1.0	0.0	1.0	0.0	0.0	0.0	1.0	0.0	1.0	0.0	
419	26.0	0.0	0.0	1.0	0.0	0.0	0.0	1.0	1.0	1.0	0.0	
420	26.0	1.0	0.0	1.0	0.0	0.0	0.0	1.0	0.0	1.0	0.0	
421	26.0	1.0	0.0	1.0	0.0	0.0	0.0	1.0	0.0	1.0	0.0	
422	26.0	1.0	0.0	1.0	0.0	0.0	0.0	1.0	0.0	1.0	0.0	
423	26.0	1.0	0.0	1.0	0.0	0.0	0.0	1.0	0.0	1.0	0.0	
424	26.0	1.0	0.0	0.0	0.0	0.0	0.0	1.0	0.0	1.0	1.0	
425	26.0	1.0	0.0	1.0	0.0	0.0	0.0	1.0	0.0	1.0	0.0	
426	26.0	1.0	0.0	1.0	0.0	0.0	0.0	1.0	0.0	1.0	0.0	
427	28.0	1.0	0.0	0.0	0.0	0.0	1.0	1.0	0.0	1.0	0.0	
428	26.0	1.0	0.0	0.0	0.0	0.0	0.0	1.0	0.0	1.0	1.0	
429	26.0	1.0	0.0	1.0	0.0	0.0	0.0	1.0	0.0	1.0	0.0	
430	24.0	1.0	0.0	1.0	0.0	1.0	0.0	0.0	0.0	1.0	0.0	
431	26.0	1.0	0.0	1.0	0.0	0.0	0.0	1.0	0.0	1.0	0.0	
432	28.0	1.0	0.0	0.0	0.0	0.0	1.0	1.0	0.0	1.0	0.0	
433	26.0	1.0	0.0	1.0	0.0	0.0	0.0	1.0	0.0	1.0	0.0	
434	26.0	1.0	0.0	1.0	0.0	0.0	0.0	1.0	0.0	1.0	0.0	
435	30.0	0.0	1.0	0.0	0.0	0.0	1.0	1.0	0.0	1.0	0.0	
436	26.0	1.0	0.0	1.0	0.0	0.0	0.0	1.0	0.0	1.0	0.0	
437	26.0	0.0	0.0	1.0	0.0	0.0	0.0	1.0	1.0	1.0	0.0	
438	26.0	1.0	0.0	1.0	0.0	0.0	0.0	1.0	0.0	1.0	0.0	
439	26.0	1.0	0.0	1.0	0.0	0.0	0.0	1.0	0.0	1.0	0.0	
440	26.0	1.0	0.0	1.0	0.0	0.0	0.0	1.0	0.0	1.0	0.0	
441	28.0	1.0	0.0	0.0	0.0	0.0	1.0	1.0	0.0	1.0	0.0	
442	28.0	0.0	1.0	1.0	0.0	0.0	0.0	1.0	0.0	1.0	0.0	
443	26.0	1.0	0.0	1.0	0.0	0.0	0.0	1.0	0.0	1.0	0.0	
444	28.0	1.0	0.0	0.0	0.0	0.0	1.0	1.0	0.0	1.0	0.0	
445	28.0	1.0	0.0	0.0	0.0	0.0	1.0	1.0	0.0	1.0	0.0	
446	26.0	0.0	0.0	1.0	0.0	0.0	0.0	1.0	1.0	1.0	0.0	
447	26.0	1.0	0.0	0.0	0.0	0.0	0.0	1.0	0.0	1.0	1.0	
448	26.0	0.0	0.0	1.0	0.0	0.0	0.0	1.0	1.0	1.0	0.0	
449	26.0	1.0	0.0	0.0	0.0	0.0	0.0	1.0	0.0	1.0	1.0	
450	28.0	1.0	0.0	0.0	0.0	0.0	1.0	1.0	0.0	1.0	0.0	
451	26.0	1.0	0.0	1.0	0.0	0.0	0.0	1.0	0.0	1.0	0.0	
452	24.0	1.0	0.0	0.0	1.0	0.0	0.0	0.0	0.0	1.0	1.0	
453	24.0	1.0	0.0	1.0	0.0	0.0	0.0	1.0	0.0	0.0	0.0	
454	26.0	1.0	0.0	1.0	0.0	0.0	0.0	1.0	0.0	1.0	0.0	
455	28.0	0.0	1.0	1.0	0.0	0.0	0.0	1.0	0.0	1.0	0.0	
456	26.0	1.0	0.0	0.0	0.0	0.0	0.0	1.0	0.0	1.0	1.0	
457	26.0	1.0	0.0	1.0	0.0	0.0	0.0	1.0	0.0	1.0	0.0	
458	26.0	0.0	0.0	1.0	0.0	0.0	0.0	1.0	1.0	1.0	0.0	
459	26.0	1.0	0.0	1.0	0.0	0.0	0.0	1.0	0.0	1.0	0.0	
460	24.0	1.0	0.0	0.0	1.0	0.0	0.0	0.0	0.0	1.0	1.0	
461	28.0	0.0	1.0	1.0	0.0	0.0	0.0	1.0	0.0	1.0	0.0	
462	26.0	0.0	0.0	1.0	0.0	0.0	0.0	1.0	1.0	1.0	0.0	
463	26.0	1.0	0.0	1.0	0.0	0.0	0.0	1.0	0.0	1.0	0.0	
464	26.0	1.0	0.0	1.0	0.0	0.0	0.0	1.0	0.0	1.0	0.0	
465	26.0	1.0	0.0	1.0	0.0	0.0	0.0	1.0	0.0	1.0	0.0	
466	28.0	1.0	0.0	0.0	0.0	0.0	1.0	1.0	0.0	1.0	0.0	
467	26.0	1.0	0.0	1.0	0.0	0.0	0.0	1.0	0.0	1.0	0.0	
468	26.0	1.0	0.0	1.0	0.0	0.0	0.0	1.0	0.0	1.0	0.0	
469	26.0	1.0	0.0	1.0	0.0	0.0	0.0	1.0	0.0	1.0	0.0	
470	26.0	1.0	0.0	1.0	0.0	0.0	0.0	1.0	0.0	1.0	0.0	
471	26.0	1.0	0.0	1.0	0.0	0.0	0.0	1.0	0.0	1.0	0.0	
472	28.0	0.0	1.0	1.0	0.0	0.0	0.0	1.0	0.0	1.0	0.0	
473	26.0	1.0	0.0	1.0	0.0	0.0	0.0	1.0	0.0	1.0	0.0	
474	28.0	0.0	1.0	1.0	0.0	0.0	0.0	1.0	0.0	1.0	0.0	
475	26.0	1.0	0.0	0.0	0.0	0.0	0.0	1.0	0.0	1.0	1.0	
476	26.0	1.0	0.0	1.0	0.0	0.0	0.0	1.0	0.0	1.0	0.0	
477	26.0	1.0	0.0	1.0	0.0	0.0	0.0	1.0	0.0	1.0	0.0	
478	26.0	1.0	0.0	1.0	0.0	0.0	0.0	1.0	0.0	1.0	0.0	
479	26.0	1.0	0.0	1.0	0.0	0.0	0.0	1.0	0.0	1.0	0.0	
480	26.0	1.0	0.0	1.0	0.0	0.0	0.0	1.0	0.0	1.0	0.0	
481	28.0	0.0	0.0	0.0	0.0	0.0	1.0	1.0	1.0	1.0	0.0	
482	28.0	1.0	0.0	0.0	0.0	0.0	1.0	1.0	0.0	1.0	0.0	
483	26.0	1.0	0.0	1.0	0.0	0.0	0.0	1.0	0.0	1.0	0.0	
484	26.0	1.0	0.0	1.0	0.0	0.0	0.0	1.0	0.0	1.0	0.0	
485	26.0	1.0	0.0	1.0	0.0	0.0	0.0	1.0	0.0	1.0	0.0	
486	26.0	1.0	0.0	1.0	0.0	0.0	0.0	1.0	0.0	1.0	0.0	
487	26.0	1.0	0.0	1.0	0.0	0.0	0.0	1.0	0.0	1.0	0.0	
488	28.0	1.0	0.0	0.0	0.0	0.0	1.0	1.0	0.0	1.0	0.0	
489	26.0	1.0	0.0	1.0	0.0	0.0	0.0	1.0	0.0	1.0	0.0	
490	26.0	1.0	0.0	1.0	0.0	0.0	0.0	1.0	0.0	1.0	0.0	
491	28.0	0.0	1.0	1.0	0.0	0.0	0.0	1.0	0.0	1.0	0.0	
492	28.0	1.0	0.0	0.0	0.0	0.0	1.0	1.0	0.0	1.0	0.0	
493	24.0	1.0	0.0	1.0	0.0	1.0	0.0	0.0	0.0	1.0	0.0	
494	26.0	1.0	0.0	1.0	0.0	0.0	0.0	1.0	0.0	1.0	0.0	
495	26.0	1.0	0.0	0.0	0.0	0.0	0.0	1.0	0.0	1.0	1.0	
496	26.0	1.0	0.0	0.0	0.0	0.0	0.0	1.0	0.0	1.0	1.0	
497	28.0	0.0	1.0	1.0	0.0	0.0	0.0	1.0	0.0	1.0	0.0	
498	26.0	1.0	0.0	1.0	0.0	0.0	0.0	1.0	0.0	1.0	0.0	
499	28.0	1.0	0.0	0.0	0.0	0.0	1.0	1.0	0.0	1.0	0.0	
500	28.0	1.0	0.0	0.0	0.0	0.0	1.0	1.0	0.0	1.0	0.0	
501	26.0	1.0	0.0	1.0	0.0	0.0	0.0	1.0	0.0	1.0	0.0	
502	26.0	1.0	0.0	1.0	0.0	0.0	0.0	1.0	0.0	1.0	0.0	
503	26.0	1.0	0.0	1.0	0.0	0.0	0.0	1.0	0.0	1.0	0.0	
504	28.0	0.0	1.0	1.0	0.0	0.0	0.0	1.0	0.0	1.0	0.0	
505	28.0	0.0	1.0	1.0	0.0	0.0	0.0	1.0	0.0	1.0	0.0	
506	26.0	1.0	0.0	1.0	0.0	0.0	0.0	1.0	0.0	1.0	0.0	
507	24.0	1.0	0.0	1.0	1.0	0.0	0.0	0.0	0.0	1.0	0.0	
508	26.0	1.0	0.0	1.0	0.0	0.0	0.0	1.0	0.0	1.0	0.0	
509	26.0	1.0	0.0	1.0	0.0	0.0	0.0	1.0	0.0	1.0	0.0	
510	26.0	1.0	0.0	1.0	0.0	0.0	0.0	1.0	0.0	1.0	0.0	
511	28.0	1.0	0.0	0.0	0.0	0.0	1.0	1.0	0.0	1.0	0.0	
512	26.0	0.0	0.0	1.0	0.0	0.0	0.0	1.0	1.0	1.0	0.0	
513	28.0	1.0	0.0	0.0	0.0	0.0	1.0	1.0	0.0	1.0	0.0	
514	26.0	1.0	0.0	1.0	0.0	0.0	0.0	1.0	0.0	1.0	0.0	
515	24.0	1.0	0.0	1.0	1.0	0.0	0.0	0.0	0.0	1.0	0.0	
516	28.0	1.0	0.0	0.0	0.0	0.0	1.0	1.0	0.0	1.0	0.0	
517	26.0	1.0	0.0	1.0	0.0	0.0	0.0	1.0	0.0	1.0	0.0	
518	26.0	1.0	0.0	1.0	0.0	0.0	0.0	1.0	0.0	1.0	0.0	
519	24.0	0.0	0.0	0.0	1.0	0.0	0.0	0.0	1.0	1.0	1.0	
520	28.0	0.0	0.0	0.0	0.0	0.0	1.0	1.0	1.0	1.0	0.0	
521	26.0	1.0	0.0	1.0	0.0	0.0	0.0	1.0	0.0	1.0	0.0	
522	26.0	1.0	0.0	1.0	0.0	0.0	0.0	1.0	0.0	1.0	0.0	
523	28.0	1.0	0.0	0.0	0.0	0.0	1.0	1.0	0.0	1.0	0.0	
524	26.0	1.0	0.0	1.0	0.0	0.0	0.0	1.0	0.0	1.0	0.0	
525	28.0	0.0	0.0	0.0	0.0	0.0	1.0	1.0	1.0	1.0	0.0	
526	28.0	1.0	0.0	0.0	0.0	0.0	1.0	1.0	0.0	1.0	0.0	
527	26.0	1.0	0.0	0.0	0.0	0.0	0.0	1.0	0.0	1.0	1.0	
528	26.0	1.0	0.0	1.0	0.0	0.0	0.0	1.0	0.0	1.0	0.0	
529	28.0	0.0	1.0	1.0	0.0	0.0	0.0	1.0	0.0	1.0	0.0	
530	26.0	1.0	0.0	0.0	0.0	0.0	0.0	1.0	0.0	1.0	1.0	
531	26.0	1.0	0.0	1.0	0.0	0.0	0.0	1.0	0.0	1.0	0.0	
532	28.0	0.0	1.0	0.0	0.0	0.0	0.0	1.0	0.0	1.0	1.0	
533	28.0	1.0	0.0	0.0	0.0	0.0	1.0	1.0	0.0	1.0	0.0	
534	26.0	1.0	0.0	1.0	0.0	0.0	0.0	1.0	0.0	1.0	0.0	
535	26.0	1.0	0.0	1.0	0.0	0.0	0.0	1.0	0.0	1.0	0.0	
536	28.0	0.0	1.0	0.0	0.0	0.0	0.0	1.0	0.0	1.0	1.0	
537	28.0	1.0	0.0	0.0	0.0	0.0	1.0	1.0	0.0	1.0	0.0	
538	26.0	1.0	0.0	1.0	0.0	0.0	0.0	1.0	0.0	1.0	0.0	
539	26.0	0.0	0.0	1.0	0.0	0.0	0.0	1.0	1.0	1.0	0.0	
540	26.0	1.0	0.0	1.0	0.0	0.0	0.0	1.0	0.0	1.0	0.0	
541	28.0	1.0	0.0	0.0	0.0	0.0	1.0	1.0	0.0	1.0	0.0	
542	26.0	1.0	0.0	0.0	0.0	0.0	0.0	1.0	0.0	1.0	1.0	
543	26.0	1.0	0.0	1.0	0.0	0.0	0.0	1.0	0.0	1.0	0.0	
544	26.0	1.0	0.0	1.0	0.0	0.0	0.0	1.0	0.0	1.0	0.0	
545	26.0	1.0	0.0	1.0	0.0	0.0	0.0	1.0	0.0	1.0	0.0	
546	26.0	1.0	0.0	1.0	0.0	0.0	0.0	1.0	0.0	1.0	0.0	
547	26.0	1.0	0.0	0.0	0.0	0.0	0.0	1.0	0.0	1.0	1.0	
548	26.0	1.0	0.0	0.0	0.0	0.0	0.0	1.0	0.0	1.0	1.0	
549	28.0	1.0	0.0	0.0	0.0	0.0	1.0	1.0	0.0	1.0	0.0	
550	26.0	1.0	0.0	1.0	0.0	0.0	0.0	1.0	0.0	1.0	0.0	
551	26.0	1.0	0.0	1.0	0.0	0.0	0.0	1.0	0.0	1.0	0.0	
552	26.0	1.0	0.0	1.0	0.0	0.0	0.0	1.0	0.0	1.0	0.0	
553	26.0	1.0	0.0	1.0	0.0	0.0	0.0	1.0	0.0	1.0	0.0	
554	26.0	1.0	0.0	1.0	0.0	0.0	0.0	1.0	0.0	1.0	0.0	
555	26.0	1.0	0.0	1.0	0.0	0.0	0.0	1.0	0.0	1.0	0.0	
556	26.0	1.0	0.0	1.0	0.0	0.0	0.0	1.0	0.0	1.0	0.0	
557	26.0	1.0	0.0	1.0	0.0	0.0	0.0	1.0	0.0	1.0	0.0	
558	28.0	1.0	0.0	0.0	0.0	0.0	1.0	1.0	0.0	1.0	0.0	
559	26.0	1.0	0.0	1.0	0.0	0.0	0.0	1.0	0.0	1.0	0.0	
560	26.0	1.0	0.0	0.0	0.0	0.0	0.0	1.0	0.0	1.0	1.0	
561	28.0	0.0	0.0	0.0	0.0	0.0	1.0	1.0	1.0	1.0	0.0	
562	28.0	1.0	0.0	0.0	0.0	0.0	1.0	1.0	0.0	1.0	0.0	
563	28.0	0.0	1.0	1.0	0.0	0.0	0.0	1.0	0.0	1.0	0.0	
564	26.0	1.0	0.0	1.0	0.0	0.0	0.0	1.0	0.0	1.0	0.0	
565	26.0	1.0	0.0	1.0	0.0	0.0	0.0	1.0	0.0	1.0	0.0	
566	26.0	1.0	0.0	0.0	0.0	0.0	0.0	1.0	0.0	1.0	1.0	
567	26.0	1.0	0.0	1.0	0.0	0.0	0.0	1.0	0.0	1.0	0.0	
568	26.0	1.0	0.0	0.0	0.0	1.0	1.0	0.0	0.0	1.0	0.0	
569	26.0	1.0	0.0	1.0	0.0	0.0	0.0	1.0	0.0	1.0	0.0	
570	28.0	1.0	0.0	0.0	0.0	0.0	1.0	1.0	0.0	1.0	0.0	
571	26.0	0.0	0.0	0.0	0.0	0.0	0.0	1.0	1.0	1.0	1.0	
572	26.0	0.0	0.0	1.0	0.0	0.0	0.0	1.0	1.0	1.0	0.0	
573	26.0	1.0	0.0	1.0	0.0	0.0	0.0	1.0	0.0	1.0	0.0	
574	26.0	1.0	0.0	1.0	0.0	0.0	0.0	1.0	0.0	1.0	0.0	
575	28.0	1.0	0.0	0.0	0.0	0.0	1.0	1.0	0.0	1.0	0.0	
576	26.0	1.0	0.0	0.0	0.0	0.0	0.0	1.0	0.0	1.0	1.0	
577	24.0	1.0	0.0	1.0	1.0	0.0	0.0	0.0	0.0	1.0	0.0	
578	26.0	0.0	0.0	1.0	0.0	0.0	0.0	1.0	1.0	1.0	0.0	
579	26.0	1.0	0.0	1.0	0.0	0.0	0.0	1.0	0.0	1.0	0.0	
580	26.0	1.0	0.0	1.0	0.0	0.0	0.0	1.0	0.0	1.0	0.0	
581	26.0	1.0	0.0	0.0	0.0	0.0	0.0	1.0	0.0	1.0	1.0	
582	28.0	1.0	0.0	0.0	0.0	0.0	1.0	1.0	0.0	1.0	0.0	
583	28.0	1.0	0.0	0.0	0.0	0.0	1.0	1.0	0.0	1.0	0.0	
584	28.0	0.0	1.0	1.0	0.0	0.0	0.0	1.0	0.0	1.0	0.0	
585	26.0	1.0	0.0	1.0	0.0	0.0	0.0	1.0	0.0	1.0	0.0	
586	28.0	1.0	0.0	0.0	0.0	0.0	1.0	1.0	0.0	1.0	0.0	
587	28.0	1.0	0.0	0.0	0.0	0.0	1.0	1.0	0.0	1.0	0.0	
588	26.0	1.0	0.0	0.0	0.0	0.0	0.0	1.0	0.0	1.0	1.0	
589	28.0	1.0	0.0	0.0	0.0	0.0	1.0	1.0	0.0	1.0	0.0	
590	26.0	1.0	0.0	0.0	1.0	0.0	1.0	0.0	0.0	1.0	0.0	
591	26.0	1.0	0.0	1.0	0.0	0.0	0.0	1.0	0.0	1.0	0.0	
592	28.0	0.0	1.0	1.0	0.0	0.0	0.0	1.0	0.0	1.0	0.0	
593	26.0	1.0	0.0	1.0	0.0	0.0	0.0	1.0	0.0	1.0	0.0	
594	28.0	1.0	0.0	0.0	0.0	0.0	1.0	1.0	0.0	1.0	0.0	
595	26.0	1.0	0.0	1.0	0.0	0.0	0.0	1.0	0.0	1.0	0.0	
596	26.0	0.0	0.0	1.0	0.0	0.0	0.0	1.0	1.0	1.0	0.0	
597	24.0	1.0	0.0	1.0	1.0	0.0	0.0	0.0	0.0	1.0	0.0	
598	28.0	0.0	1.0	1.0	0.0	0.0	0.0	1.0	0.0	1.0	0.0	
599	26.0	1.0	0.0	1.0	0.0	0.0	0.0	1.0	0.0	1.0	0.0	
600	28.0	1.0	0.0	0.0	0.0	0.0	1.0	1.0	0.0	1.0	0.0	
601	26.0	1.0	0.0	1.0	0.0	0.0	0.0	1.0	0.0	1.0	0.0	
602	28.0	1.0	0.0	0.0	0.0	0.0	1.0	1.0	0.0	1.0	0.0	
603	28.0	1.0	0.0	0.0	0.0	0.0	1.0	1.0	0.0	1.0	0.0	
604	26.0	1.0	0.0	1.0	0.0	0.0	0.0	1.0	0.0	1.0	0.0	
605	26.0	1.0	0.0	1.0	0.0	0.0	0.0	1.0	0.0	1.0	0.0	
606	26.0	0.0	0.0	1.0	0.0	0.0	0.0	1.0	1.0	1.0	0.0	
607	26.0	0.0	0.0	0.0	0.0	0.0	0.0	1.0	1.0	1.0	1.0	
608	28.0	0.0	1.0	1.0	0.0	0.0	0.0	1.0	0.0	1.0	0.0	
609	28.0	1.0	0.0	0.0	0.0	0.0	1.0	1.0	0.0	1.0	0.0	
610	24.0	1.0	0.0	0.0	1.0	0.0	0.0	0.0	0.0	1.0	1.0	
611	26.0	1.0	0.0	1.0	0.0	0.0	0.0	1.0	0.0	1.0	0.0	
612	30.0	0.0	1.0	0.0	0.0	0.0	1.0	1.0	0.0	1.0	0.0	
613	26.0	1.0	0.0	1.0	0.0	0.0	0.0	1.0	0.0	1.0	0.0	
614	26.0	1.0	0.0	0.0	0.0	0.0	0.0	1.0	0.0	1.0	1.0	
615	26.0	1.0	0.0	1.0	0.0	0.0	0.0	1.0	0.0	1.0	0.0	
616	26.0	1.0	0.0	0.0	0.0	0.0	0.0	1.0	0.0	1.0	1.0	
617	24.0	1.0	0.0	1.0	1.0	0.0	0.0	0.0	0.0	1.0	0.0	
618	28.0	0.0	1.0	1.0	0.0	0.0	0.0	1.0	0.0	1.0	0.0	
619	28.0	0.0	1.0	1.0	0.0	0.0	0.0	1.0	0.0	1.0	0.0	
620	26.0	1.0	0.0	1.0	0.0	0.0	0.0	1.0	0.0	1.0	0.0	
621	26.0	1.0	0.0	0.0	0.0	0.0	0.0	1.0	0.0	1.0	1.0	
622	28.0	1.0	0.0	0.0	0.0	0.0	1.0	1.0	0.0	1.0	0.0	
623	26.0	1.0	0.0	1.0	0.0	0.0	0.0	1.0	0.0	1.0	0.0	
624	26.0	1.0	0.0	1.0	0.0	0.0	0.0	1.0	0.0	1.0	0.0	
625	26.0	1.0	0.0	1.0	0.0	0.0	0.0	1.0	0.0	1.0	0.0	
626	28.0	1.0	0.0	0.0	0.0	0.0	1.0	1.0	0.0	1.0	0.0	
627	26.0	1.0	0.0	0.0	0.0	0.0	0.0	1.0	0.0	1.0	1.0	
628	26.0	1.0	0.0	1.0	0.0	0.0	0.0	1.0	0.0	1.0	0.0	
629	26.0	1.0	0.0	1.0	0.0	0.0	0.0	1.0	0.0	1.0	0.0	
630	26.0	1.0	0.0	0.0	0.0	1.0	1.0	0.0	0.0	1.0	0.0	
631	26.0	1.0	0.0	1.0	0.0	0.0	0.0	1.0	0.0	1.0	0.0	
632	28.0	0.0	0.0	0.0	0.0	0.0	1.0	1.0	1.0	1.0	0.0	
633	28.0	0.0	1.0	1.0	0.0	0.0	0.0	1.0	0.0	1.0	0.0	
634	28.0	0.0	1.0	1.0	0.0	0.0	0.0	1.0	0.0	1.0	0.0	
635	26.0	1.0	0.0	1.0	0.0	0.0	0.0	1.0	0.0	1.0	0.0	
636	26.0	0.0	1.0	0.0	1.0	0.0	0.0	0.0	0.0	1.0	1.0	
637	28.0	1.0	0.0	0.0	0.0	0.0	1.0	1.0	0.0	1.0	0.0	
638	26.0	1.0	0.0	1.0	0.0	0.0	0.0	1.0	0.0	1.0	0.0	
639	28.0	1.0	0.0	0.0	0.0	0.0	1.0	1.0	0.0	1.0	0.0	
640	26.0	1.0	0.0	1.0	0.0	0.0	0.0	1.0	0.0	1.0	0.0	
641	26.0	1.0	0.0	0.0	0.0	0.0	0.0	1.0	0.0	1.0	1.0	
642	26.0	1.0	0.0	0.0	0.0	0.0	0.0	1.0	0.0	1.0	1.0	
643	28.0	0.0	1.0	1.0	0.0	0.0	0.0	1.0	0.0	1.0	0.0	
644	26.0	1.0	0.0	1.0	0.0	0.0	0.0	1.0	0.0	1.0	0.0	
645	26.0	1.0	0.0	1.0	0.0	0.0	0.0	1.0	0.0	1.0	0.0	
646	26.0	1.0	0.0	1.0	0.0	0.0	0.0	1.0	0.0	1.0	0.0	
647	26.0	1.0	0.0	0.0	0.0	0.0	0.0	1.0	0.0	1.0	1.0	
648	26.0	1.0	0.0	1.0	0.0	0.0	0.0	1.0	0.0	1.0	0.0	
649	26.0	1.0	0.0	1.0	0.0	0.0	0.0	1.0	0.0	1.0	0.0	
650	28.0	0.0	1.0	1.0	0.0	0.0	0.0	1.0	0.0	1.0	0.0	
651	28.0	1.0	0.0	0.0	0.0	0.0	1.0	1.0	0.0	1.0	0.0	
652	26.0	1.0	0.0	1.0	0.0	0.0	0.0	1.0	0.0	1.0	0.0	
653	26.0	1.0	0.0	1.0	0.0	0.0	0.0	1.0	0.0	1.0	0.0	
654	26.0	1.0	0.0	1.0	0.0	0.0	0.0	1.0	0.0	1.0	0.0	
655	26.0	1.0	0.0	0.0	0.0	0.0	0.0	1.0	0.0	1.0	1.0	
656	26.0	1.0	0.0	0.0	0.0	1.0	1.0	0.0	0.0	1.0	0.0	
657	26.0	1.0	0.0	1.0	0.0	0.0	0.0	1.0	0.0	1.0	0.0	
658	28.0	1.0	0.0	0.0	0.0	0.0	1.0	1.0	0.0	1.0	0.0	
659	28.0	0.0	1.0	1.0	0.0	0.0	0.0	1.0	0.0	1.0	0.0	
660	26.0	1.0	0.0	1.0	0.0	0.0	0.0	1.0	0.0	1.0	0.0	
661	28.0	1.0	0.0	0.0	0.0	0.0	1.0	1.0	0.0	1.0	0.0	
662	28.0	1.0	0.0	0.0	0.0	0.0	1.0	1.0	0.0	1.0	0.0	
663	26.0	1.0	0.0	1.0	0.0	0.0	0.0	1.0	0.0	1.0	0.0	
664	26.0	1.0	0.0	1.0	0.0	0.0	0.0	1.0	0.0	1.0	0.0	
665	26.0	1.0	0.0	1.0	0.0	0.0	0.0	1.0	0.0	1.0	0.0	
666	26.0	1.0	0.0	1.0	0.0	0.0	0.0	1.0	0.0	1.0	0.0	
667	26.0	1.0	0.0	1.0	0.0	0.0	0.0	1.0	0.0	1.0	0.0	
668	26.0	1.0	0.0	0.0	0.0	0.0	0.0	1.0	0.0	1.0	1.0	
669	30.0	0.0	1.0	0.0	0.0	0.0	1.0	1.0	0.0	1.0	0.0	
670	26.0	1.0	0.0	1.0	0.0	0.0	0.0	1.0	0.0	1.0	0.0	
671	28.0	1.0	0.0	0.0	0.0	0.0	1.0	1.0	0.0	1.0	0.0	
672	26.0	0.0	0.0	0.0	0.0	0.0	0.0	1.0	1.0	1.0	1.0	
673	28.0	1.0	0.0	0.0	0.0	0.0	1.0	1.0	0.0	1.0	0.0	
674	30.0	0.0	1.0	0.0	0.0	0.0	1.0	1.0	0.0	1.0	0.0	
675	26.0	0.0	0.0	0.0	0.0	0.0	0.0	1.0	1.0	1.0	1.0	
676	26.0	1.0	0.0	1.0	0.0	0.0	0.0	1.0	0.0	1.0	0.0	
677	28.0	1.0	0.0	0.0	0.0	0.0	1.0	1.0	0.0	1.0	0.0	
678	28.0	1.0	0.0	0.0	0.0	0.0	1.0	1.0	0.0	1.0	0.0	
679	26.0	1.0	0.0	0.0	0.0	0.0	0.0	1.0	0.0	1.0	1.0	
680	26.0	1.0	0.0	1.0	0.0	0.0	0.0	1.0	0.0	1.0	0.0	
681	26.0	1.0	0.0	1.0	0.0	0.0	0.0	1.0	0.0	1.0	0.0	
682	26.0	1.0	0.0	1.0	0.0	0.0	0.0	1.0	0.0	1.0	0.0	
683	28.0	1.0	0.0	0.0	0.0	0.0	1.0	1.0	0.0	1.0	0.0	
684	26.0	1.0	0.0	1.0	0.0	0.0	0.0	1.0	0.0	1.0	0.0	
685	28.0	0.0	1.0	1.0	0.0	0.0	0.0	1.0	0.0	1.0	0.0	
686	26.0	0.0	0.0	1.0	0.0	0.0	0.0	1.0	1.0	1.0	0.0	
687	26.0	1.0	0.0	1.0	0.0	0.0	0.0	1.0	0.0	1.0	0.0	
688	26.0	1.0	0.0	1.0	0.0	0.0	0.0	1.0	0.0	1.0	0.0	
689	26.0	1.0	0.0	1.0	0.0	0.0	0.0	1.0	0.0	1.0	0.0	
690	28.0	0.0	1.0	1.0	0.0	0.0	0.0	1.0	0.0	1.0	0.0	
691	26.0	1.0	0.0	0.0	0.0	0.0	0.0	1.0	0.0	1.0	1.0	
692	26.0	1.0	0.0	1.0	0.0	0.0	0.0	1.0	0.0	1.0	0.0	
693	26.0	1.0	0.0	1.0	0.0	0.0	0.0	1.0	0.0	1.0	0.0	
694	26.0	1.0	0.0	1.0	0.0	0.0	0.0	1.0	0.0	1.0	0.0	
695	26.0	1.0	0.0	1.0	0.0	0.0	0.0	1.0	0.0	1.0	0.0	
696	26.0	1.0	0.0	1.0	0.0	0.0	0.0	1.0	0.0	1.0	0.0	
697	26.0	1.0	0.0	1.0	0.0	0.0	0.0	1.0	0.0	1.0	0.0	
698	26.0	1.0	0.0	0.0	0.0	0.0	0.0	1.0	0.0	1.0	1.0	
699	26.0	1.0	0.0	1.0	0.0	0.0	0.0	1.0	0.0	1.0	0.0	
700	28.0	0.0	0.0	0.0	0.0	0.0	1.0	1.0	1.0	1.0	0.0	
701	26.0	1.0	0.0	1.0	0.0	0.0	0.0	1.0	0.0	1.0	0.0	
702	28.0	1.0	0.0	0.0	0.0	0.0	1.0	1.0	0.0	1.0	0.0	
703	28.0	1.0	0.0	0.0	0.0	0.0	1.0	1.0	0.0	1.0	0.0	
704	28.0	1.0	0.0	0.0	0.0	0.0	1.0	1.0	0.0	1.0	0.0	
705	26.0	1.0	0.0	1.0	0.0	0.0	0.0	1.0	0.0	1.0	0.0	
706	26.0	1.0	0.0	0.0	0.0	0.0	0.0	1.0	0.0	1.0	1.0	
707	26.0	1.0	0.0	1.0	0.0	0.0	0.0	1.0	0.0	1.0	0.0	
708	26.0	1.0	0.0	1.0	0.0	0.0	0.0	1.0	0.0	1.0	0.0	
709	26.0	1.0	0.0	0.0	0.0	1.0	1.0	0.0	0.0	1.0	0.0	
710	26.0	0.0	0.0	1.0	0.0	0.0	0.0	1.0	1.0	1.0	0.0	
711	26.0	1.0	0.0	1.0	0.0	0.0	0.0	1.0	0.0	1.0	0.0	
712	26.0	1.0	0.0	1.0	0.0	0.0	0.0	1.0	0.0	1.0	0.0	
713	28.0	1.0	0.0	0.0	0.0	0.0	1.0	1.0	0.0	1.0	0.0	
714	26.0	1.0	0.0	0.0	1.0	0.0	1.0	0.0	0.0	1.0	0.0	
715	28.0	1.0	0.0	0.0	0.0	0.0	1.0	1.0	0.0	1.0	0.0	
716	26.0	1.0	0.0	1.0	0.0	0.0	0.0	1.0	0.0	1.0	0.0	
717	28.0	1.0	0.0	0.0	0.0	0.0	1.0	1.0	0.0	1.0	0.0	
718	26.0	1.0	0.0	1.0	0.0	0.0	0.0	1.0	0.0	1.0	0.0	
719	26.0	1.0	0.0	1.0	0.0	0.0	0.0	1.0	0.0	1.0	0.0	
720	26.0	1.0	0.0	1.0	0.0	0.0	0.0	1.0	0.0	1.0	0.0	
721	26.0	1.0	0.0	0.0	0.0	0.0	0.0	1.0	0.0	1.0	1.0	
722	26.0	1.0	0.0	0.0	0.0	0.0	0.0	1.0	0.0	1.0	1.0	
723	28.0	0.0	1.0	0.0	0.0	0.0	0.0	1.0	0.0	1.0	1.0	
724	28.0	1.0	0.0	0.0	0.0	0.0	1.0	1.0	0.0	1.0	0.0	
725	26.0	1.0	0.0	0.0	0.0	0.0	0.0	1.0	0.0	1.0	1.0	
726	26.0	1.0	0.0	1.0	0.0	0.0	0.0	1.0	0.0	1.0	0.0	
727	26.0	1.0	0.0	1.0	0.0	0.0	0.0	1.0	0.0	1.0	0.0	
728	26.0	1.0	0.0	1.0	0.0	0.0	0.0	1.0	0.0	1.0	0.0	
729	26.0	1.0	0.0	1.0	0.0	0.0	0.0	1.0	0.0	1.0	0.0	
730	26.0	1.0	0.0	0.0	0.0	0.0	0.0	1.0	0.0	1.0	1.0	
731	28.0	1.0	0.0	0.0	0.0	0.0	1.0	1.0	0.0	1.0	0.0	
732	28.0	1.0	0.0	0.0	0.0	0.0	1.0	1.0	0.0	1.0	0.0	
733	24.0	0.0	0.0	1.0	0.0	1.0	0.0	0.0	1.0	1.0	0.0	
734	28.0	1.0	0.0	0.0	0.0	0.0	1.0	1.0	0.0	1.0	0.0	
735	26.0	1.0	0.0	1.0	0.0	0.0	0.0	1.0	0.0	1.0	0.0	
736	26.0	1.0	0.0	1.0	0.0	0.0	0.0	1.0	0.0	1.0	0.0	
737	26.0	1.0	0.0	0.0	0.0	0.0	0.0	1.0	0.0	1.0	1.0	
738	26.0	1.0	0.0	1.0	0.0	0.0	0.0	1.0	0.0	1.0	0.0	
739	28.0	0.0	1.0	1.0	0.0	0.0	0.0	1.0	0.0	1.0	0.0	
740	26.0	1.0	0.0	1.0	0.0	0.0	0.0	1.0	0.0	1.0	0.0	
741	26.0	1.0	0.0	1.0	0.0	0.0	0.0	1.0	0.0	1.0	0.0	
742	26.0	1.0	0.0	0.0	0.0	1.0	1.0	0.0	0.0	1.0	0.0	
743	28.0	0.0	0.0	0.0	0.0	0.0	1.0	1.0	1.0	1.0	0.0	
744	26.0	1.0	0.0	0.0	0.0	0.0	0.0	1.0	0.0	1.0	1.0	
745	26.0	1.0	0.0	1.0	0.0	0.0	0.0	1.0	0.0	1.0	0.0	
746	26.0	1.0	0.0	1.0	0.0	0.0	0.0	1.0	0.0	1.0	0.0	
747	26.0	1.0	0.0	1.0	0.0	0.0	0.0	1.0	0.0	1.0	0.0	
748	26.0	1.0	0.0	1.0	0.0	0.0	0.0	1.0	0.0	1.0	0.0	
749	26.0	1.0	0.0	1.0	0.0	0.0	0.0	1.0	0.0	1.0	0.0	
750	26.0	1.0	0.0	1.0	0.0	0.0	0.0	1.0	0.0	1.0	0.0	
751	28.0	0.0	1.0	0.0	1.0	0.0	1.0	0.0	0.0	1.0	0.0	
752	26.0	1.0	0.0	1.0	0.0	0.0	0.0	1.0	0.0	1.0	0.0	
753	26.0	1.0	0.0	1.0	0.0	0.0	0.0	1.0	0.0	1.0	0.0	
754	26.0	1.0	0.0	1.0	0.0	0.0	0.0	1.0	0.0	1.0	0.0	
755	28.0	0.0	1.0	1.0	0.0	0.0	0.0	1.0	0.0	1.0	0.0	
756	26.0	1.0	0.0	1.0	0.0	0.0	0.0	1.0	0.0	1.0	0.0	
757	28.0	1.0	0.0	0.0	0.0	0.0	1.0	1.0	0.0	1.0	0.0	
758	30.0	0.0	1.0	0.0	0.0	0.0	1.0	1.0	0.0	1.0	0.0	
759	26.0	0.0	0.0	1.0	0.0	0.0	0.0	1.0	1.0	1.0	0.0	
760	26.0	1.0	0.0	1.0	0.0	0.0	0.0	1.0	0.0	1.0	0.0	
761	26.0	0.0	1.0	1.0	0.0	1.0	0.0	0.0	0.0	1.0	0.0	
762	28.0	0.0	1.0	1.0	0.0	0.0	0.0	1.0	0.0	1.0	0.0	
763	28.0	1.0	0.0	0.0	0.0	0.0	1.0	1.0	0.0	1.0	0.0	
764	26.0	1.0	0.0	1.0	0.0	0.0	0.0	1.0	0.0	1.0	0.0	
765	26.0	1.0	0.0	1.0	0.0	0.0	0.0	1.0	0.0	1.0	0.0	
766	26.0	1.0	0.0	1.0	0.0	0.0	0.0	1.0	0.0	1.0	0.0	
767	28.0	0.0	1.0	1.0	0.0	0.0	0.0	1.0	0.0	1.0	0.0	
768	28.0	1.0	0.0	0.0	0.0	0.0	1.0	1.0	0.0	1.0	0.0	
769	28.0	0.0	1.0	1.0	0.0	0.0	0.0	1.0	0.0	1.0	0.0	
770	26.0	0.0	0.0	1.0	0.0	0.0	0.0	1.0	1.0	1.0	0.0	
771	26.0	1.0	0.0	1.0	0.0	0.0	0.0	1.0	0.0	1.0	0.0	
772	26.0	1.0	0.0	1.0	0.0	0.0	0.0	1.0	0.0	1.0	0.0	
773	26.0	1.0	0.0	1.0	0.0	0.0	0.0	1.0	0.0	1.0	0.0	
774	28.0	0.0	1.0	1.0	0.0	0.0	0.0	1.0	0.0	1.0	0.0	
775	26.0	0.0	1.0	1.0	1.0	0.0	0.0	0.0	0.0	1.0	0.0	
776	26.0	1.0	0.0	0.0	0.0	0.0	0.0	1.0	0.0	1.0	1.0	
777	26.0	1.0	0.0	1.0	0.0	0.0	0.0	1.0	0.0	1.0	0.0	
778	26.0	1.0	0.0	1.0	0.0	0.0	0.0	1.0	0.0	1.0	0.0	
779	26.0	1.0	0.0	1.0	0.0	0.0	0.0	1.0	0.0	1.0	0.0	
780	26.0	1.0	0.0	1.0	0.0	0.0	0.0	1.0	0.0	1.0	0.0	
781	26.0	1.0	0.0	1.0	0.0	0.0	0.0	1.0	0.0	1.0	0.0	
782	26.0	1.0	0.0	1.0	0.0	0.0	0.0	1.0	0.0	1.0	0.0	
783	26.0	1.0	0.0	1.0	0.0	0.0	0.0	1.0	0.0	1.0	0.0	
784	26.0	1.0	0.0	1.0	0.0	0.0	0.0	1.0	0.0	1.0	0.0	
785	28.0	1.0	0.0	0.0	0.0	0.0	1.0	1.0	0.0	1.0	0.0	
786	26.0	1.0	0.0	1.0	0.0	0.0	0.0	1.0	0.0	1.0	0.0	
787	26.0	1.0	0.0	1.0	0.0	0.0	0.0	1.0	0.0	1.0	0.0	
788	26.0	1.0	0.0	0.0	0.0	0.0	0.0	1.0	0.0	1.0	1.0	
789	26.0	1.0	0.0	1.0	0.0	0.0	0.0	1.0	0.0	1.0	0.0	
790	26.0	1.0	0.0	1.0	0.0	0.0	0.0	1.0	0.0	1.0	0.0	
791	28.0	0.0	1.0	1.0	0.0	0.0	0.0	1.0	0.0	1.0	0.0	
792	26.0	1.0	0.0	1.0	0.0	0.0	0.0	1.0	0.0	1.0	0.0	
793	26.0	1.0	0.0	1.0	0.0	0.0	0.0	1.0	0.0	1.0	0.0	
794	26.0	1.0	0.0	0.0	0.0	0.0	0.0	1.0	0.0	1.0	1.0	
795	28.0	0.0	1.0	1.0	0.0	0.0	0.0	1.0	0.0	1.0	0.0	
796	26.0	0.0	0.0	1.0	0.0	0.0	0.0	1.0	1.0	1.0	0.0	
797	26.0	1.0	0.0	1.0	0.0	0.0	0.0	1.0	0.0	1.0	0.0	
798	28.0	0.0	1.0	1.0	0.0	0.0	0.0	1.0	0.0	1.0	0.0	
799	26.0	1.0	0.0	0.0	0.0	0.0	0.0	1.0	0.0	1.0	1.0	
800	24.0	1.0	0.0	0.0	1.0	0.0	0.0	0.0	0.0	1.0	1.0	
801	28.0	1.0	0.0	0.0	0.0	0.0	1.0	1.0	0.0	1.0	0.0	
802	28.0	0.0	1.0	0.0	0.0	0.0	0.0	1.0	0.0	1.0	1.0	
803	26.0	1.0	0.0	0.0	0.0	0.0	0.0	1.0	0.0	1.0	1.0	
804	26.0	1.0	0.0	0.0	1.0	0.0	1.0	0.0	0.0	1.0	0.0	
805	26.0	1.0	0.0	1.0	0.0	0.0	0.0	1.0	0.0	1.0	0.0	
806	26.0	1.0	0.0	1.0	0.0	0.0	0.0	1.0	0.0	1.0	0.0	
807	26.0	1.0	0.0	1.0	0.0	0.0	0.0	1.0	0.0	1.0	0.0	
808	26.0	1.0	0.0	1.0	0.0	0.0	0.0	1.0	0.0	1.0	0.0	
809	28.0	1.0	0.0	0.0	0.0	0.0	1.0	1.0	0.0	1.0	0.0	
810	26.0	1.0	0.0	1.0	0.0	0.0	0.0	1.0	0.0	1.0	0.0	
811	28.0	0.0	1.0	1.0	0.0	0.0	0.0	1.0	0.0	1.0	0.0	
812	28.0	1.0	0.0	0.0	0.0	0.0	1.0	1.0	0.0	1.0	0.0	
813	26.0	1.0	0.0	1.0	0.0	0.0	0.0	1.0	0.0	1.0	0.0	
814	24.0	1.0	0.0	1.0	1.0	0.0	0.0	0.0	0.0	1.0	0.0	
815	26.0	1.0	0.0	1.0	0.0	0.0	0.0	1.0	0.0	1.0	0.0	
816	26.0	1.0	0.0	1.0	0.0	0.0	0.0	1.0	0.0	1.0	0.0	
817	28.0	1.0	0.0	0.0	0.0	0.0	1.0	1.0	0.0	1.0	0.0	
818	30.0	0.0	1.0	0.0	0.0	0.0	1.0	1.0	0.0	1.0	0.0	
819	28.0	1.0	0.0	0.0	0.0	0.0	1.0	1.0	0.0	1.0	0.0	
820	26.0	1.0	0.0	0.0	0.0	0.0	0.0	1.0	0.0	1.0	1.0	
821	26.0	1.0	0.0	1.0	0.0	0.0	0.0	1.0	0.0	1.0	0.0	
822	26.0	1.0	0.0	0.0	0.0	0.0	0.0	1.0	0.0	1.0	1.0	
823	26.0	1.0	0.0	1.0	0.0	0.0	0.0	1.0	0.0	1.0	0.0	
824	26.0	1.0	0.0	1.0	0.0	0.0	0.0	1.0	0.0	1.0	0.0	
825	26.0	1.0	0.0	1.0	0.0	0.0	0.0	1.0	0.0	1.0	0.0	
826	26.0	1.0	0.0	1.0	0.0	0.0	0.0	1.0	0.0	1.0	0.0	
827	26.0	1.0	0.0	1.0	0.0	0.0	0.0	1.0	0.0	1.0	0.0	
828	28.0	0.0	1.0	1.0	0.0	0.0	0.0	1.0	0.0	1.0	0.0	
829	26.0	1.0	0.0	1.0	0.0	0.0	0.0	1.0	0.0	1.0	0.0	
830	24.0	1.0	0.0	1.0	0.0	0.0	0.0	1.0	0.0	0.0	0.0	
831	26.0	0.0	0.0	1.0	0.0	0.0	0.0	1.0	1.0	1.0	0.0	
832	26.0	1.0	0.0	1.0	0.0	0.0	0.0	1.0	0.0	1.0	0.0	
833	26.0	1.0	0.0	1.0	0.0	0.0	0.0	1.0	0.0	1.0	0.0	
834	26.0	1.0	0.0	1.0	0.0	0.0	0.0	1.0	0.0	1.0	0.0	
835	26.0	1.0	0.0	1.0	0.0	0.0	0.0	1.0	0.0	1.0	0.0	
836	26.0	0.0	0.0	1.0	0.0	0.0	0.0	1.0	1.0	1.0	0.0	
837	26.0	1.0	0.0	0.0	0.0	0.0	0.0	1.0	0.0	1.0	1.0	
838	28.0	0.0	1.0	0.0	0.0	0.0	0.0	1.0	0.0	1.0	1.0	
839	26.0	1.0	0.0	1.0	0.0	0.0	0.0	1.0	0.0	1.0	0.0	
840	28.0	1.0	0.0	0.0	0.0	0.0	1.0	1.0	0.0	1.0	0.0	
841	26.0	1.0	0.0	1.0	0.0	0.0	0.0	1.0	0.0	1.0	0.0	
842	26.0	1.0	0.0	1.0	0.0	0.0	0.0	1.0	0.0	1.0	0.0	
843	26.0	1.0	0.0	1.0	0.0	0.0	0.0	1.0	0.0	1.0	0.0	
844	26.0	1.0	0.0	1.0	0.0	0.0	0.0	1.0	0.0	1.0	0.0	
845	26.0	0.0	0.0	1.0	0.0	0.0	0.0	1.0	1.0	1.0	0.0	
846	28.0	1.0	0.0	0.0	0.0	0.0	1.0	1.0	0.0	1.0	0.0	
847	28.0	0.0	1.0	1.0	0.0	0.0	0.0	1.0	0.0	1.0	0.0	
848	26.0	1.0	0.0	1.0	0.0	0.0	0.0	1.0	0.0	1.0	0.0	
849	26.0	1.0	0.0	1.0	0.0	0.0	0.0	1.0	0.0	1.0	0.0	
850	26.0	1.0	0.0	1.0	0.0	0.0	0.0	1.0	0.0	1.0	0.0	
851	24.0	1.0	0.0	1.0	1.0	0.0	0.0	0.0	0.0	1.0	0.0	
852	24.0	0.0	0.0	1.0	0.0	1.0	0.0	0.0	1.0	1.0	0.0	
853	26.0	1.0	0.0	1.0	0.0	0.0	0.0	1.0	0.0	1.0	0.0	
854	26.0	0.0	1.0	1.0	0.0	1.0	0.0	0.0	0.0	1.0	0.0	
855	28.0	1.0	0.0	0.0	0.0	0.0	1.0	1.0	0.0	1.0	0.0	
856	24.0	1.0	0.0	1.0	1.0	0.0	0.0	0.0	0.0	1.0	0.0	
857	26.0	1.0	0.0	1.0	0.0	0.0	0.0	1.0	0.0	1.0	0.0	
858	26.0	1.0	0.0	1.0	0.0	0.0	0.0	1.0	0.0	1.0	0.0	
859	24.0	1.0	0.0	1.0	0.0	1.0	0.0	0.0	0.0	1.0	0.0	
860	26.0	1.0	0.0	1.0	0.0	0.0	0.0	1.0	0.0	1.0	0.0	
861	28.0	1.0	0.0	0.0	0.0	0.0	1.0	1.0	0.0	1.0	0.0	
862	28.0	0.0	0.0	0.0	0.0	0.0	1.0	1.0	1.0	1.0	0.0	
863	26.0	1.0	0.0	1.0	0.0	0.0	0.0	1.0	0.0	1.0	0.0	
864	26.0	1.0	0.0	1.0	0.0	0.0	0.0	1.0	0.0	1.0	0.0	
865	26.0	1.0	0.0	1.0	0.0	0.0	0.0	1.0	0.0	1.0	0.0	
866	26.0	1.0	0.0	1.0	0.0	0.0	0.0	1.0	0.0	1.0	0.0	
867	28.0	0.0	0.0	0.0	0.0	0.0	1.0	1.0	1.0	1.0	0.0	
868	26.0	1.0	0.0	1.0	0.0	0.0	0.0	1.0	0.0	1.0	0.0	
869	26.0	1.0	0.0	1.0	0.0	0.0	0.0	1.0	0.0	1.0	0.0	
870	28.0	1.0	0.0	0.0	0.0	0.0	1.0	1.0	0.0	1.0	0.0	
871	24.0	1.0	0.0	1.0	1.0	0.0	0.0	0.0	0.0	1.0	0.0	
872	26.0	1.0	0.0	1.0	0.0	0.0	0.0	1.0	0.0	1.0	0.0	
873	26.0	1.0	0.0	1.0	0.0	0.0	0.0	1.0	0.0	1.0	0.0	
874	26.0	1.0	0.0	1.0	0.0	0.0	0.0	1.0	0.0	1.0	0.0	
875	28.0	1.0	0.0	0.0	0.0	0.0	1.0	1.0	0.0	1.0	0.0	
876	30.0	0.0	1.0	0.0	0.0	0.0	1.0	1.0	0.0	1.0	0.0	
877	26.0	1.0	0.0	1.0	0.0	0.0	0.0	1.0	0.0	1.0	0.0	
878	26.0	1.0	0.0	1.0	0.0	0.0	0.0	1.0	0.0	1.0	0.0	
879	28.0	0.0	1.0	1.0	0.0	0.0	0.0	1.0	0.0	1.0	0.0	
880	26.0	1.0	0.0	1.0	0.0	0.0	0.0	1.0	0.0	1.0	0.0	
881	26.0	1.0	0.0	1.0	0.0	0.0	0.0	1.0	0.0	1.0	0.0	
882	28.0	1.0	0.0	0.0	0.0	0.0	1.0	1.0	0.0	1.0	0.0	
883	26.0	1.0	0.0	1.0	0.0	0.0	0.0	1.0	0.0	1.0	0.0	
884	26.0	1.0	0.0	0.0	0.0	0.0	0.0	1.0	0.0	1.0	1.0	
885	28.0	0.0	1.0	0.0	0.0	0.0	0.0	1.0	0.0	1.0	1.0	
886	26.0	1.0	0.0	1.0	0.0	0.0	0.0	1.0	0.0	1.0	0.0	
887	28.0	1.0	0.0	0.0	0.0	0.0	1.0	1.0	0.0	1.0	0.0	
888	26.0	1.0	0.0	1.0	0.0	0.0	0.0	1.0	0.0	1.0	0.0	
889	26.0	1.0	0.0	1.0	0.0	0.0	0.0	1.0	0.0	1.0	0.0	
890	26.0	0.0	0.0	1.0	0.0	0.0	0.0	1.0	1.0	1.0	0.0	
891	28.0	0.0	1.0	1.0	0.0	0.0	0.0	1.0	0.0	1.0	0.0	
892	28.0	1.0	0.0	0.0	0.0	0.0	1.0	1.0	0.0	1.0	0.0	
893	26.0	1.0	0.0	1.0	0.0	0.0	0.0	1.0	0.0	1.0	0.0	
894	28.0	1.0	0.0	0.0	0.0	0.0	1.0	1.0	0.0	1.0	0.0	
895	26.0	1.0	0.0	1.0	0.0	0.0	0.0	1.0	0.0	1.0	0.0	
896	26.0	1.0	0.0	1.0	0.0	0.0	0.0	1.0	0.0	1.0	0.0	
897	28.0	0.0	1.0	1.0	0.0	0.0	0.0	1.0	0.0	1.0	0.0	
898	26.0	1.0	0.0	1.0	0.0	0.0	0.0	1.0	0.0	1.0	0.0	
899	26.0	1.0	0.0	0.0	1.0	0.0	1.0	0.0	0.0	1.0	0.0	
