Sample	cat16-95.trees	cat16-95.sequence14_sequence13_sequence09	cat16-95.sequence14_sequence13_sequence09_sequence03_sequence08	cat16-95.sequence05_sequence04_sequence14	cat16-95.sequence05_sequence04_sequence03_sequence08	cat16-95.sequence05_sequence04_sequence03	cat16-95.sequence03_sequence08	cat16-95.sequence05_sequence04_sequence14_sequence13_sequence09	cat16-95.sequence05_sequence04_sequence14_sequence13_sequence09_sequence08	cat16-95.sequence05_sequence04_sequence14_sequence13_sequence09_sequence03	cat16-95.sequence05_sequence04_sequence13_sequence09	
0	28.0	1.0	0.0	0.0	0.0	0.0	0.0	1.0	1.0	0.0	0.0	
1	28.0	0.0	0.0	1.0	0.0	0.0	1.0	1.0	0.0	0.0	0.0	
2	28.0	1.0	0.0	0.0	0.0	0.0	0.0	1.0	1.0	0.0	0.0	
3	28.0	1.0	0.0	0.0	0.0	0.0	0.0	1.0	0.0	1.0	0.0	
4	28.0	1.0	0.0	0.0	0.0	0.0	0.0	1.0	0.0	1.0	0.0	
5	30.0	1.0	0.0	0.0	0.0	0.0	1.0	1.0	0.0	0.0	0.0	
6	26.0	0.0	0.0	1.0	0.0	0.0	0.0	1.0	1.0	0.0	0.0	
7	30.0	1.0	0.0	0.0	0.0	0.0	1.0	1.0	0.0	0.0	0.0	
8	28.0	1.0	0.0	0.0	1.0	0.0	1.0	0.0	0.0	0.0	0.0	
9	28.0	0.0	0.0	1.0	0.0	0.0	1.0	1.0	0.0	0.0	0.0	
10	28.0	1.0	0.0	0.0	0.0	0.0	0.0	1.0	1.0	0.0	0.0	
11	30.0	1.0	0.0	0.0	0.0	0.0	1.0	1.0	0.0	0.0	0.0	
12	26.0	0.0	0.0	1.0	0.0	0.0	0.0	1.0	1.0	0.0	0.0	
13	28.0	0.0	0.0	0.0	0.0	0.0	1.0	1.0	0.0	0.0	1.0	
14	28.0	0.0	0.0	0.0	0.0	0.0	1.0	1.0	0.0	0.0	1.0	
15	26.0	0.0	0.0	0.0	0.0	0.0	0.0	1.0	1.0	0.0	1.0	
16	26.0	0.0	0.0	1.0	0.0	0.0	0.0	1.0	1.0	0.0	0.0	
17	28.0	0.0	0.0	1.0	0.0	0.0	1.0	1.0	0.0	0.0	0.0	
18	28.0	1.0	0.0	0.0	0.0	0.0	0.0	1.0	0.0	1.0	0.0	
19	24.0	0.0	0.0	0.0	0.0	0.0	0.0	0.0	0.0	1.0	0.0	
20	28.0	1.0	0.0	0.0	0.0	0.0	0.0	1.0	0.0	1.0	0.0	
21	30.0	1.0	0.0	0.0	0.0	0.0	1.0	1.0	0.0	0.0	0.0	
22	30.0	1.0	0.0	0.0	0.0	0.0	1.0	1.0	0.0	0.0	0.0	
23	28.0	0.0	0.0	0.0	0.0	0.0	1.0	1.0	0.0	0.0	1.0	
24	26.0	0.0	0.0	0.0	0.0	0.0	0.0	1.0	0.0	1.0	1.0	
25	28.0	1.0	0.0	0.0	0.0	0.0	0.0	1.0	0.0	1.0	0.0	
26	28.0	1.0	0.0	0.0	0.0	0.0	0.0	1.0	0.0	1.0	0.0	
27	26.0	0.0	0.0	1.0	0.0	0.0	0.0	1.0	0.0	1.0	0.0	
28	30.0	1.0	0.0	0.0	0.0	0.0	1.0	1.0	0.0	0.0	0.0	
29	30.0	1.0	0.0	0.0	0.0	0.0	1.0	1.0	0.0	0.0	0.0	
30	28.0	1.0	0.0	0.0	0.0	0.0	0.0	1.0	0.0	1.0	0.0	
31	28.0	1.0	0.0	0.0	0.0	0.0	0.0	1.0	0.0	1.0	0.0	
32	30.0	1.0	0.0	0.0	0.0	0.0	1.0	1.0	0.0	0.0	0.0	
33	30.0	1.0	0.0	0.0	0.0	0.0	1.0	1.0	0.0	0.0	0.0	
34	28.0	1.0	0.0	0.0	0.0	0.0	0.0	1.0	0.0	1.0	0.0	
35	30.0	1.0	0.0	0.0	0.0	0.0	1.0	1.0	0.0	0.0	0.0	
36	26.0	1.0	0.0	0.0	0.0	1.0	0.0	0.0	0.0	1.0	0.0	
37	26.0	0.0	0.0	0.0	0.0	0.0	0.0	1.0	0.0	1.0	1.0	
38	28.0	0.0	0.0	0.0	0.0	0.0	1.0	1.0	0.0	0.0	1.0	
39	26.0	0.0	0.0	1.0	0.0	0.0	0.0	1.0	0.0	1.0	0.0	
40	26.0	0.0	0.0	1.0	0.0	0.0	0.0	1.0	0.0	1.0	0.0	
41	30.0	1.0	0.0	0.0	0.0	0.0	1.0	1.0	0.0	0.0	0.0	
42	26.0	0.0	0.0	1.0	0.0	0.0	0.0	1.0	0.0	1.0	0.0	
43	28.0	1.0	0.0	0.0	0.0	0.0	0.0	1.0	0.0	1.0	0.0	
44	28.0	1.0	0.0	0.0	0.0	0.0	0.0	1.0	0.0	1.0	0.0	
45	28.0	1.0	0.0	0.0	0.0	0.0	0.0	1.0	1.0	0.0	0.0	
46	26.0	0.0	0.0	1.0	0.0	0.0	0.0	1.0	0.0	1.0	0.0	
47	30.0	1.0	0.0	0.0	0.0	0.0	1.0	1.0	0.0	0.0	0.0	
48	28.0	1.0	0.0	0.0	0.0	0.0	0.0	1.0	0.0	1.0	0.0	
49	28.0	1.0	0.0	0.0	0.0	0.0	0.0	1.0	1.0	0.0	0.0	
50	28.0	1.0	0.0	0.0	0.0	0.0	0.0	1.0	1.0	0.0	0.0	
51	30.0	1.0	0.0	0.0	0.0	0.0	1.0	1.0	0.0	0.0	0.0	
52	28.0	0.0	0.0	1.0	0.0	0.0	1.0	1.0	0.0	0.0	0.0	
53	28.0	1.0	0.0	0.0	0.0	0.0	0.0	1.0	0.0	1.0	0.0	
54	30.0	1.0	0.0	0.0	0.0	0.0	1.0	1.0	0.0	0.0	0.0	
55	30.0	1.0	0.0	0.0	0.0	0.0	1.0	1.0	0.0	0.0	0.0	
56	26.0	0.0	0.0	0.0	0.0	0.0	0.0	1.0	0.0	1.0	1.0	
57	28.0	0.0	0.0	1.0	0.0	0.0	1.0	1.0	0.0	0.0	0.0	
58	30.0	1.0	0.0	0.0	0.0	0.0	1.0	1.0	0.0	0.0	0.0	
59	26.0	1.0	0.0	0.0	0.0	1.0	0.0	0.0	0.0	1.0	0.0	
60	30.0	1.0	0.0	0.0	0.0	0.0	1.0	1.0	0.0	0.0	0.0	
61	28.0	1.0	0.0	0.0	0.0	0.0	0.0	1.0	1.0	0.0	0.0	
62	28.0	1.0	0.0	0.0	0.0	0.0	0.0	1.0	1.0	0.0	0.0	
63	28.0	1.0	0.0	0.0	0.0	0.0	0.0	1.0	0.0	1.0	0.0	
64	24.0	0.0	0.0	0.0	0.0	0.0	0.0	0.0	0.0	1.0	1.0	
65	30.0	1.0	0.0	0.0	0.0	0.0	1.0	1.0	0.0	0.0	0.0	
66	28.0	1.0	0.0	0.0	0.0	0.0	0.0	1.0	0.0	1.0	0.0	
67	28.0	1.0	0.0	0.0	0.0	0.0	0.0	1.0	0.0	1.0	0.0	
68	28.0	1.0	0.0	0.0	0.0	0.0	0.0	1.0	1.0	0.0	0.0	
69	28.0	1.0	0.0	0.0	0.0	0.0	0.0	1.0	0.0	1.0	0.0	
70	28.0	1.0	0.0	0.0	0.0	0.0	0.0	1.0	0.0	1.0	0.0	
71	28.0	0.0	0.0	0.0	0.0	0.0	1.0	1.0	0.0	0.0	1.0	
72	30.0	1.0	0.0	0.0	0.0	0.0	1.0	1.0	0.0	0.0	0.0	
73	30.0	1.0	0.0	0.0	0.0	0.0	1.0	1.0	0.0	0.0	0.0	
74	28.0	1.0	0.0	0.0	0.0	0.0	0.0	1.0	0.0	1.0	0.0	
75	26.0	1.0	0.0	0.0	0.0	1.0	0.0	0.0	0.0	1.0	0.0	
76	26.0	0.0	0.0	1.0	0.0	0.0	0.0	1.0	0.0	1.0	0.0	
77	24.0	0.0	0.0	0.0	0.0	0.0	0.0	0.0	0.0	1.0	1.0	
78	28.0	1.0	0.0	0.0	0.0	0.0	0.0	1.0	0.0	1.0	0.0	
79	30.0	1.0	0.0	0.0	0.0	0.0	1.0	1.0	0.0	0.0	0.0	
80	28.0	1.0	0.0	0.0	0.0	0.0	0.0	1.0	0.0	1.0	0.0	
81	26.0	0.0	0.0	1.0	0.0	0.0	0.0	1.0	0.0	1.0	0.0	
82	28.0	1.0	0.0	0.0	0.0	0.0	0.0	1.0	0.0	1.0	0.0	
83	30.0	1.0	0.0	0.0	0.0	0.0	1.0	1.0	0.0	0.0	0.0	
84	30.0	1.0	0.0	0.0	0.0	0.0	1.0	1.0	0.0	0.0	0.0	
85	24.0	0.0	0.0	1.0	0.0	0.0	0.0	0.0	0.0	1.0	0.0	
86	30.0	1.0	0.0	0.0	0.0	0.0	1.0	1.0	0.0	0.0	0.0	
87	28.0	1.0	0.0	0.0	0.0	0.0	0.0	1.0	1.0	0.0	0.0	
88	30.0	1.0	0.0	0.0	0.0	0.0	1.0	1.0	0.0	0.0	0.0	
89	28.0	1.0	0.0	0.0	0.0	0.0	0.0	1.0	1.0	0.0	0.0	
90	28.0	1.0	0.0	0.0	0.0	0.0	0.0	1.0	0.0	1.0	0.0	
91	30.0	1.0	0.0	0.0	0.0	0.0	1.0	1.0	0.0	0.0	0.0	
92	28.0	1.0	0.0	0.0	0.0	0.0	0.0	1.0	0.0	1.0	0.0	
93	28.0	0.0	0.0	0.0	0.0	0.0	1.0	1.0	0.0	0.0	1.0	
94	30.0	1.0	0.0	0.0	0.0	0.0	1.0	1.0	0.0	0.0	0.0	
95	28.0	1.0	0.0	0.0	0.0	0.0	0.0	1.0	0.0	1.0	0.0	
96	24.0	0.0	0.0	1.0	0.0	0.0	0.0	0.0	0.0	1.0	0.0	
97	30.0	1.0	0.0	0.0	0.0	0.0	1.0	1.0	0.0	0.0	0.0	
98	28.0	1.0	0.0	0.0	0.0	0.0	0.0	1.0	0.0	1.0	0.0	
99	28.0	0.0	0.0	1.0	0.0	0.0	1.0	1.0	0.0	0.0	0.0	
100	28.0	1.0	0.0	0.0	0.0	0.0	0.0	1.0	0.0	1.0	0.0	
101	26.0	0.0	0.0	1.0	0.0	0.0	0.0	1.0	0.0	1.0	0.0	
102	30.0	1.0	0.0	0.0	0.0	0.0	1.0	1.0	0.0	0.0	0.0	
103	30.0	1.0	0.0	0.0	0.0	0.0	1.0	1.0	0.0	0.0	0.0	
104	28.0	0.0	0.0	1.0	0.0	0.0	1.0	1.0	0.0	0.0	0.0	
105	28.0	1.0	0.0	0.0	0.0	0.0	0.0	1.0	0.0	1.0	0.0	
106	30.0	1.0	0.0	0.0	0.0	0.0	1.0	1.0	0.0	0.0	0.0	
107	28.0	1.0	0.0	0.0	0.0	0.0	0.0	1.0	0.0	1.0	0.0	
108	24.0	0.0	0.0	1.0	0.0	0.0	0.0	0.0	0.0	1.0	0.0	
109	24.0	0.0	0.0	1.0	0.0	0.0	0.0	0.0	0.0	1.0	0.0	
110	28.0	1.0	0.0	0.0	0.0	0.0	0.0	1.0	0.0	1.0	0.0	
111	28.0	1.0	0.0	0.0	0.0	0.0	0.0	1.0	0.0	1.0	0.0	
112	28.0	1.0	0.0	0.0	0.0	0.0	0.0	1.0	0.0	1.0	0.0	
113	28.0	1.0	0.0	0.0	0.0	0.0	0.0	1.0	1.0	0.0	0.0	
114	26.0	0.0	0.0	0.0	0.0	0.0	0.0	1.0	0.0	1.0	1.0	
115	28.0	1.0	0.0	0.0	0.0	0.0	0.0	1.0	0.0	1.0	0.0	
116	30.0	1.0	0.0	0.0	0.0	0.0	1.0	1.0	0.0	0.0	0.0	
117	28.0	1.0	0.0	0.0	0.0	0.0	0.0	1.0	0.0	1.0	0.0	
118	28.0	1.0	0.0	0.0	0.0	0.0	0.0	1.0	0.0	1.0	0.0	
119	26.0	0.0	0.0	0.0	0.0	0.0	0.0	1.0	1.0	0.0	1.0	
120	28.0	1.0	1.0	0.0	0.0	0.0	1.0	0.0	0.0	0.0	0.0	
121	28.0	1.0	1.0	0.0	0.0	0.0	1.0	0.0	0.0	0.0	0.0	
122	30.0	1.0	0.0	0.0	0.0	0.0	1.0	1.0	0.0	0.0	0.0	
123	30.0	1.0	0.0	0.0	0.0	0.0	1.0	1.0	0.0	0.0	0.0	
124	28.0	1.0	0.0	0.0	0.0	0.0	0.0	1.0	0.0	1.0	0.0	
125	30.0	1.0	0.0	0.0	0.0	0.0	1.0	1.0	0.0	0.0	0.0	
126	30.0	1.0	0.0	0.0	0.0	0.0	1.0	1.0	0.0	0.0	0.0	
127	28.0	1.0	0.0	0.0	0.0	0.0	0.0	1.0	0.0	1.0	0.0	
128	26.0	1.0	0.0	0.0	0.0	0.0	0.0	0.0	0.0	1.0	0.0	
129	30.0	1.0	0.0	0.0	0.0	0.0	1.0	1.0	0.0	0.0	0.0	
130	28.0	1.0	0.0	0.0	0.0	0.0	0.0	1.0	0.0	1.0	0.0	
131	26.0	0.0	0.0	1.0	0.0	0.0	0.0	1.0	0.0	1.0	0.0	
132	28.0	1.0	0.0	0.0	0.0	0.0	0.0	1.0	0.0	1.0	0.0	
133	30.0	1.0	0.0	0.0	0.0	0.0	1.0	1.0	0.0	0.0	0.0	
134	28.0	1.0	0.0	0.0	0.0	0.0	0.0	1.0	0.0	1.0	0.0	
135	30.0	1.0	0.0	0.0	0.0	0.0	1.0	1.0	0.0	0.0	0.0	
136	28.0	1.0	0.0	0.0	0.0	0.0	0.0	1.0	1.0	0.0	0.0	
137	28.0	1.0	0.0	0.0	0.0	0.0	0.0	1.0	0.0	1.0	0.0	
138	28.0	1.0	0.0	0.0	0.0	0.0	0.0	1.0	0.0	1.0	0.0	
139	28.0	1.0	0.0	0.0	0.0	0.0	0.0	1.0	0.0	1.0	0.0	
140	30.0	1.0	0.0	0.0	0.0	0.0	1.0	1.0	0.0	0.0	0.0	
141	30.0	1.0	0.0	0.0	0.0	0.0	1.0	1.0	0.0	0.0	0.0	
142	26.0	1.0	0.0	0.0	0.0	1.0	0.0	0.0	0.0	1.0	0.0	
143	28.0	1.0	0.0	0.0	0.0	0.0	0.0	1.0	0.0	1.0	0.0	
144	26.0	1.0	1.0	0.0	0.0	0.0	0.0	0.0	0.0	0.0	0.0	
145	28.0	0.0	0.0	1.0	0.0	0.0	1.0	1.0	0.0	0.0	0.0	
146	30.0	1.0	0.0	0.0	0.0	0.0	1.0	1.0	0.0	0.0	0.0	
147	26.0	0.0	0.0	0.0	0.0	0.0	0.0	1.0	0.0	1.0	1.0	
148	30.0	1.0	0.0	0.0	0.0	0.0	1.0	1.0	0.0	0.0	0.0	
149	28.0	1.0	0.0	0.0	0.0	0.0	0.0	1.0	1.0	0.0	0.0	
150	28.0	1.0	0.0	0.0	0.0	0.0	0.0	1.0	0.0	1.0	0.0	
151	28.0	1.0	0.0	0.0	0.0	0.0	0.0	1.0	0.0	1.0	0.0	
152	30.0	1.0	0.0	0.0	0.0	0.0	1.0	1.0	0.0	0.0	0.0	
153	28.0	1.0	0.0	0.0	0.0	0.0	0.0	1.0	0.0	1.0	0.0	
154	28.0	1.0	0.0	0.0	1.0	0.0	1.0	0.0	0.0	0.0	0.0	
155	28.0	0.0	0.0	0.0	0.0	0.0	1.0	1.0	0.0	0.0	1.0	
156	30.0	1.0	0.0	0.0	0.0	0.0	1.0	1.0	0.0	0.0	0.0	
157	28.0	1.0	0.0	0.0	0.0	0.0	0.0	1.0	1.0	0.0	0.0	
158	28.0	1.0	0.0	0.0	0.0	0.0	0.0	1.0	0.0	1.0	0.0	
159	26.0	0.0	0.0	0.0	0.0	0.0	0.0	1.0	1.0	0.0	1.0	
160	30.0	1.0	0.0	0.0	0.0	0.0	1.0	1.0	0.0	0.0	0.0	
161	30.0	1.0	0.0	0.0	0.0	0.0	1.0	1.0	0.0	0.0	0.0	
162	28.0	0.0	0.0	1.0	0.0	0.0	1.0	1.0	0.0	0.0	0.0	
163	28.0	1.0	0.0	0.0	0.0	0.0	0.0	1.0	0.0	1.0	0.0	
164	28.0	1.0	0.0	0.0	0.0	0.0	0.0	1.0	1.0	0.0	0.0	
165	28.0	0.0	0.0	1.0	0.0	0.0	1.0	1.0	0.0	0.0	0.0	
166	28.0	1.0	0.0	0.0	0.0	0.0	0.0	1.0	1.0	0.0	0.0	
167	28.0	0.0	0.0	0.0	0.0	0.0	1.0	1.0	0.0	0.0	1.0	
168	28.0	1.0	0.0	0.0	0.0	0.0	0.0	1.0	0.0	1.0	0.0	
169	28.0	1.0	0.0	0.0	0.0	0.0	0.0	1.0	0.0	1.0	0.0	
170	28.0	1.0	0.0	0.0	0.0	0.0	0.0	1.0	0.0	1.0	0.0	
171	28.0	0.0	0.0	1.0	0.0	0.0	1.0	1.0	0.0	0.0	0.0	
172	30.0	1.0	0.0	0.0	0.0	0.0	1.0	1.0	0.0	0.0	0.0	
173	28.0	1.0	0.0	0.0	0.0	0.0	0.0	1.0	0.0	1.0	0.0	
174	28.0	0.0	0.0	0.0	0.0	0.0	1.0	1.0	0.0	0.0	1.0	
175	30.0	1.0	0.0	0.0	0.0	0.0	1.0	1.0	0.0	0.0	0.0	
176	28.0	1.0	0.0	0.0	0.0	0.0	0.0	1.0	0.0	1.0	0.0	
177	28.0	0.0	0.0	1.0	0.0	0.0	1.0	1.0	0.0	0.0	0.0	
178	28.0	0.0	0.0	1.0	0.0	0.0	1.0	1.0	0.0	0.0	0.0	
179	26.0	0.0	0.0	0.0	0.0	0.0	0.0	1.0	0.0	1.0	1.0	
180	30.0	1.0	0.0	0.0	0.0	0.0	1.0	1.0	0.0	0.0	0.0	
181	30.0	1.0	0.0	0.0	0.0	0.0	1.0	1.0	0.0	0.0	0.0	
182	26.0	0.0	0.0	1.0	0.0	0.0	0.0	1.0	0.0	1.0	0.0	
183	28.0	1.0	0.0	0.0	0.0	0.0	0.0	1.0	0.0	1.0	0.0	
184	28.0	1.0	0.0	0.0	0.0	0.0	0.0	1.0	0.0	1.0	0.0	
185	28.0	1.0	0.0	0.0	0.0	0.0	0.0	1.0	0.0	1.0	0.0	
186	28.0	1.0	0.0	0.0	0.0	0.0	0.0	1.0	0.0	1.0	0.0	
187	30.0	1.0	0.0	0.0	0.0	0.0	1.0	1.0	0.0	0.0	0.0	
188	26.0	0.0	0.0	1.0	0.0	0.0	0.0	1.0	0.0	1.0	0.0	
189	28.0	1.0	0.0	0.0	0.0	0.0	0.0	1.0	0.0	1.0	0.0	
190	30.0	1.0	0.0	0.0	0.0	0.0	1.0	1.0	0.0	0.0	0.0	
191	28.0	0.0	0.0	1.0	0.0	0.0	1.0	1.0	0.0	0.0	0.0	
192	26.0	0.0	0.0	1.0	0.0	0.0	0.0	1.0	0.0	1.0	0.0	
193	28.0	1.0	0.0	0.0	0.0	0.0	0.0	1.0	0.0	1.0	0.0	
194	28.0	1.0	0.0	0.0	0.0	0.0	0.0	1.0	1.0	0.0	0.0	
195	28.0	1.0	0.0	0.0	1.0	0.0	1.0	0.0	0.0	0.0	0.0	
196	26.0	1.0	0.0	0.0	0.0	1.0	0.0	0.0	0.0	1.0	0.0	
197	28.0	1.0	0.0	0.0	0.0	0.0	0.0	1.0	0.0	1.0	0.0	
198	26.0	0.0	0.0	0.0	0.0	0.0	0.0	1.0	1.0	0.0	1.0	
199	30.0	1.0	0.0	0.0	0.0	0.0	1.0	1.0	0.0	0.0	0.0	
200	30.0	1.0	0.0	0.0	0.0	0.0	1.0	1.0	0.0	0.0	0.0	
201	30.0	1.0	0.0	0.0	0.0	0.0	1.0	1.0	0.0	0.0	0.0	
202	26.0	0.0	0.0	1.0	0.0	0.0	0.0	1.0	0.0	1.0	0.0	
203	30.0	1.0	0.0	0.0	0.0	0.0	1.0	1.0	0.0	0.0	0.0	
204	30.0	1.0	0.0	0.0	0.0	0.0	1.0	1.0	0.0	0.0	0.0	
205	30.0	1.0	0.0	0.0	0.0	0.0	1.0	1.0	0.0	0.0	0.0	
206	28.0	0.0	0.0	1.0	0.0	0.0	1.0	1.0	0.0	0.0	0.0	
207	30.0	1.0	0.0	0.0	0.0	0.0	1.0	1.0	0.0	0.0	0.0	
208	26.0	0.0	0.0	0.0	0.0	0.0	0.0	1.0	0.0	1.0	1.0	
209	26.0	0.0	0.0	1.0	0.0	0.0	0.0	1.0	0.0	1.0	0.0	
210	28.0	1.0	0.0	0.0	0.0	0.0	0.0	1.0	1.0	0.0	0.0	
211	28.0	1.0	0.0	0.0	0.0	0.0	0.0	1.0	0.0	1.0	0.0	
212	28.0	1.0	0.0	0.0	0.0	0.0	0.0	1.0	0.0	1.0	0.0	
213	26.0	0.0	0.0	0.0	0.0	0.0	0.0	1.0	1.0	0.0	1.0	
214	30.0	1.0	0.0	0.0	0.0	0.0	1.0	1.0	0.0	0.0	0.0	
215	30.0	1.0	0.0	0.0	0.0	0.0	1.0	1.0	0.0	0.0	0.0	
216	30.0	1.0	0.0	0.0	0.0	0.0	1.0	1.0	0.0	0.0	0.0	
217	30.0	1.0	0.0	0.0	0.0	0.0	1.0	1.0	0.0	0.0	0.0	
218	26.0	0.0	0.0	1.0	0.0	0.0	0.0	1.0	0.0	1.0	0.0	
219	30.0	1.0	0.0	0.0	0.0	0.0	1.0	1.0	0.0	0.0	0.0	
220	28.0	1.0	0.0	0.0	0.0	0.0	0.0	1.0	1.0	0.0	0.0	
221	28.0	1.0	0.0	0.0	0.0	0.0	0.0	1.0	0.0	1.0	0.0	
222	30.0	1.0	0.0	0.0	0.0	0.0	1.0	1.0	0.0	0.0	0.0	
223	28.0	1.0	0.0	0.0	0.0	0.0	0.0	1.0	0.0	1.0	0.0	
224	30.0	1.0	0.0	0.0	0.0	0.0	1.0	1.0	0.0	0.0	0.0	
225	28.0	0.0	0.0	0.0	0.0	0.0	1.0	1.0	0.0	0.0	1.0	
226	28.0	0.0	0.0	1.0	0.0	0.0	1.0	1.0	0.0	0.0	0.0	
227	28.0	1.0	0.0	0.0	0.0	0.0	0.0	1.0	0.0	1.0	0.0	
228	30.0	1.0	0.0	0.0	0.0	0.0	1.0	1.0	0.0	0.0	0.0	
229	28.0	1.0	0.0	0.0	0.0	0.0	0.0	1.0	0.0	1.0	0.0	
230	28.0	1.0	0.0	0.0	0.0	0.0	0.0	1.0	1.0	0.0	0.0	
231	28.0	1.0	0.0	0.0	0.0	0.0	0.0	1.0	1.0	0.0	0.0	
232	28.0	0.0	0.0	1.0	0.0	0.0	1.0	1.0	0.0	0.0	0.0	
233	28.0	1.0	0.0	0.0	0.0	0.0	0.0	1.0	0.0	1.0	0.0	
234	30.0	1.0	0.0	0.0	0.0	0.0	1.0	1.0	0.0	0.0	0.0	
235	28.0	1.0	0.0	0.0	0.0	0.0	0.0	1.0	0.0	1.0	0.0	
236	30.0	1.0	0.0	0.0	0.0	0.0	1.0	1.0	0.0	0.0	0.0	
237	30.0	1.0	0.0	0.0	0.0	0.0	1.0	1.0	0.0	0.0	0.0	
238	30.0	1.0	0.0	0.0	0.0	0.0	1.0	1.0	0.0	0.0	0.0	
239	30.0	1.0	0.0	0.0	0.0	0.0	1.0	1.0	0.0	0.0	0.0	
240	30.0	1.0	0.0	0.0	0.0	0.0	1.0	1.0	0.0	0.0	0.0	
241	28.0	0.0	0.0	0.0	0.0	0.0	1.0	1.0	0.0	0.0	1.0	
242	28.0	1.0	0.0	0.0	0.0	0.0	0.0	1.0	0.0	1.0	0.0	
243	28.0	1.0	0.0	0.0	0.0	0.0	0.0	1.0	1.0	0.0	0.0	
244	28.0	0.0	0.0	1.0	0.0	0.0	1.0	1.0	0.0	0.0	0.0	
245	30.0	1.0	0.0	0.0	0.0	0.0	1.0	1.0	0.0	0.0	0.0	
246	28.0	1.0	0.0	0.0	0.0	0.0	0.0	1.0	0.0	1.0	0.0	
247	28.0	0.0	0.0	1.0	0.0	0.0	1.0	1.0	0.0	0.0	0.0	
248	28.0	1.0	0.0	0.0	0.0	0.0	0.0	1.0	0.0	1.0	0.0	
249	28.0	0.0	0.0	0.0	0.0	0.0	1.0	1.0	0.0	0.0	1.0	
250	28.0	1.0	0.0	0.0	0.0	0.0	0.0	1.0	0.0	1.0	0.0	
251	28.0	1.0	0.0	0.0	0.0	0.0	0.0	1.0	0.0	1.0	0.0	
252	28.0	1.0	0.0	0.0	0.0	0.0	0.0	1.0	0.0	1.0	0.0	
253	26.0	0.0	0.0	0.0	0.0	0.0	1.0	0.0	0.0	0.0	1.0	
254	28.0	1.0	0.0	0.0	0.0	0.0	0.0	1.0	1.0	0.0	0.0	
255	28.0	1.0	0.0	0.0	0.0	0.0	0.0	1.0	0.0	1.0	0.0	
256	30.0	1.0	0.0	0.0	0.0	0.0	1.0	1.0	0.0	0.0	0.0	
257	26.0	0.0	0.0	1.0	0.0	0.0	0.0	1.0	1.0	0.0	0.0	
258	28.0	0.0	0.0	1.0	0.0	0.0	1.0	1.0	0.0	0.0	0.0	
259	28.0	0.0	0.0	0.0	0.0	0.0	1.0	1.0	0.0	0.0	1.0	
260	28.0	1.0	0.0	0.0	0.0	0.0	0.0	1.0	0.0	1.0	0.0	
261	26.0	0.0	0.0	1.0	0.0	0.0	0.0	1.0	1.0	0.0	0.0	
262	28.0	1.0	0.0	0.0	0.0	0.0	0.0	1.0	0.0	1.0	0.0	
263	30.0	1.0	0.0	0.0	0.0	0.0	1.0	1.0	0.0	0.0	0.0	
264	30.0	1.0	0.0	0.0	0.0	0.0	1.0	1.0	0.0	0.0	0.0	
265	30.0	1.0	0.0	0.0	0.0	0.0	1.0	1.0	0.0	0.0	0.0	
266	26.0	0.0	0.0	1.0	0.0	0.0	0.0	1.0	1.0	0.0	0.0	
267	30.0	1.0	0.0	0.0	0.0	0.0	1.0	1.0	0.0	0.0	0.0	
268	28.0	1.0	0.0	0.0	0.0	0.0	0.0	1.0	0.0	1.0	0.0	
269	28.0	1.0	0.0	0.0	0.0	0.0	0.0	1.0	1.0	0.0	0.0	
270	28.0	1.0	0.0	0.0	0.0	0.0	0.0	1.0	0.0	1.0	0.0	
271	30.0	1.0	0.0	0.0	0.0	0.0	1.0	1.0	0.0	0.0	0.0	
272	30.0	1.0	0.0	0.0	0.0	0.0	1.0	1.0	0.0	0.0	0.0	
273	28.0	1.0	0.0	0.0	0.0	0.0	0.0	1.0	0.0	1.0	0.0	
274	28.0	1.0	0.0	0.0	0.0	0.0	0.0	1.0	0.0	1.0	0.0	
275	28.0	1.0	0.0	0.0	0.0	0.0	0.0	1.0	0.0	1.0	0.0	
276	28.0	1.0	0.0	0.0	0.0	0.0	0.0	1.0	0.0	1.0	0.0	
277	26.0	0.0	0.0	1.0	0.0	0.0	0.0	1.0	0.0	1.0	0.0	
278	28.0	1.0	0.0	0.0	0.0	0.0	0.0	1.0	1.0	0.0	0.0	
279	26.0	1.0	0.0	0.0	0.0	1.0	0.0	0.0	0.0	0.0	0.0	
280	30.0	1.0	0.0	0.0	0.0	0.0	1.0	1.0	0.0	0.0	0.0	
281	30.0	1.0	0.0	0.0	0.0	0.0	1.0	1.0	0.0	0.0	0.0	
282	28.0	1.0	0.0	0.0	0.0	0.0	0.0	1.0	0.0	1.0	0.0	
283	30.0	1.0	0.0	0.0	0.0	0.0	1.0	1.0	0.0	0.0	0.0	
284	28.0	0.0	0.0	1.0	0.0	0.0	1.0	1.0	0.0	0.0	0.0	
285	30.0	1.0	0.0	0.0	0.0	0.0	1.0	1.0	0.0	0.0	0.0	
286	30.0	1.0	0.0	0.0	0.0	0.0	1.0	1.0	0.0	0.0	0.0	
287	30.0	1.0	0.0	0.0	0.0	0.0	1.0	1.0	0.0	0.0	0.0	
288	28.0	1.0	0.0	0.0	0.0	0.0	0.0	1.0	0.0	1.0	0.0	
289	28.0	1.0	0.0	0.0	0.0	0.0	0.0	1.0	0.0	1.0	0.0	
290	30.0	1.0	0.0	0.0	0.0	0.0	1.0	1.0	0.0	0.0	0.0	
291	28.0	1.0	0.0	0.0	0.0	0.0	0.0	1.0	0.0	1.0	0.0	
292	28.0	1.0	0.0	0.0	0.0	0.0	0.0	1.0	0.0	1.0	0.0	
293	26.0	1.0	0.0	0.0	0.0	0.0	0.0	0.0	1.0	0.0	0.0	
294	28.0	1.0	0.0	0.0	0.0	0.0	0.0	1.0	1.0	0.0	0.0	
295	28.0	0.0	0.0	0.0	0.0	0.0	1.0	1.0	0.0	0.0	1.0	
296	28.0	1.0	0.0	0.0	0.0	0.0	0.0	1.0	0.0	1.0	0.0	
297	30.0	1.0	0.0	0.0	0.0	0.0	1.0	1.0	0.0	0.0	0.0	
298	26.0	0.0	0.0	1.0	0.0	0.0	0.0	1.0	0.0	1.0	0.0	
299	26.0	0.0	0.0	0.0	0.0	0.0	0.0	1.0	1.0	0.0	1.0	
300	30.0	1.0	0.0	0.0	0.0	0.0	1.0	1.0	0.0	0.0	0.0	
301	28.0	1.0	0.0	0.0	0.0	0.0	0.0	1.0	0.0	1.0	0.0	
302	26.0	0.0	0.0	1.0	0.0	0.0	0.0	1.0	1.0	0.0	0.0	
303	30.0	1.0	0.0	0.0	0.0	0.0	1.0	1.0	0.0	0.0	0.0	
304	28.0	1.0	0.0	0.0	0.0	0.0	0.0	1.0	1.0	0.0	0.0	
305	28.0	1.0	0.0	0.0	0.0	0.0	0.0	1.0	1.0	0.0	0.0	
306	26.0	0.0	0.0	0.0	0.0	0.0	0.0	1.0	1.0	0.0	1.0	
307	26.0	0.0	0.0	0.0	0.0	0.0	0.0	1.0	0.0	1.0	1.0	
308	28.0	1.0	0.0	0.0	0.0	0.0	0.0	1.0	0.0	1.0	0.0	
309	28.0	1.0	0.0	0.0	1.0	0.0	1.0	0.0	0.0	0.0	0.0	
310	30.0	1.0	0.0	0.0	0.0	0.0	1.0	1.0	0.0	0.0	0.0	
311	30.0	1.0	0.0	0.0	0.0	0.0	1.0	1.0	0.0	0.0	0.0	
312	26.0	0.0	0.0	0.0	0.0	0.0	0.0	1.0	1.0	0.0	1.0	
313	28.0	1.0	0.0	0.0	0.0	0.0	0.0	1.0	1.0	0.0	0.0	
314	26.0	0.0	0.0	1.0	0.0	0.0	0.0	1.0	0.0	1.0	0.0	
315	28.0	0.0	0.0	0.0	0.0	0.0	1.0	1.0	0.0	0.0	1.0	
316	28.0	1.0	0.0	0.0	0.0	0.0	0.0	1.0	0.0	1.0	0.0	
317	28.0	1.0	0.0	0.0	0.0	0.0	0.0	1.0	1.0	0.0	0.0	
318	24.0	0.0	0.0	1.0	0.0	0.0	0.0	0.0	0.0	1.0	0.0	
319	28.0	0.0	0.0	0.0	0.0	0.0	1.0	1.0	0.0	0.0	1.0	
320	28.0	1.0	0.0	0.0	0.0	0.0	0.0	1.0	0.0	1.0	0.0	
321	28.0	1.0	0.0	0.0	0.0	0.0	0.0	1.0	0.0	1.0	0.0	
322	28.0	1.0	0.0	0.0	0.0	0.0	0.0	1.0	0.0	1.0	0.0	
323	30.0	1.0	0.0	0.0	0.0	0.0	1.0	1.0	0.0	0.0	0.0	
324	24.0	0.0	0.0	0.0	0.0	0.0	0.0	0.0	0.0	1.0	1.0	
325	28.0	1.0	0.0	0.0	0.0	0.0	0.0	1.0	1.0	0.0	0.0	
326	28.0	1.0	0.0	0.0	0.0	0.0	0.0	1.0	0.0	1.0	0.0	
327	28.0	1.0	0.0	0.0	0.0	0.0	0.0	1.0	0.0	1.0	0.0	
328	28.0	1.0	0.0	0.0	0.0	0.0	0.0	1.0	0.0	1.0	0.0	
329	26.0	0.0	0.0	0.0	0.0	0.0	0.0	1.0	0.0	1.0	1.0	
330	28.0	1.0	0.0	0.0	0.0	0.0	0.0	1.0	0.0	1.0	0.0	
331	26.0	1.0	0.0	0.0	0.0	0.0	0.0	0.0	1.0	0.0	0.0	
332	30.0	1.0	0.0	0.0	0.0	0.0	1.0	1.0	0.0	0.0	0.0	
333	28.0	1.0	0.0	0.0	0.0	0.0	0.0	1.0	0.0	1.0	0.0	
334	28.0	0.0	0.0	1.0	0.0	0.0	1.0	1.0	0.0	0.0	0.0	
335	30.0	1.0	0.0	0.0	0.0	0.0	1.0	1.0	0.0	0.0	0.0	
336	28.0	1.0	0.0	0.0	0.0	0.0	0.0	1.0	0.0	1.0	0.0	
337	28.0	1.0	0.0	0.0	0.0	0.0	0.0	1.0	1.0	0.0	0.0	
338	26.0	1.0	0.0	0.0	1.0	1.0	0.0	0.0	0.0	0.0	0.0	
339	28.0	1.0	0.0	0.0	0.0	0.0	0.0	1.0	1.0	0.0	0.0	
340	28.0	1.0	0.0	0.0	0.0	0.0	0.0	1.0	0.0	1.0	0.0	
341	28.0	1.0	0.0	0.0	0.0	0.0	0.0	1.0	0.0	1.0	0.0	
342	28.0	1.0	0.0	0.0	0.0	0.0	0.0	1.0	1.0	0.0	0.0	
343	28.0	1.0	0.0	0.0	0.0	0.0	0.0	1.0	0.0	1.0	0.0	
344	26.0	0.0	0.0	1.0	0.0	0.0	0.0	1.0	0.0	1.0	0.0	
345	26.0	0.0	0.0	1.0	0.0	0.0	0.0	1.0	0.0	1.0	0.0	
346	30.0	1.0	0.0	0.0	0.0	0.0	1.0	1.0	0.0	0.0	0.0	
347	28.0	1.0	0.0	0.0	0.0	0.0	0.0	1.0	0.0	1.0	0.0	
348	28.0	1.0	0.0	0.0	0.0	0.0	0.0	1.0	0.0	1.0	0.0	
349	28.0	1.0	1.0	0.0	0.0	0.0	1.0	0.0	0.0	0.0	0.0	
350	28.0	1.0	0.0	0.0	0.0	0.0	0.0	1.0	0.0	1.0	0.0	
351	28.0	1.0	0.0	0.0	0.0	0.0	0.0	1.0	0.0	1.0	0.0	
352	30.0	1.0	0.0	0.0	0.0	0.0	1.0	1.0	0.0	0.0	0.0	
353	28.0	0.0	0.0	1.0	0.0	0.0	1.0	1.0	0.0	0.0	0.0	
354	28.0	0.0	0.0	1.0	0.0	0.0	1.0	1.0	0.0	0.0	0.0	
355	28.0	1.0	0.0	0.0	0.0	0.0	0.0	1.0	0.0	1.0	0.0	
356	28.0	1.0	0.0	0.0	0.0	0.0	0.0	1.0	0.0	1.0	0.0	
357	28.0	0.0	0.0	1.0	0.0	0.0	1.0	1.0	0.0	0.0	0.0	
358	28.0	1.0	0.0	0.0	0.0	0.0	0.0	1.0	0.0	1.0	0.0	
359	28.0	0.0	0.0	0.0	0.0	0.0	1.0	1.0	0.0	0.0	1.0	
360	28.0	1.0	0.0	0.0	0.0	0.0	0.0	1.0	1.0	0.0	0.0	
361	30.0	1.0	0.0	0.0	0.0	0.0	1.0	1.0	0.0	0.0	0.0	
362	28.0	1.0	0.0	0.0	0.0	0.0	0.0	1.0	1.0	0.0	0.0	
363	28.0	1.0	0.0	0.0	0.0	0.0	0.0	1.0	0.0	1.0	0.0	
364	26.0	0.0	0.0	1.0	0.0	0.0	0.0	1.0	0.0	1.0	0.0	
365	28.0	1.0	0.0	0.0	0.0	0.0	0.0	1.0	0.0	1.0	0.0	
366	26.0	0.0	0.0	1.0	0.0	0.0	0.0	1.0	0.0	1.0	0.0	
367	30.0	1.0	0.0	0.0	0.0	0.0	1.0	1.0	0.0	0.0	0.0	
368	28.0	1.0	0.0	0.0	0.0	0.0	0.0	1.0	0.0	1.0	0.0	
369	28.0	1.0	0.0	0.0	0.0	0.0	0.0	1.0	0.0	1.0	0.0	
370	28.0	1.0	0.0	0.0	0.0	0.0	0.0	1.0	0.0	1.0	0.0	
371	28.0	1.0	0.0	0.0	0.0	0.0	0.0	1.0	0.0	1.0	0.0	
372	30.0	1.0	0.0	0.0	0.0	0.0	1.0	1.0	0.0	0.0	0.0	
373	30.0	1.0	0.0	0.0	0.0	0.0	1.0	1.0	0.0	0.0	0.0	
374	28.0	1.0	0.0	0.0	0.0	0.0	0.0	1.0	0.0	1.0	0.0	
375	30.0	1.0	0.0	0.0	0.0	0.0	1.0	1.0	0.0	0.0	0.0	
376	30.0	1.0	0.0	0.0	0.0	0.0	1.0	1.0	0.0	0.0	0.0	
377	26.0	0.0	0.0	1.0	0.0	0.0	0.0	1.0	1.0	0.0	0.0	
378	28.0	1.0	0.0	0.0	0.0	0.0	0.0	1.0	0.0	1.0	0.0	
379	28.0	1.0	0.0	0.0	0.0	0.0	0.0	1.0	0.0	1.0	0.0	
380	26.0	1.0	0.0	0.0	1.0	1.0	0.0	0.0	0.0	0.0	0.0	
381	28.0	1.0	0.0	0.0	0.0	0.0	0.0	1.0	1.0	0.0	0.0	
382	30.0	1.0	0.0	0.0	0.0	0.0	1.0	1.0	0.0	0.0	0.0	
383	28.0	1.0	0.0	0.0	0.0	0.0	0.0	1.0	0.0	1.0	0.0	
384	28.0	1.0	0.0	0.0	0.0	0.0	0.0	1.0	1.0	0.0	0.0	
385	26.0	0.0	0.0	0.0	0.0	0.0	0.0	1.0	0.0	1.0	1.0	
386	30.0	1.0	0.0	0.0	0.0	0.0	1.0	1.0	0.0	0.0	0.0	
387	30.0	1.0	0.0	0.0	0.0	0.0	1.0	1.0	0.0	0.0	0.0	
388	28.0	1.0	0.0	0.0	0.0	0.0	0.0	1.0	0.0	1.0	0.0	
389	30.0	1.0	0.0	0.0	0.0	0.0	1.0	1.0	0.0	0.0	0.0	
390	30.0	1.0	0.0	0.0	0.0	0.0	1.0	1.0	0.0	0.0	0.0	
391	28.0	0.0	0.0	0.0	0.0	0.0	1.0	1.0	0.0	0.0	1.0	
392	30.0	1.0	0.0	0.0	0.0	0.0	1.0	1.0	0.0	0.0	0.0	
393	28.0	1.0	0.0	0.0	0.0	0.0	0.0	1.0	0.0	1.0	0.0	
394	26.0	0.0	0.0	1.0	0.0	0.0	0.0	1.0	0.0	1.0	0.0	
395	28.0	1.0	0.0	0.0	0.0	0.0	0.0	1.0	0.0	1.0	0.0	
396	26.0	1.0	0.0	0.0	0.0	0.0	0.0	0.0	1.0	0.0	0.0	
397	28.0	1.0	0.0	0.0	0.0	0.0	0.0	1.0	1.0	0.0	0.0	
398	28.0	1.0	1.0	0.0	0.0	0.0	1.0	0.0	0.0	0.0	0.0	
399	30.0	1.0	0.0	0.0	0.0	0.0	1.0	1.0	0.0	0.0	0.0	
400	26.0	0.0	0.0	1.0	0.0	0.0	0.0	1.0	1.0	0.0	0.0	
401	30.0	1.0	0.0	0.0	0.0	0.0	1.0	1.0	0.0	0.0	0.0	
402	28.0	1.0	0.0	0.0	0.0	0.0	0.0	1.0	0.0	1.0	0.0	
403	26.0	1.0	0.0	0.0	0.0	1.0	0.0	0.0	0.0	1.0	0.0	
404	30.0	1.0	0.0	0.0	0.0	0.0	1.0	1.0	0.0	0.0	0.0	
405	30.0	1.0	0.0	0.0	0.0	0.0	1.0	1.0	0.0	0.0	0.0	
406	28.0	1.0	0.0	0.0	0.0	0.0	0.0	1.0	1.0	0.0	0.0	
407	28.0	1.0	0.0	0.0	0.0	0.0	0.0	1.0	0.0	1.0	0.0	
408	28.0	1.0	0.0	0.0	0.0	0.0	0.0	1.0	0.0	1.0	0.0	
409	30.0	1.0	0.0	0.0	0.0	0.0	1.0	1.0	0.0	0.0	0.0	
410	30.0	1.0	0.0	0.0	0.0	0.0	1.0	1.0	0.0	0.0	0.0	
411	26.0	1.0	0.0	0.0	0.0	0.0	0.0	0.0	1.0	0.0	0.0	
412	28.0	1.0	0.0	0.0	0.0	0.0	0.0	1.0	0.0	1.0	0.0	
413	26.0	0.0	0.0	1.0	0.0	0.0	0.0	1.0	0.0	1.0	0.0	
414	30.0	1.0	0.0	0.0	0.0	0.0	1.0	1.0	0.0	0.0	0.0	
415	28.0	1.0	0.0	0.0	0.0	0.0	0.0	1.0	1.0	0.0	0.0	
416	28.0	1.0	0.0	0.0	0.0	0.0	0.0	1.0	1.0	0.0	0.0	
417	28.0	1.0	0.0	0.0	0.0	0.0	0.0	1.0	1.0	0.0	0.0	
418	30.0	1.0	0.0	0.0	0.0	0.0	1.0	1.0	0.0	0.0	0.0	
419	26.0	0.0	0.0	0.0	0.0	0.0	0.0	1.0	1.0	0.0	1.0	
420	26.0	0.0	0.0	0.0	0.0	0.0	0.0	1.0	0.0	1.0	1.0	
421	28.0	1.0	0.0	0.0	0.0	0.0	0.0	1.0	1.0	0.0	0.0	
422	30.0	1.0	0.0	0.0	0.0	0.0	1.0	1.0	0.0	0.0	0.0	
423	28.0	0.0	0.0	0.0	0.0	0.0	1.0	1.0	0.0	0.0	1.0	
424	28.0	1.0	0.0	0.0	0.0	0.0	0.0	1.0	0.0	1.0	0.0	
425	28.0	1.0	0.0	0.0	0.0	0.0	0.0	1.0	1.0	0.0	0.0	
426	30.0	1.0	0.0	0.0	0.0	0.0	1.0	1.0	0.0	0.0	0.0	
427	30.0	1.0	0.0	0.0	0.0	0.0	1.0	1.0	0.0	0.0	0.0	
428	28.0	1.0	0.0	0.0	0.0	0.0	0.0	1.0	0.0	1.0	0.0	
429	28.0	0.0	0.0	1.0	0.0	0.0	1.0	1.0	0.0	0.0	0.0	
430	28.0	1.0	0.0	0.0	0.0	0.0	0.0	1.0	0.0	1.0	0.0	
431	30.0	1.0	0.0	0.0	0.0	0.0	1.0	1.0	0.0	0.0	0.0	
432	30.0	1.0	0.0	0.0	0.0	0.0	1.0	1.0	0.0	0.0	0.0	
433	28.0	0.0	0.0	1.0	0.0	0.0	1.0	1.0	0.0	0.0	0.0	
434	28.0	0.0	0.0	0.0	0.0	0.0	1.0	1.0	0.0	0.0	1.0	
435	28.0	1.0	0.0	0.0	0.0	0.0	0.0	1.0	0.0	1.0	0.0	
436	28.0	1.0	0.0	0.0	0.0	0.0	0.0	1.0	0.0	1.0	0.0	
437	28.0	0.0	0.0	1.0	0.0	0.0	1.0	1.0	0.0	0.0	0.0	
438	30.0	1.0	0.0	0.0	0.0	0.0	1.0	1.0	0.0	0.0	0.0	
439	28.0	1.0	0.0	0.0	0.0	0.0	0.0	1.0	0.0	1.0	0.0	
440	30.0	1.0	0.0	0.0	0.0	0.0	1.0	1.0	0.0	0.0	0.0	
441	28.0	1.0	0.0	0.0	0.0	0.0	0.0	1.0	0.0	1.0	0.0	
442	28.0	0.0	0.0	1.0	0.0	0.0	1.0	1.0	0.0	0.0	0.0	
443	28.0	1.0	0.0	0.0	0.0	0.0	0.0	1.0	0.0	1.0	0.0	
444	26.0	1.0	0.0	0.0	0.0	0.0	0.0	0.0	1.0	0.0	0.0	
445	28.0	1.0	0.0	0.0	0.0	0.0	0.0	1.0	0.0	1.0	0.0	
446	28.0	1.0	0.0	0.0	0.0	0.0	0.0	1.0	1.0	0.0	0.0	
447	26.0	0.0	0.0	1.0	0.0	0.0	0.0	1.0	1.0	0.0	0.0	
448	30.0	1.0	0.0	0.0	0.0	0.0	1.0	1.0	0.0	0.0	0.0	
449	30.0	1.0	0.0	0.0	0.0	0.0	1.0	1.0	0.0	0.0	0.0	
450	26.0	0.0	0.0	1.0	0.0	0.0	0.0	1.0	1.0	0.0	0.0	
451	26.0	0.0	0.0	1.0	0.0	0.0	0.0	1.0	0.0	1.0	0.0	
452	28.0	1.0	0.0	0.0	0.0	0.0	0.0	1.0	0.0	1.0	0.0	
453	30.0	1.0	0.0	0.0	0.0	0.0	1.0	1.0	0.0	0.0	0.0	
454	28.0	0.0	0.0	0.0	0.0	0.0	1.0	1.0	0.0	0.0	1.0	
455	28.0	1.0	0.0	0.0	0.0	0.0	0.0	1.0	0.0	1.0	0.0	
456	28.0	0.0	0.0	1.0	0.0	0.0	1.0	1.0	0.0	0.0	0.0	
457	28.0	1.0	0.0	0.0	0.0	0.0	0.0	1.0	0.0	1.0	0.0	
458	30.0	1.0	0.0	0.0	0.0	0.0	1.0	1.0	0.0	0.0	0.0	
459	26.0	1.0	0.0	0.0	0.0	0.0	0.0	0.0	1.0	0.0	0.0	
460	28.0	1.0	0.0	0.0	0.0	0.0	0.0	1.0	0.0	1.0	0.0	
461	28.0	1.0	0.0	0.0	0.0	0.0	0.0	1.0	0.0	1.0	0.0	
462	28.0	1.0	0.0	0.0	0.0	0.0	0.0	1.0	0.0	1.0	0.0	
463	28.0	1.0	0.0	0.0	0.0	0.0	0.0	1.0	0.0	1.0	0.0	
464	28.0	1.0	0.0	0.0	0.0	0.0	0.0	1.0	0.0	1.0	0.0	
465	30.0	1.0	0.0	0.0	0.0	0.0	1.0	1.0	0.0	0.0	0.0	
466	30.0	1.0	0.0	0.0	0.0	0.0	1.0	1.0	0.0	0.0	0.0	
467	28.0	1.0	0.0	0.0	0.0	0.0	0.0	1.0	1.0	0.0	0.0	
468	28.0	1.0	0.0	0.0	0.0	0.0	0.0	1.0	1.0	0.0	0.0	
469	30.0	1.0	0.0	0.0	0.0	0.0	1.0	1.0	0.0	0.0	0.0	
470	26.0	0.0	0.0	1.0	0.0	0.0	0.0	1.0	0.0	1.0	0.0	
471	28.0	1.0	1.0	0.0	0.0	0.0	1.0	0.0	0.0	0.0	0.0	
472	28.0	0.0	0.0	1.0	0.0	0.0	1.0	1.0	0.0	0.0	0.0	
473	28.0	1.0	0.0	0.0	0.0	0.0	0.0	1.0	1.0	0.0	0.0	
474	30.0	1.0	0.0	0.0	0.0	0.0	1.0	1.0	0.0	0.0	0.0	
475	28.0	1.0	0.0	0.0	0.0	0.0	0.0	1.0	1.0	0.0	0.0	
476	28.0	1.0	0.0	0.0	0.0	0.0	0.0	1.0	1.0	0.0	0.0	
477	28.0	1.0	0.0	0.0	0.0	0.0	0.0	1.0	0.0	1.0	0.0	
478	28.0	1.0	0.0	0.0	0.0	0.0	0.0	1.0	0.0	1.0	0.0	
479	28.0	1.0	0.0	0.0	0.0	0.0	0.0	1.0	0.0	1.0	0.0	
480	26.0	1.0	0.0	0.0	0.0	1.0	0.0	0.0	0.0	1.0	0.0	
481	30.0	1.0	0.0	0.0	0.0	0.0	1.0	1.0	0.0	0.0	0.0	
482	24.0	0.0	0.0	1.0	0.0	0.0	0.0	0.0	1.0	0.0	0.0	
483	28.0	1.0	0.0	0.0	0.0	0.0	0.0	1.0	0.0	1.0	0.0	
484	28.0	1.0	0.0	0.0	0.0	0.0	0.0	1.0	0.0	1.0	0.0	
485	26.0	0.0	0.0	0.0	0.0	0.0	1.0	0.0	0.0	0.0	1.0	
486	28.0	1.0	0.0	0.0	0.0	0.0	0.0	1.0	0.0	1.0	0.0	
487	28.0	1.0	0.0	0.0	0.0	0.0	0.0	1.0	0.0	1.0	0.0	
488	30.0	1.0	0.0	0.0	0.0	0.0	1.0	1.0	0.0	0.0	0.0	
489	28.0	1.0	0.0	0.0	1.0	0.0	1.0	0.0	0.0	0.0	0.0	
490	30.0	1.0	0.0	0.0	0.0	0.0	1.0	1.0	0.0	0.0	0.0	
491	28.0	1.0	0.0	0.0	0.0	0.0	0.0	1.0	0.0	1.0	0.0	
492	28.0	1.0	0.0	0.0	0.0	0.0	0.0	1.0	0.0	1.0	0.0	
493	24.0	0.0	0.0	0.0	0.0	0.0	0.0	0.0	0.0	1.0	0.0	
494	30.0	1.0	0.0	0.0	0.0	0.0	1.0	1.0	0.0	0.0	0.0	
495	28.0	1.0	0.0	0.0	0.0	0.0	0.0	1.0	0.0	1.0	0.0	
496	28.0	0.0	0.0	0.0	0.0	0.0	1.0	1.0	0.0	0.0	1.0	
497	30.0	1.0	0.0	0.0	0.0	0.0	1.0	1.0	0.0	0.0	0.0	
498	28.0	0.0	0.0	1.0	0.0	0.0	1.0	1.0	0.0	0.0	0.0	
499	28.0	1.0	0.0	0.0	0.0	0.0	0.0	1.0	0.0	1.0	0.0	
500	28.0	1.0	0.0	0.0	0.0	0.0	0.0	1.0	0.0	1.0	0.0	
501	28.0	1.0	0.0	0.0	0.0	0.0	0.0	1.0	0.0	1.0	0.0	
502	28.0	1.0	0.0	0.0	0.0	0.0	0.0	1.0	0.0	1.0	0.0	
503	30.0	1.0	0.0	0.0	0.0	0.0	1.0	1.0	0.0	0.0	0.0	
504	28.0	1.0	0.0	0.0	0.0	0.0	0.0	1.0	0.0	1.0	0.0	
505	28.0	1.0	0.0	0.0	0.0	0.0	0.0	1.0	0.0	1.0	0.0	
506	28.0	1.0	0.0	0.0	0.0	0.0	0.0	1.0	1.0	0.0	0.0	
507	28.0	1.0	0.0	0.0	0.0	0.0	0.0	1.0	0.0	1.0	0.0	
508	28.0	0.0	0.0	1.0	0.0	0.0	1.0	1.0	0.0	0.0	0.0	
509	28.0	1.0	0.0	0.0	0.0	0.0	0.0	1.0	0.0	1.0	0.0	
510	26.0	0.0	0.0	0.0	0.0	0.0	0.0	1.0	0.0	1.0	1.0	
511	24.0	0.0	0.0	0.0	0.0	0.0	0.0	0.0	0.0	1.0	0.0	
512	30.0	1.0	0.0	0.0	0.0	0.0	1.0	1.0	0.0	0.0	0.0	
513	28.0	1.0	0.0	0.0	0.0	0.0	0.0	1.0	0.0	1.0	0.0	
514	28.0	1.0	0.0	0.0	0.0	0.0	0.0	1.0	0.0	1.0	0.0	
515	26.0	1.0	0.0	0.0	0.0	0.0	0.0	0.0	1.0	0.0	0.0	
516	28.0	1.0	0.0	0.0	0.0	0.0	0.0	1.0	0.0	1.0	0.0	
517	28.0	0.0	0.0	0.0	0.0	0.0	1.0	1.0	0.0	0.0	1.0	
518	26.0	0.0	0.0	1.0	0.0	0.0	0.0	1.0	0.0	1.0	0.0	
519	24.0	0.0	0.0	1.0	0.0	0.0	0.0	0.0	0.0	0.0	0.0	
520	26.0	0.0	0.0	0.0	0.0	0.0	0.0	1.0	0.0	1.0	1.0	
521	28.0	1.0	0.0	0.0	0.0	0.0	0.0	1.0	0.0	1.0	0.0	
522	28.0	1.0	0.0	0.0	0.0	0.0	0.0	1.0	0.0	1.0	0.0	
523	28.0	1.0	0.0	0.0	0.0	0.0	0.0	1.0	0.0	1.0	0.0	
524	30.0	1.0	0.0	0.0	0.0	0.0	1.0	1.0	0.0	0.0	0.0	
525	28.0	1.0	0.0	0.0	0.0	0.0	0.0	1.0	0.0	1.0	0.0	
526	28.0	1.0	0.0	0.0	0.0	0.0	0.0	1.0	0.0	1.0	0.0	
527	28.0	0.0	0.0	0.0	0.0	0.0	1.0	1.0	0.0	0.0	1.0	
528	30.0	1.0	0.0	0.0	0.0	0.0	1.0	1.0	0.0	0.0	0.0	
529	24.0	0.0	0.0	1.0	0.0	0.0	0.0	0.0	0.0	1.0	0.0	
530	30.0	1.0	0.0	0.0	0.0	0.0	1.0	1.0	0.0	0.0	0.0	
531	30.0	1.0	0.0	0.0	0.0	0.0	1.0	1.0	0.0	0.0	0.0	
532	30.0	1.0	0.0	0.0	0.0	0.0	1.0	1.0	0.0	0.0	0.0	
533	30.0	1.0	0.0	0.0	0.0	0.0	1.0	1.0	0.0	0.0	0.0	
534	26.0	0.0	0.0	0.0	0.0	0.0	0.0	1.0	0.0	1.0	1.0	
535	28.0	1.0	0.0	0.0	0.0	0.0	0.0	1.0	0.0	1.0	0.0	
536	30.0	1.0	0.0	0.0	0.0	0.0	1.0	1.0	0.0	0.0	0.0	
537	30.0	1.0	0.0	0.0	0.0	0.0	1.0	1.0	0.0	0.0	0.0	
538	28.0	1.0	0.0	0.0	0.0	0.0	0.0	1.0	1.0	0.0	0.0	
539	30.0	1.0	0.0	0.0	0.0	0.0	1.0	1.0	0.0	0.0	0.0	
540	28.0	1.0	0.0	0.0	0.0	0.0	0.0	1.0	1.0	0.0	0.0	
541	26.0	0.0	0.0	0.0	0.0	0.0	0.0	1.0	0.0	1.0	1.0	
542	28.0	1.0	0.0	0.0	0.0	0.0	0.0	1.0	0.0	1.0	0.0	
543	30.0	1.0	0.0	0.0	0.0	0.0	1.0	1.0	0.0	0.0	0.0	
544	28.0	1.0	0.0	0.0	0.0	0.0	0.0	1.0	0.0	1.0	0.0	
545	26.0	0.0	0.0	0.0	0.0	0.0	0.0	1.0	0.0	1.0	1.0	
546	30.0	1.0	0.0	0.0	0.0	0.0	1.0	1.0	0.0	0.0	0.0	
547	28.0	1.0	0.0	0.0	0.0	0.0	0.0	1.0	0.0	1.0	0.0	
548	30.0	1.0	0.0	0.0	0.0	0.0	1.0	1.0	0.0	0.0	0.0	
549	28.0	0.0	0.0	0.0	0.0	0.0	1.0	1.0	0.0	0.0	1.0	
550	26.0	0.0	0.0	1.0	0.0	0.0	0.0	1.0	0.0	1.0	0.0	
551	30.0	1.0	0.0	0.0	0.0	0.0	1.0	1.0	0.0	0.0	0.0	
552	28.0	0.0	0.0	1.0	0.0	0.0	1.0	1.0	0.0	0.0	0.0	
553	28.0	1.0	0.0	0.0	0.0	0.0	0.0	1.0	0.0	1.0	0.0	
554	28.0	1.0	0.0	0.0	0.0	0.0	0.0	1.0	1.0	0.0	0.0	
555	28.0	1.0	0.0	0.0	0.0	0.0	0.0	1.0	1.0	0.0	0.0	
556	26.0	1.0	0.0	0.0	0.0	0.0	0.0	0.0	0.0	1.0	0.0	
557	30.0	1.0	0.0	0.0	0.0	0.0	1.0	1.0	0.0	0.0	0.0	
558	26.0	0.0	0.0	0.0	0.0	0.0	1.0	0.0	0.0	0.0	1.0	
559	28.0	1.0	0.0	0.0	0.0	0.0	0.0	1.0	0.0	1.0	0.0	
560	28.0	0.0	0.0	0.0	0.0	0.0	1.0	1.0	0.0	0.0	1.0	
561	30.0	1.0	0.0	0.0	0.0	0.0	1.0	1.0	0.0	0.0	0.0	
562	30.0	1.0	0.0	0.0	0.0	0.0	1.0	1.0	0.0	0.0	0.0	
563	26.0	0.0	0.0	0.0	0.0	0.0	0.0	1.0	1.0	0.0	1.0	
564	28.0	1.0	0.0	0.0	1.0	0.0	1.0	0.0	0.0	0.0	0.0	
565	26.0	0.0	0.0	0.0	0.0	0.0	0.0	1.0	0.0	1.0	1.0	
566	28.0	0.0	0.0	1.0	0.0	0.0	1.0	1.0	0.0	0.0	0.0	
567	28.0	1.0	0.0	0.0	0.0	0.0	0.0	1.0	0.0	1.0	0.0	
568	24.0	0.0	0.0	1.0	0.0	0.0	0.0	0.0	0.0	1.0	0.0	
569	30.0	1.0	0.0	0.0	0.0	0.0	1.0	1.0	0.0	0.0	0.0	
570	26.0	0.0	0.0	1.0	0.0	0.0	0.0	1.0	1.0	0.0	0.0	
571	30.0	1.0	0.0	0.0	0.0	0.0	1.0	1.0	0.0	0.0	0.0	
572	28.0	1.0	0.0	0.0	0.0	0.0	0.0	1.0	0.0	1.0	0.0	
573	26.0	0.0	0.0	0.0	0.0	0.0	0.0	1.0	1.0	0.0	1.0	
574	28.0	1.0	0.0	0.0	0.0	0.0	0.0	1.0	0.0	1.0	0.0	
575	30.0	1.0	0.0	0.0	0.0	0.0	1.0	1.0	0.0	0.0	0.0	
576	30.0	1.0	0.0	0.0	0.0	0.0	1.0	1.0	0.0	0.0	0.0	
577	28.0	1.0	0.0	0.0	0.0	0.0	0.0	1.0	0.0	1.0	0.0	
578	28.0	1.0	0.0	0.0	0.0	0.0	0.0	1.0	0.0	1.0	0.0	
579	28.0	1.0	0.0	0.0	0.0	0.0	0.0	1.0	0.0	1.0	0.0	
580	30.0	1.0	0.0	0.0	0.0	0.0	1.0	1.0	0.0	0.0	0.0	
581	28.0	1.0	0.0	0.0	0.0	0.0	0.0	1.0	0.0	1.0	0.0	
582	26.0	0.0	0.0	1.0	0.0	0.0	0.0	1.0	0.0	1.0	0.0	
583	28.0	1.0	0.0	0.0	0.0	0.0	0.0	1.0	0.0	1.0	0.0	
584	28.0	1.0	0.0	0.0	1.0	0.0	1.0	0.0	0.0	0.0	0.0	
585	30.0	1.0	0.0	0.0	0.0	0.0	1.0	1.0	0.0	0.0	0.0	
586	28.0	1.0	0.0	0.0	0.0	0.0	0.0	1.0	0.0	1.0	0.0	
587	26.0	0.0	0.0	1.0	0.0	0.0	0.0	1.0	0.0	1.0	0.0	
588	26.0	0.0	0.0	1.0	0.0	0.0	0.0	1.0	1.0	0.0	0.0	
589	30.0	1.0	0.0	0.0	0.0	0.0	1.0	1.0	0.0	0.0	0.0	
590	30.0	1.0	0.0	0.0	0.0	0.0	1.0	1.0	0.0	0.0	0.0	
591	28.0	0.0	0.0	1.0	0.0	0.0	1.0	1.0	0.0	0.0	0.0	
592	26.0	1.0	0.0	0.0	0.0	1.0	0.0	0.0	0.0	1.0	0.0	
593	28.0	0.0	0.0	1.0	0.0	0.0	1.0	1.0	0.0	0.0	0.0	
594	28.0	0.0	0.0	1.0	0.0	0.0	1.0	1.0	0.0	0.0	0.0	
595	30.0	1.0	0.0	0.0	0.0	0.0	1.0	1.0	0.0	0.0	0.0	
596	30.0	1.0	0.0	0.0	0.0	0.0	1.0	1.0	0.0	0.0	0.0	
597	30.0	1.0	0.0	0.0	0.0	0.0	1.0	1.0	0.0	0.0	0.0	
598	28.0	1.0	0.0	0.0	0.0	0.0	0.0	1.0	0.0	1.0	0.0	
599	28.0	1.0	0.0	0.0	0.0	0.0	0.0	1.0	1.0	0.0	0.0	
600	30.0	1.0	0.0	0.0	0.0	0.0	1.0	1.0	0.0	0.0	0.0	
601	30.0	1.0	0.0	0.0	0.0	0.0	1.0	1.0	0.0	0.0	0.0	
602	26.0	0.0	0.0	0.0	0.0	0.0	0.0	1.0	1.0	0.0	1.0	
603	30.0	1.0	0.0	0.0	0.0	0.0	1.0	1.0	0.0	0.0	0.0	
604	28.0	0.0	0.0	1.0	0.0	0.0	1.0	1.0	0.0	0.0	0.0	
605	28.0	1.0	0.0	0.0	0.0	0.0	0.0	1.0	1.0	0.0	0.0	
606	26.0	0.0	0.0	1.0	0.0	0.0	0.0	1.0	0.0	1.0	0.0	
607	30.0	1.0	0.0	0.0	0.0	0.0	1.0	1.0	0.0	0.0	0.0	
608	24.0	0.0	0.0	1.0	0.0	0.0	0.0	0.0	0.0	1.0	0.0	
609	28.0	1.0	0.0	0.0	0.0	0.0	0.0	1.0	1.0	0.0	0.0	
610	28.0	1.0	0.0	0.0	0.0	0.0	0.0	1.0	0.0	1.0	0.0	
611	28.0	1.0	0.0	0.0	0.0	0.0	0.0	1.0	1.0	0.0	0.0	
612	30.0	1.0	0.0	0.0	0.0	0.0	1.0	1.0	0.0	0.0	0.0	
613	28.0	1.0	0.0	0.0	0.0	0.0	0.0	1.0	0.0	1.0	0.0	
614	26.0	0.0	0.0	1.0	0.0	0.0	0.0	1.0	0.0	1.0	0.0	
615	30.0	1.0	0.0	0.0	0.0	0.0	1.0	1.0	0.0	0.0	0.0	
616	26.0	0.0	0.0	1.0	0.0	0.0	0.0	1.0	0.0	1.0	0.0	
617	30.0	1.0	0.0	0.0	0.0	0.0	1.0	1.0	0.0	0.0	0.0	
618	26.0	0.0	0.0	0.0	0.0	0.0	0.0	1.0	0.0	1.0	1.0	
619	28.0	1.0	0.0	0.0	0.0	0.0	0.0	1.0	0.0	1.0	0.0	
620	28.0	0.0	0.0	1.0	0.0	0.0	1.0	1.0	0.0	0.0	0.0	
621	26.0	0.0	0.0	1.0	0.0	0.0	0.0	1.0	1.0	0.0	0.0	
622	30.0	1.0	0.0	0.0	0.0	0.0	1.0	1.0	0.0	0.0	0.0	
623	26.0	1.0	0.0	0.0	0.0	0.0	0.0	0.0	1.0	0.0	0.0	
624	28.0	1.0	0.0	0.0	0.0	0.0	0.0	1.0	0.0	1.0	0.0	
625	30.0	1.0	0.0	0.0	0.0	0.0	1.0	1.0	0.0	0.0	0.0	
626	28.0	1.0	0.0	0.0	0.0	0.0	0.0	1.0	0.0	1.0	0.0	
627	30.0	1.0	0.0	0.0	0.0	0.0	1.0	1.0	0.0	0.0	0.0	
628	26.0	0.0	0.0	0.0	0.0	0.0	0.0	1.0	0.0	1.0	1.0	
629	30.0	1.0	0.0	0.0	0.0	0.0	1.0	1.0	0.0	0.0	0.0	
630	28.0	0.0	0.0	1.0	0.0	0.0	1.0	1.0	0.0	0.0	0.0	
631	30.0	1.0	0.0	0.0	0.0	0.0	1.0	1.0	0.0	0.0	0.0	
632	30.0	1.0	0.0	0.0	0.0	0.0	1.0	1.0	0.0	0.0	0.0	
633	26.0	1.0	0.0	0.0	0.0	1.0	0.0	0.0	0.0	0.0	0.0	
634	28.0	1.0	0.0	0.0	0.0	0.0	0.0	1.0	1.0	0.0	0.0	
635	28.0	1.0	0.0	0.0	0.0	0.0	0.0	1.0	1.0	0.0	0.0	
636	28.0	1.0	1.0	0.0	0.0	0.0	1.0	0.0	0.0	0.0	0.0	
637	30.0	1.0	0.0	0.0	0.0	0.0	1.0	1.0	0.0	0.0	0.0	
638	30.0	1.0	0.0	0.0	0.0	0.0	1.0	1.0	0.0	0.0	0.0	
639	26.0	0.0	0.0	1.0	0.0	0.0	0.0	1.0	0.0	1.0	0.0	
640	30.0	1.0	0.0	0.0	0.0	0.0	1.0	1.0	0.0	0.0	0.0	
641	28.0	1.0	0.0	0.0	0.0	0.0	0.0	1.0	1.0	0.0	0.0	
642	30.0	1.0	0.0	0.0	0.0	0.0	1.0	1.0	0.0	0.0	0.0	
643	28.0	1.0	0.0	0.0	0.0	0.0	0.0	1.0	0.0	1.0	0.0	
644	26.0	0.0	0.0	1.0	0.0	0.0	1.0	0.0	0.0	0.0	0.0	
645	28.0	1.0	0.0	0.0	0.0	0.0	0.0	1.0	0.0	1.0	0.0	
646	28.0	1.0	0.0	0.0	0.0	0.0	0.0	1.0	0.0	1.0	0.0	
647	26.0	0.0	0.0	0.0	0.0	0.0	0.0	1.0	0.0	1.0	1.0	
648	26.0	0.0	0.0	1.0	0.0	0.0	0.0	1.0	1.0	0.0	0.0	
649	28.0	1.0	0.0	0.0	0.0	0.0	0.0	1.0	0.0	1.0	0.0	
650	28.0	1.0	0.0	0.0	0.0	0.0	0.0	1.0	1.0	0.0	0.0	
651	28.0	1.0	0.0	0.0	0.0	0.0	0.0	1.0	1.0	0.0	0.0	
652	26.0	0.0	0.0	1.0	0.0	0.0	0.0	1.0	0.0	1.0	0.0	
653	30.0	1.0	0.0	0.0	0.0	0.0	1.0	1.0	0.0	0.0	0.0	
654	28.0	1.0	0.0	0.0	0.0	0.0	0.0	1.0	0.0	1.0	0.0	
655	30.0	1.0	0.0	0.0	0.0	0.0	1.0	1.0	0.0	0.0	0.0	
656	28.0	0.0	0.0	1.0	0.0	0.0	1.0	1.0	0.0	0.0	0.0	
657	30.0	1.0	0.0	0.0	0.0	0.0	1.0	1.0	0.0	0.0	0.0	
658	30.0	1.0	0.0	0.0	0.0	0.0	1.0	1.0	0.0	0.0	0.0	
659	28.0	1.0	0.0	0.0	0.0	0.0	0.0	1.0	0.0	1.0	0.0	
660	30.0	1.0	0.0	0.0	0.0	0.0	1.0	1.0	0.0	0.0	0.0	
661	30.0	1.0	0.0	0.0	0.0	0.0	1.0	1.0	0.0	0.0	0.0	
662	26.0	0.0	0.0	1.0	0.0	0.0	0.0	1.0	0.0	1.0	0.0	
663	28.0	1.0	0.0	0.0	0.0	0.0	0.0	1.0	0.0	1.0	0.0	
664	28.0	0.0	0.0	1.0	0.0	0.0	1.0	1.0	0.0	0.0	0.0	
665	26.0	0.0	0.0	0.0	0.0	0.0	0.0	1.0	1.0	0.0	1.0	
666	30.0	1.0	0.0	0.0	0.0	0.0	1.0	1.0	0.0	0.0	0.0	
667	28.0	1.0	0.0	0.0	0.0	0.0	0.0	1.0	0.0	1.0	0.0	
668	30.0	1.0	0.0	0.0	0.0	0.0	1.0	1.0	0.0	0.0	0.0	
669	30.0	1.0	0.0	0.0	0.0	0.0	1.0	1.0	0.0	0.0	0.0	
670	30.0	1.0	0.0	0.0	0.0	0.0	1.0	1.0	0.0	0.0	0.0	
671	28.0	1.0	0.0	0.0	0.0	0.0	0.0	1.0	0.0	1.0	0.0	
672	28.0	1.0	0.0	0.0	0.0	0.0	0.0	1.0	0.0	1.0	0.0	
673	28.0	0.0	0.0	1.0	0.0	0.0	1.0	1.0	0.0	0.0	0.0	
674	28.0	0.0	0.0	1.0	0.0	0.0	1.0	1.0	0.0	0.0	0.0	
675	30.0	1.0	0.0	0.0	0.0	0.0	1.0	1.0	0.0	0.0	0.0	
676	30.0	1.0	0.0	0.0	0.0	0.0	1.0	1.0	0.0	0.0	0.0	
677	28.0	1.0	0.0	0.0	0.0	0.0	0.0	1.0	0.0	1.0	0.0	
678	28.0	0.0	0.0	1.0	0.0	0.0	1.0	1.0	0.0	0.0	0.0	
679	28.0	1.0	0.0	0.0	0.0	0.0	0.0	1.0	0.0	1.0	0.0	
680	30.0	1.0	0.0	0.0	0.0	0.0	1.0	1.0	0.0	0.0	0.0	
681	28.0	1.0	0.0	0.0	0.0	0.0	0.0	1.0	0.0	1.0	0.0	
682	30.0	1.0	0.0	0.0	0.0	0.0	1.0	1.0	0.0	0.0	0.0	
683	26.0	1.0	0.0	0.0	0.0	1.0	0.0	0.0	0.0	1.0	0.0	
684	28.0	1.0	0.0	0.0	0.0	0.0	0.0	1.0	1.0	0.0	0.0	
685	26.0	1.0	0.0	0.0	0.0	0.0	0.0	0.0	1.0	0.0	0.0	
686	28.0	0.0	0.0	1.0	0.0	0.0	1.0	1.0	0.0	0.0	0.0	
687	28.0	1.0	0.0	0.0	0.0	0.0	0.0	1.0	0.0	1.0	0.0	
688	30.0	1.0	0.0	0.0	0.0	0.0	1.0	1.0	0.0	0.0	0.0	
689	30.0	1.0	0.0	0.0	0.0	0.0	1.0	1.0	0.0	0.0	0.0	
690	26.0	0.0	0.0	0.0	0.0	0.0	0.0	1.0	0.0	1.0	1.0	
691	26.0	1.0	0.0	0.0	0.0	1.0	0.0	0.0	0.0	1.0	0.0	
692	28.0	1.0	1.0	0.0	0.0	0.0	1.0	0.0	0.0	0.0	0.0	
693	26.0	0.0	0.0	0.0	0.0	0.0	0.0	1.0	1.0	0.0	1.0	
694	26.0	1.0	0.0	0.0	0.0	0.0	0.0	0.0	1.0	0.0	0.0	
695	26.0	1.0	0.0	0.0	0.0	0.0	0.0	0.0	1.0	0.0	0.0	
696	28.0	1.0	0.0	0.0	0.0	0.0	0.0	1.0	1.0	0.0	0.0	
697	28.0	1.0	0.0	0.0	0.0	0.0	0.0	1.0	1.0	0.0	0.0	
698	30.0	1.0	0.0	0.0	0.0	0.0	1.0	1.0	0.0	0.0	0.0	
699	28.0	1.0	0.0	0.0	0.0	0.0	0.0	1.0	0.0	1.0	0.0	
700	28.0	1.0	0.0	0.0	0.0	0.0	0.0	1.0	1.0	0.0	0.0	
701	28.0	1.0	0.0	0.0	0.0	0.0	0.0	1.0	1.0	0.0	0.0	
702	26.0	1.0	0.0	0.0	0.0	0.0	0.0	0.0	0.0	1.0	0.0	
703	30.0	1.0	0.0	0.0	0.0	0.0	1.0	1.0	0.0	0.0	0.0	
704	30.0	1.0	0.0	0.0	0.0	0.0	1.0	1.0	0.0	0.0	0.0	
705	30.0	1.0	0.0	0.0	0.0	0.0	1.0	1.0	0.0	0.0	0.0	
706	28.0	1.0	0.0	0.0	0.0	0.0	0.0	1.0	0.0	1.0	0.0	
707	30.0	1.0	0.0	0.0	0.0	0.0	1.0	1.0	0.0	0.0	0.0	
708	28.0	0.0	0.0	1.0	0.0	0.0	1.0	1.0	0.0	0.0	0.0	
709	28.0	1.0	0.0	0.0	0.0	0.0	0.0	1.0	0.0	1.0	0.0	
710	28.0	1.0	0.0	0.0	0.0	0.0	0.0	1.0	0.0	1.0	0.0	
711	30.0	1.0	0.0	0.0	0.0	0.0	1.0	1.0	0.0	0.0	0.0	
712	28.0	0.0	0.0	1.0	0.0	0.0	1.0	1.0	0.0	0.0	0.0	
713	26.0	0.0	0.0	1.0	0.0	0.0	0.0	1.0	0.0	1.0	0.0	
714	28.0	1.0	0.0	0.0	0.0	0.0	0.0	1.0	0.0	1.0	0.0	
715	28.0	0.0	0.0	1.0	0.0	0.0	1.0	1.0	0.0	0.0	0.0	
716	30.0	1.0	0.0	0.0	0.0	0.0	1.0	1.0	0.0	0.0	0.0	
717	30.0	1.0	0.0	0.0	0.0	0.0	1.0	1.0	0.0	0.0	0.0	
718	28.0	0.0	0.0	1.0	0.0	0.0	1.0	1.0	0.0	0.0	0.0	
719	30.0	1.0	0.0	0.0	0.0	0.0	1.0	1.0	0.0	0.0	0.0	
720	26.0	0.0	0.0	1.0	0.0	0.0	0.0	1.0	0.0	1.0	0.0	
721	30.0	1.0	0.0	0.0	0.0	0.0	1.0	1.0	0.0	0.0	0.0	
722	28.0	0.0	0.0	0.0	0.0	0.0	1.0	1.0	0.0	0.0	1.0	
723	28.0	1.0	0.0	0.0	0.0	0.0	0.0	1.0	1.0	0.0	0.0	
724	28.0	1.0	0.0	0.0	0.0	0.0	0.0	1.0	0.0	1.0	0.0	
725	28.0	1.0	0.0	0.0	0.0	0.0	0.0	1.0	0.0	1.0	0.0	
726	28.0	0.0	0.0	0.0	0.0	0.0	1.0	1.0	0.0	0.0	1.0	
727	26.0	0.0	0.0	0.0	0.0	0.0	0.0	1.0	0.0	1.0	1.0	
728	26.0	0.0	0.0	0.0	0.0	0.0	0.0	1.0	0.0	1.0	1.0	
729	28.0	1.0	0.0	0.0	0.0	0.0	0.0	1.0	0.0	1.0	0.0	
730	26.0	1.0	0.0	0.0	0.0	1.0	0.0	0.0	0.0	1.0	0.0	
731	26.0	0.0	0.0	0.0	0.0	0.0	0.0	1.0	1.0	0.0	1.0	
732	28.0	1.0	0.0	0.0	0.0	0.0	0.0	1.0	1.0	0.0	0.0	
733	28.0	0.0	0.0	1.0	0.0	0.0	1.0	1.0	0.0	0.0	0.0	
734	26.0	1.0	0.0	0.0	0.0	1.0	0.0	0.0	0.0	0.0	0.0	
735	28.0	1.0	0.0	0.0	0.0	0.0	0.0	1.0	0.0	1.0	0.0	
736	26.0	0.0	0.0	1.0	0.0	0.0	0.0	1.0	1.0	0.0	0.0	
737	28.0	0.0	0.0	1.0	0.0	0.0	1.0	1.0	0.0	0.0	0.0	
738	28.0	1.0	0.0	0.0	0.0	0.0	0.0	1.0	1.0	0.0	0.0	
739	26.0	0.0	0.0	1.0	0.0	0.0	0.0	1.0	0.0	1.0	0.0	
740	28.0	1.0	0.0	0.0	0.0	0.0	0.0	1.0	0.0	1.0	0.0	
741	30.0	1.0	0.0	0.0	0.0	0.0	1.0	1.0	0.0	0.0	0.0	
742	30.0	1.0	0.0	0.0	0.0	0.0	1.0	1.0	0.0	0.0	0.0	
743	26.0	0.0	0.0	1.0	0.0	0.0	0.0	1.0	0.0	1.0	0.0	
744	30.0	1.0	0.0	0.0	0.0	0.0	1.0	1.0	0.0	0.0	0.0	
745	28.0	1.0	0.0	0.0	1.0	0.0	1.0	0.0	0.0	0.0	0.0	
746	28.0	0.0	0.0	1.0	0.0	0.0	1.0	1.0	0.0	0.0	0.0	
747	28.0	1.0	0.0	0.0	0.0	0.0	0.0	1.0	0.0	1.0	0.0	
748	28.0	1.0	0.0	0.0	0.0	0.0	0.0	1.0	0.0	1.0	0.0	
749	28.0	1.0	0.0	0.0	0.0	0.0	0.0	1.0	0.0	1.0	0.0	
750	26.0	1.0	0.0	0.0	0.0	1.0	0.0	0.0	0.0	1.0	0.0	
751	26.0	0.0	0.0	1.0	0.0	0.0	0.0	1.0	0.0	1.0	0.0	
752	28.0	1.0	0.0	0.0	0.0	0.0	0.0	1.0	0.0	1.0	0.0	
753	28.0	1.0	0.0	0.0	0.0	0.0	0.0	1.0	1.0	0.0	0.0	
754	26.0	0.0	0.0	1.0	0.0	0.0	0.0	1.0	0.0	1.0	0.0	
755	26.0	1.0	0.0	0.0	0.0	1.0	0.0	0.0	0.0	1.0	0.0	
756	26.0	0.0	0.0	1.0	0.0	0.0	0.0	1.0	0.0	1.0	0.0	
757	30.0	1.0	0.0	0.0	0.0	0.0	1.0	1.0	0.0	0.0	0.0	
758	28.0	1.0	0.0	0.0	0.0	0.0	0.0	1.0	0.0	1.0	0.0	
759	30.0	1.0	0.0	0.0	0.0	0.0	1.0	1.0	0.0	0.0	0.0	
760	28.0	1.0	0.0	0.0	0.0	0.0	0.0	1.0	0.0	1.0	0.0	
761	26.0	1.0	0.0	0.0	0.0	0.0	0.0	0.0	0.0	1.0	0.0	
762	30.0	1.0	0.0	0.0	0.0	0.0	1.0	1.0	0.0	0.0	0.0	
763	28.0	1.0	0.0	0.0	0.0	0.0	0.0	1.0	0.0	1.0	0.0	
764	28.0	0.0	0.0	1.0	0.0	0.0	1.0	1.0	0.0	0.0	0.0	
765	26.0	1.0	0.0	0.0	0.0	0.0	0.0	0.0	1.0	0.0	0.0	
766	26.0	0.0	0.0	0.0	0.0	0.0	0.0	1.0	0.0	1.0	1.0	
767	30.0	1.0	0.0	0.0	0.0	0.0	1.0	1.0	0.0	0.0	0.0	
768	28.0	0.0	0.0	1.0	0.0	0.0	1.0	1.0	0.0	0.0	0.0	
769	30.0	1.0	0.0	0.0	0.0	0.0	1.0	1.0	0.0	0.0	0.0	
770	30.0	1.0	0.0	0.0	0.0	0.0	1.0	1.0	0.0	0.0	0.0	
771	30.0	1.0	0.0	0.0	0.0	0.0	1.0	1.0	0.0	0.0	0.0	
772	30.0	1.0	0.0	0.0	0.0	0.0	1.0	1.0	0.0	0.0	0.0	
773	28.0	1.0	0.0	0.0	0.0	0.0	0.0	1.0	0.0	1.0	0.0	
774	30.0	1.0	0.0	0.0	0.0	0.0	1.0	1.0	0.0	0.0	0.0	
775	28.0	1.0	0.0	0.0	0.0	0.0	0.0	1.0	0.0	1.0	0.0	
776	28.0	1.0	0.0	0.0	0.0	0.0	0.0	1.0	0.0	1.0	0.0	
777	30.0	1.0	0.0	0.0	0.0	0.0	1.0	1.0	0.0	0.0	0.0	
778	30.0	1.0	0.0	0.0	0.0	0.0	1.0	1.0	0.0	0.0	0.0	
779	30.0	1.0	0.0	0.0	0.0	0.0	1.0	1.0	0.0	0.0	0.0	
780	28.0	0.0	0.0	1.0	0.0	0.0	1.0	1.0	0.0	0.0	0.0	
781	30.0	1.0	0.0	0.0	0.0	0.0	1.0	1.0	0.0	0.0	0.0	
782	30.0	1.0	0.0	0.0	0.0	0.0	1.0	1.0	0.0	0.0	0.0	
783	28.0	1.0	0.0	0.0	0.0	0.0	0.0	1.0	1.0	0.0	0.0	
784	30.0	1.0	0.0	0.0	0.0	0.0	1.0	1.0	0.0	0.0	0.0	
785	28.0	1.0	0.0	0.0	0.0	0.0	0.0	1.0	0.0	1.0	0.0	
786	26.0	0.0	0.0	1.0	0.0	0.0	0.0	1.0	0.0	1.0	0.0	
787	30.0	1.0	0.0	0.0	0.0	0.0	1.0	1.0	0.0	0.0	0.0	
788	30.0	1.0	0.0	0.0	0.0	0.0	1.0	1.0	0.0	0.0	0.0	
789	28.0	1.0	0.0	0.0	0.0	0.0	0.0	1.0	0.0	1.0	0.0	
790	28.0	0.0	0.0	1.0	0.0	0.0	1.0	1.0	0.0	0.0	0.0	
791	30.0	1.0	0.0	0.0	0.0	0.0	1.0	1.0	0.0	0.0	0.0	
792	28.0	1.0	0.0	0.0	0.0	0.0	0.0	1.0	1.0	0.0	0.0	
793	26.0	0.0	0.0	0.0	0.0	0.0	0.0	1.0	0.0	1.0	1.0	
794	28.0	1.0	0.0	0.0	0.0	0.0	0.0	1.0	0.0	1.0	0.0	
795	28.0	1.0	0.0	0.0	0.0	0.0	0.0	1.0	0.0	1.0	0.0	
796	30.0	1.0	0.0	0.0	0.0	0.0	1.0	1.0	0.0	0.0	0.0	
797	28.0	1.0	0.0	0.0	0.0	0.0	0.0	1.0	0.0	1.0	0.0	
798	30.0	1.0	0.0	0.0	0.0	0.0	1.0	1.0	0.0	0.0	0.0	
799	30.0	1.0	0.0	0.0	0.0	0.0	1.0	1.0	0.0	0.0	0.0	
800	28.0	1.0	0.0	0.0	0.0	0.0	0.0	1.0	0.0	1.0	0.0	
801	30.0	1.0	0.0	0.0	0.0	0.0	1.0	1.0	0.0	0.0	0.0	
802	30.0	1.0	0.0	0.0	0.0	0.0	1.0	1.0	0.0	0.0	0.0	
803	28.0	0.0	0.0	1.0	0.0	0.0	1.0	1.0	0.0	0.0	0.0	
804	28.0	1.0	0.0	0.0	0.0	0.0	0.0	1.0	1.0	0.0	0.0	
805	28.0	1.0	0.0	0.0	0.0	0.0	0.0	1.0	0.0	1.0	0.0	
806	30.0	1.0	0.0	0.0	0.0	0.0	1.0	1.0	0.0	0.0	0.0	
807	30.0	1.0	0.0	0.0	0.0	0.0	1.0	1.0	0.0	0.0	0.0	
808	26.0	0.0	0.0	0.0	1.0	0.0	1.0	0.0	0.0	0.0	0.0	
809	28.0	1.0	0.0	0.0	0.0	0.0	0.0	1.0	0.0	1.0	0.0	
810	28.0	1.0	0.0	0.0	0.0	0.0	0.0	1.0	0.0	1.0	0.0	
811	28.0	1.0	0.0	0.0	0.0	0.0	0.0	1.0	1.0	0.0	0.0	
812	26.0	0.0	0.0	1.0	0.0	0.0	0.0	1.0	0.0	1.0	0.0	
813	28.0	1.0	1.0	0.0	0.0	0.0	1.0	0.0	0.0	0.0	0.0	
814	30.0	1.0	0.0	0.0	0.0	0.0	1.0	1.0	0.0	0.0	0.0	
815	30.0	1.0	0.0	0.0	0.0	0.0	1.0	1.0	0.0	0.0	0.0	
816	28.0	1.0	0.0	0.0	0.0	0.0	0.0	1.0	0.0	1.0	0.0	
817	28.0	1.0	0.0	0.0	0.0	0.0	0.0	1.0	0.0	1.0	0.0	
818	28.0	1.0	0.0	0.0	0.0	0.0	0.0	1.0	1.0	0.0	0.0	
819	30.0	1.0	0.0	0.0	0.0	0.0	1.0	1.0	0.0	0.0	0.0	
820	28.0	0.0	0.0	0.0	0.0	0.0	1.0	1.0	0.0	0.0	1.0	
821	26.0	0.0	0.0	1.0	0.0	0.0	0.0	1.0	1.0	0.0	0.0	
822	26.0	0.0	0.0	0.0	0.0	0.0	0.0	1.0	0.0	1.0	1.0	
823	30.0	1.0	0.0	0.0	0.0	0.0	1.0	1.0	0.0	0.0	0.0	
824	28.0	1.0	0.0	0.0	0.0	0.0	0.0	1.0	1.0	0.0	0.0	
825	28.0	0.0	0.0	0.0	0.0	0.0	1.0	1.0	0.0	0.0	1.0	
826	26.0	1.0	0.0	0.0	0.0	1.0	0.0	0.0	0.0	1.0	0.0	
827	28.0	1.0	0.0	0.0	0.0	0.0	0.0	1.0	0.0	1.0	0.0	
828	26.0	1.0	0.0	0.0	0.0	1.0	0.0	0.0	0.0	1.0	0.0	
829	28.0	1.0	0.0	0.0	0.0	0.0	0.0	1.0	0.0	1.0	0.0	
830	28.0	1.0	0.0	0.0	0.0	0.0	0.0	1.0	0.0	1.0	0.0	
831	26.0	1.0	0.0	0.0	0.0	1.0	0.0	0.0	0.0	1.0	0.0	
832	28.0	1.0	0.0	0.0	0.0	0.0	0.0	1.0	0.0	1.0	0.0	
833	28.0	1.0	1.0	0.0	0.0	0.0	1.0	0.0	0.0	0.0	0.0	
834	26.0	1.0	0.0	0.0	0.0	0.0	0.0	0.0	1.0	0.0	0.0	
835	28.0	0.0	0.0	1.0	0.0	0.0	1.0	1.0	0.0	0.0	0.0	
836	30.0	1.0	0.0	0.0	0.0	0.0	1.0	1.0	0.0	0.0	0.0	
837	30.0	1.0	0.0	0.0	0.0	0.0	1.0	1.0	0.0	0.0	0.0	
838	28.0	1.0	0.0	0.0	0.0	0.0	0.0	1.0	0.0	1.0	0.0	
839	26.0	0.0	0.0	1.0	0.0	0.0	1.0	0.0	0.0	0.0	0.0	
840	28.0	1.0	0.0	0.0	0.0	0.0	0.0	1.0	0.0	1.0	0.0	
841	30.0	1.0	0.0	0.0	0.0	0.0	1.0	1.0	0.0	0.0	0.0	
842	28.0	1.0	0.0	0.0	0.0	0.0	0.0	1.0	0.0	1.0	0.0	
843	30.0	1.0	0.0	0.0	0.0	0.0	1.0	1.0	0.0	0.0	0.0	
844	30.0	1.0	0.0	0.0	0.0	0.0	1.0	1.0	0.0	0.0	0.0	
845	26.0	0.0	0.0	1.0	0.0	0.0	0.0	1.0	1.0	0.0	0.0	
846	28.0	1.0	0.0	0.0	0.0	0.0	0.0	1.0	1.0	0.0	0.0	
847	28.0	0.0	0.0	1.0	0.0	0.0	1.0	1.0	0.0	0.0	0.0	
848	26.0	0.0	0.0	0.0	0.0	0.0	0.0	1.0	0.0	1.0	1.0	
849	28.0	0.0	0.0	1.0	0.0	0.0	1.0	1.0	0.0	0.0	0.0	
850	28.0	1.0	0.0	0.0	0.0	0.0	0.0	1.0	0.0	1.0	0.0	
851	28.0	1.0	0.0	0.0	0.0	0.0	0.0	1.0	0.0	1.0	0.0	
852	28.0	1.0	0.0	0.0	0.0	0.0	0.0	1.0	0.0	1.0	0.0	
853	28.0	1.0	0.0	0.0	0.0	0.0	0.0	1.0	1.0	0.0	0.0	
854	30.0	1.0	0.0	0.0	0.0	0.0	1.0	1.0	0.0	0.0	0.0	
855	28.0	1.0	0.0	0.0	0.0	0.0	0.0	1.0	0.0	1.0	0.0	
856	28.0	1.0	0.0	0.0	0.0	0.0	0.0	1.0	1.0	0.0	0.0	
857	30.0	1.0	0.0	0.0	0.0	0.0	1.0	1.0	0.0	0.0	0.0	
858	28.0	1.0	0.0	0.0	0.0	0.0	0.0	1.0	1.0	0.0	0.0	
859	28.0	1.0	0.0	0.0	0.0	0.0	0.0	1.0	0.0	1.0	0.0	
860	28.0	1.0	0.0	0.0	0.0	0.0	0.0	1.0	0.0	1.0	0.0	
861	28.0	1.0	0.0	0.0	0.0	0.0	0.0	1.0	0.0	1.0	0.0	
862	28.0	0.0	0.0	1.0	0.0	0.0	1.0	1.0	0.0	0.0	0.0	
863	28.0	1.0	0.0	0.0	0.0	0.0	0.0	1.0	0.0	1.0	0.0	
864	26.0	0.0	0.0	0.0	0.0	0.0	0.0	1.0	0.0	1.0	1.0	
865	28.0	1.0	0.0	0.0	0.0	0.0	0.0	1.0	0.0	1.0	0.0	
866	28.0	0.0	0.0	1.0	0.0	0.0	1.0	1.0	0.0	0.0	0.0	
867	30.0	1.0	0.0	0.0	0.0	0.0	1.0	1.0	0.0	0.0	0.0	
868	30.0	1.0	0.0	0.0	0.0	0.0	1.0	1.0	0.0	0.0	0.0	
869	28.0	0.0	0.0	1.0	0.0	0.0	1.0	1.0	0.0	0.0	0.0	
870	28.0	1.0	0.0	0.0	0.0	0.0	0.0	1.0	0.0	1.0	0.0	
871	28.0	1.0	0.0	0.0	0.0	0.0	0.0	1.0	0.0	1.0	0.0	
872	28.0	1.0	0.0	0.0	0.0	0.0	0.0	1.0	0.0	1.0	0.0	
873	26.0	0.0	0.0	1.0	0.0	0.0	0.0	1.0	0.0	1.0	0.0	
874	28.0	1.0	0.0	0.0	0.0	0.0	0.0	1.0	0.0	1.0	0.0	
875	30.0	1.0	0.0	0.0	0.0	0.0	1.0	1.0	0.0	0.0	0.0	
876	30.0	1.0	0.0	0.0	0.0	0.0	1.0	1.0	0.0	0.0	0.0	
877	28.0	1.0	0.0	0.0	0.0	0.0	0.0	1.0	1.0	0.0	0.0	
878	28.0	1.0	0.0	0.0	0.0	0.0	0.0	1.0	0.0	1.0	0.0	
879	26.0	0.0	0.0	1.0	0.0	0.0	0.0	1.0	0.0	1.0	0.0	
880	28.0	1.0	0.0	0.0	0.0	0.0	0.0	1.0	1.0	0.0	0.0	
881	28.0	1.0	0.0	0.0	0.0	0.0	0.0	1.0	1.0	0.0	0.0	
882	30.0	1.0	0.0	0.0	0.0	0.0	1.0	1.0	0.0	0.0	0.0	
883	28.0	1.0	0.0	0.0	0.0	0.0	0.0	1.0	0.0	1.0	0.0	
884	28.0	1.0	0.0	0.0	0.0	0.0	0.0	1.0	1.0	0.0	0.0	
885	30.0	1.0	0.0	0.0	0.0	0.0	1.0	1.0	0.0	0.0	0.0	
886	28.0	1.0	0.0	0.0	0.0	0.0	0.0	1.0	0.0	1.0	0.0	
887	30.0	1.0	0.0	0.0	0.0	0.0	1.0	1.0	0.0	0.0	0.0	
888	26.0	1.0	0.0	0.0	0.0	1.0	0.0	0.0	0.0	1.0	0.0	
889	26.0	0.0	0.0	0.0	0.0	0.0	0.0	1.0	1.0	0.0	1.0	
890	24.0	0.0	0.0	1.0	0.0	0.0	0.0	0.0	0.0	1.0	0.0	
891	30.0	1.0	0.0	0.0	0.0	0.0	1.0	1.0	0.0	0.0	0.0	
892	28.0	1.0	0.0	0.0	0.0	0.0	0.0	1.0	0.0	1.0	0.0	
893	26.0	0.0	0.0	0.0	0.0	0.0	0.0	1.0	0.0	1.0	1.0	
894	28.0	1.0	0.0	0.0	0.0	0.0	0.0	1.0	1.0	0.0	0.0	
895	30.0	1.0	0.0	0.0	0.0	0.0	1.0	1.0	0.0	0.0	0.0	
896	30.0	1.0	0.0	0.0	0.0	0.0	1.0	1.0	0.0	0.0	0.0	
897	30.0	1.0	0.0	0.0	0.0	0.0	1.0	1.0	0.0	0.0	0.0	
898	28.0	1.0	0.0	0.0	0.0	0.0	0.0	1.0	0.0	1.0	0.0	
899	26.0	0.0	0.0	0.0	0.0	0.0	0.0	1.0	0.0	1.0	1.0	
