Sample	cat16-73.trees	cat16-73.sequence07_sequence13_sequence16_sequence09_sequence10_sequence15	cat16-73.sequence13_sequence16_sequence02_sequence09_sequence15	cat16-73.sequence01_sequence05_sequence04_sequence14_sequence07_sequence13_sequence16_sequence02_sequence09_sequence03_sequence10_sequence06_sequence15	cat16-73.sequence07_sequence02_sequence10	cat16-73.sequence01_sequence04_sequence07_sequence13_sequence16_sequence02_sequence09_sequence03_sequence10_sequence15	cat16-73.sequence05_sequence14_sequence11_sequence12_sequence06_sequence08	cat16-73.sequence01_sequence04_sequence07_sequence11_sequence12_sequence13_sequence16_sequence02_sequence09_sequence03_sequence10_sequence08_sequence15	
0	28.0	0.0	0.0	1.0	1.0	1.0	0.0	0.0	
1	26.0	0.0	1.0	1.0	0.0	1.0	0.0	0.0	
2	30.0	0.0	0.0	0.0	1.0	1.0	1.0	0.0	
3	30.0	0.0	0.0	0.0	1.0	1.0	1.0	0.0	
4	30.0	0.0	0.0	0.0	1.0	1.0	1.0	0.0	
5	28.0	0.0	1.0	0.0	0.0	1.0	1.0	0.0	
6	28.0	0.0	0.0	1.0	1.0	1.0	0.0	0.0	
7	30.0	0.0	0.0	0.0	1.0	1.0	1.0	0.0	
8	26.0	1.0	0.0	1.0	0.0	1.0	0.0	0.0	
9	28.0	0.0	0.0	1.0	1.0	1.0	0.0	0.0	
10	28.0	0.0	1.0	0.0	0.0	1.0	1.0	0.0	
11	28.0	0.0	0.0	1.0	1.0	1.0	0.0	0.0	
12	28.0	0.0	0.0	1.0	1.0	1.0	0.0	0.0	
13	28.0	0.0	1.0	0.0	0.0	1.0	1.0	0.0	
14	30.0	0.0	0.0	0.0	1.0	1.0	1.0	0.0	
15	28.0	0.0	0.0	0.0	1.0	1.0	0.0	1.0	
16	28.0	0.0	0.0	1.0	1.0	1.0	0.0	0.0	
17	28.0	0.0	0.0	1.0	1.0	1.0	0.0	0.0	
18	30.0	0.0	0.0	0.0	1.0	1.0	1.0	0.0	
19	30.0	0.0	0.0	0.0	1.0	1.0	1.0	0.0	
20	30.0	0.0	0.0	0.0	1.0	1.0	1.0	0.0	
21	28.0	0.0	0.0	1.0	1.0	1.0	0.0	0.0	
22	28.0	0.0	1.0	0.0	0.0	1.0	1.0	0.0	
23	28.0	0.0	0.0	1.0	1.0	1.0	0.0	0.0	
24	28.0	0.0	1.0	0.0	0.0	1.0	1.0	0.0	
25	30.0	0.0	0.0	0.0	1.0	1.0	1.0	0.0	
26	26.0	1.0	0.0	0.0	0.0	1.0	0.0	1.0	
27	28.0	0.0	1.0	0.0	0.0	1.0	1.0	0.0	
28	28.0	0.0	1.0	0.0	0.0	1.0	1.0	0.0	
29	30.0	0.0	0.0	0.0	1.0	1.0	1.0	0.0	
30	26.0	1.0	0.0	1.0	0.0	1.0	0.0	0.0	
31	30.0	0.0	0.0	0.0	1.0	1.0	1.0	0.0	
32	26.0	0.0	1.0	1.0	0.0	1.0	0.0	0.0	
33	30.0	0.0	0.0	0.0	1.0	1.0	1.0	0.0	
34	30.0	0.0	0.0	0.0	1.0	1.0	1.0	0.0	
35	28.0	0.0	1.0	0.0	0.0	1.0	1.0	0.0	
36	28.0	0.0	0.0	1.0	1.0	1.0	0.0	0.0	
37	28.0	0.0	1.0	0.0	0.0	1.0	1.0	0.0	
38	28.0	0.0	0.0	1.0	1.0	1.0	0.0	0.0	
39	30.0	0.0	0.0	0.0	1.0	1.0	1.0	0.0	
40	28.0	0.0	0.0	1.0	1.0	1.0	0.0	0.0	
41	28.0	0.0	1.0	0.0	0.0	1.0	1.0	0.0	
42	28.0	0.0	0.0	0.0	1.0	1.0	0.0	1.0	
43	30.0	0.0	0.0	0.0	1.0	1.0	1.0	0.0	
44	26.0	0.0	1.0	1.0	0.0	1.0	0.0	0.0	
45	30.0	0.0	0.0	0.0	1.0	1.0	1.0	0.0	
46	30.0	0.0	0.0	0.0	1.0	1.0	1.0	0.0	
47	28.0	0.0	1.0	0.0	0.0	1.0	1.0	0.0	
48	30.0	0.0	0.0	0.0	1.0	1.0	1.0	0.0	
49	30.0	0.0	0.0	0.0	1.0	1.0	1.0	0.0	
50	30.0	0.0	0.0	0.0	1.0	1.0	1.0	0.0	
51	28.0	0.0	0.0	1.0	1.0	1.0	0.0	0.0	
52	30.0	0.0	0.0	0.0	1.0	1.0	1.0	0.0	
53	30.0	0.0	0.0	0.0	1.0	1.0	1.0	0.0	
54	30.0	0.0	0.0	0.0	1.0	1.0	1.0	0.0	
55	30.0	0.0	0.0	0.0	1.0	1.0	1.0	0.0	
56	30.0	0.0	0.0	0.0	1.0	1.0	1.0	0.0	
57	28.0	0.0	0.0	0.0	1.0	0.0	1.0	0.0	
58	30.0	0.0	0.0	0.0	1.0	1.0	1.0	0.0	
59	26.0	1.0	0.0	0.0	0.0	0.0	1.0	0.0	
60	30.0	0.0	0.0	0.0	1.0	1.0	1.0	0.0	
61	28.0	1.0	0.0	0.0	0.0	1.0	1.0	0.0	
62	26.0	0.0	1.0	1.0	0.0	1.0	0.0	0.0	
63	26.0	0.0	1.0	1.0	0.0	1.0	0.0	0.0	
64	26.0	1.0	0.0	0.0	0.0	1.0	0.0	1.0	
65	28.0	0.0	0.0	1.0	1.0	1.0	0.0	0.0	
66	30.0	0.0	0.0	0.0	1.0	1.0	1.0	0.0	
67	30.0	0.0	0.0	0.0	1.0	1.0	1.0	0.0	
68	30.0	0.0	0.0	0.0	1.0	1.0	1.0	0.0	
69	26.0	1.0	0.0	1.0	0.0	1.0	0.0	0.0	
70	26.0	0.0	1.0	0.0	0.0	1.0	0.0	1.0	
71	28.0	0.0	0.0	1.0	1.0	1.0	0.0	0.0	
72	28.0	0.0	0.0	1.0	1.0	1.0	0.0	0.0	
73	30.0	0.0	0.0	0.0	1.0	1.0	1.0	0.0	
74	30.0	0.0	0.0	0.0	1.0	1.0	1.0	0.0	
75	26.0	1.0	0.0	1.0	0.0	1.0	0.0	0.0	
76	26.0	0.0	1.0	1.0	0.0	1.0	0.0	0.0	
77	26.0	0.0	1.0	1.0	0.0	1.0	0.0	0.0	
78	26.0	1.0	0.0	1.0	0.0	1.0	0.0	0.0	
79	28.0	0.0	0.0	1.0	1.0	1.0	0.0	0.0	
80	28.0	0.0	0.0	1.0	1.0	1.0	0.0	0.0	
81	30.0	0.0	0.0	0.0	1.0	1.0	1.0	0.0	
82	28.0	0.0	0.0	1.0	1.0	1.0	0.0	0.0	
83	26.0	0.0	1.0	1.0	0.0	1.0	0.0	0.0	
84	28.0	0.0	1.0	0.0	0.0	1.0	1.0	0.0	
85	28.0	1.0	0.0	0.0	0.0	1.0	1.0	0.0	
86	30.0	0.0	0.0	0.0	1.0	1.0	1.0	0.0	
87	30.0	0.0	0.0	0.0	1.0	1.0	1.0	0.0	
88	28.0	0.0	1.0	0.0	0.0	1.0	1.0	0.0	
89	28.0	0.0	1.0	0.0	0.0	1.0	1.0	0.0	
90	26.0	0.0	1.0	1.0	0.0	1.0	0.0	0.0	
91	30.0	0.0	0.0	0.0	1.0	1.0	1.0	0.0	
92	28.0	0.0	0.0	1.0	1.0	1.0	0.0	0.0	
93	30.0	0.0	0.0	0.0	1.0	1.0	1.0	0.0	
94	28.0	1.0	0.0	0.0	0.0	1.0	1.0	0.0	
95	28.0	0.0	0.0	1.0	1.0	1.0	0.0	0.0	
96	30.0	0.0	0.0	0.0	1.0	1.0	1.0	0.0	
97	30.0	0.0	0.0	0.0	1.0	1.0	1.0	0.0	
98	30.0	0.0	0.0	0.0	1.0	1.0	1.0	0.0	
99	26.0	1.0	0.0	0.0	0.0	1.0	0.0	1.0	
100	26.0	1.0	0.0	1.0	0.0	1.0	0.0	0.0	
101	26.0	0.0	1.0	1.0	0.0	1.0	0.0	0.0	
102	28.0	0.0	1.0	0.0	0.0	1.0	1.0	0.0	
103	30.0	0.0	0.0	0.0	1.0	1.0	1.0	0.0	
104	28.0	0.0	0.0	1.0	1.0	1.0	0.0	0.0	
105	30.0	0.0	0.0	0.0	1.0	1.0	1.0	0.0	
106	28.0	0.0	0.0	1.0	1.0	1.0	0.0	0.0	
107	26.0	1.0	0.0	1.0	0.0	1.0	0.0	0.0	
108	28.0	0.0	0.0	1.0	1.0	1.0	0.0	0.0	
109	26.0	0.0	1.0	1.0	0.0	1.0	0.0	0.0	
110	30.0	0.0	0.0	0.0	1.0	1.0	1.0	0.0	
111	30.0	0.0	0.0	0.0	1.0	1.0	1.0	0.0	
112	28.0	0.0	0.0	0.0	1.0	1.0	0.0	1.0	
113	28.0	0.0	0.0	1.0	1.0	1.0	0.0	0.0	
114	28.0	0.0	1.0	0.0	0.0	1.0	1.0	0.0	
115	28.0	0.0	0.0	0.0	1.0	1.0	0.0	1.0	
116	26.0	1.0	0.0	1.0	0.0	1.0	0.0	0.0	
117	28.0	0.0	0.0	1.0	1.0	1.0	0.0	0.0	
118	28.0	1.0	0.0	0.0	0.0	1.0	1.0	0.0	
119	28.0	0.0	1.0	0.0	0.0	1.0	1.0	0.0	
120	30.0	0.0	0.0	0.0	1.0	1.0	1.0	0.0	
121	26.0	0.0	1.0	1.0	0.0	1.0	0.0	0.0	
122	28.0	0.0	0.0	0.0	1.0	1.0	0.0	1.0	
123	30.0	0.0	0.0	0.0	1.0	1.0	1.0	0.0	
124	30.0	0.0	0.0	0.0	1.0	1.0	1.0	0.0	
125	28.0	0.0	1.0	0.0	0.0	1.0	1.0	0.0	
126	30.0	0.0	0.0	0.0	1.0	1.0	1.0	0.0	
127	28.0	1.0	0.0	0.0	0.0	1.0	1.0	0.0	
128	30.0	0.0	0.0	0.0	1.0	1.0	1.0	0.0	
129	28.0	1.0	0.0	0.0	0.0	1.0	1.0	0.0	
130	30.0	0.0	0.0	0.0	1.0	1.0	1.0	0.0	
131	30.0	0.0	0.0	0.0	1.0	1.0	1.0	0.0	
132	30.0	0.0	0.0	0.0	1.0	1.0	1.0	0.0	
133	26.0	0.0	1.0	1.0	0.0	1.0	0.0	0.0	
134	30.0	0.0	0.0	0.0	1.0	1.0	1.0	0.0	
135	30.0	0.0	0.0	0.0	1.0	1.0	1.0	0.0	
136	30.0	0.0	0.0	0.0	1.0	1.0	1.0	0.0	
137	26.0	1.0	0.0	1.0	0.0	1.0	0.0	0.0	
138	28.0	1.0	0.0	0.0	0.0	1.0	1.0	0.0	
139	28.0	0.0	0.0	0.0	1.0	1.0	0.0	1.0	
140	28.0	1.0	0.0	0.0	0.0	1.0	1.0	0.0	
141	28.0	0.0	1.0	0.0	0.0	1.0	1.0	0.0	
142	28.0	1.0	0.0	0.0	0.0	1.0	1.0	0.0	
143	28.0	0.0	0.0	1.0	1.0	1.0	0.0	0.0	
144	30.0	0.0	0.0	0.0	1.0	1.0	1.0	0.0	
145	28.0	1.0	0.0	0.0	0.0	1.0	1.0	0.0	
146	26.0	0.0	1.0	1.0	0.0	1.0	0.0	0.0	
147	26.0	0.0	1.0	1.0	0.0	1.0	0.0	0.0	
148	28.0	1.0	0.0	0.0	0.0	1.0	1.0	0.0	
149	28.0	0.0	0.0	1.0	1.0	1.0	0.0	0.0	
150	28.0	0.0	1.0	0.0	0.0	1.0	1.0	0.0	
151	28.0	0.0	0.0	0.0	1.0	1.0	0.0	1.0	
152	28.0	0.0	1.0	0.0	0.0	1.0	1.0	0.0	
153	26.0	0.0	1.0	1.0	0.0	1.0	0.0	0.0	
154	28.0	0.0	1.0	0.0	0.0	1.0	1.0	0.0	
155	30.0	0.0	0.0	0.0	1.0	1.0	1.0	0.0	
156	30.0	0.0	0.0	0.0	1.0	1.0	1.0	0.0	
157	26.0	0.0	1.0	1.0	0.0	1.0	0.0	0.0	
158	26.0	0.0	1.0	1.0	0.0	1.0	0.0	0.0	
159	26.0	0.0	1.0	1.0	0.0	1.0	0.0	0.0	
160	30.0	0.0	0.0	0.0	1.0	1.0	1.0	0.0	
161	26.0	0.0	1.0	1.0	0.0	1.0	0.0	0.0	
162	28.0	0.0	0.0	1.0	1.0	1.0	0.0	0.0	
163	28.0	0.0	0.0	1.0	1.0	1.0	0.0	0.0	
164	28.0	0.0	0.0	0.0	1.0	1.0	0.0	1.0	
165	28.0	0.0	1.0	0.0	0.0	1.0	1.0	0.0	
166	28.0	0.0	0.0	1.0	1.0	1.0	0.0	0.0	
167	26.0	0.0	1.0	1.0	0.0	1.0	0.0	0.0	
168	30.0	0.0	0.0	0.0	1.0	1.0	1.0	0.0	
169	26.0	0.0	1.0	1.0	0.0	1.0	0.0	0.0	
170	28.0	0.0	0.0	1.0	1.0	1.0	0.0	0.0	
171	30.0	0.0	0.0	0.0	1.0	1.0	1.0	0.0	
172	30.0	0.0	0.0	0.0	1.0	1.0	1.0	0.0	
173	28.0	1.0	0.0	0.0	0.0	1.0	1.0	0.0	
174	30.0	0.0	0.0	0.0	1.0	1.0	1.0	0.0	
175	26.0	0.0	1.0	1.0	0.0	1.0	0.0	0.0	
176	28.0	0.0	0.0	0.0	1.0	1.0	0.0	1.0	
177	28.0	1.0	0.0	0.0	0.0	1.0	1.0	0.0	
178	30.0	0.0	0.0	0.0	1.0	1.0	1.0	0.0	
179	28.0	0.0	0.0	0.0	1.0	1.0	0.0	1.0	
180	30.0	0.0	0.0	0.0	1.0	1.0	1.0	0.0	
181	30.0	0.0	0.0	0.0	1.0	1.0	1.0	0.0	
182	28.0	0.0	0.0	0.0	1.0	1.0	0.0	1.0	
183	28.0	0.0	1.0	0.0	0.0	1.0	1.0	0.0	
184	28.0	0.0	1.0	0.0	0.0	1.0	1.0	0.0	
185	30.0	0.0	0.0	0.0	1.0	1.0	1.0	0.0	
186	28.0	1.0	0.0	0.0	0.0	1.0	1.0	0.0	
187	26.0	0.0	1.0	0.0	0.0	1.0	0.0	1.0	
188	28.0	0.0	0.0	0.0	1.0	1.0	0.0	1.0	
189	28.0	0.0	0.0	0.0	1.0	1.0	0.0	1.0	
190	28.0	0.0	0.0	0.0	1.0	1.0	0.0	1.0	
191	30.0	0.0	0.0	0.0	1.0	1.0	1.0	0.0	
192	26.0	0.0	1.0	0.0	0.0	1.0	0.0	1.0	
193	30.0	0.0	0.0	0.0	1.0	1.0	1.0	0.0	
194	26.0	0.0	1.0	1.0	0.0	1.0	0.0	0.0	
195	28.0	0.0	0.0	1.0	1.0	1.0	0.0	0.0	
196	28.0	0.0	0.0	1.0	1.0	1.0	0.0	0.0	
197	26.0	0.0	1.0	1.0	0.0	1.0	0.0	0.0	
198	30.0	0.0	0.0	0.0	1.0	1.0	1.0	0.0	
199	30.0	0.0	0.0	0.0	1.0	1.0	1.0	0.0	
200	26.0	0.0	1.0	0.0	0.0	1.0	0.0	1.0	
201	30.0	0.0	0.0	0.0	1.0	1.0	1.0	0.0	
202	28.0	0.0	1.0	0.0	0.0	1.0	1.0	0.0	
203	26.0	0.0	1.0	1.0	0.0	1.0	0.0	0.0	
204	28.0	1.0	0.0	0.0	0.0	1.0	1.0	0.0	
205	28.0	0.0	0.0	1.0	1.0	1.0	0.0	0.0	
206	26.0	0.0	1.0	1.0	0.0	1.0	0.0	0.0	
207	30.0	0.0	0.0	0.0	1.0	1.0	1.0	0.0	
208	30.0	0.0	0.0	0.0	1.0	1.0	1.0	0.0	
209	30.0	0.0	0.0	0.0	1.0	1.0	1.0	0.0	
210	26.0	0.0	1.0	1.0	0.0	1.0	0.0	0.0	
211	30.0	0.0	0.0	0.0	1.0	1.0	1.0	0.0	
212	26.0	0.0	1.0	0.0	0.0	1.0	0.0	1.0	
213	28.0	0.0	1.0	0.0	0.0	1.0	1.0	0.0	
214	28.0	0.0	0.0	1.0	1.0	1.0	0.0	0.0	
215	30.0	0.0	0.0	0.0	1.0	1.0	1.0	0.0	
216	30.0	0.0	0.0	0.0	1.0	1.0	1.0	0.0	
217	30.0	0.0	0.0	0.0	1.0	1.0	1.0	0.0	
218	28.0	0.0	1.0	0.0	0.0	1.0	1.0	0.0	
219	28.0	0.0	0.0	0.0	1.0	1.0	0.0	1.0	
220	26.0	1.0	0.0	1.0	0.0	1.0	0.0	0.0	
221	26.0	0.0	1.0	1.0	0.0	1.0	0.0	0.0	
222	30.0	0.0	0.0	0.0	1.0	1.0	1.0	0.0	
223	28.0	0.0	0.0	0.0	1.0	1.0	0.0	1.0	
224	28.0	0.0	1.0	0.0	0.0	1.0	1.0	0.0	
225	28.0	0.0	0.0	0.0	1.0	1.0	0.0	1.0	
226	26.0	0.0	1.0	1.0	0.0	1.0	0.0	0.0	
227	28.0	1.0	0.0	0.0	0.0	1.0	1.0	0.0	
228	26.0	0.0	1.0	0.0	0.0	1.0	0.0	1.0	
229	28.0	0.0	0.0	0.0	1.0	1.0	0.0	1.0	
230	28.0	0.0	0.0	1.0	1.0	1.0	0.0	0.0	
231	28.0	1.0	0.0	0.0	0.0	1.0	1.0	0.0	
232	28.0	0.0	0.0	1.0	1.0	1.0	0.0	0.0	
233	28.0	0.0	0.0	1.0	1.0	1.0	0.0	0.0	
234	30.0	0.0	0.0	0.0	1.0	1.0	1.0	0.0	
235	26.0	0.0	1.0	0.0	0.0	1.0	0.0	1.0	
236	28.0	0.0	0.0	1.0	1.0	1.0	0.0	0.0	
237	28.0	0.0	0.0	1.0	1.0	1.0	0.0	0.0	
238	30.0	0.0	0.0	0.0	1.0	1.0	1.0	0.0	
239	30.0	0.0	0.0	0.0	1.0	1.0	1.0	0.0	
240	30.0	0.0	0.0	0.0	1.0	1.0	1.0	0.0	
241	28.0	0.0	0.0	0.0	1.0	1.0	0.0	1.0	
242	26.0	1.0	0.0	0.0	0.0	1.0	0.0	1.0	
243	28.0	0.0	1.0	0.0	0.0	1.0	1.0	0.0	
244	30.0	0.0	0.0	0.0	1.0	1.0	1.0	0.0	
245	28.0	0.0	0.0	1.0	1.0	1.0	0.0	0.0	
246	28.0	1.0	0.0	0.0	0.0	1.0	1.0	0.0	
247	26.0	0.0	1.0	1.0	0.0	1.0	0.0	0.0	
248	28.0	0.0	0.0	1.0	1.0	1.0	0.0	0.0	
249	28.0	0.0	1.0	0.0	0.0	1.0	1.0	0.0	
250	28.0	0.0	1.0	0.0	0.0	1.0	1.0	0.0	
251	30.0	0.0	0.0	0.0	1.0	1.0	1.0	0.0	
252	28.0	0.0	0.0	1.0	1.0	1.0	0.0	0.0	
253	28.0	0.0	0.0	0.0	1.0	1.0	0.0	1.0	
254	26.0	0.0	1.0	1.0	0.0	1.0	0.0	0.0	
255	28.0	0.0	0.0	1.0	1.0	1.0	0.0	0.0	
256	28.0	0.0	0.0	1.0	1.0	1.0	0.0	0.0	
257	30.0	0.0	0.0	0.0	1.0	1.0	1.0	0.0	
258	30.0	0.0	0.0	0.0	1.0	1.0	1.0	0.0	
259	26.0	0.0	1.0	1.0	0.0	1.0	0.0	0.0	
260	28.0	0.0	0.0	0.0	1.0	1.0	0.0	1.0	
261	28.0	0.0	0.0	1.0	1.0	1.0	0.0	0.0	
262	30.0	0.0	0.0	0.0	1.0	1.0	1.0	0.0	
263	28.0	0.0	1.0	0.0	0.0	1.0	1.0	0.0	
264	26.0	0.0	1.0	1.0	0.0	1.0	0.0	0.0	
265	30.0	0.0	0.0	0.0	1.0	1.0	1.0	0.0	
266	26.0	0.0	1.0	1.0	0.0	1.0	0.0	0.0	
267	28.0	0.0	0.0	0.0	1.0	1.0	0.0	1.0	
268	30.0	0.0	0.0	0.0	1.0	1.0	1.0	0.0	
269	30.0	0.0	0.0	0.0	1.0	1.0	1.0	0.0	
270	28.0	0.0	1.0	0.0	0.0	1.0	1.0	0.0	
271	28.0	0.0	0.0	0.0	1.0	1.0	0.0	1.0	
272	28.0	0.0	0.0	1.0	1.0	1.0	0.0	0.0	
273	30.0	0.0	0.0	0.0	1.0	1.0	1.0	0.0	
274	28.0	0.0	0.0	1.0	1.0	1.0	0.0	0.0	
275	30.0	0.0	0.0	0.0	1.0	1.0	1.0	0.0	
276	28.0	0.0	0.0	1.0	1.0	1.0	0.0	0.0	
277	28.0	0.0	1.0	0.0	0.0	1.0	1.0	0.0	
278	28.0	0.0	0.0	1.0	1.0	1.0	0.0	0.0	
279	30.0	0.0	0.0	0.0	1.0	1.0	1.0	0.0	
280	30.0	0.0	0.0	0.0	1.0	1.0	1.0	0.0	
281	28.0	0.0	1.0	0.0	0.0	1.0	1.0	0.0	
282	30.0	0.0	0.0	0.0	1.0	1.0	1.0	0.0	
283	28.0	0.0	1.0	0.0	0.0	1.0	1.0	0.0	
284	28.0	0.0	1.0	0.0	0.0	1.0	1.0	0.0	
285	28.0	1.0	0.0	0.0	0.0	1.0	1.0	0.0	
286	28.0	0.0	1.0	0.0	0.0	1.0	1.0	0.0	
287	28.0	0.0	0.0	1.0	1.0	1.0	0.0	0.0	
288	28.0	0.0	1.0	0.0	0.0	1.0	1.0	0.0	
289	28.0	0.0	1.0	0.0	0.0	1.0	1.0	0.0	
290	28.0	0.0	0.0	1.0	1.0	1.0	0.0	0.0	
291	26.0	0.0	1.0	1.0	0.0	1.0	0.0	0.0	
292	28.0	0.0	0.0	1.0	1.0	1.0	0.0	0.0	
293	26.0	0.0	1.0	0.0	0.0	1.0	0.0	1.0	
294	26.0	0.0	1.0	1.0	0.0	1.0	0.0	0.0	
295	30.0	0.0	0.0	0.0	1.0	1.0	1.0	0.0	
296	28.0	0.0	1.0	0.0	0.0	1.0	1.0	0.0	
297	28.0	0.0	0.0	1.0	1.0	1.0	0.0	0.0	
298	30.0	0.0	0.0	0.0	1.0	1.0	1.0	0.0	
299	30.0	0.0	0.0	0.0	1.0	1.0	1.0	0.0	
300	30.0	0.0	0.0	0.0	1.0	1.0	1.0	0.0	
301	26.0	1.0	0.0	1.0	0.0	1.0	0.0	0.0	
302	28.0	0.0	0.0	1.0	1.0	1.0	0.0	0.0	
303	26.0	0.0	1.0	1.0	0.0	1.0	0.0	0.0	
304	30.0	0.0	0.0	0.0	1.0	1.0	1.0	0.0	
305	30.0	0.0	0.0	0.0	1.0	1.0	1.0	0.0	
306	28.0	0.0	0.0	1.0	1.0	1.0	0.0	0.0	
307	28.0	0.0	1.0	0.0	0.0	1.0	1.0	0.0	
308	26.0	0.0	1.0	1.0	0.0	1.0	0.0	0.0	
309	28.0	0.0	0.0	1.0	1.0	1.0	0.0	0.0	
310	30.0	0.0	0.0	0.0	1.0	1.0	1.0	0.0	
311	30.0	0.0	0.0	0.0	1.0	1.0	1.0	0.0	
312	28.0	0.0	0.0	1.0	1.0	1.0	0.0	0.0	
313	28.0	0.0	1.0	0.0	0.0	1.0	1.0	0.0	
314	28.0	0.0	0.0	1.0	1.0	1.0	0.0	0.0	
315	28.0	0.0	0.0	1.0	1.0	1.0	0.0	0.0	
316	30.0	0.0	0.0	0.0	1.0	1.0	1.0	0.0	
317	26.0	0.0	1.0	1.0	0.0	1.0	0.0	0.0	
318	30.0	0.0	0.0	0.0	1.0	1.0	1.0	0.0	
319	30.0	0.0	0.0	0.0	1.0	1.0	1.0	0.0	
320	30.0	0.0	0.0	0.0	1.0	1.0	1.0	0.0	
321	28.0	0.0	0.0	1.0	1.0	1.0	0.0	0.0	
322	28.0	0.0	0.0	1.0	1.0	1.0	0.0	0.0	
323	30.0	0.0	0.0	0.0	1.0	1.0	1.0	0.0	
324	28.0	0.0	1.0	0.0	0.0	1.0	1.0	0.0	
325	30.0	0.0	0.0	0.0	1.0	1.0	1.0	0.0	
326	28.0	0.0	0.0	0.0	1.0	0.0	1.0	0.0	
327	30.0	0.0	0.0	0.0	1.0	1.0	1.0	0.0	
328	28.0	1.0	0.0	0.0	0.0	1.0	1.0	0.0	
329	30.0	0.0	0.0	0.0	1.0	1.0	1.0	0.0	
330	30.0	0.0	0.0	0.0	1.0	1.0	1.0	0.0	
331	28.0	0.0	0.0	1.0	1.0	1.0	0.0	0.0	
332	30.0	0.0	0.0	0.0	1.0	1.0	1.0	0.0	
333	30.0	0.0	0.0	0.0	1.0	1.0	1.0	0.0	
334	28.0	0.0	0.0	1.0	1.0	1.0	0.0	0.0	
335	28.0	0.0	0.0	1.0	1.0	1.0	0.0	0.0	
336	28.0	0.0	0.0	1.0	1.0	1.0	0.0	0.0	
337	30.0	0.0	0.0	0.0	1.0	1.0	1.0	0.0	
338	30.0	0.0	0.0	0.0	1.0	1.0	1.0	0.0	
339	30.0	0.0	0.0	0.0	1.0	1.0	1.0	0.0	
340	30.0	0.0	0.0	0.0	1.0	1.0	1.0	0.0	
341	30.0	0.0	0.0	0.0	1.0	1.0	1.0	0.0	
342	26.0	1.0	0.0	1.0	0.0	1.0	0.0	0.0	
343	30.0	0.0	0.0	0.0	1.0	1.0	1.0	0.0	
344	28.0	0.0	0.0	1.0	1.0	1.0	0.0	0.0	
345	26.0	0.0	1.0	1.0	0.0	1.0	0.0	0.0	
346	30.0	0.0	0.0	0.0	1.0	1.0	1.0	0.0	
347	28.0	0.0	1.0	0.0	0.0	1.0	1.0	0.0	
348	28.0	0.0	0.0	0.0	1.0	1.0	0.0	1.0	
349	28.0	0.0	0.0	1.0	1.0	1.0	0.0	0.0	
350	28.0	0.0	0.0	1.0	1.0	1.0	0.0	0.0	
351	28.0	0.0	0.0	1.0	1.0	1.0	0.0	0.0	
352	28.0	0.0	0.0	1.0	1.0	1.0	0.0	0.0	
353	30.0	0.0	0.0	0.0	1.0	1.0	1.0	0.0	
354	28.0	0.0	1.0	0.0	0.0	1.0	1.0	0.0	
355	28.0	0.0	0.0	1.0	1.0	1.0	0.0	0.0	
356	28.0	0.0	0.0	1.0	1.0	1.0	0.0	0.0	
357	30.0	0.0	0.0	0.0	1.0	1.0	1.0	0.0	
358	30.0	0.0	0.0	0.0	1.0	1.0	1.0	0.0	
359	28.0	0.0	0.0	1.0	1.0	1.0	0.0	0.0	
360	30.0	0.0	0.0	0.0	1.0	1.0	1.0	0.0	
361	30.0	0.0	0.0	0.0	1.0	1.0	1.0	0.0	
362	28.0	0.0	0.0	1.0	1.0	1.0	0.0	0.0	
363	28.0	0.0	0.0	1.0	1.0	1.0	0.0	0.0	
364	26.0	0.0	1.0	1.0	0.0	1.0	0.0	0.0	
365	28.0	0.0	1.0	0.0	0.0	1.0	1.0	0.0	
366	28.0	0.0	0.0	1.0	1.0	1.0	0.0	0.0	
367	28.0	0.0	0.0	1.0	1.0	1.0	0.0	0.0	
368	26.0	0.0	1.0	1.0	0.0	1.0	0.0	0.0	
369	28.0	0.0	1.0	0.0	0.0	1.0	1.0	0.0	
370	28.0	1.0	0.0	0.0	0.0	1.0	1.0	0.0	
371	30.0	0.0	0.0	0.0	1.0	1.0	1.0	0.0	
372	30.0	0.0	0.0	0.0	1.0	1.0	1.0	0.0	
373	28.0	0.0	0.0	1.0	1.0	1.0	0.0	0.0	
374	28.0	0.0	0.0	1.0	1.0	1.0	0.0	0.0	
375	26.0	0.0	1.0	0.0	0.0	1.0	0.0	1.0	
376	28.0	0.0	0.0	0.0	1.0	1.0	0.0	1.0	
377	28.0	0.0	1.0	0.0	0.0	1.0	1.0	0.0	
378	28.0	0.0	1.0	0.0	0.0	1.0	1.0	0.0	
379	30.0	0.0	0.0	0.0	1.0	1.0	1.0	0.0	
380	28.0	0.0	0.0	0.0	1.0	1.0	0.0	1.0	
381	30.0	0.0	0.0	0.0	1.0	1.0	1.0	0.0	
382	26.0	0.0	1.0	1.0	0.0	1.0	0.0	0.0	
383	28.0	0.0	0.0	1.0	1.0	1.0	0.0	0.0	
384	30.0	0.0	0.0	0.0	1.0	1.0	1.0	0.0	
385	30.0	0.0	0.0	0.0	1.0	1.0	1.0	0.0	
386	30.0	0.0	0.0	0.0	1.0	1.0	1.0	0.0	
387	30.0	0.0	0.0	0.0	1.0	1.0	1.0	0.0	
388	26.0	0.0	1.0	1.0	0.0	1.0	0.0	0.0	
389	28.0	0.0	1.0	0.0	0.0	1.0	1.0	0.0	
390	30.0	0.0	0.0	0.0	1.0	1.0	1.0	0.0	
391	26.0	1.0	0.0	0.0	0.0	1.0	0.0	1.0	
392	28.0	0.0	0.0	1.0	1.0	1.0	0.0	0.0	
393	28.0	0.0	1.0	0.0	0.0	1.0	1.0	0.0	
394	28.0	0.0	0.0	0.0	1.0	1.0	0.0	1.0	
395	26.0	0.0	1.0	1.0	0.0	1.0	0.0	0.0	
396	28.0	0.0	0.0	1.0	1.0	1.0	0.0	0.0	
397	30.0	0.0	0.0	0.0	1.0	1.0	1.0	0.0	
398	30.0	0.0	0.0	0.0	1.0	1.0	1.0	0.0	
399	28.0	0.0	0.0	1.0	1.0	1.0	0.0	0.0	
400	28.0	0.0	1.0	0.0	0.0	1.0	1.0	0.0	
401	30.0	0.0	0.0	0.0	1.0	1.0	1.0	0.0	
402	26.0	0.0	1.0	1.0	0.0	1.0	0.0	0.0	
403	26.0	0.0	1.0	1.0	0.0	1.0	0.0	0.0	
404	26.0	1.0	0.0	1.0	0.0	1.0	0.0	0.0	
405	26.0	0.0	1.0	1.0	0.0	1.0	0.0	0.0	
406	30.0	0.0	0.0	0.0	1.0	1.0	1.0	0.0	
407	30.0	0.0	0.0	0.0	1.0	1.0	1.0	0.0	
408	28.0	0.0	0.0	1.0	1.0	1.0	0.0	0.0	
409	28.0	0.0	0.0	1.0	1.0	1.0	0.0	0.0	
410	28.0	0.0	0.0	1.0	1.0	1.0	0.0	0.0	
411	26.0	0.0	1.0	1.0	0.0	1.0	0.0	0.0	
412	26.0	1.0	0.0	1.0	0.0	1.0	0.0	0.0	
413	30.0	0.0	0.0	0.0	1.0	1.0	1.0	0.0	
414	30.0	0.0	0.0	0.0	1.0	1.0	1.0	0.0	
415	28.0	0.0	1.0	0.0	0.0	1.0	1.0	0.0	
416	30.0	0.0	0.0	0.0	1.0	1.0	1.0	0.0	
417	26.0	0.0	1.0	1.0	0.0	1.0	0.0	0.0	
418	28.0	0.0	0.0	0.0	1.0	1.0	0.0	1.0	
419	30.0	0.0	0.0	0.0	1.0	1.0	1.0	0.0	
420	28.0	1.0	0.0	0.0	0.0	1.0	1.0	0.0	
421	30.0	0.0	0.0	0.0	1.0	1.0	1.0	0.0	
422	28.0	0.0	1.0	0.0	0.0	1.0	1.0	0.0	
423	30.0	0.0	0.0	0.0	1.0	1.0	1.0	0.0	
424	28.0	1.0	0.0	0.0	0.0	1.0	1.0	0.0	
425	28.0	0.0	1.0	0.0	0.0	1.0	1.0	0.0	
426	30.0	0.0	0.0	0.0	1.0	1.0	1.0	0.0	
427	28.0	0.0	0.0	1.0	1.0	1.0	0.0	0.0	
428	26.0	0.0	1.0	1.0	0.0	1.0	0.0	0.0	
429	26.0	0.0	1.0	1.0	0.0	1.0	0.0	0.0	
430	28.0	0.0	0.0	0.0	1.0	1.0	0.0	1.0	
431	26.0	0.0	1.0	0.0	0.0	1.0	0.0	1.0	
432	26.0	0.0	1.0	1.0	0.0	1.0	0.0	0.0	
433	28.0	0.0	1.0	0.0	0.0	1.0	1.0	0.0	
434	28.0	0.0	0.0	1.0	1.0	1.0	0.0	0.0	
435	26.0	1.0	0.0	1.0	0.0	1.0	0.0	0.0	
436	26.0	0.0	1.0	1.0	0.0	1.0	0.0	0.0	
437	28.0	0.0	0.0	1.0	1.0	1.0	0.0	0.0	
438	30.0	0.0	0.0	0.0	1.0	1.0	1.0	0.0	
439	28.0	0.0	0.0	0.0	1.0	1.0	0.0	1.0	
440	28.0	0.0	0.0	1.0	1.0	1.0	0.0	0.0	
441	30.0	0.0	0.0	0.0	1.0	1.0	1.0	0.0	
442	28.0	0.0	0.0	1.0	1.0	1.0	0.0	0.0	
443	30.0	0.0	0.0	0.0	1.0	1.0	1.0	0.0	
444	30.0	0.0	0.0	0.0	1.0	1.0	1.0	0.0	
445	30.0	0.0	0.0	0.0	1.0	1.0	1.0	0.0	
446	28.0	1.0	0.0	0.0	0.0	1.0	1.0	0.0	
447	30.0	0.0	0.0	0.0	1.0	1.0	1.0	0.0	
448	26.0	0.0	1.0	0.0	0.0	1.0	0.0	1.0	
449	30.0	0.0	0.0	0.0	1.0	1.0	1.0	0.0	
450	30.0	0.0	0.0	0.0	1.0	1.0	1.0	0.0	
451	30.0	0.0	0.0	0.0	1.0	1.0	1.0	0.0	
452	28.0	0.0	0.0	0.0	1.0	1.0	0.0	1.0	
453	26.0	1.0	0.0	1.0	0.0	1.0	0.0	0.0	
454	28.0	0.0	1.0	0.0	0.0	1.0	1.0	0.0	
455	30.0	0.0	0.0	0.0	1.0	1.0	1.0	0.0	
456	30.0	0.0	0.0	0.0	1.0	1.0	1.0	0.0	
457	30.0	0.0	0.0	0.0	1.0	1.0	1.0	0.0	
458	30.0	0.0	0.0	0.0	1.0	1.0	1.0	0.0	
459	30.0	0.0	0.0	0.0	1.0	1.0	1.0	0.0	
460	30.0	0.0	0.0	0.0	1.0	1.0	1.0	0.0	
461	26.0	0.0	1.0	0.0	0.0	0.0	1.0	0.0	
462	28.0	0.0	1.0	0.0	0.0	1.0	1.0	0.0	
463	30.0	0.0	0.0	0.0	1.0	1.0	1.0	0.0	
464	30.0	0.0	0.0	0.0	1.0	1.0	1.0	0.0	
465	28.0	0.0	0.0	1.0	1.0	1.0	0.0	0.0	
466	28.0	0.0	0.0	1.0	1.0	1.0	0.0	0.0	
467	30.0	0.0	0.0	0.0	1.0	1.0	1.0	0.0	
468	28.0	0.0	1.0	0.0	0.0	1.0	1.0	0.0	
469	28.0	0.0	0.0	0.0	1.0	1.0	0.0	1.0	
470	30.0	0.0	0.0	0.0	1.0	1.0	1.0	0.0	
471	28.0	0.0	1.0	0.0	0.0	1.0	1.0	0.0	
472	28.0	0.0	1.0	0.0	0.0	1.0	1.0	0.0	
473	30.0	0.0	0.0	0.0	1.0	1.0	1.0	0.0	
474	28.0	0.0	0.0	1.0	1.0	1.0	0.0	0.0	
475	28.0	0.0	1.0	0.0	0.0	1.0	1.0	0.0	
476	30.0	0.0	0.0	0.0	1.0	1.0	1.0	0.0	
477	28.0	0.0	0.0	1.0	1.0	1.0	0.0	0.0	
478	28.0	0.0	0.0	0.0	1.0	1.0	0.0	1.0	
479	30.0	0.0	0.0	0.0	1.0	1.0	1.0	0.0	
480	28.0	0.0	1.0	0.0	0.0	1.0	1.0	0.0	
481	28.0	0.0	1.0	0.0	0.0	1.0	1.0	0.0	
482	28.0	0.0	0.0	0.0	1.0	1.0	0.0	1.0	
483	28.0	0.0	0.0	1.0	1.0	1.0	0.0	0.0	
484	26.0	0.0	1.0	1.0	0.0	1.0	0.0	0.0	
485	28.0	1.0	0.0	0.0	0.0	1.0	1.0	0.0	
486	30.0	0.0	0.0	0.0	1.0	1.0	1.0	0.0	
487	30.0	0.0	0.0	0.0	1.0	1.0	1.0	0.0	
488	28.0	0.0	1.0	0.0	0.0	1.0	1.0	0.0	
489	26.0	1.0	0.0	1.0	0.0	1.0	0.0	0.0	
490	30.0	0.0	0.0	0.0	1.0	1.0	1.0	0.0	
491	30.0	0.0	0.0	0.0	1.0	1.0	1.0	0.0	
492	26.0	0.0	1.0	1.0	0.0	1.0	0.0	0.0	
493	28.0	0.0	0.0	1.0	1.0	1.0	0.0	0.0	
494	30.0	0.0	0.0	0.0	1.0	1.0	1.0	0.0	
495	30.0	0.0	0.0	0.0	1.0	1.0	1.0	0.0	
496	28.0	0.0	0.0	0.0	1.0	1.0	0.0	1.0	
497	28.0	0.0	0.0	1.0	1.0	1.0	0.0	0.0	
498	28.0	0.0	0.0	1.0	1.0	1.0	0.0	0.0	
499	30.0	0.0	0.0	0.0	1.0	1.0	1.0	0.0	
500	26.0	1.0	0.0	0.0	0.0	1.0	0.0	1.0	
501	28.0	0.0	0.0	1.0	1.0	1.0	0.0	0.0	
502	26.0	0.0	1.0	1.0	0.0	1.0	0.0	0.0	
503	28.0	0.0	1.0	0.0	0.0	1.0	1.0	0.0	
504	30.0	0.0	0.0	0.0	1.0	1.0	1.0	0.0	
505	26.0	0.0	1.0	1.0	0.0	1.0	0.0	0.0	
506	28.0	0.0	0.0	1.0	1.0	1.0	0.0	0.0	
507	28.0	0.0	1.0	0.0	0.0	1.0	1.0	0.0	
508	30.0	0.0	0.0	0.0	1.0	1.0	1.0	0.0	
509	28.0	0.0	1.0	0.0	0.0	1.0	1.0	0.0	
510	30.0	0.0	0.0	0.0	1.0	1.0	1.0	0.0	
511	30.0	0.0	0.0	0.0	1.0	1.0	1.0	0.0	
512	28.0	1.0	0.0	0.0	0.0	1.0	1.0	0.0	
513	28.0	0.0	1.0	0.0	0.0	1.0	1.0	0.0	
514	30.0	0.0	0.0	0.0	1.0	1.0	1.0	0.0	
515	28.0	0.0	1.0	0.0	0.0	1.0	1.0	0.0	
516	26.0	1.0	0.0	1.0	0.0	1.0	0.0	0.0	
517	26.0	0.0	1.0	1.0	0.0	1.0	0.0	0.0	
518	28.0	1.0	0.0	0.0	0.0	1.0	1.0	0.0	
519	28.0	0.0	0.0	0.0	1.0	1.0	0.0	1.0	
520	28.0	0.0	0.0	1.0	1.0	1.0	0.0	0.0	
521	28.0	1.0	0.0	0.0	0.0	1.0	1.0	0.0	
522	28.0	0.0	0.0	0.0	1.0	1.0	0.0	1.0	
523	28.0	0.0	0.0	1.0	1.0	1.0	0.0	0.0	
524	28.0	0.0	0.0	0.0	1.0	1.0	0.0	1.0	
525	26.0	0.0	1.0	1.0	0.0	1.0	0.0	0.0	
526	28.0	0.0	0.0	1.0	1.0	1.0	0.0	0.0	
527	30.0	0.0	0.0	0.0	1.0	1.0	1.0	0.0	
528	30.0	0.0	0.0	0.0	1.0	1.0	1.0	0.0	
529	28.0	0.0	1.0	0.0	0.0	1.0	1.0	0.0	
530	30.0	0.0	0.0	0.0	1.0	1.0	1.0	0.0	
531	30.0	0.0	0.0	0.0	1.0	1.0	1.0	0.0	
532	30.0	0.0	0.0	0.0	1.0	1.0	1.0	0.0	
533	30.0	0.0	0.0	0.0	1.0	1.0	1.0	0.0	
534	28.0	0.0	0.0	1.0	1.0	1.0	0.0	0.0	
535	28.0	0.0	0.0	0.0	1.0	1.0	0.0	1.0	
536	28.0	1.0	0.0	0.0	0.0	1.0	1.0	0.0	
537	28.0	0.0	0.0	1.0	1.0	1.0	0.0	0.0	
538	28.0	0.0	1.0	0.0	0.0	1.0	1.0	0.0	
539	28.0	1.0	0.0	0.0	0.0	1.0	1.0	0.0	
540	28.0	0.0	0.0	1.0	1.0	1.0	0.0	0.0	
541	30.0	0.0	0.0	0.0	1.0	1.0	1.0	0.0	
542	28.0	0.0	0.0	1.0	1.0	1.0	0.0	0.0	
543	28.0	0.0	1.0	0.0	0.0	1.0	1.0	0.0	
544	30.0	0.0	0.0	0.0	1.0	1.0	1.0	0.0	
545	30.0	0.0	0.0	0.0	1.0	1.0	1.0	0.0	
546	28.0	0.0	0.0	1.0	1.0	1.0	0.0	0.0	
547	26.0	0.0	1.0	1.0	0.0	1.0	0.0	0.0	
548	28.0	0.0	0.0	1.0	1.0	1.0	0.0	0.0	
549	28.0	0.0	1.0	0.0	0.0	1.0	1.0	0.0	
550	30.0	0.0	0.0	0.0	1.0	1.0	1.0	0.0	
551	26.0	0.0	1.0	0.0	0.0	1.0	0.0	1.0	
552	26.0	0.0	1.0	1.0	0.0	1.0	0.0	0.0	
553	28.0	0.0	0.0	1.0	1.0	1.0	0.0	0.0	
554	26.0	1.0	0.0	1.0	0.0	1.0	0.0	0.0	
555	28.0	1.0	0.0	0.0	0.0	1.0	1.0	0.0	
556	28.0	0.0	1.0	0.0	0.0	1.0	1.0	0.0	
557	28.0	0.0	1.0	0.0	0.0	1.0	1.0	0.0	
558	28.0	0.0	0.0	1.0	1.0	1.0	0.0	0.0	
559	28.0	0.0	1.0	0.0	0.0	1.0	1.0	0.0	
560	28.0	1.0	0.0	0.0	0.0	1.0	1.0	0.0	
561	28.0	0.0	1.0	0.0	0.0	1.0	1.0	0.0	
562	26.0	0.0	1.0	1.0	0.0	1.0	0.0	0.0	
563	26.0	0.0	1.0	1.0	0.0	1.0	0.0	0.0	
564	28.0	1.0	0.0	0.0	0.0	1.0	1.0	0.0	
565	26.0	0.0	1.0	1.0	0.0	1.0	0.0	0.0	
566	30.0	0.0	0.0	0.0	1.0	1.0	1.0	0.0	
567	28.0	0.0	0.0	1.0	1.0	1.0	0.0	0.0	
568	28.0	0.0	0.0	1.0	1.0	1.0	0.0	0.0	
569	30.0	0.0	0.0	0.0	1.0	1.0	1.0	0.0	
570	28.0	0.0	1.0	0.0	0.0	1.0	1.0	0.0	
571	28.0	0.0	0.0	1.0	1.0	1.0	0.0	0.0	
572	26.0	0.0	1.0	1.0	0.0	1.0	0.0	0.0	
573	28.0	0.0	0.0	1.0	1.0	1.0	0.0	0.0	
574	28.0	0.0	0.0	0.0	1.0	1.0	0.0	1.0	
575	28.0	0.0	0.0	1.0	1.0	1.0	0.0	0.0	
576	30.0	0.0	0.0	0.0	1.0	1.0	1.0	0.0	
577	30.0	0.0	0.0	0.0	1.0	1.0	1.0	0.0	
578	30.0	0.0	0.0	0.0	1.0	1.0	1.0	0.0	
579	30.0	0.0	0.0	0.0	1.0	1.0	1.0	0.0	
580	28.0	0.0	0.0	1.0	1.0	1.0	0.0	0.0	
581	28.0	0.0	1.0	0.0	0.0	1.0	1.0	0.0	
582	28.0	0.0	0.0	1.0	1.0	1.0	0.0	0.0	
583	28.0	0.0	1.0	0.0	0.0	1.0	1.0	0.0	
584	30.0	0.0	0.0	0.0	1.0	1.0	1.0	0.0	
585	28.0	0.0	0.0	1.0	1.0	1.0	0.0	0.0	
586	26.0	1.0	0.0	1.0	0.0	1.0	0.0	0.0	
587	28.0	0.0	0.0	0.0	1.0	1.0	0.0	1.0	
588	26.0	0.0	1.0	1.0	0.0	1.0	0.0	0.0	
589	28.0	0.0	0.0	1.0	1.0	1.0	0.0	0.0	
590	28.0	1.0	0.0	0.0	0.0	1.0	1.0	0.0	
591	28.0	0.0	0.0	1.0	1.0	1.0	0.0	0.0	
592	28.0	0.0	0.0	1.0	1.0	1.0	0.0	0.0	
593	28.0	0.0	0.0	1.0	1.0	1.0	0.0	0.0	
594	28.0	1.0	0.0	0.0	0.0	1.0	1.0	0.0	
595	30.0	0.0	0.0	0.0	1.0	1.0	1.0	0.0	
596	26.0	1.0	0.0	0.0	0.0	1.0	0.0	1.0	
597	30.0	0.0	0.0	0.0	1.0	1.0	1.0	0.0	
598	28.0	0.0	0.0	1.0	1.0	1.0	0.0	0.0	
599	30.0	0.0	0.0	0.0	1.0	1.0	1.0	0.0	
600	28.0	0.0	0.0	0.0	1.0	1.0	0.0	1.0	
601	28.0	0.0	0.0	0.0	1.0	1.0	0.0	1.0	
602	28.0	1.0	0.0	0.0	0.0	1.0	1.0	0.0	
603	28.0	0.0	1.0	0.0	0.0	1.0	1.0	0.0	
604	30.0	0.0	0.0	0.0	1.0	1.0	1.0	0.0	
605	26.0	0.0	1.0	0.0	0.0	1.0	0.0	1.0	
606	26.0	0.0	1.0	1.0	0.0	1.0	0.0	0.0	
607	30.0	0.0	0.0	0.0	1.0	1.0	1.0	0.0	
608	30.0	0.0	0.0	0.0	1.0	1.0	1.0	0.0	
609	26.0	0.0	1.0	1.0	0.0	1.0	0.0	0.0	
610	30.0	0.0	0.0	0.0	1.0	1.0	1.0	0.0	
611	30.0	0.0	0.0	0.0	1.0	1.0	1.0	0.0	
612	28.0	0.0	0.0	0.0	1.0	1.0	0.0	1.0	
613	30.0	0.0	0.0	0.0	1.0	1.0	1.0	0.0	
614	30.0	0.0	0.0	0.0	1.0	1.0	1.0	0.0	
615	28.0	0.0	1.0	0.0	0.0	1.0	1.0	0.0	
616	28.0	0.0	0.0	1.0	1.0	1.0	0.0	0.0	
617	28.0	0.0	0.0	1.0	1.0	1.0	0.0	0.0	
618	28.0	0.0	0.0	0.0	1.0	1.0	0.0	1.0	
619	26.0	0.0	1.0	1.0	0.0	1.0	0.0	0.0	
620	30.0	0.0	0.0	0.0	1.0	1.0	1.0	0.0	
621	26.0	0.0	1.0	0.0	0.0	1.0	0.0	1.0	
622	28.0	1.0	0.0	0.0	0.0	1.0	1.0	0.0	
623	26.0	0.0	1.0	1.0	0.0	1.0	0.0	0.0	
624	30.0	0.0	0.0	0.0	1.0	1.0	1.0	0.0	
625	28.0	0.0	0.0	0.0	1.0	1.0	0.0	1.0	
626	28.0	0.0	1.0	0.0	0.0	1.0	1.0	0.0	
627	28.0	0.0	0.0	0.0	1.0	1.0	0.0	1.0	
628	28.0	0.0	0.0	1.0	1.0	1.0	0.0	0.0	
629	28.0	0.0	0.0	1.0	1.0	1.0	0.0	0.0	
630	28.0	0.0	1.0	0.0	0.0	1.0	1.0	0.0	
631	30.0	0.0	0.0	0.0	1.0	1.0	1.0	0.0	
632	30.0	0.0	0.0	0.0	1.0	1.0	1.0	0.0	
633	30.0	0.0	0.0	0.0	1.0	1.0	1.0	0.0	
634	28.0	0.0	0.0	1.0	1.0	1.0	0.0	0.0	
635	30.0	0.0	0.0	0.0	1.0	1.0	1.0	0.0	
636	28.0	1.0	0.0	0.0	0.0	1.0	1.0	0.0	
637	30.0	0.0	0.0	0.0	1.0	1.0	1.0	0.0	
638	30.0	0.0	0.0	0.0	1.0	1.0	1.0	0.0	
639	30.0	0.0	0.0	0.0	1.0	1.0	1.0	0.0	
640	30.0	0.0	0.0	0.0	1.0	1.0	1.0	0.0	
641	30.0	0.0	0.0	0.0	1.0	1.0	1.0	0.0	
642	30.0	0.0	0.0	0.0	1.0	1.0	1.0	0.0	
643	28.0	0.0	0.0	1.0	1.0	1.0	0.0	0.0	
644	28.0	0.0	0.0	1.0	1.0	1.0	0.0	0.0	
645	30.0	0.0	0.0	0.0	1.0	1.0	1.0	0.0	
646	28.0	0.0	0.0	1.0	1.0	1.0	0.0	0.0	
647	28.0	0.0	0.0	1.0	1.0	1.0	0.0	0.0	
648	30.0	0.0	0.0	0.0	1.0	1.0	1.0	0.0	
649	30.0	0.0	0.0	0.0	1.0	1.0	1.0	0.0	
650	30.0	0.0	0.0	0.0	1.0	1.0	1.0	0.0	
651	26.0	0.0	1.0	0.0	0.0	1.0	0.0	1.0	
652	30.0	0.0	0.0	0.0	1.0	1.0	1.0	0.0	
653	26.0	1.0	0.0	0.0	0.0	1.0	0.0	1.0	
654	30.0	0.0	0.0	0.0	1.0	1.0	1.0	0.0	
655	28.0	0.0	0.0	1.0	1.0	1.0	0.0	0.0	
656	26.0	0.0	1.0	1.0	0.0	1.0	0.0	0.0	
657	28.0	0.0	0.0	1.0	1.0	1.0	0.0	0.0	
658	28.0	0.0	0.0	1.0	1.0	1.0	0.0	0.0	
659	30.0	0.0	0.0	0.0	1.0	1.0	1.0	0.0	
660	30.0	0.0	0.0	0.0	1.0	1.0	1.0	0.0	
661	30.0	0.0	0.0	0.0	1.0	1.0	1.0	0.0	
662	28.0	0.0	1.0	0.0	0.0	1.0	1.0	0.0	
663	30.0	0.0	0.0	0.0	1.0	1.0	1.0	0.0	
664	28.0	0.0	0.0	0.0	1.0	1.0	0.0	1.0	
665	28.0	0.0	0.0	1.0	1.0	1.0	0.0	0.0	
666	26.0	1.0	0.0	1.0	0.0	1.0	0.0	0.0	
667	28.0	0.0	0.0	1.0	1.0	1.0	0.0	0.0	
668	26.0	0.0	1.0	0.0	0.0	1.0	0.0	1.0	
669	30.0	0.0	0.0	0.0	1.0	1.0	1.0	0.0	
670	28.0	0.0	0.0	0.0	1.0	1.0	0.0	1.0	
671	26.0	0.0	1.0	0.0	0.0	1.0	0.0	1.0	
672	28.0	0.0	1.0	0.0	0.0	1.0	1.0	0.0	
673	30.0	0.0	0.0	0.0	1.0	1.0	1.0	0.0	
674	26.0	0.0	1.0	1.0	0.0	1.0	0.0	0.0	
675	28.0	0.0	0.0	1.0	1.0	1.0	0.0	0.0	
676	30.0	0.0	0.0	0.0	1.0	1.0	1.0	0.0	
677	30.0	0.0	0.0	0.0	1.0	1.0	1.0	0.0	
678	28.0	0.0	0.0	1.0	1.0	1.0	0.0	0.0	
679	26.0	1.0	0.0	1.0	0.0	1.0	0.0	0.0	
680	28.0	0.0	0.0	1.0	1.0	1.0	0.0	0.0	
681	26.0	1.0	0.0	1.0	0.0	1.0	0.0	0.0	
682	28.0	0.0	1.0	0.0	0.0	1.0	1.0	0.0	
683	26.0	1.0	0.0	1.0	0.0	1.0	0.0	0.0	
684	28.0	0.0	0.0	1.0	1.0	1.0	0.0	0.0	
685	30.0	0.0	0.0	0.0	1.0	1.0	1.0	0.0	
686	28.0	0.0	1.0	0.0	0.0	1.0	1.0	0.0	
687	28.0	0.0	1.0	0.0	0.0	1.0	1.0	0.0	
688	28.0	1.0	0.0	0.0	0.0	1.0	1.0	0.0	
689	26.0	0.0	1.0	1.0	0.0	1.0	0.0	0.0	
690	30.0	0.0	0.0	0.0	1.0	1.0	1.0	0.0	
691	30.0	0.0	0.0	0.0	1.0	1.0	1.0	0.0	
692	30.0	0.0	0.0	0.0	1.0	1.0	1.0	0.0	
693	26.0	0.0	1.0	1.0	0.0	1.0	0.0	0.0	
694	26.0	0.0	1.0	1.0	0.0	1.0	0.0	0.0	
695	28.0	0.0	0.0	0.0	1.0	1.0	0.0	1.0	
696	28.0	0.0	0.0	1.0	1.0	1.0	0.0	0.0	
697	28.0	0.0	1.0	0.0	0.0	1.0	1.0	0.0	
698	30.0	0.0	0.0	0.0	1.0	1.0	1.0	0.0	
699	28.0	0.0	0.0	0.0	1.0	1.0	0.0	1.0	
700	30.0	0.0	0.0	0.0	1.0	1.0	1.0	0.0	
701	30.0	0.0	0.0	0.0	1.0	1.0	1.0	0.0	
702	28.0	0.0	0.0	0.0	1.0	1.0	0.0	1.0	
703	28.0	0.0	0.0	0.0	1.0	1.0	0.0	1.0	
704	28.0	0.0	1.0	0.0	0.0	1.0	1.0	0.0	
705	28.0	0.0	1.0	0.0	0.0	1.0	1.0	0.0	
706	28.0	0.0	0.0	1.0	1.0	1.0	0.0	0.0	
707	30.0	0.0	0.0	0.0	1.0	1.0	1.0	0.0	
708	28.0	0.0	0.0	1.0	1.0	1.0	0.0	0.0	
709	26.0	1.0	0.0	1.0	0.0	1.0	0.0	0.0	
710	30.0	0.0	0.0	0.0	1.0	1.0	1.0	0.0	
711	28.0	0.0	0.0	1.0	1.0	1.0	0.0	0.0	
712	28.0	0.0	0.0	1.0	1.0	1.0	0.0	0.0	
713	30.0	0.0	0.0	0.0	1.0	1.0	1.0	0.0	
714	26.0	0.0	1.0	0.0	0.0	1.0	0.0	1.0	
715	28.0	0.0	0.0	1.0	1.0	1.0	0.0	0.0	
716	28.0	0.0	0.0	1.0	1.0	1.0	0.0	0.0	
717	28.0	0.0	0.0	1.0	1.0	1.0	0.0	0.0	
718	28.0	0.0	1.0	0.0	0.0	1.0	1.0	0.0	
719	30.0	0.0	0.0	0.0	1.0	1.0	1.0	0.0	
720	30.0	0.0	0.0	0.0	1.0	1.0	1.0	0.0	
721	28.0	0.0	0.0	1.0	1.0	1.0	0.0	0.0	
722	28.0	0.0	1.0	0.0	0.0	1.0	1.0	0.0	
723	30.0	0.0	0.0	0.0	1.0	1.0	1.0	0.0	
724	28.0	0.0	0.0	0.0	1.0	1.0	0.0	1.0	
725	30.0	0.0	0.0	0.0	1.0	1.0	1.0	0.0	
726	28.0	1.0	0.0	0.0	0.0	1.0	1.0	0.0	
727	26.0	1.0	0.0	1.0	0.0	1.0	0.0	0.0	
728	30.0	0.0	0.0	0.0	1.0	1.0	1.0	0.0	
729	28.0	0.0	1.0	0.0	0.0	1.0	1.0	0.0	
730	26.0	1.0	0.0	1.0	0.0	1.0	0.0	0.0	
731	28.0	0.0	0.0	1.0	1.0	1.0	0.0	0.0	
732	26.0	0.0	1.0	1.0	0.0	1.0	0.0	0.0	
733	28.0	0.0	0.0	1.0	1.0	1.0	0.0	0.0	
734	30.0	0.0	0.0	0.0	1.0	1.0	1.0	0.0	
735	28.0	0.0	1.0	0.0	0.0	1.0	1.0	0.0	
736	28.0	1.0	0.0	0.0	0.0	1.0	1.0	0.0	
737	28.0	0.0	0.0	1.0	1.0	1.0	0.0	0.0	
738	28.0	0.0	1.0	0.0	0.0	1.0	1.0	0.0	
739	28.0	0.0	0.0	0.0	1.0	1.0	0.0	1.0	
740	28.0	0.0	0.0	0.0	1.0	1.0	0.0	1.0	
741	30.0	0.0	0.0	0.0	1.0	1.0	1.0	0.0	
742	28.0	0.0	0.0	0.0	1.0	1.0	0.0	1.0	
743	30.0	0.0	0.0	0.0	1.0	1.0	1.0	0.0	
744	30.0	0.0	0.0	0.0	1.0	1.0	1.0	0.0	
745	30.0	0.0	0.0	0.0	1.0	1.0	1.0	0.0	
746	30.0	0.0	0.0	0.0	1.0	1.0	1.0	0.0	
747	28.0	0.0	1.0	0.0	0.0	1.0	1.0	0.0	
748	30.0	0.0	0.0	0.0	1.0	1.0	1.0	0.0	
749	26.0	0.0	1.0	1.0	0.0	1.0	0.0	0.0	
750	28.0	0.0	0.0	1.0	1.0	1.0	0.0	0.0	
751	28.0	0.0	1.0	0.0	0.0	1.0	1.0	0.0	
752	28.0	0.0	0.0	1.0	1.0	1.0	0.0	0.0	
753	26.0	0.0	1.0	1.0	0.0	1.0	0.0	0.0	
754	28.0	0.0	0.0	1.0	1.0	1.0	0.0	0.0	
755	28.0	1.0	0.0	0.0	0.0	1.0	1.0	0.0	
756	28.0	0.0	0.0	1.0	1.0	1.0	0.0	0.0	
757	28.0	0.0	0.0	1.0	1.0	1.0	0.0	0.0	
758	28.0	0.0	0.0	1.0	1.0	1.0	0.0	0.0	
759	30.0	0.0	0.0	0.0	1.0	1.0	1.0	0.0	
760	30.0	0.0	0.0	0.0	1.0	1.0	1.0	0.0	
761	26.0	0.0	1.0	1.0	0.0	1.0	0.0	0.0	
762	28.0	0.0	0.0	0.0	1.0	1.0	0.0	1.0	
763	28.0	0.0	0.0	1.0	1.0	1.0	0.0	0.0	
764	30.0	0.0	0.0	0.0	1.0	1.0	1.0	0.0	
765	30.0	0.0	0.0	0.0	1.0	1.0	1.0	0.0	
766	26.0	0.0	1.0	0.0	0.0	1.0	0.0	1.0	
767	28.0	0.0	0.0	1.0	1.0	1.0	0.0	0.0	
768	30.0	0.0	0.0	0.0	1.0	1.0	1.0	0.0	
769	28.0	0.0	0.0	1.0	1.0	1.0	0.0	0.0	
770	28.0	0.0	0.0	0.0	1.0	1.0	0.0	1.0	
771	30.0	0.0	0.0	0.0	1.0	1.0	1.0	0.0	
772	30.0	0.0	0.0	0.0	1.0	1.0	1.0	0.0	
773	28.0	0.0	1.0	0.0	0.0	1.0	1.0	0.0	
774	28.0	0.0	0.0	1.0	1.0	1.0	0.0	0.0	
775	28.0	0.0	0.0	0.0	1.0	1.0	0.0	1.0	
776	28.0	0.0	1.0	0.0	0.0	1.0	1.0	0.0	
777	30.0	0.0	0.0	0.0	1.0	1.0	1.0	0.0	
778	28.0	0.0	0.0	1.0	1.0	1.0	0.0	0.0	
779	30.0	0.0	0.0	0.0	1.0	1.0	1.0	0.0	
780	30.0	0.0	0.0	0.0	1.0	1.0	1.0	0.0	
781	28.0	0.0	0.0	1.0	1.0	1.0	0.0	0.0	
782	28.0	0.0	0.0	0.0	1.0	1.0	0.0	1.0	
783	26.0	1.0	0.0	0.0	0.0	1.0	0.0	1.0	
784	26.0	1.0	0.0	1.0	0.0	1.0	0.0	0.0	
785	28.0	0.0	0.0	1.0	1.0	1.0	0.0	0.0	
786	28.0	0.0	1.0	0.0	0.0	1.0	1.0	0.0	
787	28.0	0.0	0.0	1.0	1.0	1.0	0.0	0.0	
788	28.0	0.0	0.0	1.0	1.0	1.0	0.0	0.0	
789	30.0	0.0	0.0	0.0	1.0	1.0	1.0	0.0	
790	30.0	0.0	0.0	0.0	1.0	1.0	1.0	0.0	
791	30.0	0.0	0.0	0.0	1.0	1.0	1.0	0.0	
792	30.0	0.0	0.0	0.0	1.0	1.0	1.0	0.0	
793	28.0	0.0	1.0	0.0	0.0	1.0	1.0	0.0	
794	26.0	0.0	1.0	1.0	0.0	1.0	0.0	0.0	
795	28.0	0.0	0.0	1.0	1.0	1.0	0.0	0.0	
796	30.0	0.0	0.0	0.0	1.0	1.0	1.0	0.0	
797	30.0	0.0	0.0	0.0	1.0	1.0	1.0	0.0	
798	30.0	0.0	0.0	0.0	1.0	1.0	1.0	0.0	
799	28.0	0.0	0.0	0.0	1.0	1.0	0.0	1.0	
800	30.0	0.0	0.0	0.0	1.0	1.0	1.0	0.0	
801	28.0	0.0	0.0	0.0	1.0	1.0	0.0	1.0	
802	30.0	0.0	0.0	0.0	1.0	1.0	1.0	0.0	
803	26.0	1.0	0.0	0.0	0.0	1.0	0.0	1.0	
804	28.0	0.0	0.0	0.0	1.0	1.0	0.0	1.0	
805	28.0	0.0	0.0	1.0	1.0	1.0	0.0	0.0	
806	30.0	0.0	0.0	0.0	1.0	1.0	1.0	0.0	
807	30.0	0.0	0.0	0.0	1.0	1.0	1.0	0.0	
808	28.0	1.0	0.0	0.0	0.0	1.0	1.0	0.0	
809	26.0	0.0	1.0	0.0	0.0	1.0	0.0	1.0	
810	30.0	0.0	0.0	0.0	1.0	1.0	1.0	0.0	
811	30.0	0.0	0.0	0.0	1.0	1.0	1.0	0.0	
812	28.0	0.0	0.0	1.0	1.0	1.0	0.0	0.0	
813	26.0	0.0	1.0	1.0	0.0	1.0	0.0	0.0	
814	28.0	0.0	1.0	0.0	0.0	1.0	1.0	0.0	
815	30.0	0.0	0.0	0.0	1.0	1.0	1.0	0.0	
816	28.0	0.0	1.0	0.0	0.0	1.0	1.0	0.0	
817	30.0	0.0	0.0	0.0	1.0	1.0	1.0	0.0	
818	30.0	0.0	0.0	0.0	1.0	1.0	1.0	0.0	
819	26.0	1.0	0.0	1.0	0.0	1.0	0.0	0.0	
820	30.0	0.0	0.0	0.0	1.0	1.0	1.0	0.0	
821	28.0	0.0	0.0	1.0	1.0	1.0	0.0	0.0	
822	30.0	0.0	0.0	0.0	1.0	1.0	1.0	0.0	
823	30.0	0.0	0.0	0.0	1.0	1.0	1.0	0.0	
824	26.0	1.0	0.0	0.0	0.0	1.0	0.0	1.0	
825	30.0	0.0	0.0	0.0	1.0	1.0	1.0	0.0	
826	26.0	0.0	1.0	0.0	0.0	1.0	0.0	1.0	
827	28.0	0.0	0.0	1.0	1.0	1.0	0.0	0.0	
828	28.0	1.0	0.0	0.0	0.0	1.0	1.0	0.0	
829	30.0	0.0	0.0	0.0	1.0	1.0	1.0	0.0	
830	30.0	0.0	0.0	0.0	1.0	1.0	1.0	0.0	
831	28.0	0.0	0.0	1.0	1.0	1.0	0.0	0.0	
832	26.0	0.0	1.0	1.0	0.0	1.0	0.0	0.0	
833	26.0	0.0	1.0	1.0	0.0	1.0	0.0	0.0	
834	30.0	0.0	0.0	0.0	1.0	1.0	1.0	0.0	
835	26.0	1.0	0.0	1.0	0.0	1.0	0.0	0.0	
836	28.0	0.0	0.0	0.0	1.0	1.0	0.0	1.0	
837	28.0	0.0	1.0	0.0	0.0	1.0	1.0	0.0	
838	30.0	0.0	0.0	0.0	1.0	1.0	1.0	0.0	
839	30.0	0.0	0.0	0.0	1.0	1.0	1.0	0.0	
840	28.0	0.0	0.0	1.0	1.0	1.0	0.0	0.0	
841	28.0	0.0	0.0	1.0	1.0	1.0	0.0	0.0	
842	28.0	0.0	0.0	0.0	1.0	1.0	0.0	1.0	
843	26.0	0.0	1.0	1.0	0.0	1.0	0.0	0.0	
844	30.0	0.0	0.0	0.0	1.0	1.0	1.0	0.0	
845	28.0	1.0	0.0	0.0	0.0	1.0	1.0	0.0	
846	28.0	0.0	1.0	0.0	0.0	1.0	1.0	0.0	
847	28.0	0.0	1.0	0.0	0.0	1.0	1.0	0.0	
848	30.0	0.0	0.0	0.0	1.0	1.0	1.0	0.0	
849	28.0	0.0	1.0	0.0	0.0	1.0	1.0	0.0	
850	28.0	0.0	0.0	1.0	1.0	1.0	0.0	0.0	
851	26.0	1.0	0.0	1.0	0.0	1.0	0.0	0.0	
852	28.0	0.0	0.0	0.0	1.0	1.0	0.0	1.0	
853	26.0	0.0	1.0	0.0	0.0	1.0	0.0	1.0	
854	28.0	0.0	0.0	1.0	1.0	1.0	0.0	0.0	
855	30.0	0.0	0.0	0.0	1.0	1.0	1.0	0.0	
856	28.0	0.0	0.0	0.0	1.0	1.0	0.0	1.0	
857	28.0	0.0	0.0	1.0	1.0	1.0	0.0	0.0	
858	28.0	1.0	0.0	0.0	0.0	1.0	1.0	0.0	
859	26.0	0.0	1.0	0.0	0.0	1.0	0.0	1.0	
860	28.0	0.0	0.0	0.0	1.0	1.0	0.0	1.0	
861	28.0	0.0	0.0	1.0	1.0	1.0	0.0	0.0	
862	28.0	0.0	1.0	0.0	0.0	1.0	1.0	0.0	
863	28.0	1.0	0.0	0.0	0.0	1.0	1.0	0.0	
864	28.0	0.0	0.0	0.0	1.0	0.0	1.0	0.0	
865	28.0	0.0	1.0	0.0	0.0	1.0	1.0	0.0	
866	30.0	0.0	0.0	0.0	1.0	1.0	1.0	0.0	
867	26.0	0.0	1.0	0.0	0.0	1.0	0.0	1.0	
868	26.0	1.0	0.0	0.0	0.0	1.0	0.0	1.0	
869	26.0	0.0	1.0	1.0	0.0	1.0	0.0	0.0	
870	28.0	0.0	0.0	0.0	1.0	1.0	0.0	1.0	
871	30.0	0.0	0.0	0.0	1.0	1.0	1.0	0.0	
872	26.0	0.0	1.0	1.0	0.0	1.0	0.0	0.0	
873	30.0	0.0	0.0	0.0	1.0	1.0	1.0	0.0	
874	30.0	0.0	0.0	0.0	1.0	1.0	1.0	0.0	
875	28.0	0.0	0.0	1.0	1.0	1.0	0.0	0.0	
876	28.0	0.0	0.0	1.0	1.0	1.0	0.0	0.0	
877	30.0	0.0	0.0	0.0	1.0	1.0	1.0	0.0	
878	26.0	0.0	1.0	0.0	0.0	0.0	1.0	0.0	
879	28.0	0.0	1.0	0.0	0.0	1.0	1.0	0.0	
880	28.0	0.0	0.0	1.0	1.0	1.0	0.0	0.0	
881	28.0	0.0	0.0	1.0	1.0	1.0	0.0	0.0	
882	30.0	0.0	0.0	0.0	1.0	1.0	1.0	0.0	
883	28.0	0.0	0.0	1.0	1.0	1.0	0.0	0.0	
884	30.0	0.0	0.0	0.0	1.0	1.0	1.0	0.0	
885	30.0	0.0	0.0	0.0	1.0	1.0	1.0	0.0	
886	28.0	0.0	0.0	1.0	1.0	1.0	0.0	0.0	
887	26.0	0.0	1.0	1.0	0.0	1.0	0.0	0.0	
888	28.0	0.0	0.0	1.0	1.0	1.0	0.0	0.0	
889	28.0	0.0	0.0	1.0	1.0	1.0	0.0	0.0	
890	30.0	0.0	0.0	0.0	1.0	1.0	1.0	0.0	
891	28.0	0.0	0.0	1.0	1.0	1.0	0.0	0.0	
892	28.0	0.0	0.0	0.0	1.0	1.0	0.0	1.0	
893	30.0	0.0	0.0	0.0	1.0	1.0	1.0	0.0	
894	28.0	0.0	0.0	1.0	1.0	1.0	0.0	0.0	
895	28.0	0.0	0.0	1.0	1.0	1.0	0.0	0.0	
896	28.0	0.0	1.0	0.0	0.0	1.0	1.0	0.0	
897	28.0	0.0	1.0	0.0	0.0	1.0	1.0	0.0	
898	28.0	0.0	0.0	1.0	1.0	1.0	0.0	0.0	
899	28.0	0.0	0.0	1.0	1.0	1.0	0.0	0.0	
