Sample	cat16-40.trees	cat16-40.sequence04_sequence16_sequence15	cat16-40.sequence05_sequence11_sequence13_sequence16_sequence02_sequence09_sequence10_sequence06_sequence15	cat16-40.sequence14_sequence07	cat16-40.sequence05_sequence04_sequence11_sequence13_sequence02_sequence09_sequence10_sequence06	cat16-40.sequence01_sequence07_sequence03	cat16-40.sequence05_sequence04_sequence11_sequence13_sequence16_sequence02_sequence09_sequence10_sequence06_sequence15	cat16-40.sequence01_sequence14_sequence03	
0	28.0	1.0	0.0	1.0	0.0	0.0	1.0	0.0	
1	28.0	0.0	1.0	0.0	0.0	1.0	1.0	0.0	
2	28.0	1.0	0.0	1.0	0.0	0.0	1.0	0.0	
3	30.0	1.0	0.0	0.0	0.0	1.0	1.0	0.0	
4	30.0	1.0	0.0	0.0	0.0	1.0	1.0	0.0	
5	28.0	1.0	0.0	1.0	0.0	0.0	1.0	0.0	
6	28.0	1.0	0.0	1.0	0.0	0.0	1.0	0.0	
7	28.0	1.0	0.0	1.0	0.0	0.0	1.0	0.0	
8	30.0	1.0	0.0	0.0	0.0	1.0	1.0	0.0	
9	30.0	1.0	0.0	0.0	0.0	1.0	1.0	0.0	
10	30.0	1.0	0.0	0.0	0.0	1.0	1.0	0.0	
11	30.0	1.0	0.0	0.0	0.0	1.0	1.0	0.0	
12	28.0	1.0	0.0	1.0	0.0	0.0	1.0	0.0	
13	30.0	1.0	0.0	0.0	0.0	1.0	1.0	0.0	
14	30.0	1.0	0.0	0.0	0.0	1.0	1.0	0.0	
15	30.0	1.0	0.0	0.0	0.0	1.0	1.0	0.0	
16	26.0	1.0	0.0	1.0	0.0	0.0	0.0	0.0	
17	30.0	1.0	0.0	0.0	0.0	1.0	1.0	0.0	
18	30.0	1.0	0.0	0.0	0.0	1.0	1.0	0.0	
19	28.0	1.0	0.0	1.0	0.0	0.0	1.0	0.0	
20	30.0	1.0	0.0	0.0	0.0	1.0	1.0	0.0	
21	28.0	1.0	0.0	0.0	0.0	0.0	1.0	1.0	
22	30.0	1.0	0.0	0.0	0.0	1.0	1.0	0.0	
23	28.0	1.0	0.0	1.0	0.0	0.0	1.0	0.0	
24	28.0	1.0	0.0	1.0	0.0	0.0	1.0	0.0	
25	28.0	1.0	0.0	0.0	0.0	0.0	1.0	1.0	
26	30.0	1.0	0.0	0.0	0.0	1.0	1.0	0.0	
27	30.0	1.0	0.0	0.0	0.0	1.0	1.0	0.0	
28	30.0	1.0	0.0	0.0	0.0	1.0	1.0	0.0	
29	30.0	1.0	0.0	0.0	0.0	1.0	1.0	0.0	
30	30.0	1.0	0.0	0.0	0.0	1.0	1.0	0.0	
31	30.0	1.0	0.0	0.0	0.0	1.0	1.0	0.0	
32	28.0	1.0	0.0	0.0	0.0	0.0	1.0	1.0	
33	28.0	1.0	0.0	1.0	0.0	0.0	1.0	0.0	
34	30.0	1.0	0.0	0.0	0.0	1.0	1.0	0.0	
35	30.0	1.0	0.0	0.0	0.0	1.0	1.0	0.0	
36	30.0	1.0	0.0	0.0	0.0	1.0	1.0	0.0	
37	30.0	1.0	0.0	0.0	0.0	1.0	1.0	0.0	
38	28.0	1.0	0.0	1.0	0.0	0.0	1.0	0.0	
39	30.0	1.0	0.0	0.0	0.0	1.0	1.0	0.0	
40	28.0	1.0	0.0	0.0	0.0	0.0	1.0	1.0	
41	30.0	1.0	0.0	0.0	0.0	1.0	1.0	0.0	
42	30.0	1.0	0.0	0.0	0.0	1.0	1.0	0.0	
43	28.0	1.0	0.0	0.0	0.0	0.0	1.0	1.0	
44	30.0	1.0	0.0	0.0	0.0	1.0	1.0	0.0	
45	30.0	1.0	0.0	0.0	0.0	1.0	1.0	0.0	
46	30.0	1.0	0.0	0.0	0.0	1.0	1.0	0.0	
47	28.0	1.0	0.0	0.0	0.0	0.0	1.0	1.0	
48	30.0	1.0	0.0	0.0	0.0	1.0	1.0	0.0	
49	30.0	1.0	0.0	0.0	0.0	1.0	1.0	0.0	
50	30.0	1.0	0.0	0.0	0.0	1.0	1.0	0.0	
51	30.0	1.0	0.0	0.0	0.0	1.0	1.0	0.0	
52	28.0	0.0	0.0	0.0	1.0	1.0	1.0	0.0	
53	28.0	1.0	0.0	1.0	0.0	0.0	1.0	0.0	
54	28.0	1.0	0.0	0.0	0.0	0.0	1.0	1.0	
55	30.0	1.0	0.0	0.0	0.0	1.0	1.0	0.0	
56	30.0	1.0	0.0	0.0	0.0	1.0	1.0	0.0	
57	30.0	1.0	0.0	0.0	0.0	1.0	1.0	0.0	
58	30.0	1.0	0.0	0.0	0.0	1.0	1.0	0.0	
59	30.0	1.0	0.0	0.0	0.0	1.0	1.0	0.0	
60	30.0	1.0	0.0	0.0	0.0	1.0	1.0	0.0	
61	30.0	1.0	0.0	0.0	0.0	1.0	1.0	0.0	
62	28.0	1.0	0.0	1.0	0.0	0.0	1.0	0.0	
63	30.0	1.0	0.0	0.0	0.0	1.0	1.0	0.0	
64	30.0	1.0	0.0	0.0	0.0	1.0	1.0	0.0	
65	28.0	1.0	0.0	1.0	0.0	0.0	1.0	0.0	
66	28.0	1.0	0.0	0.0	0.0	0.0	1.0	1.0	
67	30.0	1.0	0.0	0.0	0.0	1.0	1.0	0.0	
68	28.0	1.0	0.0	1.0	0.0	0.0	1.0	0.0	
69	30.0	1.0	0.0	0.0	0.0	1.0	1.0	0.0	
70	30.0	1.0	0.0	0.0	0.0	1.0	1.0	0.0	
71	28.0	1.0	0.0	1.0	0.0	0.0	1.0	0.0	
72	26.0	0.0	1.0	1.0	0.0	0.0	1.0	0.0	
73	30.0	1.0	0.0	0.0	0.0	1.0	1.0	0.0	
74	28.0	1.0	0.0	1.0	0.0	0.0	1.0	0.0	
75	28.0	1.0	0.0	1.0	0.0	0.0	1.0	0.0	
76	30.0	1.0	0.0	0.0	0.0	1.0	1.0	0.0	
77	30.0	1.0	0.0	0.0	0.0	1.0	1.0	0.0	
78	28.0	0.0	1.0	0.0	0.0	1.0	1.0	0.0	
79	28.0	1.0	0.0	0.0	0.0	0.0	1.0	1.0	
80	30.0	1.0	0.0	0.0	0.0	1.0	1.0	0.0	
81	30.0	1.0	0.0	0.0	0.0	1.0	1.0	0.0	
82	30.0	1.0	0.0	0.0	0.0	1.0	1.0	0.0	
83	28.0	1.0	0.0	0.0	0.0	0.0	1.0	1.0	
84	30.0	1.0	0.0	0.0	0.0	1.0	1.0	0.0	
85	30.0	1.0	0.0	0.0	0.0	1.0	1.0	0.0	
86	30.0	1.0	0.0	0.0	0.0	1.0	1.0	0.0	
87	28.0	1.0	0.0	1.0	0.0	0.0	1.0	0.0	
88	30.0	1.0	0.0	0.0	0.0	1.0	1.0	0.0	
89	28.0	0.0	0.0	0.0	1.0	1.0	1.0	0.0	
90	30.0	1.0	0.0	0.0	0.0	1.0	1.0	0.0	
91	28.0	1.0	0.0	1.0	0.0	0.0	1.0	0.0	
92	30.0	1.0	0.0	0.0	0.0	1.0	1.0	0.0	
93	30.0	1.0	0.0	0.0	0.0	1.0	1.0	0.0	
94	30.0	1.0	0.0	0.0	0.0	1.0	1.0	0.0	
95	30.0	1.0	0.0	0.0	0.0	1.0	1.0	0.0	
96	30.0	1.0	0.0	0.0	0.0	1.0	1.0	0.0	
97	30.0	1.0	0.0	0.0	0.0	1.0	1.0	0.0	
98	30.0	1.0	0.0	0.0	0.0	1.0	1.0	0.0	
99	30.0	1.0	0.0	0.0	0.0	1.0	1.0	0.0	
100	28.0	1.0	0.0	1.0	0.0	0.0	1.0	0.0	
101	28.0	1.0	0.0	0.0	0.0	0.0	1.0	1.0	
102	28.0	0.0	1.0	0.0	0.0	1.0	1.0	0.0	
103	30.0	1.0	0.0	0.0	0.0	1.0	1.0	0.0	
104	28.0	1.0	0.0	1.0	0.0	0.0	1.0	0.0	
105	30.0	1.0	0.0	0.0	0.0	1.0	1.0	0.0	
106	28.0	0.0	1.0	0.0	0.0	1.0	1.0	0.0	
107	28.0	1.0	0.0	1.0	0.0	0.0	1.0	0.0	
108	30.0	1.0	0.0	0.0	0.0	1.0	1.0	0.0	
109	30.0	1.0	0.0	0.0	0.0	1.0	1.0	0.0	
110	30.0	1.0	0.0	0.0	0.0	1.0	1.0	0.0	
111	30.0	1.0	0.0	0.0	0.0	1.0	1.0	0.0	
112	28.0	0.0	0.0	0.0	1.0	1.0	1.0	0.0	
113	30.0	1.0	0.0	0.0	0.0	1.0	1.0	0.0	
114	28.0	1.0	0.0	0.0	0.0	0.0	1.0	1.0	
115	26.0	0.0	0.0	0.0	1.0	0.0	1.0	1.0	
116	30.0	1.0	0.0	0.0	0.0	1.0	1.0	0.0	
117	30.0	1.0	0.0	0.0	0.0	1.0	1.0	0.0	
118	28.0	1.0	0.0	1.0	0.0	0.0	1.0	0.0	
119	28.0	1.0	0.0	1.0	0.0	0.0	1.0	0.0	
120	30.0	1.0	0.0	0.0	0.0	1.0	1.0	0.0	
121	28.0	0.0	1.0	0.0	0.0	1.0	1.0	0.0	
122	28.0	0.0	0.0	0.0	1.0	1.0	1.0	0.0	
123	28.0	1.0	0.0	0.0	0.0	0.0	1.0	1.0	
124	30.0	1.0	0.0	0.0	0.0	1.0	1.0	0.0	
125	30.0	1.0	0.0	0.0	0.0	1.0	1.0	0.0	
126	30.0	1.0	0.0	0.0	0.0	1.0	1.0	0.0	
127	28.0	1.0	0.0	1.0	0.0	0.0	1.0	0.0	
128	30.0	1.0	0.0	0.0	0.0	1.0	1.0	0.0	
129	30.0	1.0	0.0	0.0	0.0	1.0	1.0	0.0	
130	30.0	1.0	0.0	0.0	0.0	1.0	1.0	0.0	
131	30.0	1.0	0.0	0.0	0.0	1.0	1.0	0.0	
132	30.0	1.0	0.0	0.0	0.0	1.0	1.0	0.0	
133	28.0	1.0	0.0	1.0	0.0	0.0	1.0	0.0	
134	28.0	1.0	0.0	0.0	0.0	0.0	1.0	1.0	
135	30.0	1.0	0.0	0.0	0.0	1.0	1.0	0.0	
136	28.0	1.0	0.0	0.0	0.0	0.0	1.0	1.0	
137	30.0	1.0	0.0	0.0	0.0	1.0	1.0	0.0	
138	30.0	1.0	0.0	0.0	0.0	1.0	1.0	0.0	
139	28.0	1.0	0.0	1.0	0.0	0.0	1.0	0.0	
140	30.0	1.0	0.0	0.0	0.0	1.0	1.0	0.0	
141	30.0	1.0	0.0	0.0	0.0	1.0	1.0	0.0	
142	28.0	1.0	0.0	1.0	0.0	0.0	1.0	0.0	
143	30.0	1.0	0.0	0.0	0.0	1.0	1.0	0.0	
144	28.0	1.0	0.0	1.0	0.0	0.0	1.0	0.0	
145	30.0	1.0	0.0	0.0	0.0	1.0	1.0	0.0	
146	28.0	1.0	0.0	0.0	0.0	0.0	1.0	1.0	
147	28.0	1.0	0.0	1.0	0.0	0.0	1.0	0.0	
148	30.0	1.0	0.0	0.0	0.0	1.0	1.0	0.0	
149	28.0	1.0	0.0	1.0	0.0	0.0	1.0	0.0	
150	28.0	1.0	0.0	0.0	0.0	0.0	1.0	1.0	
151	30.0	1.0	0.0	0.0	0.0	1.0	1.0	0.0	
152	30.0	1.0	0.0	0.0	0.0	1.0	1.0	0.0	
153	30.0	1.0	0.0	0.0	0.0	1.0	1.0	0.0	
154	30.0	1.0	0.0	0.0	0.0	1.0	1.0	0.0	
155	30.0	1.0	0.0	0.0	0.0	1.0	1.0	0.0	
156	30.0	1.0	0.0	0.0	0.0	1.0	1.0	0.0	
157	28.0	1.0	0.0	1.0	0.0	0.0	1.0	0.0	
158	30.0	1.0	0.0	0.0	0.0	1.0	1.0	0.0	
159	30.0	1.0	0.0	0.0	0.0	1.0	1.0	0.0	
160	30.0	1.0	0.0	0.0	0.0	1.0	1.0	0.0	
161	28.0	1.0	0.0	0.0	0.0	0.0	1.0	1.0	
162	28.0	0.0	1.0	0.0	0.0	1.0	1.0	0.0	
163	28.0	1.0	0.0	1.0	0.0	0.0	1.0	0.0	
164	30.0	1.0	0.0	0.0	0.0	1.0	1.0	0.0	
165	30.0	1.0	0.0	0.0	0.0	1.0	1.0	0.0	
166	28.0	1.0	0.0	1.0	0.0	0.0	1.0	0.0	
167	30.0	1.0	0.0	0.0	0.0	1.0	1.0	0.0	
168	28.0	1.0	0.0	1.0	0.0	0.0	1.0	0.0	
169	30.0	1.0	0.0	0.0	0.0	1.0	1.0	0.0	
170	30.0	1.0	0.0	0.0	0.0	1.0	1.0	0.0	
171	30.0	1.0	0.0	0.0	0.0	1.0	1.0	0.0	
172	30.0	1.0	0.0	0.0	0.0	1.0	1.0	0.0	
173	30.0	1.0	0.0	0.0	0.0	1.0	1.0	0.0	
174	30.0	1.0	0.0	0.0	0.0	1.0	1.0	0.0	
175	30.0	1.0	0.0	0.0	0.0	1.0	1.0	0.0	
176	30.0	1.0	0.0	0.0	0.0	1.0	1.0	0.0	
177	28.0	1.0	0.0	1.0	0.0	0.0	1.0	0.0	
178	30.0	1.0	0.0	0.0	0.0	1.0	1.0	0.0	
179	30.0	1.0	0.0	0.0	0.0	1.0	1.0	0.0	
180	30.0	1.0	0.0	0.0	0.0	1.0	1.0	0.0	
181	30.0	1.0	0.0	0.0	0.0	1.0	1.0	0.0	
182	30.0	1.0	0.0	0.0	0.0	1.0	1.0	0.0	
183	28.0	1.0	0.0	0.0	0.0	0.0	1.0	1.0	
184	30.0	1.0	0.0	0.0	0.0	1.0	1.0	0.0	
185	30.0	1.0	0.0	0.0	0.0	1.0	1.0	0.0	
186	30.0	1.0	0.0	0.0	0.0	1.0	1.0	0.0	
187	28.0	1.0	0.0	1.0	0.0	0.0	1.0	0.0	
188	30.0	1.0	0.0	0.0	0.0	1.0	1.0	0.0	
189	30.0	1.0	0.0	0.0	0.0	1.0	1.0	0.0	
190	30.0	1.0	0.0	0.0	0.0	1.0	1.0	0.0	
191	30.0	1.0	0.0	0.0	0.0	1.0	1.0	0.0	
192	28.0	1.0	0.0	1.0	0.0	0.0	1.0	0.0	
193	28.0	1.0	0.0	1.0	0.0	0.0	1.0	0.0	
194	28.0	0.0	0.0	0.0	1.0	1.0	1.0	0.0	
195	30.0	1.0	0.0	0.0	0.0	1.0	1.0	0.0	
196	28.0	0.0	0.0	0.0	1.0	1.0	1.0	0.0	
197	28.0	1.0	0.0	1.0	0.0	0.0	1.0	0.0	
198	30.0	1.0	0.0	0.0	0.0	1.0	1.0	0.0	
199	28.0	1.0	0.0	1.0	0.0	0.0	1.0	0.0	
200	28.0	1.0	0.0	0.0	0.0	0.0	1.0	1.0	
201	28.0	1.0	0.0	1.0	0.0	0.0	1.0	0.0	
202	30.0	1.0	0.0	0.0	0.0	1.0	1.0	0.0	
203	30.0	1.0	0.0	0.0	0.0	1.0	1.0	0.0	
204	26.0	0.0	0.0	1.0	1.0	0.0	1.0	0.0	
205	30.0	1.0	0.0	0.0	0.0	1.0	1.0	0.0	
206	28.0	1.0	0.0	1.0	0.0	0.0	1.0	0.0	
207	30.0	1.0	0.0	0.0	0.0	1.0	1.0	0.0	
208	30.0	1.0	0.0	0.0	0.0	1.0	1.0	0.0	
209	30.0	1.0	0.0	0.0	0.0	1.0	1.0	0.0	
210	28.0	1.0	0.0	1.0	0.0	0.0	1.0	0.0	
211	30.0	1.0	0.0	0.0	0.0	1.0	1.0	0.0	
212	30.0	1.0	0.0	0.0	0.0	1.0	1.0	0.0	
213	30.0	1.0	0.0	0.0	0.0	1.0	1.0	0.0	
214	30.0	1.0	0.0	0.0	0.0	1.0	1.0	0.0	
215	30.0	1.0	0.0	0.0	0.0	1.0	1.0	0.0	
216	30.0	1.0	0.0	0.0	0.0	1.0	1.0	0.0	
217	30.0	1.0	0.0	0.0	0.0	1.0	1.0	0.0	
218	30.0	1.0	0.0	0.0	0.0	1.0	1.0	0.0	
219	28.0	1.0	0.0	0.0	0.0	0.0	1.0	1.0	
220	28.0	1.0	0.0	1.0	0.0	0.0	1.0	0.0	
221	30.0	1.0	0.0	0.0	0.0	1.0	1.0	0.0	
222	30.0	1.0	0.0	0.0	0.0	1.0	1.0	0.0	
223	28.0	1.0	0.0	0.0	0.0	0.0	1.0	1.0	
224	30.0	1.0	0.0	0.0	0.0	1.0	1.0	0.0	
225	30.0	1.0	0.0	0.0	0.0	1.0	1.0	0.0	
226	30.0	1.0	0.0	0.0	0.0	1.0	1.0	0.0	
227	30.0	1.0	0.0	0.0	0.0	1.0	1.0	0.0	
228	30.0	1.0	0.0	0.0	0.0	1.0	1.0	0.0	
229	30.0	1.0	0.0	0.0	0.0	1.0	1.0	0.0	
230	30.0	1.0	0.0	0.0	0.0	1.0	1.0	0.0	
231	30.0	1.0	0.0	0.0	0.0	1.0	1.0	0.0	
232	30.0	1.0	0.0	0.0	0.0	1.0	1.0	0.0	
233	30.0	1.0	0.0	0.0	0.0	1.0	1.0	0.0	
234	28.0	0.0	1.0	0.0	0.0	1.0	1.0	0.0	
235	30.0	1.0	0.0	0.0	0.0	1.0	1.0	0.0	
236	28.0	1.0	0.0	0.0	0.0	0.0	1.0	1.0	
237	30.0	1.0	0.0	0.0	0.0	1.0	1.0	0.0	
238	30.0	1.0	0.0	0.0	0.0	1.0	1.0	0.0	
239	30.0	1.0	0.0	0.0	0.0	1.0	1.0	0.0	
240	28.0	0.0	1.0	0.0	0.0	1.0	1.0	0.0	
241	28.0	1.0	0.0	0.0	0.0	0.0	1.0	1.0	
242	30.0	1.0	0.0	0.0	0.0	1.0	1.0	0.0	
243	30.0	1.0	0.0	0.0	0.0	1.0	1.0	0.0	
244	28.0	0.0	0.0	0.0	1.0	1.0	1.0	0.0	
245	28.0	1.0	0.0	0.0	0.0	0.0	1.0	1.0	
246	30.0	1.0	0.0	0.0	0.0	1.0	1.0	0.0	
247	28.0	1.0	0.0	0.0	0.0	0.0	1.0	1.0	
248	30.0	1.0	0.0	0.0	0.0	1.0	1.0	0.0	
249	28.0	1.0	0.0	0.0	0.0	0.0	1.0	1.0	
250	28.0	1.0	0.0	0.0	0.0	0.0	1.0	1.0	
251	30.0	1.0	0.0	0.0	0.0	1.0	1.0	0.0	
252	30.0	1.0	0.0	0.0	0.0	1.0	1.0	0.0	
253	30.0	1.0	0.0	0.0	0.0	1.0	1.0	0.0	
254	28.0	1.0	0.0	1.0	0.0	0.0	1.0	0.0	
255	30.0	1.0	0.0	0.0	0.0	1.0	1.0	0.0	
256	28.0	1.0	0.0	0.0	0.0	0.0	1.0	1.0	
257	28.0	1.0	0.0	1.0	0.0	0.0	1.0	0.0	
258	30.0	1.0	0.0	0.0	0.0	1.0	1.0	0.0	
259	28.0	1.0	0.0	0.0	0.0	0.0	1.0	1.0	
260	28.0	0.0	0.0	0.0	1.0	1.0	1.0	0.0	
261	28.0	1.0	0.0	0.0	0.0	0.0	1.0	1.0	
262	30.0	1.0	0.0	0.0	0.0	1.0	1.0	0.0	
263	28.0	1.0	0.0	1.0	0.0	0.0	1.0	0.0	
264	30.0	1.0	0.0	0.0	0.0	1.0	1.0	0.0	
265	30.0	1.0	0.0	0.0	0.0	1.0	1.0	0.0	
266	30.0	1.0	0.0	0.0	0.0	1.0	1.0	0.0	
267	28.0	1.0	0.0	1.0	0.0	0.0	1.0	0.0	
268	28.0	1.0	0.0	0.0	0.0	1.0	0.0	0.0	
269	28.0	0.0	0.0	0.0	1.0	1.0	1.0	0.0	
270	28.0	1.0	0.0	1.0	0.0	0.0	1.0	0.0	
271	28.0	1.0	0.0	1.0	0.0	0.0	1.0	0.0	
272	30.0	1.0	0.0	0.0	0.0	1.0	1.0	0.0	
273	28.0	1.0	0.0	0.0	0.0	0.0	1.0	1.0	
274	30.0	1.0	0.0	0.0	0.0	1.0	1.0	0.0	
275	30.0	1.0	0.0	0.0	0.0	1.0	1.0	0.0	
276	28.0	1.0	0.0	1.0	0.0	0.0	1.0	0.0	
277	30.0	1.0	0.0	0.0	0.0	1.0	1.0	0.0	
278	30.0	1.0	0.0	0.0	0.0	1.0	1.0	0.0	
279	30.0	1.0	0.0	0.0	0.0	1.0	1.0	0.0	
280	30.0	1.0	0.0	0.0	0.0	1.0	1.0	0.0	
281	30.0	1.0	0.0	0.0	0.0	1.0	1.0	0.0	
282	30.0	1.0	0.0	0.0	0.0	1.0	1.0	0.0	
283	28.0	1.0	0.0	1.0	0.0	0.0	1.0	0.0	
284	30.0	1.0	0.0	0.0	0.0	1.0	1.0	0.0	
285	28.0	0.0	0.0	0.0	1.0	1.0	1.0	0.0	
286	30.0	1.0	0.0	0.0	0.0	1.0	1.0	0.0	
287	30.0	1.0	0.0	0.0	0.0	1.0	1.0	0.0	
288	30.0	1.0	0.0	0.0	0.0	1.0	1.0	0.0	
289	28.0	1.0	0.0	1.0	0.0	0.0	1.0	0.0	
290	28.0	1.0	0.0	1.0	0.0	0.0	1.0	0.0	
291	30.0	1.0	0.0	0.0	0.0	1.0	1.0	0.0	
292	30.0	1.0	0.0	0.0	0.0	1.0	1.0	0.0	
293	28.0	1.0	0.0	0.0	0.0	0.0	1.0	1.0	
294	28.0	1.0	0.0	1.0	0.0	0.0	1.0	0.0	
295	28.0	1.0	0.0	1.0	0.0	0.0	1.0	0.0	
296	30.0	1.0	0.0	0.0	0.0	1.0	1.0	0.0	
297	30.0	1.0	0.0	0.0	0.0	1.0	1.0	0.0	
298	28.0	1.0	0.0	1.0	0.0	0.0	1.0	0.0	
299	28.0	1.0	0.0	1.0	0.0	0.0	1.0	0.0	
300	28.0	1.0	0.0	1.0	0.0	0.0	1.0	0.0	
301	30.0	1.0	0.0	0.0	0.0	1.0	1.0	0.0	
302	28.0	1.0	0.0	0.0	0.0	0.0	1.0	1.0	
303	30.0	1.0	0.0	0.0	0.0	1.0	1.0	0.0	
304	28.0	1.0	0.0	1.0	0.0	0.0	1.0	0.0	
305	28.0	1.0	0.0	0.0	0.0	0.0	1.0	1.0	
306	30.0	1.0	0.0	0.0	0.0	1.0	1.0	0.0	
307	30.0	1.0	0.0	0.0	0.0	1.0	1.0	0.0	
308	30.0	1.0	0.0	0.0	0.0	1.0	1.0	0.0	
309	30.0	1.0	0.0	0.0	0.0	1.0	1.0	0.0	
310	30.0	1.0	0.0	0.0	0.0	1.0	1.0	0.0	
311	28.0	1.0	0.0	0.0	0.0	0.0	1.0	1.0	
312	28.0	1.0	0.0	0.0	0.0	0.0	1.0	1.0	
313	30.0	1.0	0.0	0.0	0.0	1.0	1.0	0.0	
314	30.0	1.0	0.0	0.0	0.0	1.0	1.0	0.0	
315	30.0	1.0	0.0	0.0	0.0	1.0	1.0	0.0	
316	30.0	1.0	0.0	0.0	0.0	1.0	1.0	0.0	
317	30.0	1.0	0.0	0.0	0.0	1.0	1.0	0.0	
318	28.0	1.0	0.0	1.0	0.0	0.0	1.0	0.0	
319	30.0	1.0	0.0	0.0	0.0	1.0	1.0	0.0	
320	30.0	1.0	0.0	0.0	0.0	1.0	1.0	0.0	
321	30.0	1.0	0.0	0.0	0.0	1.0	1.0	0.0	
322	26.0	0.0	0.0	1.0	1.0	0.0	1.0	0.0	
323	30.0	1.0	0.0	0.0	0.0	1.0	1.0	0.0	
324	30.0	1.0	0.0	0.0	0.0	1.0	1.0	0.0	
325	30.0	1.0	0.0	0.0	0.0	1.0	1.0	0.0	
326	28.0	1.0	0.0	0.0	0.0	0.0	1.0	1.0	
327	28.0	1.0	0.0	1.0	0.0	0.0	1.0	0.0	
328	30.0	1.0	0.0	0.0	0.0	1.0	1.0	0.0	
329	28.0	1.0	0.0	1.0	0.0	0.0	1.0	0.0	
330	30.0	1.0	0.0	0.0	0.0	1.0	1.0	0.0	
331	28.0	1.0	0.0	0.0	0.0	0.0	1.0	1.0	
332	28.0	1.0	0.0	0.0	0.0	0.0	1.0	1.0	
333	28.0	1.0	0.0	0.0	0.0	0.0	1.0	1.0	
334	30.0	1.0	0.0	0.0	0.0	1.0	1.0	0.0	
335	30.0	1.0	0.0	0.0	0.0	1.0	1.0	0.0	
336	30.0	1.0	0.0	0.0	0.0	1.0	1.0	0.0	
337	30.0	1.0	0.0	0.0	0.0	1.0	1.0	0.0	
338	30.0	1.0	0.0	0.0	0.0	1.0	1.0	0.0	
339	28.0	1.0	0.0	1.0	0.0	0.0	1.0	0.0	
340	30.0	1.0	0.0	0.0	0.0	1.0	1.0	0.0	
341	26.0	0.0	1.0	1.0	0.0	0.0	1.0	0.0	
342	28.0	1.0	0.0	1.0	0.0	0.0	1.0	0.0	
343	28.0	1.0	0.0	0.0	0.0	0.0	1.0	1.0	
344	30.0	1.0	0.0	0.0	0.0	1.0	1.0	0.0	
345	30.0	1.0	0.0	0.0	0.0	1.0	1.0	0.0	
346	30.0	1.0	0.0	0.0	0.0	1.0	1.0	0.0	
347	28.0	1.0	0.0	1.0	0.0	0.0	1.0	0.0	
348	30.0	1.0	0.0	0.0	0.0	1.0	1.0	0.0	
349	28.0	0.0	0.0	0.0	1.0	1.0	1.0	0.0	
350	30.0	1.0	0.0	0.0	0.0	1.0	1.0	0.0	
351	30.0	1.0	0.0	0.0	0.0	1.0	1.0	0.0	
352	28.0	0.0	1.0	0.0	0.0	1.0	1.0	0.0	
353	30.0	1.0	0.0	0.0	0.0	1.0	1.0	0.0	
354	30.0	1.0	0.0	0.0	0.0	1.0	1.0	0.0	
355	28.0	0.0	0.0	0.0	1.0	1.0	1.0	0.0	
356	28.0	1.0	0.0	0.0	0.0	0.0	1.0	1.0	
357	30.0	1.0	0.0	0.0	0.0	1.0	1.0	0.0	
358	30.0	1.0	0.0	0.0	0.0	1.0	1.0	0.0	
359	28.0	1.0	0.0	0.0	0.0	0.0	1.0	1.0	
360	28.0	0.0	1.0	0.0	0.0	1.0	1.0	0.0	
361	30.0	1.0	0.0	0.0	0.0	1.0	1.0	0.0	
362	30.0	1.0	0.0	0.0	0.0	1.0	1.0	0.0	
363	28.0	1.0	0.0	0.0	0.0	0.0	1.0	1.0	
364	30.0	1.0	0.0	0.0	0.0	1.0	1.0	0.0	
365	30.0	1.0	0.0	0.0	0.0	1.0	1.0	0.0	
366	30.0	1.0	0.0	0.0	0.0	1.0	1.0	0.0	
367	30.0	1.0	0.0	0.0	0.0	1.0	1.0	0.0	
368	28.0	1.0	0.0	1.0	0.0	0.0	1.0	0.0	
369	28.0	0.0	0.0	0.0	1.0	1.0	1.0	0.0	
370	30.0	1.0	0.0	0.0	0.0	1.0	1.0	0.0	
371	30.0	1.0	0.0	0.0	0.0	1.0	1.0	0.0	
372	30.0	1.0	0.0	0.0	0.0	1.0	1.0	0.0	
373	28.0	1.0	0.0	1.0	0.0	0.0	1.0	0.0	
374	30.0	1.0	0.0	0.0	0.0	1.0	1.0	0.0	
375	30.0	1.0	0.0	0.0	0.0	1.0	1.0	0.0	
376	30.0	1.0	0.0	0.0	0.0	1.0	1.0	0.0	
377	30.0	1.0	0.0	0.0	0.0	1.0	1.0	0.0	
378	28.0	1.0	0.0	0.0	0.0	0.0	1.0	1.0	
379	30.0	1.0	0.0	0.0	0.0	1.0	1.0	0.0	
380	28.0	1.0	0.0	1.0	0.0	0.0	1.0	0.0	
381	30.0	1.0	0.0	0.0	0.0	1.0	1.0	0.0	
382	30.0	1.0	0.0	0.0	0.0	1.0	1.0	0.0	
383	30.0	1.0	0.0	0.0	0.0	1.0	1.0	0.0	
384	30.0	1.0	0.0	0.0	0.0	1.0	1.0	0.0	
385	30.0	1.0	0.0	0.0	0.0	1.0	1.0	0.0	
386	28.0	1.0	0.0	1.0	0.0	0.0	1.0	0.0	
387	30.0	1.0	0.0	0.0	0.0	1.0	1.0	0.0	
388	30.0	1.0	0.0	0.0	0.0	1.0	1.0	0.0	
389	30.0	1.0	0.0	0.0	0.0	1.0	1.0	0.0	
390	30.0	1.0	0.0	0.0	0.0	1.0	1.0	0.0	
391	30.0	1.0	0.0	0.0	0.0	1.0	1.0	0.0	
392	30.0	1.0	0.0	0.0	0.0	1.0	1.0	0.0	
393	30.0	1.0	0.0	0.0	0.0	1.0	1.0	0.0	
394	30.0	1.0	0.0	0.0	0.0	1.0	1.0	0.0	
395	26.0	0.0	1.0	1.0	0.0	0.0	1.0	0.0	
396	30.0	1.0	0.0	0.0	0.0	1.0	1.0	0.0	
397	28.0	1.0	0.0	0.0	0.0	0.0	1.0	1.0	
398	28.0	1.0	0.0	1.0	0.0	0.0	1.0	0.0	
399	28.0	1.0	0.0	0.0	0.0	0.0	1.0	1.0	
400	30.0	1.0	0.0	0.0	0.0	1.0	1.0	0.0	
401	28.0	1.0	0.0	0.0	0.0	0.0	1.0	1.0	
402	30.0	1.0	0.0	0.0	0.0	1.0	1.0	0.0	
403	28.0	1.0	0.0	0.0	0.0	0.0	1.0	1.0	
404	28.0	1.0	0.0	0.0	0.0	0.0	1.0	1.0	
405	30.0	1.0	0.0	0.0	0.0	1.0	1.0	0.0	
406	30.0	1.0	0.0	0.0	0.0	1.0	1.0	0.0	
407	28.0	1.0	0.0	0.0	0.0	0.0	1.0	1.0	
408	28.0	1.0	0.0	1.0	0.0	0.0	1.0	0.0	
409	28.0	1.0	0.0	1.0	0.0	0.0	1.0	0.0	
410	28.0	1.0	0.0	1.0	0.0	0.0	1.0	0.0	
411	30.0	1.0	0.0	0.0	0.0	1.0	1.0	0.0	
412	30.0	1.0	0.0	0.0	0.0	1.0	1.0	0.0	
413	30.0	1.0	0.0	0.0	0.0	1.0	1.0	0.0	
414	28.0	1.0	0.0	1.0	0.0	0.0	1.0	0.0	
415	30.0	1.0	0.0	0.0	0.0	1.0	1.0	0.0	
416	30.0	1.0	0.0	0.0	0.0	1.0	1.0	0.0	
417	30.0	1.0	0.0	0.0	0.0	1.0	1.0	0.0	
418	30.0	1.0	0.0	0.0	0.0	1.0	1.0	0.0	
419	30.0	1.0	0.0	0.0	0.0	1.0	1.0	0.0	
420	30.0	1.0	0.0	0.0	0.0	1.0	1.0	0.0	
421	30.0	1.0	0.0	0.0	0.0	1.0	1.0	0.0	
422	28.0	1.0	0.0	0.0	0.0	0.0	1.0	1.0	
423	30.0	1.0	0.0	0.0	0.0	1.0	1.0	0.0	
424	30.0	1.0	0.0	0.0	0.0	1.0	1.0	0.0	
425	30.0	1.0	0.0	0.0	0.0	1.0	1.0	0.0	
426	30.0	1.0	0.0	0.0	0.0	1.0	1.0	0.0	
427	28.0	1.0	0.0	0.0	0.0	0.0	1.0	1.0	
428	30.0	1.0	0.0	0.0	0.0	1.0	1.0	0.0	
429	28.0	1.0	0.0	0.0	0.0	0.0	1.0	1.0	
430	28.0	1.0	0.0	1.0	0.0	0.0	1.0	0.0	
431	30.0	1.0	0.0	0.0	0.0	1.0	1.0	0.0	
432	28.0	0.0	1.0	0.0	0.0	1.0	1.0	0.0	
433	28.0	1.0	0.0	1.0	0.0	0.0	1.0	0.0	
434	30.0	1.0	0.0	0.0	0.0	1.0	1.0	0.0	
435	28.0	1.0	0.0	1.0	0.0	0.0	1.0	0.0	
436	28.0	1.0	0.0	1.0	0.0	0.0	1.0	0.0	
437	28.0	0.0	0.0	0.0	1.0	1.0	1.0	0.0	
438	28.0	1.0	0.0	0.0	0.0	0.0	1.0	1.0	
439	30.0	1.0	0.0	0.0	0.0	1.0	1.0	0.0	
440	30.0	1.0	0.0	0.0	0.0	1.0	1.0	0.0	
441	30.0	1.0	0.0	0.0	0.0	1.0	1.0	0.0	
442	30.0	1.0	0.0	0.0	0.0	1.0	1.0	0.0	
443	28.0	0.0	1.0	0.0	0.0	1.0	1.0	0.0	
444	30.0	1.0	0.0	0.0	0.0	1.0	1.0	0.0	
445	30.0	1.0	0.0	0.0	0.0	1.0	1.0	0.0	
446	30.0	1.0	0.0	0.0	0.0	1.0	1.0	0.0	
447	28.0	1.0	0.0	1.0	0.0	0.0	1.0	0.0	
448	28.0	1.0	0.0	0.0	0.0	0.0	1.0	1.0	
449	30.0	1.0	0.0	0.0	0.0	1.0	1.0	0.0	
450	30.0	1.0	0.0	0.0	0.0	1.0	1.0	0.0	
451	30.0	1.0	0.0	0.0	0.0	1.0	1.0	0.0	
452	30.0	1.0	0.0	0.0	0.0	1.0	1.0	0.0	
453	28.0	0.0	0.0	0.0	1.0	1.0	1.0	0.0	
454	30.0	1.0	0.0	0.0	0.0	1.0	1.0	0.0	
455	30.0	1.0	0.0	0.0	0.0	1.0	1.0	0.0	
456	30.0	1.0	0.0	0.0	0.0	1.0	1.0	0.0	
457	28.0	1.0	0.0	0.0	0.0	0.0	1.0	1.0	
458	30.0	1.0	0.0	0.0	0.0	1.0	1.0	0.0	
459	30.0	1.0	0.0	0.0	0.0	1.0	1.0	0.0	
460	28.0	1.0	0.0	1.0	0.0	0.0	1.0	0.0	
461	28.0	0.0	0.0	0.0	1.0	1.0	1.0	0.0	
462	30.0	1.0	0.0	0.0	0.0	1.0	1.0	0.0	
463	28.0	1.0	0.0	0.0	0.0	0.0	1.0	1.0	
464	30.0	1.0	0.0	0.0	0.0	1.0	1.0	0.0	
465	28.0	1.0	0.0	0.0	0.0	0.0	1.0	1.0	
466	30.0	1.0	0.0	0.0	0.0	1.0	1.0	0.0	
467	30.0	1.0	0.0	0.0	0.0	1.0	1.0	0.0	
468	30.0	1.0	0.0	0.0	0.0	1.0	1.0	0.0	
469	30.0	1.0	0.0	0.0	0.0	1.0	1.0	0.0	
470	30.0	1.0	0.0	0.0	0.0	1.0	1.0	0.0	
471	28.0	1.0	0.0	0.0	0.0	0.0	1.0	1.0	
472	30.0	1.0	0.0	0.0	0.0	1.0	1.0	0.0	
473	30.0	1.0	0.0	0.0	0.0	1.0	1.0	0.0	
474	30.0	1.0	0.0	0.0	0.0	1.0	1.0	0.0	
475	28.0	1.0	0.0	1.0	0.0	0.0	1.0	0.0	
476	30.0	1.0	0.0	0.0	0.0	1.0	1.0	0.0	
477	30.0	1.0	0.0	0.0	0.0	1.0	1.0	0.0	
478	30.0	1.0	0.0	0.0	0.0	1.0	1.0	0.0	
479	28.0	1.0	0.0	0.0	0.0	0.0	1.0	1.0	
480	30.0	1.0	0.0	0.0	0.0	1.0	1.0	0.0	
481	30.0	1.0	0.0	0.0	0.0	1.0	1.0	0.0	
482	28.0	1.0	0.0	1.0	0.0	0.0	1.0	0.0	
483	30.0	1.0	0.0	0.0	0.0	1.0	1.0	0.0	
484	28.0	1.0	0.0	1.0	0.0	0.0	1.0	0.0	
485	30.0	1.0	0.0	0.0	0.0	1.0	1.0	0.0	
486	30.0	1.0	0.0	0.0	0.0	1.0	1.0	0.0	
487	28.0	1.0	0.0	0.0	0.0	0.0	1.0	1.0	
488	28.0	1.0	0.0	1.0	0.0	0.0	1.0	0.0	
489	30.0	1.0	0.0	0.0	0.0	1.0	1.0	0.0	
490	30.0	1.0	0.0	0.0	0.0	1.0	1.0	0.0	
491	30.0	1.0	0.0	0.0	0.0	1.0	1.0	0.0	
492	30.0	1.0	0.0	0.0	0.0	1.0	1.0	0.0	
493	30.0	1.0	0.0	0.0	0.0	1.0	1.0	0.0	
494	28.0	1.0	0.0	0.0	0.0	0.0	1.0	1.0	
495	30.0	1.0	0.0	0.0	0.0	1.0	1.0	0.0	
496	30.0	1.0	0.0	0.0	0.0	1.0	1.0	0.0	
497	28.0	1.0	0.0	0.0	0.0	0.0	1.0	1.0	
498	30.0	1.0	0.0	0.0	0.0	1.0	1.0	0.0	
499	30.0	1.0	0.0	0.0	0.0	1.0	1.0	0.0	
500	30.0	1.0	0.0	0.0	0.0	1.0	1.0	0.0	
501	28.0	1.0	0.0	1.0	0.0	0.0	1.0	0.0	
502	30.0	1.0	0.0	0.0	0.0	1.0	1.0	0.0	
503	28.0	1.0	0.0	0.0	0.0	0.0	1.0	1.0	
504	30.0	1.0	0.0	0.0	0.0	1.0	1.0	0.0	
505	30.0	1.0	0.0	0.0	0.0	1.0	1.0	0.0	
506	26.0	0.0	0.0	1.0	1.0	0.0	1.0	0.0	
507	30.0	1.0	0.0	0.0	0.0	1.0	1.0	0.0	
508	30.0	1.0	0.0	0.0	0.0	1.0	1.0	0.0	
509	30.0	1.0	0.0	0.0	0.0	1.0	1.0	0.0	
510	28.0	1.0	0.0	1.0	0.0	0.0	1.0	0.0	
511	28.0	1.0	0.0	0.0	0.0	0.0	1.0	1.0	
512	30.0	1.0	0.0	0.0	0.0	1.0	1.0	0.0	
513	30.0	1.0	0.0	0.0	0.0	1.0	1.0	0.0	
514	30.0	1.0	0.0	0.0	0.0	1.0	1.0	0.0	
515	26.0	0.0	1.0	0.0	0.0	0.0	1.0	1.0	
516	30.0	1.0	0.0	0.0	0.0	1.0	1.0	0.0	
517	30.0	1.0	0.0	0.0	0.0	1.0	1.0	0.0	
518	28.0	1.0	0.0	0.0	0.0	0.0	1.0	1.0	
519	28.0	0.0	1.0	0.0	0.0	1.0	1.0	0.0	
520	30.0	1.0	0.0	0.0	0.0	1.0	1.0	0.0	
521	30.0	1.0	0.0	0.0	0.0	1.0	1.0	0.0	
522	30.0	1.0	0.0	0.0	0.0	1.0	1.0	0.0	
523	30.0	1.0	0.0	0.0	0.0	1.0	1.0	0.0	
524	30.0	1.0	0.0	0.0	0.0	1.0	1.0	0.0	
525	28.0	1.0	0.0	1.0	0.0	0.0	1.0	0.0	
526	30.0	1.0	0.0	0.0	0.0	1.0	1.0	0.0	
527	28.0	1.0	0.0	0.0	0.0	0.0	1.0	1.0	
528	28.0	1.0	0.0	1.0	0.0	0.0	1.0	0.0	
529	28.0	1.0	0.0	1.0	0.0	0.0	1.0	0.0	
530	28.0	1.0	0.0	1.0	0.0	0.0	1.0	0.0	
531	30.0	1.0	0.0	0.0	0.0	1.0	1.0	0.0	
532	30.0	1.0	0.0	0.0	0.0	1.0	1.0	0.0	
533	28.0	1.0	0.0	1.0	0.0	0.0	1.0	0.0	
534	30.0	1.0	0.0	0.0	0.0	1.0	1.0	0.0	
535	28.0	1.0	0.0	1.0	0.0	0.0	1.0	0.0	
536	28.0	1.0	0.0	1.0	0.0	0.0	1.0	0.0	
537	28.0	1.0	0.0	1.0	0.0	0.0	1.0	0.0	
538	30.0	1.0	0.0	0.0	0.0	1.0	1.0	0.0	
539	28.0	1.0	0.0	0.0	0.0	0.0	1.0	1.0	
540	30.0	1.0	0.0	0.0	0.0	1.0	1.0	0.0	
541	30.0	1.0	0.0	0.0	0.0	1.0	1.0	0.0	
542	28.0	1.0	0.0	0.0	0.0	0.0	1.0	1.0	
543	30.0	1.0	0.0	0.0	0.0	1.0	1.0	0.0	
544	28.0	1.0	0.0	0.0	0.0	0.0	1.0	1.0	
545	30.0	1.0	0.0	0.0	0.0	1.0	1.0	0.0	
546	30.0	1.0	0.0	0.0	0.0	1.0	1.0	0.0	
547	30.0	1.0	0.0	0.0	0.0	1.0	1.0	0.0	
548	28.0	1.0	0.0	0.0	0.0	0.0	1.0	1.0	
549	30.0	1.0	0.0	0.0	0.0	1.0	1.0	0.0	
550	30.0	1.0	0.0	0.0	0.0	1.0	1.0	0.0	
551	30.0	1.0	0.0	0.0	0.0	1.0	1.0	0.0	
552	28.0	1.0	0.0	1.0	0.0	0.0	1.0	0.0	
553	30.0	1.0	0.0	0.0	0.0	1.0	1.0	0.0	
554	28.0	0.0	1.0	0.0	0.0	1.0	1.0	0.0	
555	28.0	0.0	0.0	0.0	1.0	1.0	1.0	0.0	
556	28.0	1.0	0.0	1.0	0.0	0.0	1.0	0.0	
557	28.0	1.0	0.0	1.0	0.0	0.0	1.0	0.0	
558	30.0	1.0	0.0	0.0	0.0	1.0	1.0	0.0	
559	30.0	1.0	0.0	0.0	0.0	1.0	1.0	0.0	
560	30.0	1.0	0.0	0.0	0.0	1.0	1.0	0.0	
561	30.0	1.0	0.0	0.0	0.0	1.0	1.0	0.0	
562	28.0	1.0	0.0	1.0	0.0	0.0	1.0	0.0	
563	28.0	1.0	0.0	1.0	0.0	0.0	1.0	0.0	
564	30.0	1.0	0.0	0.0	0.0	1.0	1.0	0.0	
565	30.0	1.0	0.0	0.0	0.0	1.0	1.0	0.0	
566	30.0	1.0	0.0	0.0	0.0	1.0	1.0	0.0	
567	26.0	0.0	0.0	1.0	1.0	0.0	1.0	0.0	
568	30.0	1.0	0.0	0.0	0.0	1.0	1.0	0.0	
569	28.0	1.0	0.0	0.0	0.0	0.0	1.0	1.0	
570	28.0	1.0	0.0	1.0	0.0	0.0	1.0	0.0	
571	28.0	1.0	0.0	0.0	0.0	0.0	1.0	1.0	
572	30.0	1.0	0.0	0.0	0.0	1.0	1.0	0.0	
573	28.0	1.0	0.0	1.0	0.0	0.0	1.0	0.0	
574	30.0	1.0	0.0	0.0	0.0	1.0	1.0	0.0	
575	30.0	1.0	0.0	0.0	0.0	1.0	1.0	0.0	
576	30.0	1.0	0.0	0.0	0.0	1.0	1.0	0.0	
577	30.0	1.0	0.0	0.0	0.0	1.0	1.0	0.0	
578	28.0	1.0	0.0	1.0	0.0	0.0	1.0	0.0	
579	30.0	1.0	0.0	0.0	0.0	1.0	1.0	0.0	
580	30.0	1.0	0.0	0.0	0.0	1.0	1.0	0.0	
581	28.0	0.0	0.0	0.0	1.0	1.0	1.0	0.0	
582	30.0	1.0	0.0	0.0	0.0	1.0	1.0	0.0	
583	28.0	0.0	0.0	0.0	1.0	1.0	1.0	0.0	
584	28.0	1.0	0.0	1.0	0.0	0.0	1.0	0.0	
585	30.0	1.0	0.0	0.0	0.0	1.0	1.0	0.0	
586	28.0	1.0	0.0	1.0	0.0	0.0	1.0	0.0	
587	30.0	1.0	0.0	0.0	0.0	1.0	1.0	0.0	
588	30.0	1.0	0.0	0.0	0.0	1.0	1.0	0.0	
589	28.0	1.0	0.0	0.0	0.0	0.0	1.0	1.0	
590	30.0	1.0	0.0	0.0	0.0	1.0	1.0	0.0	
591	28.0	1.0	0.0	0.0	0.0	0.0	1.0	1.0	
592	28.0	1.0	0.0	1.0	0.0	0.0	1.0	0.0	
593	30.0	1.0	0.0	0.0	0.0	1.0	1.0	0.0	
594	30.0	1.0	0.0	0.0	0.0	1.0	1.0	0.0	
595	28.0	1.0	0.0	0.0	0.0	0.0	1.0	1.0	
596	28.0	1.0	0.0	1.0	0.0	0.0	1.0	0.0	
597	30.0	1.0	0.0	0.0	0.0	1.0	1.0	0.0	
598	30.0	1.0	0.0	0.0	0.0	1.0	1.0	0.0	
599	30.0	1.0	0.0	0.0	0.0	1.0	1.0	0.0	
600	30.0	1.0	0.0	0.0	0.0	1.0	1.0	0.0	
601	30.0	1.0	0.0	0.0	0.0	1.0	1.0	0.0	
602	28.0	0.0	1.0	0.0	0.0	1.0	1.0	0.0	
603	30.0	1.0	0.0	0.0	0.0	1.0	1.0	0.0	
604	28.0	1.0	0.0	0.0	0.0	0.0	1.0	1.0	
605	28.0	1.0	0.0	1.0	0.0	0.0	1.0	0.0	
606	30.0	1.0	0.0	0.0	0.0	1.0	1.0	0.0	
607	30.0	1.0	0.0	0.0	0.0	1.0	1.0	0.0	
608	30.0	1.0	0.0	0.0	0.0	1.0	1.0	0.0	
609	30.0	1.0	0.0	0.0	0.0	1.0	1.0	0.0	
610	30.0	1.0	0.0	0.0	0.0	1.0	1.0	0.0	
611	28.0	1.0	0.0	0.0	0.0	0.0	1.0	1.0	
612	28.0	1.0	0.0	1.0	0.0	0.0	1.0	0.0	
613	30.0	1.0	0.0	0.0	0.0	1.0	1.0	0.0	
614	30.0	1.0	0.0	0.0	0.0	1.0	1.0	0.0	
615	30.0	1.0	0.0	0.0	0.0	1.0	1.0	0.0	
616	28.0	1.0	0.0	0.0	0.0	0.0	1.0	1.0	
617	30.0	1.0	0.0	0.0	0.0	1.0	1.0	0.0	
618	28.0	1.0	0.0	1.0	0.0	0.0	1.0	0.0	
619	26.0	0.0	0.0	1.0	1.0	0.0	1.0	0.0	
620	28.0	1.0	0.0	0.0	0.0	0.0	1.0	1.0	
621	28.0	1.0	0.0	0.0	0.0	0.0	1.0	1.0	
622	28.0	1.0	0.0	1.0	0.0	0.0	1.0	0.0	
623	30.0	1.0	0.0	0.0	0.0	1.0	1.0	0.0	
624	30.0	1.0	0.0	0.0	0.0	1.0	1.0	0.0	
625	30.0	1.0	0.0	0.0	0.0	1.0	1.0	0.0	
626	30.0	1.0	0.0	0.0	0.0	1.0	1.0	0.0	
627	30.0	1.0	0.0	0.0	0.0	1.0	1.0	0.0	
628	30.0	1.0	0.0	0.0	0.0	1.0	1.0	0.0	
629	30.0	1.0	0.0	0.0	0.0	1.0	1.0	0.0	
630	28.0	1.0	0.0	0.0	0.0	0.0	1.0	1.0	
631	30.0	1.0	0.0	0.0	0.0	1.0	1.0	0.0	
632	30.0	1.0	0.0	0.0	0.0	1.0	1.0	0.0	
633	30.0	1.0	0.0	0.0	0.0	1.0	1.0	0.0	
634	28.0	1.0	0.0	0.0	0.0	0.0	1.0	1.0	
635	28.0	1.0	0.0	1.0	0.0	0.0	1.0	0.0	
636	30.0	1.0	0.0	0.0	0.0	1.0	1.0	0.0	
637	30.0	1.0	0.0	0.0	0.0	1.0	1.0	0.0	
638	30.0	1.0	0.0	0.0	0.0	1.0	1.0	0.0	
639	30.0	1.0	0.0	0.0	0.0	1.0	1.0	0.0	
640	28.0	1.0	0.0	0.0	0.0	0.0	1.0	1.0	
641	28.0	1.0	0.0	1.0	0.0	0.0	1.0	0.0	
642	28.0	1.0	0.0	1.0	0.0	0.0	1.0	0.0	
643	30.0	1.0	0.0	0.0	0.0	1.0	1.0	0.0	
644	28.0	1.0	0.0	1.0	0.0	0.0	1.0	0.0	
645	30.0	1.0	0.0	0.0	0.0	1.0	1.0	0.0	
646	30.0	1.0	0.0	0.0	0.0	1.0	1.0	0.0	
647	30.0	1.0	0.0	0.0	0.0	1.0	1.0	0.0	
648	30.0	1.0	0.0	0.0	0.0	1.0	1.0	0.0	
649	30.0	1.0	0.0	0.0	0.0	1.0	1.0	0.0	
650	30.0	1.0	0.0	0.0	0.0	1.0	1.0	0.0	
651	30.0	1.0	0.0	0.0	0.0	1.0	1.0	0.0	
652	30.0	1.0	0.0	0.0	0.0	1.0	1.0	0.0	
653	28.0	1.0	0.0	1.0	0.0	0.0	1.0	0.0	
654	30.0	1.0	0.0	0.0	0.0	1.0	1.0	0.0	
655	28.0	1.0	0.0	1.0	0.0	0.0	1.0	0.0	
656	28.0	1.0	0.0	0.0	0.0	0.0	1.0	1.0	
657	28.0	1.0	0.0	1.0	0.0	0.0	1.0	0.0	
658	30.0	1.0	0.0	0.0	0.0	1.0	1.0	0.0	
659	28.0	0.0	0.0	0.0	1.0	1.0	1.0	0.0	
660	30.0	1.0	0.0	0.0	0.0	1.0	1.0	0.0	
661	28.0	1.0	0.0	1.0	0.0	0.0	1.0	0.0	
662	30.0	1.0	0.0	0.0	0.0	1.0	1.0	0.0	
663	28.0	1.0	0.0	1.0	0.0	0.0	1.0	0.0	
664	28.0	0.0	1.0	0.0	0.0	1.0	1.0	0.0	
665	28.0	1.0	0.0	1.0	0.0	0.0	1.0	0.0	
666	28.0	0.0	1.0	0.0	0.0	1.0	1.0	0.0	
667	30.0	1.0	0.0	0.0	0.0	1.0	1.0	0.0	
668	28.0	1.0	0.0	1.0	0.0	0.0	1.0	0.0	
669	30.0	1.0	0.0	0.0	0.0	1.0	1.0	0.0	
670	30.0	1.0	0.0	0.0	0.0	1.0	1.0	0.0	
671	30.0	1.0	0.0	0.0	0.0	1.0	1.0	0.0	
672	30.0	1.0	0.0	0.0	0.0	1.0	1.0	0.0	
673	30.0	1.0	0.0	0.0	0.0	1.0	1.0	0.0	
674	30.0	1.0	0.0	0.0	0.0	1.0	1.0	0.0	
675	30.0	1.0	0.0	0.0	0.0	1.0	1.0	0.0	
676	28.0	0.0	1.0	0.0	0.0	1.0	1.0	0.0	
677	28.0	1.0	0.0	0.0	0.0	0.0	1.0	1.0	
678	30.0	1.0	0.0	0.0	0.0	1.0	1.0	0.0	
679	30.0	1.0	0.0	0.0	0.0	1.0	1.0	0.0	
680	30.0	1.0	0.0	0.0	0.0	1.0	1.0	0.0	
681	28.0	1.0	0.0	0.0	0.0	0.0	1.0	1.0	
682	28.0	1.0	0.0	0.0	0.0	0.0	1.0	1.0	
683	30.0	1.0	0.0	0.0	0.0	1.0	1.0	0.0	
684	26.0	0.0	0.0	1.0	1.0	0.0	1.0	0.0	
685	30.0	1.0	0.0	0.0	0.0	1.0	1.0	0.0	
686	30.0	1.0	0.0	0.0	0.0	1.0	1.0	0.0	
687	30.0	1.0	0.0	0.0	0.0	1.0	1.0	0.0	
688	28.0	1.0	0.0	1.0	0.0	0.0	1.0	0.0	
689	30.0	1.0	0.0	0.0	0.0	1.0	1.0	0.0	
690	30.0	1.0	0.0	0.0	0.0	1.0	1.0	0.0	
691	28.0	1.0	0.0	1.0	0.0	0.0	1.0	0.0	
692	28.0	1.0	0.0	1.0	0.0	0.0	1.0	0.0	
693	30.0	1.0	0.0	0.0	0.0	1.0	1.0	0.0	
694	28.0	1.0	0.0	1.0	0.0	0.0	1.0	0.0	
695	28.0	1.0	0.0	0.0	0.0	0.0	1.0	1.0	
696	30.0	1.0	0.0	0.0	0.0	1.0	1.0	0.0	
697	26.0	0.0	0.0	1.0	1.0	0.0	1.0	0.0	
698	30.0	1.0	0.0	0.0	0.0	1.0	1.0	0.0	
699	30.0	1.0	0.0	0.0	0.0	1.0	1.0	0.0	
700	30.0	1.0	0.0	0.0	0.0	1.0	1.0	0.0	
701	30.0	1.0	0.0	0.0	0.0	1.0	1.0	0.0	
702	30.0	1.0	0.0	0.0	0.0	1.0	1.0	0.0	
703	30.0	1.0	0.0	0.0	0.0	1.0	1.0	0.0	
704	30.0	1.0	0.0	0.0	0.0	1.0	1.0	0.0	
705	30.0	1.0	0.0	0.0	0.0	1.0	1.0	0.0	
706	30.0	1.0	0.0	0.0	0.0	1.0	1.0	0.0	
707	30.0	1.0	0.0	0.0	0.0	1.0	1.0	0.0	
708	28.0	1.0	0.0	0.0	0.0	0.0	1.0	1.0	
709	30.0	1.0	0.0	0.0	0.0	1.0	1.0	0.0	
710	30.0	1.0	0.0	0.0	0.0	1.0	1.0	0.0	
711	28.0	1.0	0.0	1.0	0.0	0.0	1.0	0.0	
712	30.0	1.0	0.0	0.0	0.0	1.0	1.0	0.0	
713	28.0	1.0	0.0	0.0	0.0	0.0	1.0	1.0	
714	30.0	1.0	0.0	0.0	0.0	1.0	1.0	0.0	
715	28.0	1.0	0.0	1.0	0.0	0.0	1.0	0.0	
716	28.0	1.0	0.0	1.0	0.0	0.0	1.0	0.0	
717	30.0	1.0	0.0	0.0	0.0	1.0	1.0	0.0	
718	30.0	1.0	0.0	0.0	0.0	1.0	1.0	0.0	
719	30.0	1.0	0.0	0.0	0.0	1.0	1.0	0.0	
720	30.0	1.0	0.0	0.0	0.0	1.0	1.0	0.0	
721	30.0	1.0	0.0	0.0	0.0	1.0	1.0	0.0	
722	28.0	1.0	0.0	0.0	0.0	0.0	1.0	1.0	
723	28.0	0.0	1.0	0.0	0.0	1.0	1.0	0.0	
724	30.0	1.0	0.0	0.0	0.0	1.0	1.0	0.0	
725	28.0	1.0	0.0	1.0	0.0	0.0	1.0	0.0	
726	30.0	1.0	0.0	0.0	0.0	1.0	1.0	0.0	
727	28.0	1.0	0.0	1.0	0.0	0.0	1.0	0.0	
728	30.0	1.0	0.0	0.0	0.0	1.0	1.0	0.0	
729	30.0	1.0	0.0	0.0	0.0	1.0	1.0	0.0	
730	30.0	1.0	0.0	0.0	0.0	1.0	1.0	0.0	
731	28.0	1.0	0.0	1.0	0.0	0.0	1.0	0.0	
732	30.0	1.0	0.0	0.0	0.0	1.0	1.0	0.0	
733	30.0	1.0	0.0	0.0	0.0	1.0	1.0	0.0	
734	28.0	1.0	0.0	0.0	0.0	0.0	1.0	1.0	
735	30.0	1.0	0.0	0.0	0.0	1.0	1.0	0.0	
736	30.0	1.0	0.0	0.0	0.0	1.0	1.0	0.0	
737	30.0	1.0	0.0	0.0	0.0	1.0	1.0	0.0	
738	30.0	1.0	0.0	0.0	0.0	1.0	1.0	0.0	
739	28.0	1.0	0.0	1.0	0.0	0.0	1.0	0.0	
740	30.0	1.0	0.0	0.0	0.0	1.0	1.0	0.0	
741	28.0	1.0	0.0	0.0	0.0	0.0	1.0	1.0	
742	30.0	1.0	0.0	0.0	0.0	1.0	1.0	0.0	
743	30.0	1.0	0.0	0.0	0.0	1.0	1.0	0.0	
744	30.0	1.0	0.0	0.0	0.0	1.0	1.0	0.0	
745	30.0	1.0	0.0	0.0	0.0	1.0	1.0	0.0	
746	30.0	1.0	0.0	0.0	0.0	1.0	1.0	0.0	
747	30.0	1.0	0.0	0.0	0.0	1.0	1.0	0.0	
748	28.0	1.0	0.0	0.0	0.0	0.0	1.0	1.0	
749	28.0	1.0	0.0	1.0	0.0	0.0	1.0	0.0	
750	30.0	1.0	0.0	0.0	0.0	1.0	1.0	0.0	
751	30.0	1.0	0.0	0.0	0.0	1.0	1.0	0.0	
752	28.0	1.0	0.0	1.0	0.0	0.0	1.0	0.0	
753	28.0	1.0	0.0	0.0	0.0	0.0	1.0	1.0	
754	30.0	1.0	0.0	0.0	0.0	1.0	1.0	0.0	
755	28.0	1.0	0.0	0.0	0.0	0.0	1.0	1.0	
756	30.0	1.0	0.0	0.0	0.0	1.0	1.0	0.0	
757	28.0	1.0	0.0	0.0	0.0	0.0	1.0	1.0	
758	30.0	1.0	0.0	0.0	0.0	1.0	1.0	0.0	
759	30.0	1.0	0.0	0.0	0.0	1.0	1.0	0.0	
760	30.0	1.0	0.0	0.0	0.0	1.0	1.0	0.0	
761	30.0	1.0	0.0	0.0	0.0	1.0	1.0	0.0	
762	28.0	1.0	0.0	1.0	0.0	0.0	1.0	0.0	
763	28.0	1.0	0.0	1.0	0.0	0.0	1.0	0.0	
764	28.0	1.0	0.0	0.0	0.0	0.0	1.0	1.0	
765	30.0	1.0	0.0	0.0	0.0	1.0	1.0	0.0	
766	30.0	1.0	0.0	0.0	0.0	1.0	1.0	0.0	
767	30.0	1.0	0.0	0.0	0.0	1.0	1.0	0.0	
768	30.0	1.0	0.0	0.0	0.0	1.0	1.0	0.0	
769	30.0	1.0	0.0	0.0	0.0	1.0	1.0	0.0	
770	30.0	1.0	0.0	0.0	0.0	1.0	1.0	0.0	
771	30.0	1.0	0.0	0.0	0.0	1.0	1.0	0.0	
772	30.0	1.0	0.0	0.0	0.0	1.0	1.0	0.0	
773	30.0	1.0	0.0	0.0	0.0	1.0	1.0	0.0	
774	30.0	1.0	0.0	0.0	0.0	1.0	1.0	0.0	
775	30.0	1.0	0.0	0.0	0.0	1.0	1.0	0.0	
776	30.0	1.0	0.0	0.0	0.0	1.0	1.0	0.0	
777	30.0	1.0	0.0	0.0	0.0	1.0	1.0	0.0	
778	28.0	1.0	0.0	0.0	0.0	0.0	1.0	1.0	
779	28.0	1.0	0.0	1.0	0.0	0.0	1.0	0.0	
780	30.0	1.0	0.0	0.0	0.0	1.0	1.0	0.0	
781	28.0	1.0	0.0	1.0	0.0	0.0	1.0	0.0	
782	30.0	1.0	0.0	0.0	0.0	1.0	1.0	0.0	
783	28.0	1.0	0.0	1.0	0.0	0.0	1.0	0.0	
784	30.0	1.0	0.0	0.0	0.0	1.0	1.0	0.0	
785	28.0	1.0	0.0	1.0	0.0	0.0	1.0	0.0	
786	28.0	1.0	0.0	1.0	0.0	0.0	1.0	0.0	
787	30.0	1.0	0.0	0.0	0.0	1.0	1.0	0.0	
788	30.0	1.0	0.0	0.0	0.0	1.0	1.0	0.0	
789	30.0	1.0	0.0	0.0	0.0	1.0	1.0	0.0	
790	28.0	1.0	0.0	0.0	0.0	0.0	1.0	1.0	
791	30.0	1.0	0.0	0.0	0.0	1.0	1.0	0.0	
792	30.0	1.0	0.0	0.0	0.0	1.0	1.0	0.0	
793	30.0	1.0	0.0	0.0	0.0	1.0	1.0	0.0	
794	28.0	1.0	0.0	0.0	0.0	0.0	1.0	1.0	
795	30.0	1.0	0.0	0.0	0.0	1.0	1.0	0.0	
796	28.0	0.0	0.0	0.0	1.0	1.0	1.0	0.0	
797	28.0	1.0	0.0	0.0	0.0	0.0	1.0	1.0	
798	28.0	1.0	0.0	0.0	0.0	0.0	1.0	1.0	
799	28.0	0.0	1.0	0.0	0.0	1.0	1.0	0.0	
800	30.0	1.0	0.0	0.0	0.0	1.0	1.0	0.0	
801	30.0	1.0	0.0	0.0	0.0	1.0	1.0	0.0	
802	28.0	1.0	0.0	0.0	0.0	0.0	1.0	1.0	
803	30.0	1.0	0.0	0.0	0.0	1.0	1.0	0.0	
804	30.0	1.0	0.0	0.0	0.0	1.0	1.0	0.0	
805	30.0	1.0	0.0	0.0	0.0	1.0	1.0	0.0	
806	28.0	1.0	0.0	0.0	0.0	0.0	1.0	1.0	
807	30.0	1.0	0.0	0.0	0.0	1.0	1.0	0.0	
808	30.0	1.0	0.0	0.0	0.0	1.0	1.0	0.0	
809	28.0	1.0	0.0	1.0	0.0	0.0	1.0	0.0	
810	28.0	1.0	0.0	0.0	0.0	0.0	1.0	1.0	
811	26.0	1.0	0.0	1.0	0.0	0.0	0.0	0.0	
812	28.0	1.0	0.0	1.0	0.0	0.0	1.0	0.0	
813	30.0	1.0	0.0	0.0	0.0	1.0	1.0	0.0	
814	28.0	1.0	0.0	0.0	0.0	0.0	1.0	1.0	
815	30.0	1.0	0.0	0.0	0.0	1.0	1.0	0.0	
816	26.0	0.0	1.0	1.0	0.0	0.0	1.0	0.0	
817	30.0	1.0	0.0	0.0	0.0	1.0	1.0	0.0	
818	28.0	1.0	0.0	1.0	0.0	0.0	1.0	0.0	
819	28.0	1.0	0.0	1.0	0.0	0.0	1.0	0.0	
820	30.0	1.0	0.0	0.0	0.0	1.0	1.0	0.0	
821	28.0	1.0	0.0	1.0	0.0	0.0	1.0	0.0	
822	30.0	1.0	0.0	0.0	0.0	1.0	1.0	0.0	
823	30.0	1.0	0.0	0.0	0.0	1.0	1.0	0.0	
824	30.0	1.0	0.0	0.0	0.0	1.0	1.0	0.0	
825	28.0	0.0	1.0	0.0	0.0	1.0	1.0	0.0	
826	28.0	1.0	0.0	1.0	0.0	0.0	1.0	0.0	
827	30.0	1.0	0.0	0.0	0.0	1.0	1.0	0.0	
828	30.0	1.0	0.0	0.0	0.0	1.0	1.0	0.0	
829	28.0	1.0	0.0	0.0	0.0	0.0	1.0	1.0	
830	28.0	1.0	0.0	1.0	0.0	0.0	1.0	0.0	
831	30.0	1.0	0.0	0.0	0.0	1.0	1.0	0.0	
832	28.0	1.0	0.0	0.0	0.0	0.0	1.0	1.0	
833	28.0	1.0	0.0	0.0	0.0	0.0	1.0	1.0	
834	30.0	1.0	0.0	0.0	0.0	1.0	1.0	0.0	
835	30.0	1.0	0.0	0.0	0.0	1.0	1.0	0.0	
836	30.0	1.0	0.0	0.0	0.0	1.0	1.0	0.0	
837	30.0	1.0	0.0	0.0	0.0	1.0	1.0	0.0	
838	30.0	1.0	0.0	0.0	0.0	1.0	1.0	0.0	
839	30.0	1.0	0.0	0.0	0.0	1.0	1.0	0.0	
840	30.0	1.0	0.0	0.0	0.0	1.0	1.0	0.0	
841	30.0	1.0	0.0	0.0	0.0	1.0	1.0	0.0	
842	28.0	1.0	0.0	1.0	0.0	0.0	1.0	0.0	
843	28.0	1.0	0.0	1.0	0.0	0.0	1.0	0.0	
844	28.0	1.0	0.0	0.0	0.0	0.0	1.0	1.0	
845	30.0	1.0	0.0	0.0	0.0	1.0	1.0	0.0	
846	30.0	1.0	0.0	0.0	0.0	1.0	1.0	0.0	
847	28.0	1.0	0.0	1.0	0.0	0.0	1.0	0.0	
848	30.0	1.0	0.0	0.0	0.0	1.0	1.0	0.0	
849	28.0	1.0	0.0	0.0	0.0	0.0	1.0	1.0	
850	30.0	1.0	0.0	0.0	0.0	1.0	1.0	0.0	
851	28.0	1.0	0.0	0.0	0.0	0.0	1.0	1.0	
852	30.0	1.0	0.0	0.0	0.0	1.0	1.0	0.0	
853	28.0	1.0	0.0	1.0	0.0	0.0	1.0	0.0	
854	28.0	1.0	0.0	0.0	0.0	0.0	1.0	1.0	
855	30.0	1.0	0.0	0.0	0.0	1.0	1.0	0.0	
856	28.0	1.0	0.0	0.0	0.0	0.0	1.0	1.0	
857	30.0	1.0	0.0	0.0	0.0	1.0	1.0	0.0	
858	30.0	1.0	0.0	0.0	0.0	1.0	1.0	0.0	
859	28.0	1.0	0.0	1.0	0.0	0.0	1.0	0.0	
860	30.0	1.0	0.0	0.0	0.0	1.0	1.0	0.0	
861	28.0	1.0	0.0	1.0	0.0	0.0	1.0	0.0	
862	28.0	1.0	0.0	0.0	0.0	0.0	1.0	1.0	
863	30.0	1.0	0.0	0.0	0.0	1.0	1.0	0.0	
864	30.0	1.0	0.0	0.0	0.0	1.0	1.0	0.0	
865	28.0	1.0	0.0	1.0	0.0	0.0	1.0	0.0	
866	30.0	1.0	0.0	0.0	0.0	1.0	1.0	0.0	
867	30.0	1.0	0.0	0.0	0.0	1.0	1.0	0.0	
868	30.0	1.0	0.0	0.0	0.0	1.0	1.0	0.0	
869	28.0	0.0	0.0	0.0	1.0	1.0	1.0	0.0	
870	28.0	1.0	0.0	0.0	0.0	0.0	1.0	1.0	
871	30.0	1.0	0.0	0.0	0.0	1.0	1.0	0.0	
872	28.0	1.0	0.0	1.0	0.0	0.0	1.0	0.0	
873	28.0	1.0	0.0	1.0	0.0	0.0	1.0	0.0	
874	30.0	1.0	0.0	0.0	0.0	1.0	1.0	0.0	
875	28.0	1.0	0.0	0.0	0.0	0.0	1.0	1.0	
876	30.0	1.0	0.0	0.0	0.0	1.0	1.0	0.0	
877	30.0	1.0	0.0	0.0	0.0	1.0	1.0	0.0	
878	28.0	1.0	0.0	0.0	0.0	0.0	1.0	1.0	
879	30.0	1.0	0.0	0.0	0.0	1.0	1.0	0.0	
880	30.0	1.0	0.0	0.0	0.0	1.0	1.0	0.0	
881	30.0	1.0	0.0	0.0	0.0	1.0	1.0	0.0	
882	30.0	1.0	0.0	0.0	0.0	1.0	1.0	0.0	
883	30.0	1.0	0.0	0.0	0.0	1.0	1.0	0.0	
884	30.0	1.0	0.0	0.0	0.0	1.0	1.0	0.0	
885	30.0	1.0	0.0	0.0	0.0	1.0	1.0	0.0	
886	28.0	1.0	0.0	0.0	0.0	0.0	1.0	1.0	
887	28.0	1.0	0.0	0.0	0.0	0.0	1.0	1.0	
888	28.0	1.0	0.0	1.0	0.0	0.0	1.0	0.0	
889	30.0	1.0	0.0	0.0	0.0	1.0	1.0	0.0	
890	30.0	1.0	0.0	0.0	0.0	1.0	1.0	0.0	
891	30.0	1.0	0.0	0.0	0.0	1.0	1.0	0.0	
892	30.0	1.0	0.0	0.0	0.0	1.0	1.0	0.0	
893	28.0	1.0	0.0	0.0	0.0	0.0	1.0	1.0	
894	28.0	1.0	0.0	0.0	0.0	0.0	1.0	1.0	
895	30.0	1.0	0.0	0.0	0.0	1.0	1.0	0.0	
896	28.0	1.0	0.0	1.0	0.0	0.0	1.0	0.0	
897	30.0	1.0	0.0	0.0	0.0	1.0	1.0	0.0	
898	28.0	0.0	1.0	0.0	0.0	1.0	1.0	0.0	
899	28.0	1.0	0.0	1.0	0.0	0.0	1.0	0.0	
