Sample	cat16-72.trees	cat16-72.sequence01_sequence07_sequence16_sequence09_sequence08	cat16-72.sequence04_sequence14_sequence11_sequence12_sequence13_sequence03_sequence10_sequence15	cat16-72.sequence01_sequence05_sequence14_sequence07_sequence16_sequence02_sequence09_sequence10_sequence06_sequence08	cat16-72.sequence01_sequence05_sequence04_sequence07_sequence11_sequence12_sequence13_sequence16_sequence02_sequence09_sequence03_sequence06_sequence08_sequence15	
0	28.0	1.0	1.0	0.0	0.0	
1	28.0	1.0	1.0	0.0	0.0	
2	28.0	1.0	0.0	1.0	0.0	
3	30.0	1.0	0.0	0.0	1.0	
4	28.0	1.0	0.0	1.0	0.0	
5	28.0	1.0	1.0	0.0	0.0	
6	28.0	1.0	1.0	0.0	0.0	
7	28.0	1.0	0.0	1.0	0.0	
8	28.0	1.0	1.0	0.0	0.0	
9	28.0	1.0	0.0	1.0	0.0	
10	28.0	1.0	0.0	1.0	0.0	
11	30.0	1.0	0.0	0.0	1.0	
12	30.0	1.0	0.0	0.0	1.0	
13	28.0	1.0	1.0	0.0	0.0	
14	28.0	1.0	1.0	0.0	0.0	
15	28.0	1.0	1.0	0.0	0.0	
16	28.0	1.0	0.0	1.0	0.0	
17	30.0	1.0	0.0	0.0	1.0	
18	28.0	1.0	0.0	1.0	0.0	
19	30.0	1.0	0.0	0.0	1.0	
20	28.0	1.0	1.0	0.0	0.0	
21	28.0	1.0	1.0	0.0	0.0	
22	30.0	1.0	0.0	0.0	1.0	
23	28.0	1.0	1.0	0.0	0.0	
24	28.0	1.0	0.0	1.0	0.0	
25	30.0	1.0	0.0	0.0	1.0	
26	28.0	1.0	0.0	1.0	0.0	
27	28.0	1.0	0.0	1.0	0.0	
28	28.0	1.0	1.0	0.0	0.0	
29	28.0	1.0	0.0	1.0	0.0	
30	28.0	1.0	0.0	1.0	0.0	
31	30.0	1.0	0.0	0.0	1.0	
32	30.0	1.0	0.0	0.0	1.0	
33	28.0	1.0	1.0	0.0	0.0	
34	30.0	1.0	0.0	0.0	1.0	
35	30.0	1.0	0.0	0.0	1.0	
36	28.0	1.0	1.0	0.0	0.0	
37	28.0	1.0	0.0	1.0	0.0	
38	30.0	1.0	0.0	0.0	1.0	
39	28.0	1.0	1.0	0.0	0.0	
40	28.0	1.0	0.0	1.0	0.0	
41	28.0	1.0	0.0	1.0	0.0	
42	30.0	1.0	0.0	0.0	1.0	
43	28.0	1.0	0.0	1.0	0.0	
44	28.0	1.0	1.0	0.0	0.0	
45	28.0	1.0	0.0	1.0	0.0	
46	28.0	1.0	1.0	0.0	0.0	
47	28.0	1.0	1.0	0.0	0.0	
48	28.0	1.0	0.0	1.0	0.0	
49	30.0	1.0	0.0	0.0	1.0	
50	28.0	1.0	0.0	1.0	0.0	
51	30.0	1.0	0.0	0.0	1.0	
52	28.0	1.0	1.0	0.0	0.0	
53	28.0	1.0	1.0	0.0	0.0	
54	30.0	1.0	0.0	0.0	1.0	
55	28.0	1.0	1.0	0.0	0.0	
56	28.0	1.0	0.0	1.0	0.0	
57	28.0	1.0	1.0	0.0	0.0	
58	28.0	1.0	0.0	1.0	0.0	
59	28.0	1.0	0.0	1.0	0.0	
60	30.0	1.0	0.0	0.0	1.0	
61	30.0	1.0	0.0	0.0	1.0	
62	30.0	1.0	0.0	0.0	1.0	
63	30.0	1.0	0.0	0.0	1.0	
64	28.0	1.0	0.0	1.0	0.0	
65	28.0	1.0	1.0	0.0	0.0	
66	28.0	1.0	0.0	1.0	0.0	
67	28.0	1.0	0.0	1.0	0.0	
68	28.0	1.0	0.0	1.0	0.0	
69	28.0	1.0	0.0	1.0	0.0	
70	30.0	1.0	0.0	0.0	1.0	
71	28.0	1.0	1.0	0.0	0.0	
72	28.0	1.0	0.0	1.0	0.0	
73	28.0	1.0	0.0	1.0	0.0	
74	28.0	1.0	0.0	1.0	0.0	
75	30.0	1.0	0.0	0.0	1.0	
76	30.0	1.0	0.0	0.0	1.0	
77	30.0	1.0	0.0	0.0	1.0	
78	28.0	1.0	0.0	1.0	0.0	
79	28.0	1.0	1.0	0.0	0.0	
80	28.0	1.0	1.0	0.0	0.0	
81	28.0	1.0	1.0	0.0	0.0	
82	30.0	1.0	0.0	0.0	1.0	
83	30.0	1.0	0.0	0.0	1.0	
84	28.0	1.0	0.0	1.0	0.0	
85	30.0	1.0	0.0	0.0	1.0	
86	28.0	1.0	0.0	1.0	0.0	
87	30.0	1.0	0.0	0.0	1.0	
88	28.0	1.0	0.0	1.0	0.0	
89	28.0	1.0	1.0	0.0	0.0	
90	28.0	1.0	0.0	1.0	0.0	
91	28.0	1.0	0.0	1.0	0.0	
92	30.0	1.0	0.0	0.0	1.0	
93	30.0	1.0	0.0	0.0	1.0	
94	28.0	1.0	0.0	1.0	0.0	
95	28.0	1.0	0.0	1.0	0.0	
96	28.0	1.0	1.0	0.0	0.0	
97	28.0	1.0	1.0	0.0	0.0	
98	30.0	1.0	0.0	0.0	1.0	
99	30.0	1.0	0.0	0.0	1.0	
100	28.0	1.0	0.0	1.0	0.0	
101	28.0	1.0	0.0	1.0	0.0	
102	28.0	1.0	1.0	0.0	0.0	
103	30.0	1.0	0.0	0.0	1.0	
104	30.0	1.0	0.0	0.0	1.0	
105	28.0	1.0	1.0	0.0	0.0	
106	28.0	1.0	0.0	1.0	0.0	
107	28.0	1.0	0.0	1.0	0.0	
108	30.0	1.0	0.0	0.0	1.0	
109	28.0	1.0	1.0	0.0	0.0	
110	28.0	1.0	1.0	0.0	0.0	
111	28.0	1.0	0.0	1.0	0.0	
112	28.0	1.0	0.0	1.0	0.0	
113	28.0	1.0	1.0	0.0	0.0	
114	28.0	1.0	1.0	0.0	0.0	
115	30.0	1.0	0.0	0.0	1.0	
116	28.0	1.0	1.0	0.0	0.0	
117	28.0	1.0	1.0	0.0	0.0	
118	28.0	1.0	0.0	1.0	0.0	
119	28.0	1.0	0.0	1.0	0.0	
120	28.0	1.0	0.0	1.0	0.0	
121	28.0	1.0	1.0	0.0	0.0	
122	30.0	1.0	0.0	0.0	1.0	
123	28.0	1.0	0.0	1.0	0.0	
124	28.0	1.0	1.0	0.0	0.0	
125	28.0	1.0	1.0	0.0	0.0	
126	28.0	1.0	1.0	0.0	0.0	
127	28.0	1.0	1.0	0.0	0.0	
128	28.0	1.0	1.0	0.0	0.0	
129	30.0	1.0	0.0	0.0	1.0	
130	30.0	1.0	0.0	0.0	1.0	
131	28.0	1.0	0.0	1.0	0.0	
132	28.0	1.0	0.0	1.0	0.0	
133	28.0	1.0	1.0	0.0	0.0	
134	30.0	1.0	0.0	0.0	1.0	
135	28.0	1.0	1.0	0.0	0.0	
136	28.0	1.0	0.0	1.0	0.0	
137	28.0	1.0	1.0	0.0	0.0	
138	28.0	1.0	0.0	1.0	0.0	
139	30.0	1.0	0.0	0.0	1.0	
140	28.0	1.0	0.0	1.0	0.0	
141	28.0	1.0	1.0	0.0	0.0	
142	30.0	1.0	0.0	0.0	1.0	
143	28.0	1.0	1.0	0.0	0.0	
144	28.0	1.0	1.0	0.0	0.0	
145	30.0	1.0	0.0	0.0	1.0	
146	28.0	1.0	0.0	1.0	0.0	
147	28.0	1.0	1.0	0.0	0.0	
148	30.0	1.0	0.0	0.0	1.0	
149	28.0	1.0	1.0	0.0	0.0	
150	30.0	1.0	0.0	0.0	1.0	
151	28.0	1.0	1.0	0.0	0.0	
152	28.0	1.0	0.0	1.0	0.0	
153	28.0	1.0	1.0	0.0	0.0	
154	28.0	1.0	0.0	1.0	0.0	
155	28.0	1.0	1.0	0.0	0.0	
156	28.0	1.0	0.0	1.0	0.0	
157	28.0	1.0	0.0	1.0	0.0	
158	28.0	1.0	0.0	1.0	0.0	
159	28.0	1.0	0.0	1.0	0.0	
160	28.0	1.0	1.0	0.0	0.0	
161	28.0	1.0	0.0	1.0	0.0	
162	28.0	1.0	0.0	1.0	0.0	
163	28.0	1.0	0.0	1.0	0.0	
164	30.0	1.0	0.0	0.0	1.0	
165	30.0	1.0	0.0	0.0	1.0	
166	28.0	1.0	0.0	1.0	0.0	
167	28.0	1.0	1.0	0.0	0.0	
168	28.0	1.0	1.0	0.0	0.0	
169	28.0	1.0	0.0	1.0	0.0	
170	30.0	1.0	0.0	0.0	1.0	
171	28.0	1.0	1.0	0.0	0.0	
172	30.0	1.0	0.0	0.0	1.0	
173	28.0	1.0	1.0	0.0	0.0	
174	28.0	1.0	0.0	1.0	0.0	
175	30.0	1.0	0.0	0.0	1.0	
176	28.0	1.0	1.0	0.0	0.0	
177	28.0	1.0	1.0	0.0	0.0	
178	28.0	1.0	0.0	1.0	0.0	
179	30.0	1.0	0.0	0.0	1.0	
180	28.0	1.0	0.0	1.0	0.0	
181	28.0	1.0	0.0	1.0	0.0	
182	30.0	1.0	0.0	0.0	1.0	
183	30.0	1.0	0.0	0.0	1.0	
184	28.0	1.0	1.0	0.0	0.0	
185	28.0	1.0	1.0	0.0	0.0	
186	28.0	1.0	1.0	0.0	0.0	
187	30.0	1.0	0.0	0.0	1.0	
188	28.0	1.0	0.0	1.0	0.0	
189	30.0	1.0	0.0	0.0	1.0	
190	28.0	1.0	1.0	0.0	0.0	
191	28.0	1.0	0.0	1.0	0.0	
192	28.0	1.0	1.0	0.0	0.0	
193	28.0	1.0	1.0	0.0	0.0	
194	28.0	1.0	1.0	0.0	0.0	
195	28.0	1.0	1.0	0.0	0.0	
196	30.0	1.0	0.0	0.0	1.0	
197	28.0	1.0	1.0	0.0	0.0	
198	28.0	1.0	0.0	1.0	0.0	
199	28.0	1.0	0.0	1.0	0.0	
200	28.0	1.0	1.0	0.0	0.0	
201	28.0	1.0	1.0	0.0	0.0	
202	30.0	1.0	0.0	0.0	1.0	
203	28.0	1.0	0.0	1.0	0.0	
204	28.0	1.0	1.0	0.0	0.0	
205	28.0	1.0	0.0	1.0	0.0	
206	28.0	1.0	1.0	0.0	0.0	
207	28.0	1.0	1.0	0.0	0.0	
208	28.0	1.0	0.0	1.0	0.0	
209	30.0	1.0	0.0	0.0	1.0	
210	28.0	1.0	0.0	1.0	0.0	
211	28.0	1.0	0.0	1.0	0.0	
212	30.0	1.0	0.0	0.0	1.0	
213	28.0	1.0	1.0	0.0	0.0	
214	28.0	1.0	0.0	1.0	0.0	
215	30.0	1.0	0.0	0.0	1.0	
216	28.0	1.0	0.0	1.0	0.0	
217	28.0	1.0	1.0	0.0	0.0	
218	30.0	1.0	0.0	0.0	1.0	
219	28.0	1.0	0.0	1.0	0.0	
220	30.0	1.0	0.0	0.0	1.0	
221	28.0	1.0	1.0	0.0	0.0	
222	28.0	1.0	1.0	0.0	0.0	
223	28.0	1.0	1.0	0.0	0.0	
224	28.0	1.0	1.0	0.0	0.0	
225	28.0	1.0	0.0	1.0	0.0	
226	28.0	1.0	0.0	1.0	0.0	
227	28.0	1.0	0.0	1.0	0.0	
228	28.0	1.0	0.0	1.0	0.0	
229	28.0	1.0	1.0	0.0	0.0	
230	30.0	1.0	0.0	0.0	1.0	
231	28.0	1.0	0.0	1.0	0.0	
232	28.0	1.0	1.0	0.0	0.0	
233	30.0	1.0	0.0	0.0	1.0	
234	30.0	1.0	0.0	0.0	1.0	
235	28.0	1.0	1.0	0.0	0.0	
236	28.0	1.0	1.0	0.0	0.0	
237	30.0	1.0	0.0	0.0	1.0	
238	28.0	1.0	1.0	0.0	0.0	
239	30.0	1.0	0.0	0.0	1.0	
240	30.0	1.0	0.0	0.0	1.0	
241	28.0	1.0	0.0	1.0	0.0	
242	28.0	1.0	0.0	1.0	0.0	
243	28.0	1.0	1.0	0.0	0.0	
244	28.0	1.0	1.0	0.0	0.0	
245	28.0	1.0	1.0	0.0	0.0	
246	30.0	1.0	0.0	0.0	1.0	
247	30.0	1.0	0.0	0.0	1.0	
248	28.0	1.0	1.0	0.0	0.0	
249	30.0	1.0	0.0	0.0	1.0	
250	28.0	1.0	1.0	0.0	0.0	
251	28.0	1.0	1.0	0.0	0.0	
252	28.0	1.0	0.0	1.0	0.0	
253	28.0	1.0	1.0	0.0	0.0	
254	30.0	1.0	0.0	0.0	1.0	
255	28.0	1.0	1.0	0.0	0.0	
256	28.0	1.0	1.0	0.0	0.0	
257	28.0	1.0	0.0	1.0	0.0	
258	30.0	1.0	0.0	0.0	1.0	
259	30.0	1.0	0.0	0.0	1.0	
260	28.0	1.0	1.0	0.0	0.0	
261	28.0	1.0	1.0	0.0	0.0	
262	30.0	1.0	0.0	0.0	1.0	
263	30.0	1.0	0.0	0.0	1.0	
264	28.0	1.0	1.0	0.0	0.0	
265	28.0	1.0	0.0	1.0	0.0	
266	28.0	1.0	1.0	0.0	0.0	
267	28.0	1.0	1.0	0.0	0.0	
268	30.0	1.0	0.0	0.0	1.0	
269	30.0	1.0	0.0	0.0	1.0	
270	30.0	1.0	0.0	0.0	1.0	
271	28.0	1.0	1.0	0.0	0.0	
272	28.0	1.0	0.0	1.0	0.0	
273	30.0	1.0	0.0	0.0	1.0	
274	28.0	1.0	1.0	0.0	0.0	
275	28.0	1.0	0.0	1.0	0.0	
276	28.0	1.0	0.0	1.0	0.0	
277	28.0	1.0	0.0	1.0	0.0	
278	28.0	1.0	0.0	1.0	0.0	
279	30.0	1.0	0.0	0.0	1.0	
280	28.0	1.0	0.0	1.0	0.0	
281	28.0	1.0	0.0	1.0	0.0	
282	28.0	1.0	1.0	0.0	0.0	
283	28.0	1.0	0.0	1.0	0.0	
284	28.0	1.0	0.0	1.0	0.0	
285	28.0	1.0	1.0	0.0	0.0	
286	30.0	1.0	0.0	0.0	1.0	
287	28.0	1.0	1.0	0.0	0.0	
288	28.0	1.0	1.0	0.0	0.0	
289	28.0	1.0	0.0	1.0	0.0	
290	28.0	1.0	1.0	0.0	0.0	
291	28.0	1.0	1.0	0.0	0.0	
292	28.0	1.0	0.0	1.0	0.0	
293	28.0	1.0	1.0	0.0	0.0	
294	30.0	1.0	0.0	0.0	1.0	
295	30.0	1.0	0.0	0.0	1.0	
296	30.0	1.0	0.0	0.0	1.0	
297	30.0	1.0	0.0	0.0	1.0	
298	30.0	1.0	0.0	0.0	1.0	
299	28.0	1.0	1.0	0.0	0.0	
300	30.0	1.0	0.0	0.0	1.0	
301	30.0	1.0	0.0	0.0	1.0	
302	28.0	1.0	0.0	1.0	0.0	
303	28.0	1.0	0.0	1.0	0.0	
304	30.0	1.0	0.0	0.0	1.0	
305	30.0	1.0	0.0	0.0	1.0	
306	28.0	1.0	0.0	1.0	0.0	
307	28.0	1.0	0.0	1.0	0.0	
308	28.0	1.0	1.0	0.0	0.0	
309	28.0	1.0	1.0	0.0	0.0	
310	28.0	1.0	1.0	0.0	0.0	
311	30.0	1.0	0.0	0.0	1.0	
312	28.0	1.0	1.0	0.0	0.0	
313	28.0	1.0	1.0	0.0	0.0	
314	28.0	1.0	1.0	0.0	0.0	
315	28.0	1.0	0.0	1.0	0.0	
316	28.0	1.0	0.0	1.0	0.0	
317	28.0	1.0	0.0	1.0	0.0	
318	28.0	1.0	1.0	0.0	0.0	
319	28.0	1.0	0.0	1.0	0.0	
320	28.0	1.0	0.0	1.0	0.0	
321	28.0	1.0	0.0	1.0	0.0	
322	30.0	1.0	0.0	0.0	1.0	
323	28.0	1.0	1.0	0.0	0.0	
324	28.0	1.0	1.0	0.0	0.0	
325	28.0	1.0	1.0	0.0	0.0	
326	28.0	1.0	0.0	1.0	0.0	
327	30.0	1.0	0.0	0.0	1.0	
328	30.0	1.0	0.0	0.0	1.0	
329	28.0	1.0	0.0	1.0	0.0	
330	30.0	1.0	0.0	0.0	1.0	
331	30.0	1.0	0.0	0.0	1.0	
332	30.0	1.0	0.0	0.0	1.0	
333	28.0	1.0	1.0	0.0	0.0	
334	28.0	1.0	1.0	0.0	0.0	
335	30.0	1.0	0.0	0.0	1.0	
336	28.0	1.0	1.0	0.0	0.0	
337	30.0	1.0	0.0	0.0	1.0	
338	28.0	1.0	1.0	0.0	0.0	
339	28.0	1.0	1.0	0.0	0.0	
340	30.0	1.0	0.0	0.0	1.0	
341	30.0	1.0	0.0	0.0	1.0	
342	28.0	1.0	0.0	1.0	0.0	
343	28.0	1.0	1.0	0.0	0.0	
344	28.0	1.0	1.0	0.0	0.0	
345	30.0	1.0	0.0	0.0	1.0	
346	28.0	1.0	1.0	0.0	0.0	
347	28.0	1.0	1.0	0.0	0.0	
348	28.0	1.0	0.0	1.0	0.0	
349	30.0	1.0	0.0	0.0	1.0	
350	28.0	1.0	1.0	0.0	0.0	
351	30.0	1.0	0.0	0.0	1.0	
352	28.0	1.0	1.0	0.0	0.0	
353	30.0	1.0	0.0	0.0	1.0	
354	28.0	1.0	1.0	0.0	0.0	
355	28.0	1.0	0.0	1.0	0.0	
356	30.0	1.0	0.0	0.0	1.0	
357	28.0	1.0	1.0	0.0	0.0	
358	30.0	1.0	0.0	0.0	1.0	
359	28.0	1.0	0.0	1.0	0.0	
360	30.0	1.0	0.0	0.0	1.0	
361	28.0	1.0	0.0	1.0	0.0	
362	28.0	1.0	0.0	1.0	0.0	
363	30.0	1.0	0.0	0.0	1.0	
364	28.0	1.0	1.0	0.0	0.0	
365	28.0	1.0	0.0	1.0	0.0	
366	28.0	1.0	1.0	0.0	0.0	
367	28.0	1.0	1.0	0.0	0.0	
368	28.0	1.0	1.0	0.0	0.0	
369	30.0	1.0	0.0	0.0	1.0	
370	30.0	1.0	0.0	0.0	1.0	
371	28.0	1.0	1.0	0.0	0.0	
372	28.0	1.0	0.0	1.0	0.0	
373	28.0	1.0	1.0	0.0	0.0	
374	28.0	1.0	0.0	1.0	0.0	
375	28.0	1.0	1.0	0.0	0.0	
376	28.0	1.0	0.0	1.0	0.0	
377	28.0	1.0	1.0	0.0	0.0	
378	28.0	1.0	1.0	0.0	0.0	
379	28.0	1.0	0.0	1.0	0.0	
380	28.0	1.0	0.0	1.0	0.0	
381	28.0	1.0	0.0	1.0	0.0	
382	28.0	1.0	1.0	0.0	0.0	
383	30.0	1.0	0.0	0.0	1.0	
384	28.0	1.0	0.0	1.0	0.0	
385	28.0	1.0	1.0	0.0	0.0	
386	28.0	1.0	1.0	0.0	0.0	
387	28.0	1.0	0.0	1.0	0.0	
388	28.0	1.0	1.0	0.0	0.0	
389	30.0	1.0	0.0	0.0	1.0	
390	28.0	1.0	0.0	1.0	0.0	
391	28.0	1.0	1.0	0.0	0.0	
392	28.0	1.0	1.0	0.0	0.0	
393	28.0	1.0	0.0	1.0	0.0	
394	28.0	1.0	1.0	0.0	0.0	
395	28.0	1.0	0.0	1.0	0.0	
396	28.0	1.0	0.0	1.0	0.0	
397	28.0	1.0	0.0	1.0	0.0	
398	28.0	1.0	1.0	0.0	0.0	
399	28.0	1.0	1.0	0.0	0.0	
400	28.0	1.0	1.0	0.0	0.0	
401	28.0	1.0	1.0	0.0	0.0	
402	28.0	1.0	0.0	1.0	0.0	
403	28.0	1.0	1.0	0.0	0.0	
404	28.0	1.0	0.0	1.0	0.0	
405	30.0	1.0	0.0	0.0	1.0	
406	28.0	1.0	1.0	0.0	0.0	
407	28.0	1.0	1.0	0.0	0.0	
408	28.0	1.0	1.0	0.0	0.0	
409	28.0	1.0	0.0	1.0	0.0	
410	30.0	1.0	0.0	0.0	1.0	
411	28.0	1.0	1.0	0.0	0.0	
412	28.0	1.0	1.0	0.0	0.0	
413	28.0	1.0	1.0	0.0	0.0	
414	28.0	1.0	1.0	0.0	0.0	
415	28.0	1.0	0.0	1.0	0.0	
416	28.0	1.0	1.0	0.0	0.0	
417	30.0	1.0	0.0	0.0	1.0	
418	28.0	1.0	0.0	1.0	0.0	
419	28.0	1.0	0.0	1.0	0.0	
420	30.0	1.0	0.0	0.0	1.0	
421	28.0	1.0	1.0	0.0	0.0	
422	30.0	1.0	0.0	0.0	1.0	
423	28.0	1.0	0.0	1.0	0.0	
424	30.0	1.0	0.0	0.0	1.0	
425	28.0	1.0	1.0	0.0	0.0	
426	28.0	1.0	1.0	0.0	0.0	
427	28.0	1.0	0.0	1.0	0.0	
428	28.0	1.0	1.0	0.0	0.0	
429	28.0	1.0	0.0	1.0	0.0	
430	28.0	1.0	1.0	0.0	0.0	
431	30.0	1.0	0.0	0.0	1.0	
432	28.0	1.0	1.0	0.0	0.0	
433	30.0	1.0	0.0	0.0	1.0	
434	30.0	1.0	0.0	0.0	1.0	
435	28.0	1.0	1.0	0.0	0.0	
436	28.0	1.0	1.0	0.0	0.0	
437	28.0	1.0	0.0	1.0	0.0	
438	28.0	1.0	1.0	0.0	0.0	
439	28.0	1.0	0.0	1.0	0.0	
440	28.0	1.0	0.0	1.0	0.0	
441	28.0	1.0	1.0	0.0	0.0	
442	28.0	1.0	1.0	0.0	0.0	
443	28.0	1.0	1.0	0.0	0.0	
444	28.0	1.0	0.0	1.0	0.0	
445	28.0	1.0	1.0	0.0	0.0	
446	28.0	1.0	1.0	0.0	0.0	
447	30.0	1.0	0.0	0.0	1.0	
448	28.0	1.0	1.0	0.0	0.0	
449	30.0	1.0	0.0	0.0	1.0	
450	30.0	1.0	0.0	0.0	1.0	
451	28.0	1.0	0.0	1.0	0.0	
452	30.0	1.0	0.0	0.0	1.0	
453	30.0	1.0	0.0	0.0	1.0	
454	28.0	1.0	1.0	0.0	0.0	
455	28.0	1.0	0.0	1.0	0.0	
456	28.0	1.0	0.0	1.0	0.0	
457	28.0	1.0	0.0	1.0	0.0	
458	28.0	1.0	0.0	1.0	0.0	
459	30.0	1.0	0.0	0.0	1.0	
460	28.0	1.0	0.0	1.0	0.0	
461	30.0	1.0	0.0	0.0	1.0	
462	28.0	1.0	0.0	1.0	0.0	
463	28.0	1.0	0.0	1.0	0.0	
464	28.0	1.0	0.0	1.0	0.0	
465	28.0	1.0	1.0	0.0	0.0	
466	28.0	1.0	0.0	1.0	0.0	
467	28.0	1.0	1.0	0.0	0.0	
468	28.0	1.0	1.0	0.0	0.0	
469	28.0	1.0	0.0	1.0	0.0	
470	28.0	1.0	1.0	0.0	0.0	
471	28.0	1.0	0.0	1.0	0.0	
472	28.0	1.0	1.0	0.0	0.0	
473	28.0	1.0	1.0	0.0	0.0	
474	28.0	1.0	0.0	1.0	0.0	
475	30.0	1.0	0.0	0.0	1.0	
476	28.0	1.0	0.0	1.0	0.0	
477	28.0	1.0	1.0	0.0	0.0	
478	28.0	1.0	1.0	0.0	0.0	
479	28.0	1.0	1.0	0.0	0.0	
480	28.0	1.0	1.0	0.0	0.0	
481	28.0	1.0	0.0	1.0	0.0	
482	28.0	1.0	0.0	1.0	0.0	
483	28.0	1.0	1.0	0.0	0.0	
484	28.0	1.0	1.0	0.0	0.0	
485	28.0	1.0	1.0	0.0	0.0	
486	28.0	1.0	0.0	1.0	0.0	
487	28.0	1.0	1.0	0.0	0.0	
488	28.0	1.0	0.0	1.0	0.0	
489	28.0	1.0	0.0	1.0	0.0	
490	30.0	1.0	0.0	0.0	1.0	
491	30.0	1.0	0.0	0.0	1.0	
492	30.0	1.0	0.0	0.0	1.0	
493	28.0	1.0	1.0	0.0	0.0	
494	30.0	1.0	0.0	0.0	1.0	
495	28.0	1.0	1.0	0.0	0.0	
496	28.0	1.0	1.0	0.0	0.0	
497	28.0	1.0	1.0	0.0	0.0	
498	28.0	1.0	0.0	1.0	0.0	
499	28.0	1.0	1.0	0.0	0.0	
500	28.0	1.0	0.0	1.0	0.0	
501	28.0	1.0	0.0	1.0	0.0	
502	30.0	1.0	0.0	0.0	1.0	
503	30.0	1.0	0.0	0.0	1.0	
504	28.0	1.0	0.0	1.0	0.0	
505	30.0	1.0	0.0	0.0	1.0	
506	28.0	1.0	0.0	1.0	0.0	
507	30.0	1.0	0.0	0.0	1.0	
508	30.0	1.0	0.0	0.0	1.0	
509	28.0	1.0	0.0	1.0	0.0	
510	30.0	1.0	0.0	0.0	1.0	
511	30.0	1.0	0.0	0.0	1.0	
512	30.0	1.0	0.0	0.0	1.0	
513	28.0	1.0	0.0	1.0	0.0	
514	28.0	1.0	1.0	0.0	0.0	
515	28.0	1.0	1.0	0.0	0.0	
516	28.0	1.0	1.0	0.0	0.0	
517	30.0	1.0	0.0	0.0	1.0	
518	28.0	1.0	1.0	0.0	0.0	
519	28.0	1.0	1.0	0.0	0.0	
520	28.0	1.0	0.0	1.0	0.0	
521	30.0	1.0	0.0	0.0	1.0	
522	28.0	1.0	1.0	0.0	0.0	
523	28.0	1.0	0.0	1.0	0.0	
524	28.0	1.0	0.0	1.0	0.0	
525	28.0	1.0	1.0	0.0	0.0	
526	30.0	1.0	0.0	0.0	1.0	
527	30.0	1.0	0.0	0.0	1.0	
528	30.0	1.0	0.0	0.0	1.0	
529	30.0	1.0	0.0	0.0	1.0	
530	28.0	1.0	1.0	0.0	0.0	
531	30.0	1.0	0.0	0.0	1.0	
532	28.0	1.0	0.0	1.0	0.0	
533	28.0	1.0	0.0	1.0	0.0	
534	28.0	1.0	1.0	0.0	0.0	
535	28.0	1.0	1.0	0.0	0.0	
536	30.0	1.0	0.0	0.0	1.0	
537	30.0	1.0	0.0	0.0	1.0	
538	28.0	1.0	0.0	1.0	0.0	
539	30.0	1.0	0.0	0.0	1.0	
540	28.0	1.0	1.0	0.0	0.0	
541	26.0	0.0	0.0	1.0	0.0	
542	28.0	1.0	1.0	0.0	0.0	
543	28.0	1.0	1.0	0.0	0.0	
544	28.0	1.0	0.0	1.0	0.0	
545	28.0	1.0	0.0	1.0	0.0	
546	28.0	1.0	1.0	0.0	0.0	
547	28.0	1.0	1.0	0.0	0.0	
548	28.0	1.0	1.0	0.0	0.0	
549	28.0	1.0	0.0	1.0	0.0	
550	28.0	1.0	0.0	1.0	0.0	
551	28.0	1.0	0.0	1.0	0.0	
552	28.0	1.0	0.0	1.0	0.0	
553	28.0	1.0	1.0	0.0	0.0	
554	30.0	1.0	0.0	0.0	1.0	
555	28.0	1.0	1.0	0.0	0.0	
556	28.0	1.0	1.0	0.0	0.0	
557	28.0	1.0	0.0	1.0	0.0	
558	28.0	1.0	1.0	0.0	0.0	
559	28.0	1.0	1.0	0.0	0.0	
560	28.0	1.0	0.0	1.0	0.0	
561	28.0	1.0	1.0	0.0	0.0	
562	28.0	1.0	0.0	1.0	0.0	
563	28.0	1.0	0.0	1.0	0.0	
564	30.0	1.0	0.0	0.0	1.0	
565	28.0	1.0	0.0	1.0	0.0	
566	28.0	1.0	1.0	0.0	0.0	
567	28.0	1.0	1.0	0.0	0.0	
568	28.0	1.0	1.0	0.0	0.0	
569	30.0	1.0	0.0	0.0	1.0	
570	28.0	1.0	1.0	0.0	0.0	
571	28.0	1.0	1.0	0.0	0.0	
572	28.0	1.0	0.0	1.0	0.0	
573	28.0	1.0	1.0	0.0	0.0	
574	28.0	1.0	1.0	0.0	0.0	
575	30.0	1.0	0.0	0.0	1.0	
576	28.0	1.0	1.0	0.0	0.0	
577	30.0	1.0	0.0	0.0	1.0	
578	28.0	1.0	0.0	1.0	0.0	
579	28.0	1.0	1.0	0.0	0.0	
580	28.0	1.0	0.0	1.0	0.0	
581	30.0	1.0	0.0	0.0	1.0	
582	28.0	1.0	0.0	1.0	0.0	
583	28.0	1.0	1.0	0.0	0.0	
584	30.0	1.0	0.0	0.0	1.0	
585	28.0	1.0	0.0	1.0	0.0	
586	28.0	1.0	0.0	1.0	0.0	
587	28.0	1.0	1.0	0.0	0.0	
588	28.0	1.0	1.0	0.0	0.0	
589	30.0	1.0	0.0	0.0	1.0	
590	30.0	1.0	0.0	0.0	1.0	
591	28.0	1.0	0.0	1.0	0.0	
592	30.0	1.0	0.0	0.0	1.0	
593	28.0	1.0	1.0	0.0	0.0	
594	28.0	1.0	1.0	0.0	0.0	
595	28.0	1.0	0.0	1.0	0.0	
596	28.0	1.0	0.0	1.0	0.0	
597	28.0	1.0	1.0	0.0	0.0	
598	28.0	1.0	1.0	0.0	0.0	
599	30.0	1.0	0.0	0.0	1.0	
600	28.0	1.0	0.0	1.0	0.0	
601	28.0	1.0	0.0	1.0	0.0	
602	30.0	1.0	0.0	0.0	1.0	
603	28.0	1.0	1.0	0.0	0.0	
604	28.0	1.0	1.0	0.0	0.0	
605	30.0	1.0	0.0	0.0	1.0	
606	28.0	1.0	0.0	1.0	0.0	
607	30.0	1.0	0.0	0.0	1.0	
608	28.0	1.0	0.0	1.0	0.0	
609	28.0	1.0	1.0	0.0	0.0	
610	28.0	1.0	0.0	1.0	0.0	
611	30.0	1.0	0.0	0.0	1.0	
612	28.0	1.0	0.0	1.0	0.0	
613	28.0	1.0	1.0	0.0	0.0	
614	28.0	1.0	1.0	0.0	0.0	
615	28.0	1.0	1.0	0.0	0.0	
616	28.0	1.0	0.0	1.0	0.0	
617	30.0	1.0	0.0	0.0	1.0	
618	28.0	1.0	1.0	0.0	0.0	
619	28.0	1.0	1.0	0.0	0.0	
620	28.0	1.0	1.0	0.0	0.0	
621	30.0	1.0	0.0	0.0	1.0	
622	28.0	1.0	0.0	1.0	0.0	
623	28.0	1.0	0.0	1.0	0.0	
624	28.0	1.0	0.0	1.0	0.0	
625	28.0	1.0	0.0	1.0	0.0	
626	28.0	1.0	0.0	1.0	0.0	
627	30.0	1.0	0.0	0.0	1.0	
628	28.0	1.0	0.0	1.0	0.0	
629	28.0	1.0	0.0	1.0	0.0	
630	28.0	1.0	0.0	1.0	0.0	
631	30.0	1.0	0.0	0.0	1.0	
632	28.0	1.0	0.0	1.0	0.0	
633	28.0	1.0	1.0	0.0	0.0	
634	28.0	1.0	1.0	0.0	0.0	
635	28.0	1.0	0.0	1.0	0.0	
636	28.0	1.0	0.0	1.0	0.0	
637	28.0	1.0	1.0	0.0	0.0	
638	30.0	1.0	0.0	0.0	1.0	
639	30.0	1.0	0.0	0.0	1.0	
640	28.0	1.0	1.0	0.0	0.0	
641	28.0	1.0	0.0	1.0	0.0	
642	30.0	1.0	0.0	0.0	1.0	
643	28.0	1.0	0.0	1.0	0.0	
644	28.0	1.0	1.0	0.0	0.0	
645	28.0	1.0	1.0	0.0	0.0	
646	28.0	1.0	0.0	1.0	0.0	
647	28.0	1.0	1.0	0.0	0.0	
648	26.0	0.0	0.0	1.0	0.0	
649	30.0	1.0	0.0	0.0	1.0	
650	28.0	1.0	1.0	0.0	0.0	
651	28.0	1.0	0.0	1.0	0.0	
652	30.0	1.0	0.0	0.0	1.0	
653	28.0	1.0	1.0	0.0	0.0	
654	28.0	1.0	0.0	1.0	0.0	
655	28.0	1.0	1.0	0.0	0.0	
656	28.0	1.0	1.0	0.0	0.0	
657	30.0	1.0	0.0	0.0	1.0	
658	28.0	1.0	0.0	1.0	0.0	
659	28.0	1.0	1.0	0.0	0.0	
660	28.0	1.0	0.0	1.0	0.0	
661	28.0	1.0	1.0	0.0	0.0	
662	30.0	1.0	0.0	0.0	1.0	
663	28.0	1.0	0.0	1.0	0.0	
664	30.0	1.0	0.0	0.0	1.0	
665	28.0	1.0	0.0	1.0	0.0	
666	30.0	1.0	0.0	0.0	1.0	
667	28.0	1.0	1.0	0.0	0.0	
668	28.0	1.0	0.0	1.0	0.0	
669	28.0	1.0	1.0	0.0	0.0	
670	28.0	1.0	0.0	1.0	0.0	
671	28.0	1.0	0.0	1.0	0.0	
672	30.0	1.0	0.0	0.0	1.0	
673	28.0	1.0	0.0	1.0	0.0	
674	28.0	1.0	0.0	1.0	0.0	
675	28.0	1.0	0.0	1.0	0.0	
676	28.0	1.0	0.0	1.0	0.0	
677	28.0	1.0	1.0	0.0	0.0	
678	30.0	1.0	0.0	0.0	1.0	
679	30.0	1.0	0.0	0.0	1.0	
680	28.0	1.0	1.0	0.0	0.0	
681	28.0	1.0	0.0	1.0	0.0	
682	28.0	1.0	0.0	1.0	0.0	
683	28.0	1.0	1.0	0.0	0.0	
684	28.0	1.0	0.0	1.0	0.0	
685	28.0	1.0	0.0	1.0	0.0	
686	28.0	1.0	1.0	0.0	0.0	
687	28.0	1.0	0.0	1.0	0.0	
688	28.0	1.0	1.0	0.0	0.0	
689	28.0	1.0	1.0	0.0	0.0	
690	28.0	1.0	1.0	0.0	0.0	
691	28.0	1.0	0.0	1.0	0.0	
692	28.0	1.0	1.0	0.0	0.0	
693	28.0	1.0	1.0	0.0	0.0	
694	28.0	1.0	0.0	1.0	0.0	
695	28.0	1.0	0.0	1.0	0.0	
696	28.0	1.0	1.0	0.0	0.0	
697	28.0	1.0	0.0	1.0	0.0	
698	28.0	1.0	0.0	1.0	0.0	
699	28.0	1.0	1.0	0.0	0.0	
700	30.0	1.0	0.0	0.0	1.0	
701	30.0	1.0	0.0	0.0	1.0	
702	28.0	1.0	0.0	1.0	0.0	
703	28.0	1.0	0.0	1.0	0.0	
704	28.0	1.0	0.0	1.0	0.0	
705	28.0	1.0	0.0	1.0	0.0	
706	28.0	1.0	1.0	0.0	0.0	
707	30.0	1.0	0.0	0.0	1.0	
708	28.0	1.0	1.0	0.0	0.0	
709	28.0	1.0	0.0	1.0	0.0	
710	26.0	0.0	0.0	1.0	0.0	
711	30.0	1.0	0.0	0.0	1.0	
712	28.0	1.0	1.0	0.0	0.0	
713	28.0	1.0	0.0	1.0	0.0	
714	26.0	0.0	1.0	0.0	0.0	
715	30.0	1.0	0.0	0.0	1.0	
716	28.0	1.0	1.0	0.0	0.0	
717	28.0	1.0	1.0	0.0	0.0	
718	28.0	1.0	1.0	0.0	0.0	
719	28.0	1.0	0.0	1.0	0.0	
720	28.0	1.0	1.0	0.0	0.0	
721	28.0	1.0	1.0	0.0	0.0	
722	28.0	1.0	0.0	1.0	0.0	
723	28.0	1.0	0.0	1.0	0.0	
724	28.0	1.0	1.0	0.0	0.0	
725	28.0	1.0	1.0	0.0	0.0	
726	28.0	1.0	1.0	0.0	0.0	
727	28.0	1.0	0.0	1.0	0.0	
728	28.0	1.0	1.0	0.0	0.0	
729	28.0	1.0	0.0	1.0	0.0	
730	28.0	1.0	1.0	0.0	0.0	
731	28.0	1.0	1.0	0.0	0.0	
732	28.0	1.0	1.0	0.0	0.0	
733	28.0	1.0	1.0	0.0	0.0	
734	28.0	1.0	0.0	1.0	0.0	
735	28.0	1.0	0.0	1.0	0.0	
736	30.0	1.0	0.0	0.0	1.0	
737	30.0	1.0	0.0	0.0	1.0	
738	28.0	1.0	1.0	0.0	0.0	
739	28.0	1.0	0.0	1.0	0.0	
740	28.0	1.0	1.0	0.0	0.0	
741	28.0	1.0	1.0	0.0	0.0	
742	28.0	1.0	0.0	1.0	0.0	
743	28.0	1.0	1.0	0.0	0.0	
744	28.0	1.0	1.0	0.0	0.0	
745	30.0	1.0	0.0	0.0	1.0	
746	28.0	1.0	1.0	0.0	0.0	
747	28.0	1.0	1.0	0.0	0.0	
748	30.0	1.0	0.0	0.0	1.0	
749	30.0	1.0	0.0	0.0	1.0	
750	28.0	1.0	0.0	1.0	0.0	
751	28.0	1.0	0.0	1.0	0.0	
752	30.0	1.0	0.0	0.0	1.0	
753	30.0	1.0	0.0	0.0	1.0	
754	30.0	1.0	0.0	0.0	1.0	
755	28.0	1.0	1.0	0.0	0.0	
756	28.0	1.0	1.0	0.0	0.0	
757	28.0	1.0	0.0	1.0	0.0	
758	30.0	1.0	0.0	0.0	1.0	
759	30.0	1.0	0.0	0.0	1.0	
760	28.0	1.0	0.0	1.0	0.0	
761	28.0	1.0	1.0	0.0	0.0	
762	30.0	1.0	0.0	0.0	1.0	
763	28.0	1.0	1.0	0.0	0.0	
764	28.0	1.0	0.0	1.0	0.0	
765	28.0	1.0	1.0	0.0	0.0	
766	28.0	1.0	0.0	1.0	0.0	
767	28.0	1.0	1.0	0.0	0.0	
768	28.0	1.0	0.0	1.0	0.0	
769	28.0	1.0	1.0	0.0	0.0	
770	28.0	1.0	0.0	1.0	0.0	
771	30.0	1.0	0.0	0.0	1.0	
772	28.0	1.0	0.0	1.0	0.0	
773	28.0	1.0	0.0	1.0	0.0	
774	30.0	1.0	0.0	0.0	1.0	
775	28.0	1.0	1.0	0.0	0.0	
776	28.0	1.0	1.0	0.0	0.0	
777	28.0	1.0	1.0	0.0	0.0	
778	28.0	1.0	1.0	0.0	0.0	
779	28.0	1.0	1.0	0.0	0.0	
780	28.0	1.0	1.0	0.0	0.0	
781	28.0	1.0	1.0	0.0	0.0	
782	28.0	1.0	1.0	0.0	0.0	
783	28.0	1.0	1.0	0.0	0.0	
784	28.0	1.0	1.0	0.0	0.0	
785	28.0	1.0	1.0	0.0	0.0	
786	28.0	1.0	0.0	1.0	0.0	
787	28.0	1.0	1.0	0.0	0.0	
788	30.0	1.0	0.0	0.0	1.0	
789	28.0	1.0	0.0	1.0	0.0	
790	28.0	1.0	0.0	1.0	0.0	
791	28.0	1.0	1.0	0.0	0.0	
792	28.0	1.0	0.0	1.0	0.0	
793	28.0	1.0	0.0	1.0	0.0	
794	28.0	1.0	1.0	0.0	0.0	
795	28.0	1.0	1.0	0.0	0.0	
796	30.0	1.0	0.0	0.0	1.0	
797	28.0	1.0	1.0	0.0	0.0	
798	28.0	1.0	1.0	0.0	0.0	
799	28.0	1.0	0.0	1.0	0.0	
800	28.0	1.0	1.0	0.0	0.0	
801	28.0	1.0	1.0	0.0	0.0	
802	28.0	1.0	1.0	0.0	0.0	
803	28.0	1.0	0.0	1.0	0.0	
804	28.0	1.0	1.0	0.0	0.0	
805	28.0	1.0	1.0	0.0	0.0	
806	30.0	1.0	0.0	0.0	1.0	
807	28.0	1.0	0.0	1.0	0.0	
808	28.0	1.0	1.0	0.0	0.0	
809	28.0	1.0	0.0	1.0	0.0	
810	30.0	1.0	0.0	0.0	1.0	
811	30.0	1.0	0.0	0.0	1.0	
812	28.0	1.0	1.0	0.0	0.0	
813	28.0	1.0	1.0	0.0	0.0	
814	28.0	1.0	1.0	0.0	0.0	
815	30.0	1.0	0.0	0.0	1.0	
816	28.0	1.0	0.0	1.0	0.0	
817	28.0	1.0	1.0	0.0	0.0	
818	28.0	1.0	1.0	0.0	0.0	
819	30.0	1.0	0.0	0.0	1.0	
820	30.0	1.0	0.0	0.0	1.0	
821	28.0	1.0	0.0	1.0	0.0	
822	30.0	1.0	0.0	0.0	1.0	
823	30.0	1.0	0.0	0.0	1.0	
824	28.0	1.0	1.0	0.0	0.0	
825	28.0	1.0	0.0	1.0	0.0	
826	28.0	1.0	1.0	0.0	0.0	
827	28.0	1.0	1.0	0.0	0.0	
828	28.0	1.0	1.0	0.0	0.0	
829	30.0	1.0	0.0	0.0	1.0	
830	28.0	1.0	1.0	0.0	0.0	
831	28.0	1.0	1.0	0.0	0.0	
832	30.0	1.0	0.0	0.0	1.0	
833	28.0	1.0	1.0	0.0	0.0	
834	28.0	1.0	0.0	1.0	0.0	
835	30.0	1.0	0.0	0.0	1.0	
836	28.0	1.0	0.0	1.0	0.0	
837	28.0	1.0	0.0	1.0	0.0	
838	30.0	1.0	0.0	0.0	1.0	
839	28.0	1.0	0.0	1.0	0.0	
840	30.0	1.0	0.0	0.0	1.0	
841	30.0	1.0	0.0	0.0	1.0	
842	28.0	1.0	1.0	0.0	0.0	
843	28.0	1.0	0.0	1.0	0.0	
844	28.0	1.0	1.0	0.0	0.0	
845	28.0	1.0	0.0	1.0	0.0	
846	28.0	1.0	0.0	1.0	0.0	
847	28.0	1.0	1.0	0.0	0.0	
848	28.0	1.0	0.0	1.0	0.0	
849	28.0	1.0	1.0	0.0	0.0	
850	28.0	1.0	0.0	1.0	0.0	
851	28.0	1.0	1.0	0.0	0.0	
852	28.0	1.0	0.0	1.0	0.0	
853	30.0	1.0	0.0	0.0	1.0	
854	28.0	1.0	1.0	0.0	0.0	
855	30.0	1.0	0.0	0.0	1.0	
856	28.0	1.0	1.0	0.0	0.0	
857	30.0	1.0	0.0	0.0	1.0	
858	30.0	1.0	0.0	0.0	1.0	
859	30.0	1.0	0.0	0.0	1.0	
860	28.0	1.0	0.0	1.0	0.0	
861	28.0	1.0	1.0	0.0	0.0	
862	28.0	1.0	0.0	1.0	0.0	
863	28.0	1.0	1.0	0.0	0.0	
864	28.0	1.0	1.0	0.0	0.0	
865	30.0	1.0	0.0	0.0	1.0	
866	28.0	1.0	1.0	0.0	0.0	
867	28.0	1.0	0.0	1.0	0.0	
868	28.0	1.0	0.0	1.0	0.0	
869	28.0	1.0	1.0	0.0	0.0	
870	30.0	1.0	0.0	0.0	1.0	
871	30.0	1.0	0.0	0.0	1.0	
872	30.0	1.0	0.0	0.0	1.0	
873	28.0	1.0	0.0	1.0	0.0	
874	30.0	1.0	0.0	0.0	1.0	
875	30.0	1.0	0.0	0.0	1.0	
876	30.0	1.0	0.0	0.0	1.0	
877	28.0	1.0	0.0	1.0	0.0	
878	28.0	1.0	0.0	1.0	0.0	
879	28.0	1.0	0.0	1.0	0.0	
880	28.0	1.0	1.0	0.0	0.0	
881	28.0	1.0	1.0	0.0	0.0	
882	28.0	1.0	0.0	1.0	0.0	
883	30.0	1.0	0.0	0.0	1.0	
884	28.0	1.0	1.0	0.0	0.0	
885	28.0	1.0	0.0	1.0	0.0	
886	28.0	1.0	1.0	0.0	0.0	
887	28.0	1.0	0.0	1.0	0.0	
888	30.0	1.0	0.0	0.0	1.0	
889	30.0	1.0	0.0	0.0	1.0	
890	30.0	1.0	0.0	0.0	1.0	
891	28.0	1.0	1.0	0.0	0.0	
892	28.0	1.0	1.0	0.0	0.0	
893	28.0	1.0	0.0	1.0	0.0	
894	28.0	1.0	0.0	1.0	0.0	
895	28.0	1.0	1.0	0.0	0.0	
896	28.0	1.0	1.0	0.0	0.0	
897	28.0	1.0	0.0	1.0	0.0	
898	28.0	1.0	0.0	1.0	0.0	
899	30.0	1.0	0.0	0.0	1.0	
