Sample	cat16-74.trees	cat16-74.sequence01_sequence04_sequence14_sequence11_sequence12_sequence03_sequence10	cat16-74.sequence04_sequence14_sequence12_sequence02	cat16-74.sequence11_sequence10	cat16-74.sequence13_sequence08_sequence15	cat16-74.sequence01_sequence03_sequence10	cat16-74.sequence01_sequence11_sequence03	cat16-74.sequence01_sequence11_sequence02_sequence03_sequence10	
0	28.0	1.0	0.0	1.0	1.0	0.0	0.0	0.0	
1	30.0	0.0	1.0	1.0	1.0	0.0	0.0	0.0	
2	28.0	0.0	0.0	1.0	1.0	0.0	0.0	1.0	
3	28.0	1.0	0.0	1.0	1.0	0.0	0.0	0.0	
4	28.0	1.0	0.0	1.0	1.0	0.0	0.0	0.0	
5	30.0	0.0	1.0	1.0	1.0	0.0	0.0	0.0	
6	28.0	0.0	0.0	1.0	1.0	0.0	0.0	1.0	
7	28.0	0.0	0.0	1.0	1.0	0.0	0.0	1.0	
8	26.0	1.0	0.0	0.0	1.0	1.0	0.0	0.0	
9	28.0	1.0	0.0	1.0	1.0	0.0	0.0	0.0	
10	28.0	0.0	0.0	1.0	1.0	0.0	0.0	1.0	
11	28.0	0.0	0.0	1.0	1.0	0.0	0.0	1.0	
12	28.0	1.0	0.0	1.0	1.0	0.0	0.0	0.0	
13	28.0	0.0	0.0	1.0	1.0	0.0	0.0	1.0	
14	28.0	0.0	0.0	1.0	1.0	0.0	0.0	1.0	
15	30.0	0.0	1.0	1.0	1.0	0.0	0.0	0.0	
16	28.0	0.0	0.0	1.0	1.0	0.0	0.0	1.0	
17	30.0	0.0	1.0	1.0	1.0	0.0	0.0	0.0	
18	26.0	1.0	0.0	0.0	1.0	0.0	1.0	0.0	
19	28.0	0.0	0.0	1.0	1.0	0.0	0.0	1.0	
20	28.0	0.0	0.0	1.0	1.0	0.0	0.0	1.0	
21	28.0	1.0	0.0	1.0	1.0	0.0	0.0	0.0	
22	28.0	0.0	0.0	1.0	1.0	0.0	0.0	1.0	
23	28.0	1.0	0.0	1.0	1.0	0.0	0.0	0.0	
24	28.0	0.0	0.0	1.0	1.0	0.0	0.0	1.0	
25	30.0	0.0	1.0	1.0	1.0	0.0	0.0	0.0	
26	26.0	0.0	0.0	0.0	1.0	0.0	1.0	1.0	
27	30.0	0.0	1.0	1.0	1.0	0.0	0.0	0.0	
28	28.0	1.0	0.0	1.0	1.0	0.0	0.0	0.0	
29	28.0	1.0	0.0	1.0	1.0	0.0	0.0	0.0	
30	28.0	0.0	0.0	1.0	1.0	0.0	0.0	1.0	
31	28.0	0.0	0.0	1.0	1.0	0.0	0.0	1.0	
32	28.0	1.0	0.0	1.0	1.0	0.0	0.0	0.0	
33	28.0	0.0	0.0	1.0	1.0	0.0	0.0	1.0	
34	28.0	0.0	0.0	1.0	1.0	0.0	0.0	1.0	
35	28.0	1.0	0.0	1.0	1.0	0.0	0.0	0.0	
36	30.0	0.0	1.0	1.0	1.0	0.0	0.0	0.0	
37	30.0	0.0	1.0	1.0	1.0	0.0	0.0	0.0	
38	28.0	1.0	0.0	1.0	1.0	0.0	0.0	0.0	
39	28.0	0.0	0.0	1.0	1.0	0.0	0.0	1.0	
40	28.0	1.0	0.0	1.0	1.0	0.0	0.0	0.0	
41	28.0	0.0	0.0	1.0	1.0	0.0	0.0	1.0	
42	28.0	0.0	0.0	1.0	1.0	0.0	0.0	1.0	
43	28.0	0.0	0.0	1.0	1.0	0.0	0.0	1.0	
44	30.0	0.0	1.0	1.0	1.0	0.0	0.0	0.0	
45	30.0	0.0	1.0	1.0	1.0	0.0	0.0	0.0	
46	28.0	1.0	0.0	1.0	1.0	0.0	0.0	0.0	
47	26.0	1.0	0.0	0.0	1.0	0.0	1.0	0.0	
48	30.0	0.0	1.0	1.0	1.0	0.0	0.0	0.0	
49	28.0	0.0	0.0	1.0	1.0	0.0	0.0	1.0	
50	28.0	0.0	0.0	1.0	1.0	0.0	0.0	1.0	
51	28.0	0.0	0.0	1.0	1.0	0.0	0.0	1.0	
52	30.0	0.0	1.0	1.0	1.0	0.0	0.0	0.0	
53	30.0	0.0	1.0	1.0	1.0	0.0	0.0	0.0	
54	28.0	0.0	0.0	1.0	1.0	0.0	0.0	1.0	
55	28.0	1.0	0.0	1.0	1.0	0.0	0.0	0.0	
56	30.0	0.0	1.0	1.0	1.0	0.0	0.0	0.0	
57	28.0	0.0	0.0	1.0	1.0	0.0	0.0	1.0	
58	30.0	0.0	1.0	1.0	1.0	0.0	0.0	0.0	
59	28.0	1.0	0.0	1.0	1.0	0.0	0.0	0.0	
60	28.0	0.0	0.0	1.0	1.0	0.0	0.0	1.0	
61	28.0	1.0	0.0	1.0	1.0	0.0	0.0	0.0	
62	28.0	1.0	0.0	1.0	1.0	0.0	0.0	0.0	
63	30.0	0.0	1.0	1.0	1.0	0.0	0.0	0.0	
64	28.0	1.0	0.0	1.0	1.0	0.0	0.0	0.0	
65	28.0	1.0	0.0	1.0	1.0	0.0	0.0	0.0	
66	28.0	1.0	0.0	1.0	1.0	0.0	0.0	0.0	
67	28.0	1.0	0.0	1.0	1.0	0.0	0.0	0.0	
68	28.0	1.0	0.0	1.0	1.0	0.0	0.0	0.0	
69	28.0	0.0	0.0	1.0	1.0	0.0	0.0	1.0	
70	28.0	1.0	0.0	1.0	1.0	0.0	0.0	0.0	
71	28.0	1.0	0.0	1.0	1.0	0.0	0.0	0.0	
72	30.0	0.0	1.0	1.0	1.0	0.0	0.0	0.0	
73	26.0	1.0	0.0	0.0	1.0	1.0	0.0	0.0	
74	30.0	0.0	1.0	1.0	1.0	0.0	0.0	0.0	
75	30.0	0.0	1.0	1.0	1.0	0.0	0.0	0.0	
76	28.0	0.0	0.0	1.0	1.0	0.0	0.0	1.0	
77	28.0	0.0	0.0	1.0	1.0	0.0	0.0	1.0	
78	28.0	1.0	0.0	1.0	1.0	0.0	0.0	0.0	
79	28.0	1.0	0.0	1.0	1.0	0.0	0.0	0.0	
80	28.0	1.0	0.0	1.0	1.0	0.0	0.0	0.0	
81	28.0	0.0	0.0	1.0	1.0	0.0	0.0	1.0	
82	28.0	1.0	0.0	1.0	1.0	0.0	0.0	0.0	
83	28.0	1.0	0.0	1.0	1.0	0.0	0.0	0.0	
84	28.0	0.0	0.0	1.0	1.0	0.0	0.0	1.0	
85	28.0	1.0	0.0	1.0	1.0	0.0	0.0	0.0	
86	28.0	1.0	0.0	1.0	1.0	0.0	0.0	0.0	
87	28.0	1.0	0.0	1.0	1.0	0.0	0.0	0.0	
88	26.0	0.0	0.0	0.0	1.0	1.0	0.0	1.0	
89	28.0	0.0	0.0	1.0	1.0	0.0	0.0	1.0	
90	28.0	0.0	0.0	1.0	1.0	0.0	0.0	1.0	
91	28.0	1.0	0.0	1.0	1.0	0.0	0.0	0.0	
92	30.0	0.0	1.0	1.0	1.0	0.0	0.0	0.0	
93	28.0	0.0	0.0	1.0	1.0	0.0	0.0	1.0	
94	26.0	1.0	0.0	0.0	1.0	1.0	0.0	0.0	
95	28.0	1.0	0.0	1.0	1.0	0.0	0.0	0.0	
96	30.0	0.0	1.0	1.0	1.0	0.0	0.0	0.0	
97	28.0	1.0	0.0	1.0	1.0	0.0	0.0	0.0	
98	28.0	1.0	0.0	1.0	1.0	0.0	0.0	0.0	
99	28.0	1.0	0.0	1.0	1.0	0.0	0.0	0.0	
100	30.0	0.0	1.0	1.0	1.0	0.0	0.0	0.0	
101	28.0	1.0	0.0	1.0	1.0	0.0	0.0	0.0	
102	28.0	1.0	0.0	1.0	1.0	0.0	0.0	0.0	
103	30.0	0.0	1.0	1.0	1.0	0.0	0.0	0.0	
104	30.0	0.0	1.0	1.0	1.0	0.0	0.0	0.0	
105	30.0	0.0	1.0	1.0	1.0	0.0	0.0	0.0	
106	28.0	1.0	0.0	1.0	1.0	0.0	0.0	0.0	
107	30.0	0.0	1.0	1.0	1.0	0.0	0.0	0.0	
108	30.0	0.0	1.0	1.0	1.0	0.0	0.0	0.0	
109	28.0	0.0	0.0	1.0	1.0	0.0	0.0	1.0	
110	30.0	0.0	1.0	1.0	1.0	0.0	0.0	0.0	
111	28.0	0.0	0.0	1.0	1.0	0.0	0.0	1.0	
112	28.0	0.0	0.0	1.0	1.0	0.0	0.0	1.0	
113	28.0	0.0	0.0	1.0	1.0	0.0	0.0	1.0	
114	28.0	1.0	0.0	1.0	1.0	0.0	0.0	0.0	
115	28.0	0.0	0.0	1.0	1.0	0.0	0.0	1.0	
116	28.0	0.0	0.0	1.0	1.0	0.0	0.0	1.0	
117	28.0	1.0	0.0	1.0	1.0	0.0	0.0	0.0	
118	30.0	0.0	1.0	1.0	1.0	0.0	0.0	0.0	
119	28.0	0.0	0.0	1.0	1.0	0.0	0.0	1.0	
120	28.0	1.0	0.0	1.0	1.0	0.0	0.0	0.0	
121	30.0	0.0	1.0	1.0	1.0	0.0	0.0	0.0	
122	28.0	1.0	0.0	1.0	1.0	0.0	0.0	0.0	
123	30.0	0.0	1.0	1.0	1.0	0.0	0.0	0.0	
124	30.0	0.0	1.0	1.0	1.0	0.0	0.0	0.0	
125	28.0	1.0	0.0	1.0	1.0	0.0	0.0	0.0	
126	30.0	0.0	1.0	1.0	1.0	0.0	0.0	0.0	
127	28.0	0.0	0.0	1.0	1.0	0.0	0.0	1.0	
128	28.0	0.0	0.0	1.0	1.0	0.0	0.0	1.0	
129	28.0	1.0	0.0	1.0	1.0	0.0	0.0	0.0	
130	30.0	0.0	1.0	1.0	1.0	0.0	0.0	0.0	
131	28.0	1.0	0.0	1.0	1.0	0.0	0.0	0.0	
132	28.0	0.0	1.0	0.0	1.0	1.0	0.0	0.0	
133	28.0	0.0	0.0	1.0	1.0	0.0	0.0	1.0	
134	28.0	0.0	0.0	1.0	1.0	0.0	0.0	1.0	
135	30.0	0.0	1.0	1.0	1.0	0.0	0.0	0.0	
136	28.0	1.0	0.0	1.0	1.0	0.0	0.0	0.0	
137	28.0	1.0	0.0	1.0	1.0	0.0	0.0	0.0	
138	28.0	1.0	0.0	1.0	1.0	0.0	0.0	0.0	
139	28.0	1.0	0.0	1.0	1.0	0.0	0.0	0.0	
140	28.0	1.0	0.0	1.0	1.0	0.0	0.0	0.0	
141	28.0	1.0	0.0	1.0	1.0	0.0	0.0	0.0	
142	26.0	0.0	0.0	0.0	1.0	0.0	1.0	1.0	
143	28.0	1.0	0.0	1.0	1.0	0.0	0.0	0.0	
144	28.0	0.0	0.0	1.0	1.0	0.0	0.0	1.0	
145	28.0	0.0	0.0	1.0	1.0	0.0	0.0	1.0	
146	28.0	0.0	0.0	1.0	1.0	0.0	0.0	1.0	
147	28.0	1.0	0.0	1.0	1.0	0.0	0.0	0.0	
148	28.0	0.0	0.0	1.0	1.0	0.0	0.0	1.0	
149	28.0	1.0	0.0	1.0	1.0	0.0	0.0	0.0	
150	28.0	0.0	0.0	1.0	1.0	0.0	0.0	1.0	
151	28.0	1.0	0.0	1.0	1.0	0.0	0.0	0.0	
152	28.0	1.0	0.0	1.0	1.0	0.0	0.0	0.0	
153	28.0	0.0	0.0	1.0	1.0	0.0	0.0	1.0	
154	28.0	1.0	0.0	1.0	1.0	0.0	0.0	0.0	
155	28.0	0.0	0.0	1.0	1.0	0.0	0.0	1.0	
156	28.0	0.0	0.0	1.0	1.0	0.0	0.0	1.0	
157	30.0	0.0	1.0	1.0	1.0	0.0	0.0	0.0	
158	30.0	0.0	1.0	1.0	1.0	0.0	0.0	0.0	
159	30.0	0.0	1.0	1.0	1.0	0.0	0.0	0.0	
160	28.0	0.0	0.0	1.0	1.0	0.0	0.0	1.0	
161	30.0	0.0	1.0	1.0	1.0	0.0	0.0	0.0	
162	30.0	0.0	1.0	1.0	1.0	0.0	0.0	0.0	
163	28.0	0.0	0.0	1.0	1.0	0.0	0.0	1.0	
164	28.0	0.0	0.0	1.0	1.0	0.0	0.0	1.0	
165	28.0	1.0	0.0	1.0	1.0	0.0	0.0	0.0	
166	28.0	0.0	0.0	1.0	1.0	0.0	0.0	1.0	
167	28.0	0.0	0.0	1.0	1.0	0.0	0.0	1.0	
168	30.0	0.0	1.0	1.0	1.0	0.0	0.0	0.0	
169	28.0	1.0	0.0	1.0	1.0	0.0	0.0	0.0	
170	28.0	0.0	0.0	1.0	1.0	0.0	0.0	1.0	
171	28.0	1.0	0.0	1.0	1.0	0.0	0.0	0.0	
172	28.0	1.0	0.0	1.0	1.0	0.0	0.0	0.0	
173	28.0	0.0	0.0	1.0	1.0	0.0	0.0	1.0	
174	28.0	0.0	0.0	1.0	1.0	0.0	0.0	1.0	
175	30.0	0.0	1.0	1.0	1.0	0.0	0.0	0.0	
176	30.0	0.0	1.0	1.0	1.0	0.0	0.0	0.0	
177	30.0	0.0	1.0	1.0	1.0	0.0	0.0	0.0	
178	28.0	0.0	0.0	1.0	1.0	0.0	0.0	1.0	
179	30.0	0.0	1.0	1.0	1.0	0.0	0.0	0.0	
180	30.0	0.0	1.0	1.0	1.0	0.0	0.0	0.0	
181	28.0	1.0	0.0	1.0	1.0	0.0	0.0	0.0	
182	28.0	0.0	1.0	0.0	1.0	1.0	0.0	0.0	
183	28.0	1.0	0.0	1.0	1.0	0.0	0.0	0.0	
184	30.0	0.0	1.0	1.0	1.0	0.0	0.0	0.0	
185	28.0	0.0	0.0	1.0	1.0	0.0	0.0	1.0	
186	30.0	0.0	1.0	1.0	1.0	0.0	0.0	0.0	
187	28.0	0.0	0.0	1.0	1.0	0.0	0.0	1.0	
188	28.0	0.0	0.0	1.0	1.0	0.0	0.0	1.0	
189	28.0	1.0	0.0	1.0	1.0	0.0	0.0	0.0	
190	28.0	1.0	0.0	1.0	1.0	0.0	0.0	0.0	
191	28.0	0.0	0.0	1.0	1.0	0.0	0.0	1.0	
192	28.0	1.0	0.0	1.0	1.0	0.0	0.0	0.0	
193	30.0	0.0	1.0	1.0	1.0	0.0	0.0	0.0	
194	28.0	1.0	0.0	1.0	1.0	0.0	0.0	0.0	
195	30.0	0.0	1.0	1.0	1.0	0.0	0.0	0.0	
196	30.0	0.0	1.0	1.0	1.0	0.0	0.0	0.0	
197	28.0	1.0	0.0	1.0	1.0	0.0	0.0	0.0	
198	30.0	0.0	1.0	1.0	1.0	0.0	0.0	0.0	
199	30.0	0.0	1.0	1.0	1.0	0.0	0.0	0.0	
200	28.0	1.0	0.0	1.0	1.0	0.0	0.0	0.0	
201	28.0	0.0	0.0	1.0	1.0	0.0	0.0	1.0	
202	28.0	1.0	0.0	1.0	1.0	0.0	0.0	0.0	
203	28.0	0.0	0.0	1.0	1.0	0.0	0.0	1.0	
204	26.0	1.0	0.0	0.0	1.0	1.0	0.0	0.0	
205	28.0	0.0	0.0	1.0	1.0	0.0	0.0	1.0	
206	28.0	1.0	0.0	1.0	1.0	0.0	0.0	0.0	
207	28.0	1.0	0.0	1.0	1.0	0.0	0.0	0.0	
208	28.0	0.0	0.0	1.0	1.0	0.0	0.0	1.0	
209	28.0	0.0	0.0	1.0	1.0	0.0	0.0	1.0	
210	30.0	0.0	1.0	1.0	1.0	0.0	0.0	0.0	
211	28.0	0.0	0.0	1.0	1.0	0.0	0.0	1.0	
212	28.0	0.0	0.0	1.0	1.0	0.0	0.0	1.0	
213	30.0	0.0	1.0	1.0	1.0	0.0	0.0	0.0	
214	30.0	0.0	1.0	1.0	1.0	0.0	0.0	0.0	
215	28.0	0.0	1.0	0.0	1.0	1.0	0.0	0.0	
216	28.0	0.0	0.0	1.0	1.0	0.0	0.0	1.0	
217	30.0	0.0	1.0	1.0	1.0	0.0	0.0	0.0	
218	28.0	0.0	0.0	1.0	1.0	0.0	0.0	1.0	
219	28.0	1.0	0.0	1.0	1.0	0.0	0.0	0.0	
220	30.0	0.0	1.0	1.0	1.0	0.0	0.0	0.0	
221	30.0	0.0	1.0	1.0	1.0	0.0	0.0	0.0	
222	28.0	0.0	0.0	1.0	1.0	0.0	0.0	1.0	
223	30.0	0.0	1.0	1.0	1.0	0.0	0.0	0.0	
224	28.0	1.0	0.0	1.0	1.0	0.0	0.0	0.0	
225	30.0	0.0	1.0	1.0	1.0	0.0	0.0	0.0	
226	30.0	0.0	1.0	1.0	1.0	0.0	0.0	0.0	
227	28.0	0.0	1.0	0.0	1.0	0.0	1.0	0.0	
228	30.0	0.0	1.0	1.0	1.0	0.0	0.0	0.0	
229	28.0	0.0	0.0	1.0	1.0	0.0	0.0	1.0	
230	28.0	1.0	0.0	1.0	1.0	0.0	0.0	0.0	
231	30.0	0.0	1.0	1.0	1.0	0.0	0.0	0.0	
232	28.0	0.0	1.0	0.0	1.0	0.0	1.0	0.0	
233	28.0	0.0	0.0	1.0	1.0	0.0	0.0	1.0	
234	28.0	0.0	0.0	1.0	1.0	0.0	0.0	1.0	
235	30.0	0.0	1.0	1.0	1.0	0.0	0.0	0.0	
236	30.0	0.0	1.0	1.0	1.0	0.0	0.0	0.0	
237	30.0	0.0	1.0	1.0	1.0	0.0	0.0	0.0	
238	28.0	1.0	0.0	1.0	1.0	0.0	0.0	0.0	
239	28.0	1.0	0.0	1.0	1.0	0.0	0.0	0.0	
240	28.0	1.0	0.0	1.0	1.0	0.0	0.0	0.0	
241	30.0	0.0	1.0	1.0	1.0	0.0	0.0	0.0	
242	30.0	0.0	1.0	1.0	1.0	0.0	0.0	0.0	
243	28.0	0.0	0.0	1.0	1.0	0.0	0.0	1.0	
244	30.0	0.0	1.0	1.0	1.0	0.0	0.0	0.0	
245	30.0	0.0	1.0	1.0	1.0	0.0	0.0	0.0	
246	26.0	1.0	0.0	0.0	1.0	1.0	0.0	0.0	
247	28.0	1.0	0.0	1.0	1.0	0.0	0.0	0.0	
248	28.0	1.0	0.0	1.0	1.0	0.0	0.0	0.0	
249	28.0	1.0	0.0	1.0	1.0	0.0	0.0	0.0	
250	28.0	1.0	0.0	1.0	1.0	0.0	0.0	0.0	
251	28.0	0.0	0.0	1.0	1.0	0.0	0.0	1.0	
252	30.0	0.0	1.0	1.0	1.0	0.0	0.0	0.0	
253	30.0	0.0	1.0	1.0	1.0	0.0	0.0	0.0	
254	28.0	1.0	0.0	1.0	1.0	0.0	0.0	0.0	
255	28.0	0.0	0.0	1.0	1.0	0.0	0.0	1.0	
256	28.0	1.0	0.0	1.0	1.0	0.0	0.0	0.0	
257	28.0	1.0	0.0	1.0	1.0	0.0	0.0	0.0	
258	28.0	1.0	0.0	1.0	1.0	0.0	0.0	0.0	
259	30.0	0.0	1.0	1.0	1.0	0.0	0.0	0.0	
260	28.0	1.0	0.0	1.0	1.0	0.0	0.0	0.0	
261	28.0	1.0	0.0	1.0	1.0	0.0	0.0	0.0	
262	28.0	0.0	0.0	1.0	1.0	0.0	0.0	1.0	
263	28.0	0.0	0.0	1.0	1.0	0.0	0.0	1.0	
264	26.0	1.0	0.0	0.0	1.0	1.0	0.0	0.0	
265	28.0	0.0	0.0	1.0	1.0	0.0	0.0	1.0	
266	30.0	0.0	1.0	1.0	1.0	0.0	0.0	0.0	
267	28.0	0.0	0.0	1.0	1.0	0.0	0.0	1.0	
268	28.0	0.0	0.0	1.0	1.0	0.0	0.0	1.0	
269	30.0	0.0	1.0	1.0	1.0	0.0	0.0	0.0	
270	28.0	0.0	0.0	1.0	1.0	0.0	0.0	1.0	
271	28.0	1.0	0.0	1.0	1.0	0.0	0.0	0.0	
272	28.0	0.0	0.0	1.0	1.0	0.0	0.0	1.0	
273	28.0	1.0	0.0	1.0	1.0	0.0	0.0	0.0	
274	28.0	0.0	0.0	1.0	1.0	0.0	0.0	1.0	
275	28.0	0.0	0.0	1.0	1.0	0.0	0.0	1.0	
276	28.0	1.0	0.0	1.0	1.0	0.0	0.0	0.0	
277	30.0	0.0	1.0	1.0	1.0	0.0	0.0	0.0	
278	28.0	1.0	0.0	1.0	1.0	0.0	0.0	0.0	
279	28.0	1.0	0.0	1.0	1.0	0.0	0.0	0.0	
280	30.0	0.0	1.0	1.0	1.0	0.0	0.0	0.0	
281	28.0	1.0	0.0	1.0	1.0	0.0	0.0	0.0	
282	28.0	0.0	0.0	1.0	1.0	0.0	0.0	1.0	
283	28.0	0.0	0.0	1.0	1.0	0.0	0.0	1.0	
284	30.0	0.0	1.0	1.0	1.0	0.0	0.0	0.0	
285	28.0	1.0	0.0	1.0	1.0	0.0	0.0	0.0	
286	28.0	1.0	0.0	1.0	1.0	0.0	0.0	0.0	
287	28.0	1.0	0.0	1.0	1.0	0.0	0.0	0.0	
288	28.0	0.0	0.0	1.0	1.0	0.0	0.0	1.0	
289	28.0	1.0	0.0	1.0	1.0	0.0	0.0	0.0	
290	28.0	0.0	0.0	1.0	1.0	0.0	0.0	1.0	
291	28.0	1.0	0.0	1.0	1.0	0.0	0.0	0.0	
292	28.0	0.0	0.0	1.0	1.0	0.0	0.0	1.0	
293	28.0	1.0	0.0	1.0	1.0	0.0	0.0	0.0	
294	28.0	1.0	0.0	1.0	1.0	0.0	0.0	0.0	
295	28.0	0.0	0.0	1.0	1.0	0.0	0.0	1.0	
296	26.0	1.0	0.0	0.0	1.0	1.0	0.0	0.0	
297	28.0	1.0	0.0	1.0	1.0	0.0	0.0	0.0	
298	30.0	0.0	1.0	1.0	1.0	0.0	0.0	0.0	
299	28.0	1.0	0.0	1.0	1.0	0.0	0.0	0.0	
300	28.0	0.0	0.0	1.0	1.0	0.0	0.0	1.0	
301	28.0	0.0	0.0	1.0	1.0	0.0	0.0	1.0	
302	28.0	0.0	1.0	0.0	1.0	1.0	0.0	0.0	
303	28.0	0.0	0.0	1.0	1.0	0.0	0.0	1.0	
304	28.0	0.0	0.0	1.0	1.0	0.0	0.0	1.0	
305	28.0	0.0	1.0	0.0	1.0	1.0	0.0	0.0	
306	30.0	0.0	1.0	1.0	1.0	0.0	0.0	0.0	
307	28.0	0.0	0.0	1.0	1.0	0.0	0.0	1.0	
308	28.0	0.0	0.0	1.0	1.0	0.0	0.0	1.0	
309	30.0	0.0	1.0	1.0	1.0	0.0	0.0	0.0	
310	30.0	0.0	1.0	1.0	1.0	0.0	0.0	0.0	
311	28.0	0.0	0.0	1.0	1.0	0.0	0.0	1.0	
312	30.0	0.0	1.0	1.0	1.0	0.0	0.0	0.0	
313	28.0	1.0	0.0	1.0	1.0	0.0	0.0	0.0	
314	28.0	1.0	0.0	1.0	1.0	0.0	0.0	0.0	
315	28.0	0.0	0.0	1.0	1.0	0.0	0.0	1.0	
316	30.0	0.0	1.0	1.0	1.0	0.0	0.0	0.0	
317	28.0	0.0	0.0	1.0	1.0	0.0	0.0	1.0	
318	28.0	1.0	0.0	1.0	1.0	0.0	0.0	0.0	
319	26.0	0.0	0.0	0.0	1.0	0.0	1.0	1.0	
320	28.0	1.0	0.0	1.0	1.0	0.0	0.0	0.0	
321	30.0	0.0	1.0	1.0	1.0	0.0	0.0	0.0	
322	28.0	0.0	0.0	1.0	1.0	0.0	0.0	1.0	
323	30.0	0.0	1.0	1.0	1.0	0.0	0.0	0.0	
324	28.0	1.0	0.0	1.0	1.0	0.0	0.0	0.0	
325	28.0	1.0	0.0	1.0	1.0	0.0	0.0	0.0	
326	30.0	0.0	1.0	1.0	1.0	0.0	0.0	0.0	
327	28.0	0.0	0.0	1.0	1.0	0.0	0.0	1.0	
328	28.0	1.0	0.0	1.0	1.0	0.0	0.0	0.0	
329	26.0	1.0	0.0	0.0	1.0	1.0	0.0	0.0	
330	30.0	0.0	1.0	1.0	1.0	0.0	0.0	0.0	
331	28.0	0.0	1.0	0.0	1.0	1.0	0.0	0.0	
332	28.0	1.0	0.0	1.0	1.0	0.0	0.0	0.0	
333	28.0	0.0	0.0	1.0	1.0	0.0	0.0	1.0	
334	28.0	1.0	0.0	1.0	1.0	0.0	0.0	0.0	
335	26.0	1.0	0.0	0.0	1.0	1.0	0.0	0.0	
336	28.0	0.0	0.0	1.0	1.0	0.0	0.0	1.0	
337	28.0	1.0	0.0	1.0	1.0	0.0	0.0	0.0	
338	26.0	1.0	0.0	0.0	1.0	0.0	1.0	0.0	
339	26.0	0.0	0.0	0.0	1.0	0.0	1.0	1.0	
340	28.0	1.0	0.0	1.0	1.0	0.0	0.0	0.0	
341	26.0	0.0	0.0	0.0	1.0	1.0	0.0	1.0	
342	28.0	1.0	0.0	1.0	1.0	0.0	0.0	0.0	
343	28.0	1.0	0.0	1.0	1.0	0.0	0.0	0.0	
344	30.0	0.0	1.0	1.0	1.0	0.0	0.0	0.0	
345	28.0	0.0	0.0	1.0	1.0	0.0	0.0	1.0	
346	28.0	1.0	0.0	1.0	1.0	0.0	0.0	0.0	
347	28.0	1.0	0.0	1.0	1.0	0.0	0.0	0.0	
348	28.0	1.0	0.0	1.0	1.0	0.0	0.0	0.0	
349	28.0	1.0	0.0	1.0	1.0	0.0	0.0	0.0	
350	30.0	0.0	1.0	1.0	1.0	0.0	0.0	0.0	
351	28.0	0.0	0.0	1.0	1.0	0.0	0.0	1.0	
352	28.0	0.0	0.0	1.0	1.0	0.0	0.0	1.0	
353	30.0	0.0	1.0	1.0	1.0	0.0	0.0	0.0	
354	28.0	1.0	0.0	1.0	1.0	0.0	0.0	0.0	
355	30.0	0.0	1.0	1.0	1.0	0.0	0.0	0.0	
356	30.0	0.0	1.0	1.0	1.0	0.0	0.0	0.0	
357	30.0	0.0	1.0	1.0	1.0	0.0	0.0	0.0	
358	28.0	0.0	0.0	1.0	1.0	0.0	0.0	1.0	
359	30.0	0.0	1.0	1.0	1.0	0.0	0.0	0.0	
360	26.0	0.0	0.0	0.0	1.0	1.0	0.0	1.0	
361	30.0	0.0	1.0	1.0	1.0	0.0	0.0	0.0	
362	28.0	0.0	0.0	1.0	1.0	0.0	0.0	1.0	
363	28.0	1.0	0.0	1.0	1.0	0.0	0.0	0.0	
364	26.0	0.0	0.0	0.0	1.0	1.0	0.0	1.0	
365	28.0	0.0	0.0	1.0	1.0	0.0	0.0	1.0	
366	30.0	0.0	1.0	1.0	1.0	0.0	0.0	0.0	
367	28.0	0.0	0.0	1.0	1.0	0.0	0.0	1.0	
368	30.0	0.0	1.0	1.0	1.0	0.0	0.0	0.0	
369	28.0	1.0	0.0	1.0	1.0	0.0	0.0	0.0	
370	28.0	0.0	0.0	1.0	1.0	0.0	0.0	1.0	
371	28.0	1.0	0.0	1.0	1.0	0.0	0.0	0.0	
372	28.0	0.0	0.0	1.0	1.0	0.0	0.0	1.0	
373	30.0	0.0	1.0	1.0	1.0	0.0	0.0	0.0	
374	28.0	0.0	0.0	1.0	1.0	0.0	0.0	1.0	
375	28.0	0.0	0.0	1.0	1.0	0.0	0.0	1.0	
376	28.0	1.0	0.0	1.0	1.0	0.0	0.0	0.0	
377	30.0	0.0	1.0	1.0	1.0	0.0	0.0	0.0	
378	30.0	0.0	1.0	1.0	1.0	0.0	0.0	0.0	
379	28.0	0.0	0.0	1.0	1.0	0.0	0.0	1.0	
380	28.0	1.0	0.0	1.0	1.0	0.0	0.0	0.0	
381	28.0	0.0	0.0	1.0	1.0	0.0	0.0	1.0	
382	28.0	1.0	0.0	1.0	1.0	0.0	0.0	0.0	
383	28.0	1.0	0.0	1.0	1.0	0.0	0.0	0.0	
384	28.0	1.0	0.0	1.0	1.0	0.0	0.0	0.0	
385	28.0	1.0	0.0	1.0	1.0	0.0	0.0	0.0	
386	28.0	0.0	0.0	1.0	1.0	0.0	0.0	1.0	
387	28.0	0.0	0.0	1.0	1.0	0.0	0.0	1.0	
388	30.0	0.0	1.0	1.0	1.0	0.0	0.0	0.0	
389	26.0	0.0	0.0	0.0	1.0	1.0	0.0	1.0	
390	26.0	0.0	0.0	1.0	0.0	0.0	0.0	1.0	
391	28.0	1.0	0.0	1.0	1.0	0.0	0.0	0.0	
392	28.0	0.0	0.0	1.0	1.0	0.0	0.0	1.0	
393	30.0	0.0	1.0	1.0	1.0	0.0	0.0	0.0	
394	30.0	0.0	1.0	1.0	1.0	0.0	0.0	0.0	
395	30.0	0.0	1.0	1.0	1.0	0.0	0.0	0.0	
396	28.0	1.0	0.0	1.0	1.0	0.0	0.0	0.0	
397	28.0	0.0	0.0	1.0	1.0	0.0	0.0	1.0	
398	28.0	1.0	0.0	1.0	1.0	0.0	0.0	0.0	
399	28.0	1.0	0.0	1.0	1.0	0.0	0.0	0.0	
400	28.0	1.0	0.0	1.0	1.0	0.0	0.0	0.0	
401	28.0	1.0	0.0	1.0	1.0	0.0	0.0	0.0	
402	26.0	1.0	0.0	0.0	1.0	1.0	0.0	0.0	
403	30.0	0.0	1.0	1.0	1.0	0.0	0.0	0.0	
404	28.0	0.0	0.0	1.0	1.0	0.0	0.0	1.0	
405	28.0	1.0	0.0	1.0	1.0	0.0	0.0	0.0	
406	26.0	0.0	0.0	0.0	1.0	0.0	1.0	1.0	
407	30.0	0.0	1.0	1.0	1.0	0.0	0.0	0.0	
408	30.0	0.0	1.0	1.0	1.0	0.0	0.0	0.0	
409	30.0	0.0	1.0	1.0	1.0	0.0	0.0	0.0	
410	30.0	0.0	1.0	1.0	1.0	0.0	0.0	0.0	
411	28.0	1.0	0.0	1.0	1.0	0.0	0.0	0.0	
412	30.0	0.0	1.0	1.0	1.0	0.0	0.0	0.0	
413	28.0	0.0	0.0	1.0	1.0	0.0	0.0	1.0	
414	28.0	1.0	0.0	1.0	1.0	0.0	0.0	0.0	
415	28.0	0.0	0.0	1.0	1.0	0.0	0.0	1.0	
416	28.0	1.0	0.0	1.0	1.0	0.0	0.0	0.0	
417	28.0	0.0	0.0	1.0	1.0	0.0	0.0	1.0	
418	30.0	0.0	1.0	1.0	1.0	0.0	0.0	0.0	
419	28.0	1.0	0.0	1.0	1.0	0.0	0.0	0.0	
420	28.0	0.0	0.0	1.0	1.0	0.0	0.0	1.0	
421	28.0	0.0	0.0	1.0	1.0	0.0	0.0	1.0	
422	30.0	0.0	1.0	1.0	1.0	0.0	0.0	0.0	
423	28.0	1.0	0.0	1.0	1.0	0.0	0.0	0.0	
424	28.0	1.0	0.0	1.0	1.0	0.0	0.0	0.0	
425	28.0	0.0	0.0	1.0	1.0	0.0	0.0	1.0	
426	28.0	1.0	0.0	1.0	1.0	0.0	0.0	0.0	
427	28.0	1.0	0.0	1.0	1.0	0.0	0.0	0.0	
428	28.0	0.0	0.0	1.0	1.0	0.0	0.0	1.0	
429	28.0	0.0	0.0	1.0	1.0	0.0	0.0	1.0	
430	28.0	1.0	0.0	1.0	1.0	0.0	0.0	0.0	
431	28.0	1.0	0.0	1.0	1.0	0.0	0.0	0.0	
432	28.0	1.0	0.0	1.0	1.0	0.0	0.0	0.0	
433	28.0	1.0	0.0	1.0	1.0	0.0	0.0	0.0	
434	28.0	0.0	0.0	1.0	1.0	0.0	0.0	1.0	
435	28.0	0.0	0.0	1.0	1.0	0.0	0.0	1.0	
436	28.0	1.0	0.0	1.0	1.0	0.0	0.0	0.0	
437	28.0	0.0	1.0	0.0	1.0	0.0	1.0	0.0	
438	28.0	1.0	0.0	1.0	1.0	0.0	0.0	0.0	
439	30.0	0.0	1.0	1.0	1.0	0.0	0.0	0.0	
440	28.0	0.0	0.0	1.0	1.0	0.0	0.0	1.0	
441	28.0	1.0	0.0	1.0	1.0	0.0	0.0	0.0	
442	28.0	0.0	0.0	1.0	1.0	0.0	0.0	1.0	
443	28.0	1.0	0.0	1.0	1.0	0.0	0.0	0.0	
444	28.0	1.0	0.0	1.0	1.0	0.0	0.0	0.0	
445	28.0	1.0	0.0	1.0	1.0	0.0	0.0	0.0	
446	28.0	0.0	0.0	1.0	1.0	0.0	0.0	1.0	
447	28.0	1.0	0.0	1.0	1.0	0.0	0.0	0.0	
448	28.0	0.0	0.0	1.0	1.0	0.0	0.0	1.0	
449	28.0	1.0	0.0	1.0	1.0	0.0	0.0	0.0	
450	28.0	1.0	0.0	1.0	1.0	0.0	0.0	0.0	
451	30.0	0.0	1.0	1.0	1.0	0.0	0.0	0.0	
452	28.0	0.0	0.0	1.0	1.0	0.0	0.0	1.0	
453	28.0	0.0	0.0	1.0	1.0	0.0	0.0	1.0	
454	28.0	1.0	0.0	1.0	1.0	0.0	0.0	0.0	
455	30.0	0.0	1.0	1.0	1.0	0.0	0.0	0.0	
456	28.0	1.0	0.0	1.0	1.0	0.0	0.0	0.0	
457	28.0	0.0	0.0	1.0	1.0	0.0	0.0	1.0	
458	30.0	0.0	1.0	1.0	1.0	0.0	0.0	0.0	
459	30.0	0.0	1.0	1.0	1.0	0.0	0.0	0.0	
460	30.0	0.0	1.0	1.0	1.0	0.0	0.0	0.0	
461	30.0	0.0	1.0	1.0	1.0	0.0	0.0	0.0	
462	28.0	1.0	0.0	1.0	1.0	0.0	0.0	0.0	
463	28.0	1.0	0.0	1.0	1.0	0.0	0.0	0.0	
464	30.0	0.0	1.0	1.0	1.0	0.0	0.0	0.0	
465	28.0	1.0	0.0	1.0	1.0	0.0	0.0	0.0	
466	30.0	0.0	1.0	1.0	1.0	0.0	0.0	0.0	
467	28.0	1.0	0.0	1.0	1.0	0.0	0.0	0.0	
468	28.0	0.0	0.0	1.0	1.0	0.0	0.0	1.0	
469	30.0	0.0	1.0	1.0	1.0	0.0	0.0	0.0	
470	30.0	0.0	1.0	1.0	1.0	0.0	0.0	0.0	
471	28.0	1.0	0.0	1.0	1.0	0.0	0.0	0.0	
472	28.0	1.0	0.0	1.0	1.0	0.0	0.0	0.0	
473	30.0	0.0	1.0	1.0	1.0	0.0	0.0	0.0	
474	30.0	0.0	1.0	1.0	1.0	0.0	0.0	0.0	
475	30.0	0.0	1.0	1.0	1.0	0.0	0.0	0.0	
476	30.0	0.0	1.0	1.0	1.0	0.0	0.0	0.0	
477	28.0	0.0	0.0	1.0	1.0	0.0	0.0	1.0	
478	28.0	0.0	0.0	1.0	1.0	0.0	0.0	1.0	
479	26.0	1.0	0.0	0.0	1.0	1.0	0.0	0.0	
480	30.0	0.0	1.0	1.0	1.0	0.0	0.0	0.0	
481	28.0	0.0	0.0	1.0	1.0	0.0	0.0	1.0	
482	30.0	0.0	1.0	1.0	1.0	0.0	0.0	0.0	
483	28.0	0.0	0.0	1.0	1.0	0.0	0.0	1.0	
484	28.0	0.0	0.0	1.0	1.0	0.0	0.0	1.0	
485	30.0	0.0	1.0	1.0	1.0	0.0	0.0	0.0	
486	28.0	1.0	0.0	1.0	1.0	0.0	0.0	0.0	
487	28.0	1.0	0.0	1.0	1.0	0.0	0.0	0.0	
488	28.0	1.0	0.0	1.0	1.0	0.0	0.0	0.0	
489	30.0	0.0	1.0	1.0	1.0	0.0	0.0	0.0	
490	28.0	1.0	0.0	1.0	1.0	0.0	0.0	0.0	
491	28.0	0.0	0.0	1.0	1.0	0.0	0.0	1.0	
492	30.0	0.0	1.0	1.0	1.0	0.0	0.0	0.0	
493	28.0	0.0	0.0	1.0	1.0	0.0	0.0	1.0	
494	28.0	0.0	0.0	1.0	1.0	0.0	0.0	1.0	
495	30.0	0.0	1.0	1.0	1.0	0.0	0.0	0.0	
496	30.0	0.0	1.0	1.0	1.0	0.0	0.0	0.0	
497	28.0	1.0	0.0	1.0	1.0	0.0	0.0	0.0	
498	28.0	0.0	0.0	1.0	1.0	0.0	0.0	1.0	
499	28.0	1.0	0.0	1.0	1.0	0.0	0.0	0.0	
500	28.0	1.0	0.0	1.0	1.0	0.0	0.0	0.0	
501	28.0	0.0	0.0	1.0	1.0	0.0	0.0	1.0	
502	28.0	1.0	0.0	1.0	1.0	0.0	0.0	0.0	
503	28.0	1.0	0.0	1.0	1.0	0.0	0.0	0.0	
504	28.0	1.0	0.0	1.0	1.0	0.0	0.0	0.0	
505	28.0	1.0	0.0	1.0	1.0	0.0	0.0	0.0	
506	30.0	0.0	1.0	1.0	1.0	0.0	0.0	0.0	
507	30.0	0.0	1.0	1.0	1.0	0.0	0.0	0.0	
508	30.0	0.0	1.0	1.0	1.0	0.0	0.0	0.0	
509	30.0	0.0	1.0	1.0	1.0	0.0	0.0	0.0	
510	28.0	1.0	0.0	1.0	1.0	0.0	0.0	0.0	
511	30.0	0.0	1.0	1.0	1.0	0.0	0.0	0.0	
512	28.0	1.0	0.0	1.0	1.0	0.0	0.0	0.0	
513	28.0	1.0	0.0	1.0	1.0	0.0	0.0	0.0	
514	28.0	0.0	0.0	1.0	1.0	0.0	0.0	1.0	
515	28.0	1.0	0.0	1.0	1.0	0.0	0.0	0.0	
516	30.0	0.0	1.0	1.0	1.0	0.0	0.0	0.0	
517	28.0	0.0	0.0	1.0	1.0	0.0	0.0	1.0	
518	28.0	1.0	0.0	1.0	1.0	0.0	0.0	0.0	
519	28.0	1.0	0.0	1.0	1.0	0.0	0.0	0.0	
520	30.0	0.0	1.0	1.0	1.0	0.0	0.0	0.0	
521	28.0	1.0	0.0	1.0	1.0	0.0	0.0	0.0	
522	28.0	0.0	0.0	1.0	1.0	0.0	0.0	1.0	
523	28.0	0.0	0.0	1.0	1.0	0.0	0.0	1.0	
524	28.0	1.0	0.0	1.0	1.0	0.0	0.0	0.0	
525	28.0	1.0	0.0	1.0	1.0	0.0	0.0	0.0	
526	28.0	0.0	0.0	1.0	1.0	0.0	0.0	1.0	
527	30.0	0.0	1.0	1.0	1.0	0.0	0.0	0.0	
528	28.0	1.0	0.0	1.0	1.0	0.0	0.0	0.0	
529	28.0	1.0	0.0	1.0	1.0	0.0	0.0	0.0	
530	28.0	1.0	0.0	1.0	1.0	0.0	0.0	0.0	
531	30.0	0.0	1.0	1.0	1.0	0.0	0.0	0.0	
532	28.0	1.0	0.0	1.0	1.0	0.0	0.0	0.0	
533	28.0	1.0	0.0	1.0	1.0	0.0	0.0	0.0	
534	28.0	1.0	0.0	1.0	1.0	0.0	0.0	0.0	
535	28.0	0.0	0.0	1.0	1.0	0.0	0.0	1.0	
536	28.0	1.0	0.0	1.0	1.0	0.0	0.0	0.0	
537	28.0	1.0	0.0	1.0	1.0	0.0	0.0	0.0	
538	30.0	0.0	1.0	1.0	1.0	0.0	0.0	0.0	
539	28.0	1.0	0.0	1.0	1.0	0.0	0.0	0.0	
540	30.0	0.0	1.0	1.0	1.0	0.0	0.0	0.0	
541	30.0	0.0	1.0	1.0	1.0	0.0	0.0	0.0	
542	30.0	0.0	1.0	1.0	1.0	0.0	0.0	0.0	
543	28.0	0.0	0.0	1.0	1.0	0.0	0.0	1.0	
544	30.0	0.0	1.0	1.0	1.0	0.0	0.0	0.0	
545	28.0	0.0	0.0	1.0	1.0	0.0	0.0	1.0	
546	28.0	1.0	0.0	1.0	1.0	0.0	0.0	0.0	
547	28.0	1.0	0.0	1.0	1.0	0.0	0.0	0.0	
548	28.0	1.0	0.0	1.0	1.0	0.0	0.0	0.0	
549	28.0	1.0	0.0	1.0	1.0	0.0	0.0	0.0	
550	28.0	1.0	0.0	1.0	1.0	0.0	0.0	0.0	
551	28.0	0.0	0.0	1.0	1.0	0.0	0.0	1.0	
552	30.0	0.0	1.0	1.0	1.0	0.0	0.0	0.0	
553	28.0	0.0	0.0	1.0	1.0	0.0	0.0	1.0	
554	28.0	1.0	0.0	1.0	1.0	0.0	0.0	0.0	
555	28.0	1.0	0.0	1.0	1.0	0.0	0.0	0.0	
556	28.0	1.0	0.0	1.0	1.0	0.0	0.0	0.0	
557	28.0	1.0	0.0	1.0	1.0	0.0	0.0	0.0	
558	28.0	1.0	0.0	1.0	1.0	0.0	0.0	0.0	
559	28.0	0.0	0.0	1.0	1.0	0.0	0.0	1.0	
560	26.0	0.0	0.0	0.0	1.0	1.0	0.0	1.0	
561	30.0	0.0	1.0	1.0	1.0	0.0	0.0	0.0	
562	28.0	0.0	0.0	1.0	1.0	0.0	0.0	1.0	
563	28.0	1.0	0.0	1.0	1.0	0.0	0.0	0.0	
564	30.0	0.0	1.0	1.0	1.0	0.0	0.0	0.0	
565	30.0	0.0	1.0	1.0	1.0	0.0	0.0	0.0	
566	30.0	0.0	1.0	1.0	1.0	0.0	0.0	0.0	
567	30.0	0.0	1.0	1.0	1.0	0.0	0.0	0.0	
568	28.0	0.0	0.0	1.0	1.0	0.0	0.0	1.0	
569	30.0	0.0	1.0	1.0	1.0	0.0	0.0	0.0	
570	30.0	0.0	1.0	1.0	1.0	0.0	0.0	0.0	
571	28.0	0.0	0.0	1.0	1.0	0.0	0.0	1.0	
572	28.0	1.0	0.0	1.0	1.0	0.0	0.0	0.0	
573	28.0	0.0	0.0	1.0	1.0	0.0	0.0	1.0	
574	28.0	0.0	0.0	1.0	1.0	0.0	0.0	1.0	
575	28.0	1.0	0.0	1.0	1.0	0.0	0.0	0.0	
576	30.0	0.0	1.0	1.0	1.0	0.0	0.0	0.0	
577	28.0	1.0	0.0	1.0	1.0	0.0	0.0	0.0	
578	28.0	0.0	0.0	1.0	1.0	0.0	0.0	1.0	
579	28.0	0.0	0.0	1.0	1.0	0.0	0.0	1.0	
580	28.0	0.0	0.0	1.0	1.0	0.0	0.0	1.0	
581	28.0	1.0	0.0	1.0	1.0	0.0	0.0	0.0	
582	30.0	0.0	1.0	1.0	1.0	0.0	0.0	0.0	
583	28.0	1.0	0.0	1.0	1.0	0.0	0.0	0.0	
584	28.0	0.0	0.0	1.0	1.0	0.0	0.0	1.0	
585	28.0	1.0	0.0	1.0	1.0	0.0	0.0	0.0	
586	28.0	1.0	0.0	1.0	1.0	0.0	0.0	0.0	
587	28.0	1.0	0.0	1.0	1.0	0.0	0.0	0.0	
588	28.0	1.0	0.0	1.0	1.0	0.0	0.0	0.0	
589	28.0	0.0	0.0	1.0	1.0	0.0	0.0	1.0	
590	30.0	0.0	1.0	1.0	1.0	0.0	0.0	0.0	
591	28.0	1.0	0.0	1.0	1.0	0.0	0.0	0.0	
592	30.0	0.0	1.0	1.0	1.0	0.0	0.0	0.0	
593	28.0	1.0	0.0	1.0	1.0	0.0	0.0	0.0	
594	28.0	1.0	0.0	1.0	1.0	0.0	0.0	0.0	
595	28.0	1.0	0.0	1.0	1.0	0.0	0.0	0.0	
596	28.0	1.0	0.0	1.0	1.0	0.0	0.0	0.0	
597	28.0	1.0	0.0	1.0	1.0	0.0	0.0	0.0	
598	28.0	0.0	0.0	1.0	1.0	0.0	0.0	1.0	
599	28.0	1.0	0.0	1.0	1.0	0.0	0.0	0.0	
600	28.0	1.0	0.0	1.0	1.0	0.0	0.0	0.0	
601	28.0	1.0	0.0	1.0	1.0	0.0	0.0	0.0	
602	30.0	0.0	1.0	1.0	1.0	0.0	0.0	0.0	
603	28.0	1.0	0.0	1.0	1.0	0.0	0.0	0.0	
604	28.0	0.0	0.0	1.0	1.0	0.0	0.0	1.0	
605	28.0	1.0	0.0	1.0	1.0	0.0	0.0	0.0	
606	28.0	1.0	0.0	1.0	1.0	0.0	0.0	0.0	
607	28.0	0.0	0.0	1.0	1.0	0.0	0.0	1.0	
608	28.0	0.0	0.0	1.0	1.0	0.0	0.0	1.0	
609	28.0	0.0	0.0	1.0	1.0	0.0	0.0	1.0	
610	28.0	0.0	0.0	1.0	1.0	0.0	0.0	1.0	
611	28.0	1.0	0.0	1.0	1.0	0.0	0.0	0.0	
612	30.0	0.0	1.0	1.0	1.0	0.0	0.0	0.0	
613	30.0	0.0	1.0	1.0	1.0	0.0	0.0	0.0	
614	30.0	0.0	1.0	1.0	1.0	0.0	0.0	0.0	
615	30.0	0.0	1.0	1.0	1.0	0.0	0.0	0.0	
616	28.0	1.0	0.0	1.0	1.0	0.0	0.0	0.0	
617	28.0	1.0	0.0	1.0	1.0	0.0	0.0	0.0	
618	28.0	0.0	0.0	1.0	1.0	0.0	0.0	1.0	
619	30.0	0.0	1.0	1.0	1.0	0.0	0.0	0.0	
620	28.0	0.0	0.0	1.0	1.0	0.0	0.0	1.0	
621	28.0	0.0	0.0	1.0	1.0	0.0	0.0	1.0	
622	28.0	0.0	0.0	1.0	1.0	0.0	0.0	1.0	
623	28.0	0.0	0.0	1.0	1.0	0.0	0.0	1.0	
624	28.0	1.0	0.0	1.0	1.0	0.0	0.0	0.0	
625	28.0	0.0	0.0	1.0	1.0	0.0	0.0	1.0	
626	30.0	0.0	1.0	1.0	1.0	0.0	0.0	0.0	
627	30.0	0.0	1.0	1.0	1.0	0.0	0.0	0.0	
628	28.0	1.0	0.0	1.0	1.0	0.0	0.0	0.0	
629	28.0	1.0	0.0	1.0	1.0	0.0	0.0	0.0	
630	28.0	1.0	0.0	1.0	1.0	0.0	0.0	0.0	
631	28.0	1.0	0.0	1.0	1.0	0.0	0.0	0.0	
632	28.0	1.0	0.0	1.0	1.0	0.0	0.0	0.0	
633	28.0	1.0	0.0	1.0	1.0	0.0	0.0	0.0	
634	28.0	1.0	0.0	1.0	1.0	0.0	0.0	0.0	
635	28.0	0.0	0.0	1.0	1.0	0.0	0.0	1.0	
636	28.0	0.0	0.0	1.0	1.0	0.0	0.0	1.0	
637	28.0	0.0	0.0	1.0	1.0	0.0	0.0	1.0	
638	30.0	0.0	1.0	1.0	1.0	0.0	0.0	0.0	
639	28.0	1.0	0.0	1.0	1.0	0.0	0.0	0.0	
640	28.0	1.0	0.0	1.0	1.0	0.0	0.0	0.0	
641	26.0	1.0	0.0	0.0	1.0	1.0	0.0	0.0	
642	28.0	0.0	0.0	1.0	1.0	0.0	0.0	1.0	
643	28.0	1.0	0.0	1.0	1.0	0.0	0.0	0.0	
644	28.0	1.0	0.0	1.0	1.0	0.0	0.0	0.0	
645	28.0	1.0	0.0	1.0	1.0	0.0	0.0	0.0	
646	30.0	0.0	1.0	1.0	1.0	0.0	0.0	0.0	
647	28.0	1.0	0.0	1.0	1.0	0.0	0.0	0.0	
648	28.0	0.0	0.0	1.0	1.0	0.0	0.0	1.0	
649	28.0	1.0	0.0	1.0	1.0	0.0	0.0	0.0	
650	28.0	0.0	0.0	1.0	1.0	0.0	0.0	1.0	
651	28.0	0.0	0.0	1.0	1.0	0.0	0.0	1.0	
652	28.0	1.0	0.0	1.0	1.0	0.0	0.0	0.0	
653	28.0	0.0	0.0	1.0	1.0	0.0	0.0	1.0	
654	28.0	1.0	0.0	1.0	1.0	0.0	0.0	0.0	
655	28.0	0.0	0.0	1.0	1.0	0.0	0.0	1.0	
656	28.0	1.0	0.0	1.0	1.0	0.0	0.0	0.0	
657	30.0	0.0	1.0	1.0	1.0	0.0	0.0	0.0	
658	28.0	1.0	0.0	1.0	1.0	0.0	0.0	0.0	
659	28.0	1.0	0.0	1.0	1.0	0.0	0.0	0.0	
660	28.0	0.0	0.0	1.0	1.0	0.0	0.0	1.0	
661	30.0	0.0	1.0	1.0	1.0	0.0	0.0	0.0	
662	28.0	0.0	0.0	1.0	1.0	0.0	0.0	1.0	
663	28.0	1.0	0.0	1.0	1.0	0.0	0.0	0.0	
664	28.0	1.0	0.0	1.0	1.0	0.0	0.0	0.0	
665	28.0	1.0	0.0	1.0	1.0	0.0	0.0	0.0	
666	28.0	1.0	0.0	1.0	1.0	0.0	0.0	0.0	
667	28.0	0.0	0.0	1.0	1.0	0.0	0.0	1.0	
668	28.0	1.0	0.0	1.0	1.0	0.0	0.0	0.0	
669	28.0	1.0	0.0	1.0	1.0	0.0	0.0	0.0	
670	28.0	1.0	0.0	1.0	1.0	0.0	0.0	0.0	
671	30.0	0.0	1.0	1.0	1.0	0.0	0.0	0.0	
672	30.0	0.0	1.0	1.0	1.0	0.0	0.0	0.0	
673	28.0	1.0	0.0	1.0	1.0	0.0	0.0	0.0	
674	28.0	1.0	0.0	1.0	1.0	0.0	0.0	0.0	
675	30.0	0.0	1.0	1.0	1.0	0.0	0.0	0.0	
676	28.0	0.0	0.0	1.0	1.0	0.0	0.0	1.0	
677	30.0	0.0	1.0	1.0	1.0	0.0	0.0	0.0	
678	30.0	0.0	1.0	1.0	1.0	0.0	0.0	0.0	
679	30.0	0.0	1.0	1.0	1.0	0.0	0.0	0.0	
680	28.0	0.0	0.0	1.0	1.0	0.0	0.0	1.0	
681	28.0	0.0	0.0	1.0	1.0	0.0	0.0	1.0	
682	30.0	0.0	1.0	1.0	1.0	0.0	0.0	0.0	
683	26.0	0.0	0.0	0.0	1.0	1.0	0.0	1.0	
684	28.0	1.0	0.0	1.0	1.0	0.0	0.0	0.0	
685	30.0	0.0	1.0	1.0	1.0	0.0	0.0	0.0	
686	26.0	1.0	0.0	0.0	1.0	1.0	0.0	0.0	
687	28.0	1.0	0.0	1.0	1.0	0.0	0.0	0.0	
688	28.0	1.0	0.0	1.0	1.0	0.0	0.0	0.0	
689	26.0	1.0	0.0	0.0	1.0	0.0	1.0	0.0	
690	28.0	1.0	0.0	1.0	1.0	0.0	0.0	0.0	
691	30.0	0.0	1.0	1.0	1.0	0.0	0.0	0.0	
692	28.0	0.0	0.0	1.0	1.0	0.0	0.0	1.0	
693	28.0	1.0	0.0	1.0	1.0	0.0	0.0	0.0	
694	28.0	0.0	0.0	1.0	1.0	0.0	0.0	1.0	
695	30.0	0.0	1.0	1.0	1.0	0.0	0.0	0.0	
696	28.0	1.0	0.0	1.0	1.0	0.0	0.0	0.0	
697	28.0	1.0	0.0	1.0	1.0	0.0	0.0	0.0	
698	28.0	1.0	0.0	1.0	1.0	0.0	0.0	0.0	
699	28.0	1.0	0.0	1.0	1.0	0.0	0.0	0.0	
700	30.0	0.0	1.0	1.0	1.0	0.0	0.0	0.0	
701	28.0	1.0	0.0	1.0	1.0	0.0	0.0	0.0	
702	28.0	1.0	0.0	1.0	1.0	0.0	0.0	0.0	
703	28.0	0.0	0.0	1.0	1.0	0.0	0.0	1.0	
704	28.0	0.0	0.0	1.0	1.0	0.0	0.0	1.0	
705	28.0	1.0	0.0	1.0	1.0	0.0	0.0	0.0	
706	28.0	1.0	0.0	1.0	1.0	0.0	0.0	0.0	
707	30.0	0.0	1.0	1.0	1.0	0.0	0.0	0.0	
708	28.0	1.0	0.0	1.0	1.0	0.0	0.0	0.0	
709	28.0	0.0	0.0	1.0	1.0	0.0	0.0	1.0	
710	28.0	1.0	0.0	1.0	1.0	0.0	0.0	0.0	
711	28.0	1.0	0.0	1.0	1.0	0.0	0.0	0.0	
712	28.0	0.0	0.0	1.0	1.0	0.0	0.0	1.0	
713	30.0	0.0	1.0	1.0	1.0	0.0	0.0	0.0	
714	28.0	1.0	0.0	1.0	1.0	0.0	0.0	0.0	
715	28.0	0.0	0.0	1.0	1.0	0.0	0.0	1.0	
716	28.0	1.0	0.0	1.0	1.0	0.0	0.0	0.0	
717	30.0	0.0	1.0	1.0	1.0	0.0	0.0	0.0	
718	26.0	0.0	0.0	0.0	1.0	1.0	0.0	1.0	
719	30.0	0.0	1.0	1.0	1.0	0.0	0.0	0.0	
720	28.0	0.0	0.0	1.0	1.0	0.0	0.0	1.0	
721	28.0	1.0	0.0	1.0	1.0	0.0	0.0	0.0	
722	28.0	0.0	0.0	1.0	1.0	0.0	0.0	1.0	
723	28.0	1.0	0.0	1.0	1.0	0.0	0.0	0.0	
724	28.0	0.0	0.0	1.0	1.0	0.0	0.0	1.0	
725	28.0	1.0	0.0	1.0	1.0	0.0	0.0	0.0	
726	26.0	0.0	0.0	0.0	1.0	0.0	1.0	1.0	
727	28.0	1.0	0.0	1.0	1.0	0.0	0.0	0.0	
728	28.0	1.0	0.0	1.0	1.0	0.0	0.0	0.0	
729	28.0	0.0	0.0	1.0	1.0	0.0	0.0	1.0	
730	28.0	1.0	0.0	1.0	1.0	0.0	0.0	0.0	
731	28.0	1.0	0.0	1.0	1.0	0.0	0.0	0.0	
732	28.0	1.0	0.0	1.0	1.0	0.0	0.0	0.0	
733	30.0	0.0	1.0	1.0	1.0	0.0	0.0	0.0	
734	30.0	0.0	1.0	1.0	1.0	0.0	0.0	0.0	
735	28.0	0.0	0.0	1.0	1.0	0.0	0.0	1.0	
736	28.0	1.0	0.0	1.0	1.0	0.0	0.0	0.0	
737	28.0	0.0	0.0	1.0	1.0	0.0	0.0	1.0	
738	30.0	0.0	1.0	1.0	1.0	0.0	0.0	0.0	
739	26.0	0.0	0.0	0.0	1.0	0.0	1.0	1.0	
740	30.0	0.0	1.0	1.0	1.0	0.0	0.0	0.0	
741	28.0	1.0	0.0	1.0	1.0	0.0	0.0	0.0	
742	28.0	1.0	0.0	1.0	1.0	0.0	0.0	0.0	
743	28.0	0.0	0.0	1.0	1.0	0.0	0.0	1.0	
744	30.0	0.0	1.0	1.0	1.0	0.0	0.0	0.0	
745	28.0	1.0	0.0	1.0	1.0	0.0	0.0	0.0	
746	28.0	0.0	0.0	1.0	1.0	0.0	0.0	1.0	
747	30.0	0.0	1.0	1.0	1.0	0.0	0.0	0.0	
748	28.0	0.0	0.0	1.0	1.0	0.0	0.0	1.0	
749	28.0	1.0	0.0	1.0	1.0	0.0	0.0	0.0	
750	28.0	0.0	0.0	1.0	1.0	0.0	0.0	1.0	
751	28.0	1.0	0.0	1.0	1.0	0.0	0.0	0.0	
752	28.0	0.0	0.0	1.0	1.0	0.0	0.0	1.0	
753	28.0	0.0	0.0	1.0	1.0	0.0	0.0	1.0	
754	28.0	1.0	0.0	1.0	1.0	0.0	0.0	0.0	
755	30.0	0.0	1.0	1.0	1.0	0.0	0.0	0.0	
756	28.0	0.0	0.0	1.0	1.0	0.0	0.0	1.0	
757	28.0	1.0	0.0	1.0	1.0	0.0	0.0	0.0	
758	28.0	0.0	0.0	1.0	1.0	0.0	0.0	1.0	
759	28.0	1.0	0.0	1.0	1.0	0.0	0.0	0.0	
760	28.0	0.0	0.0	1.0	1.0	0.0	0.0	1.0	
761	30.0	0.0	1.0	1.0	1.0	0.0	0.0	0.0	
762	28.0	1.0	0.0	1.0	1.0	0.0	0.0	0.0	
763	30.0	0.0	1.0	1.0	1.0	0.0	0.0	0.0	
764	28.0	1.0	0.0	1.0	1.0	0.0	0.0	0.0	
765	28.0	1.0	0.0	1.0	1.0	0.0	0.0	0.0	
766	28.0	0.0	0.0	1.0	1.0	0.0	0.0	1.0	
767	28.0	0.0	0.0	1.0	1.0	0.0	0.0	1.0	
768	26.0	0.0	0.0	0.0	1.0	1.0	0.0	1.0	
769	30.0	0.0	1.0	1.0	1.0	0.0	0.0	0.0	
770	28.0	0.0	0.0	1.0	1.0	0.0	0.0	1.0	
771	28.0	1.0	0.0	1.0	1.0	0.0	0.0	0.0	
772	28.0	0.0	0.0	1.0	1.0	0.0	0.0	1.0	
773	28.0	1.0	0.0	1.0	1.0	0.0	0.0	0.0	
774	28.0	0.0	0.0	1.0	1.0	0.0	0.0	1.0	
775	28.0	0.0	0.0	1.0	1.0	0.0	0.0	1.0	
776	28.0	1.0	0.0	1.0	1.0	0.0	0.0	0.0	
777	30.0	0.0	1.0	1.0	1.0	0.0	0.0	0.0	
778	28.0	1.0	0.0	1.0	1.0	0.0	0.0	0.0	
779	28.0	1.0	0.0	1.0	1.0	0.0	0.0	0.0	
780	28.0	0.0	0.0	1.0	1.0	0.0	0.0	1.0	
781	28.0	0.0	0.0	1.0	1.0	0.0	0.0	1.0	
782	30.0	0.0	1.0	1.0	1.0	0.0	0.0	0.0	
783	28.0	1.0	0.0	1.0	1.0	0.0	0.0	0.0	
784	28.0	1.0	0.0	1.0	1.0	0.0	0.0	0.0	
785	28.0	1.0	0.0	1.0	1.0	0.0	0.0	0.0	
786	30.0	0.0	1.0	1.0	1.0	0.0	0.0	0.0	
787	28.0	1.0	0.0	1.0	1.0	0.0	0.0	0.0	
788	28.0	1.0	0.0	1.0	1.0	0.0	0.0	0.0	
789	28.0	1.0	0.0	1.0	1.0	0.0	0.0	0.0	
790	30.0	0.0	1.0	1.0	1.0	0.0	0.0	0.0	
791	28.0	0.0	0.0	1.0	1.0	0.0	0.0	1.0	
792	28.0	1.0	0.0	1.0	1.0	0.0	0.0	0.0	
793	28.0	1.0	0.0	1.0	1.0	0.0	0.0	0.0	
794	28.0	0.0	0.0	1.0	1.0	0.0	0.0	1.0	
795	28.0	0.0	0.0	1.0	1.0	0.0	0.0	1.0	
796	28.0	0.0	0.0	1.0	1.0	0.0	0.0	1.0	
797	30.0	0.0	1.0	1.0	1.0	0.0	0.0	0.0	
798	28.0	1.0	0.0	1.0	1.0	0.0	0.0	0.0	
799	28.0	1.0	0.0	1.0	1.0	0.0	0.0	0.0	
800	28.0	1.0	0.0	1.0	1.0	0.0	0.0	0.0	
801	30.0	0.0	1.0	1.0	1.0	0.0	0.0	0.0	
802	30.0	0.0	1.0	1.0	1.0	0.0	0.0	0.0	
803	28.0	0.0	0.0	1.0	1.0	0.0	0.0	1.0	
804	28.0	1.0	0.0	1.0	1.0	0.0	0.0	0.0	
805	26.0	1.0	0.0	0.0	1.0	1.0	0.0	0.0	
806	26.0	0.0	0.0	0.0	1.0	1.0	0.0	1.0	
807	30.0	0.0	1.0	1.0	1.0	0.0	0.0	0.0	
808	28.0	0.0	0.0	1.0	1.0	0.0	0.0	1.0	
809	28.0	0.0	0.0	1.0	1.0	0.0	0.0	1.0	
810	30.0	0.0	1.0	1.0	1.0	0.0	0.0	0.0	
811	26.0	1.0	0.0	0.0	1.0	1.0	0.0	0.0	
812	28.0	1.0	0.0	1.0	1.0	0.0	0.0	0.0	
813	28.0	1.0	0.0	1.0	1.0	0.0	0.0	0.0	
814	28.0	1.0	0.0	1.0	1.0	0.0	0.0	0.0	
815	30.0	0.0	1.0	1.0	1.0	0.0	0.0	0.0	
816	28.0	1.0	0.0	1.0	1.0	0.0	0.0	0.0	
817	28.0	1.0	0.0	1.0	1.0	0.0	0.0	0.0	
818	30.0	0.0	1.0	1.0	1.0	0.0	0.0	0.0	
819	28.0	1.0	0.0	1.0	1.0	0.0	0.0	0.0	
820	28.0	0.0	0.0	1.0	1.0	0.0	0.0	1.0	
821	30.0	0.0	1.0	1.0	1.0	0.0	0.0	0.0	
822	30.0	0.0	1.0	1.0	1.0	0.0	0.0	0.0	
823	30.0	0.0	1.0	1.0	1.0	0.0	0.0	0.0	
824	28.0	1.0	0.0	1.0	1.0	0.0	0.0	0.0	
825	28.0	1.0	0.0	1.0	1.0	0.0	0.0	0.0	
826	28.0	1.0	0.0	1.0	1.0	0.0	0.0	0.0	
827	28.0	0.0	0.0	1.0	1.0	0.0	0.0	1.0	
828	28.0	1.0	0.0	1.0	1.0	0.0	0.0	0.0	
829	28.0	1.0	0.0	1.0	1.0	0.0	0.0	0.0	
830	28.0	0.0	0.0	1.0	1.0	0.0	0.0	1.0	
831	28.0	0.0	0.0	1.0	1.0	0.0	0.0	1.0	
832	28.0	1.0	0.0	1.0	1.0	0.0	0.0	0.0	
833	28.0	0.0	0.0	1.0	1.0	0.0	0.0	1.0	
834	26.0	1.0	0.0	0.0	1.0	1.0	0.0	0.0	
835	28.0	0.0	0.0	1.0	1.0	0.0	0.0	1.0	
836	26.0	1.0	0.0	0.0	1.0	1.0	0.0	0.0	
837	28.0	1.0	0.0	1.0	1.0	0.0	0.0	0.0	
838	28.0	1.0	0.0	1.0	1.0	0.0	0.0	0.0	
839	30.0	0.0	1.0	1.0	1.0	0.0	0.0	0.0	
840	28.0	1.0	0.0	1.0	1.0	0.0	0.0	0.0	
841	30.0	0.0	1.0	1.0	1.0	0.0	0.0	0.0	
842	28.0	1.0	0.0	1.0	1.0	0.0	0.0	0.0	
843	28.0	0.0	0.0	1.0	1.0	0.0	0.0	1.0	
844	26.0	0.0	0.0	0.0	1.0	1.0	0.0	1.0	
845	28.0	1.0	0.0	1.0	1.0	0.0	0.0	0.0	
846	28.0	0.0	1.0	0.0	1.0	1.0	0.0	0.0	
847	28.0	1.0	0.0	1.0	1.0	0.0	0.0	0.0	
848	28.0	0.0	0.0	1.0	1.0	0.0	0.0	1.0	
849	28.0	0.0	0.0	1.0	1.0	0.0	0.0	1.0	
850	30.0	0.0	1.0	1.0	1.0	0.0	0.0	0.0	
851	28.0	0.0	0.0	1.0	1.0	0.0	0.0	1.0	
852	28.0	0.0	0.0	1.0	1.0	0.0	0.0	1.0	
853	30.0	0.0	1.0	1.0	1.0	0.0	0.0	0.0	
854	28.0	0.0	0.0	1.0	1.0	0.0	0.0	1.0	
855	30.0	0.0	1.0	1.0	1.0	0.0	0.0	0.0	
856	30.0	0.0	1.0	1.0	1.0	0.0	0.0	0.0	
857	30.0	0.0	1.0	1.0	1.0	0.0	0.0	0.0	
858	28.0	0.0	0.0	1.0	1.0	0.0	0.0	1.0	
859	28.0	1.0	0.0	1.0	1.0	0.0	0.0	0.0	
860	28.0	1.0	0.0	1.0	1.0	0.0	0.0	0.0	
861	30.0	0.0	1.0	1.0	1.0	0.0	0.0	0.0	
862	28.0	1.0	0.0	1.0	1.0	0.0	0.0	0.0	
863	28.0	1.0	0.0	1.0	1.0	0.0	0.0	0.0	
864	30.0	0.0	1.0	1.0	1.0	0.0	0.0	0.0	
865	28.0	0.0	0.0	1.0	1.0	0.0	0.0	1.0	
866	28.0	1.0	0.0	1.0	1.0	0.0	0.0	0.0	
867	28.0	1.0	0.0	1.0	1.0	0.0	0.0	0.0	
868	30.0	0.0	1.0	1.0	1.0	0.0	0.0	0.0	
869	28.0	0.0	0.0	1.0	1.0	0.0	0.0	1.0	
870	30.0	0.0	1.0	1.0	1.0	0.0	0.0	0.0	
871	30.0	0.0	1.0	1.0	1.0	0.0	0.0	0.0	
872	28.0	1.0	0.0	1.0	1.0	0.0	0.0	0.0	
873	28.0	0.0	0.0	1.0	1.0	0.0	0.0	1.0	
874	30.0	0.0	1.0	1.0	1.0	0.0	0.0	0.0	
875	30.0	0.0	1.0	1.0	1.0	0.0	0.0	0.0	
876	28.0	0.0	0.0	1.0	1.0	0.0	0.0	1.0	
877	28.0	0.0	0.0	1.0	1.0	0.0	0.0	1.0	
878	28.0	1.0	0.0	1.0	1.0	0.0	0.0	0.0	
879	28.0	1.0	0.0	1.0	1.0	0.0	0.0	0.0	
880	30.0	0.0	1.0	1.0	1.0	0.0	0.0	0.0	
881	30.0	0.0	1.0	1.0	1.0	0.0	0.0	0.0	
882	28.0	0.0	1.0	0.0	1.0	0.0	1.0	0.0	
883	28.0	0.0	0.0	1.0	1.0	0.0	0.0	1.0	
884	28.0	0.0	0.0	1.0	1.0	0.0	0.0	1.0	
885	30.0	0.0	1.0	1.0	1.0	0.0	0.0	0.0	
886	28.0	1.0	0.0	1.0	1.0	0.0	0.0	0.0	
887	28.0	1.0	0.0	1.0	1.0	0.0	0.0	0.0	
888	30.0	0.0	1.0	1.0	1.0	0.0	0.0	0.0	
889	28.0	1.0	0.0	1.0	1.0	0.0	0.0	0.0	
890	28.0	1.0	0.0	1.0	1.0	0.0	0.0	0.0	
891	28.0	1.0	0.0	1.0	1.0	0.0	0.0	0.0	
892	30.0	0.0	1.0	1.0	1.0	0.0	0.0	0.0	
893	30.0	0.0	1.0	1.0	1.0	0.0	0.0	0.0	
894	30.0	0.0	1.0	1.0	1.0	0.0	0.0	0.0	
895	28.0	0.0	0.0	1.0	1.0	0.0	0.0	1.0	
896	28.0	0.0	0.0	1.0	1.0	0.0	0.0	1.0	
897	28.0	0.0	0.0	1.0	1.0	0.0	0.0	1.0	
898	28.0	0.0	0.0	1.0	1.0	0.0	0.0	1.0	
899	30.0	0.0	1.0	1.0	1.0	0.0	0.0	0.0	
