Sample	cat16-47.trees	cat16-47.sequence10_sequence06	cat16-47.sequence01_sequence05_sequence04_sequence14_sequence07_sequence11_sequence12_sequence16_sequence02_sequence09_sequence03_sequence10_sequence06_sequence15	cat16-47.sequence05_sequence14_sequence12_sequence02	cat16-47.sequence07_sequence16_sequence03_sequence15	cat16-47.sequence01_sequence04_sequence11_sequence09_sequence06	cat16-47.sequence01_sequence04_sequence11_sequence13_sequence09_sequence10_sequence06_sequence08	cat16-47.sequence01_sequence04_sequence11_sequence09_sequence10	cat16-47.sequence05_sequence14_sequence07_sequence12_sequence13_sequence16_sequence02_sequence03_sequence08_sequence15	cat16-47.sequence05_sequence07_sequence12_sequence16_sequence03_sequence15	cat16-47.sequence14_sequence07_sequence16_sequence02_sequence03_sequence15	
0	26.0	0.0	1.0	1.0	1.0	1.0	0.0	0.0	0.0	0.0	0.0	
1	26.0	0.0	0.0	0.0	1.0	1.0	1.0	0.0	0.0	1.0	0.0	
2	24.0	0.0	0.0	1.0	1.0	0.0	0.0	1.0	1.0	0.0	0.0	
3	24.0	0.0	0.0	1.0	1.0	1.0	1.0	0.0	0.0	0.0	0.0	
4	26.0	0.0	1.0	1.0	1.0	1.0	0.0	0.0	0.0	0.0	0.0	
5	26.0	0.0	1.0	1.0	1.0	1.0	0.0	0.0	0.0	0.0	0.0	
6	24.0	0.0	0.0	1.0	1.0	1.0	1.0	0.0	0.0	0.0	0.0	
7	26.0	0.0	1.0	1.0	1.0	1.0	0.0	0.0	0.0	0.0	0.0	
8	24.0	0.0	0.0	1.0	1.0	1.0	0.0	0.0	1.0	0.0	0.0	
9	26.0	0.0	1.0	1.0	1.0	1.0	0.0	0.0	0.0	0.0	0.0	
10	26.0	1.0	0.0	1.0	1.0	0.0	0.0	0.0	1.0	0.0	0.0	
11	24.0	0.0	0.0	1.0	1.0	1.0	0.0	0.0	1.0	0.0	0.0	
12	26.0	1.0	0.0	1.0	1.0	0.0	0.0	0.0	1.0	0.0	0.0	
13	26.0	0.0	1.0	1.0	1.0	1.0	0.0	0.0	0.0	0.0	0.0	
14	28.0	1.0	1.0	1.0	1.0	0.0	0.0	0.0	0.0	0.0	0.0	
15	26.0	0.0	1.0	1.0	1.0	1.0	0.0	0.0	0.0	0.0	0.0	
16	28.0	1.0	1.0	1.0	1.0	0.0	0.0	0.0	0.0	0.0	0.0	
17	24.0	0.0	0.0	1.0	1.0	1.0	1.0	0.0	0.0	0.0	0.0	
18	24.0	0.0	0.0	1.0	1.0	1.0	1.0	0.0	0.0	0.0	0.0	
19	28.0	1.0	1.0	1.0	1.0	0.0	0.0	0.0	0.0	0.0	0.0	
20	26.0	1.0	0.0	1.0	1.0	0.0	0.0	0.0	1.0	0.0	0.0	
21	26.0	1.0	0.0	1.0	1.0	0.0	0.0	0.0	1.0	0.0	0.0	
22	26.0	0.0	1.0	1.0	1.0	1.0	0.0	0.0	0.0	0.0	0.0	
23	26.0	1.0	0.0	1.0	1.0	0.0	0.0	0.0	1.0	0.0	0.0	
24	26.0	0.0	1.0	1.0	1.0	0.0	0.0	1.0	0.0	0.0	0.0	
25	30.0	1.0	1.0	0.0	1.0	0.0	0.0	0.0	0.0	1.0	0.0	
26	26.0	1.0	0.0	1.0	1.0	0.0	1.0	0.0	0.0	0.0	0.0	
27	26.0	0.0	1.0	1.0	1.0	0.0	0.0	1.0	0.0	0.0	0.0	
28	24.0	0.0	0.0	1.0	1.0	0.0	0.0	1.0	1.0	0.0	0.0	
29	24.0	0.0	0.0	1.0	1.0	0.0	1.0	1.0	0.0	0.0	0.0	
30	28.0	1.0	1.0	1.0	1.0	0.0	0.0	0.0	0.0	0.0	0.0	
31	24.0	0.0	0.0	1.0	1.0	1.0	1.0	0.0	0.0	0.0	0.0	
32	26.0	0.0	1.0	1.0	1.0	1.0	0.0	0.0	0.0	0.0	0.0	
33	24.0	0.0	0.0	1.0	1.0	1.0	1.0	0.0	0.0	0.0	0.0	
34	28.0	1.0	1.0	1.0	1.0	0.0	0.0	0.0	0.0	0.0	0.0	
35	24.0	0.0	0.0	1.0	1.0	1.0	0.0	0.0	1.0	0.0	0.0	
36	26.0	0.0	0.0	0.0	1.0	0.0	1.0	1.0	0.0	1.0	0.0	
37	24.0	0.0	0.0	1.0	1.0	1.0	1.0	0.0	0.0	0.0	0.0	
38	26.0	1.0	0.0	1.0	1.0	0.0	1.0	0.0	0.0	0.0	0.0	
39	26.0	0.0	1.0	1.0	1.0	0.0	0.0	1.0	0.0	0.0	0.0	
40	26.0	0.0	1.0	1.0	1.0	1.0	0.0	0.0	0.0	0.0	0.0	
41	28.0	0.0	1.0	0.0	1.0	1.0	0.0	0.0	0.0	1.0	0.0	
42	28.0	1.0	1.0	1.0	1.0	0.0	0.0	0.0	0.0	0.0	0.0	
43	26.0	0.0	1.0	1.0	1.0	1.0	0.0	0.0	0.0	0.0	0.0	
44	26.0	1.0	0.0	1.0	1.0	0.0	1.0	0.0	0.0	0.0	0.0	
45	26.0	0.0	1.0	1.0	1.0	0.0	0.0	1.0	0.0	0.0	0.0	
46	26.0	1.0	0.0	1.0	1.0	0.0	1.0	0.0	0.0	0.0	0.0	
47	26.0	1.0	0.0	1.0	1.0	0.0	1.0	0.0	0.0	0.0	0.0	
48	28.0	1.0	1.0	1.0	1.0	0.0	0.0	0.0	0.0	0.0	0.0	
49	26.0	0.0	0.0	0.0	1.0	1.0	1.0	0.0	0.0	1.0	0.0	
50	24.0	0.0	0.0	1.0	1.0	1.0	1.0	0.0	0.0	0.0	0.0	
51	24.0	0.0	0.0	1.0	1.0	0.0	0.0	1.0	1.0	0.0	0.0	
52	26.0	0.0	1.0	0.0	1.0	1.0	0.0	0.0	0.0	0.0	1.0	
53	26.0	0.0	1.0	1.0	1.0	1.0	0.0	0.0	0.0	0.0	0.0	
54	26.0	0.0	0.0	0.0	1.0	1.0	0.0	0.0	1.0	1.0	0.0	
55	26.0	0.0	1.0	1.0	1.0	1.0	0.0	0.0	0.0	0.0	0.0	
56	28.0	1.0	1.0	1.0	1.0	0.0	0.0	0.0	0.0	0.0	0.0	
57	28.0	1.0	1.0	1.0	1.0	0.0	0.0	0.0	0.0	0.0	0.0	
58	28.0	1.0	1.0	1.0	1.0	0.0	0.0	0.0	0.0	0.0	0.0	
59	24.0	0.0	0.0	0.0	0.0	1.0	0.0	0.0	1.0	1.0	0.0	
60	30.0	1.0	1.0	0.0	1.0	0.0	0.0	0.0	0.0	1.0	0.0	
61	24.0	0.0	0.0	1.0	1.0	1.0	1.0	0.0	0.0	0.0	0.0	
62	24.0	0.0	0.0	1.0	1.0	1.0	0.0	0.0	1.0	0.0	0.0	
63	26.0	0.0	0.0	0.0	1.0	0.0	1.0	1.0	0.0	1.0	0.0	
64	24.0	0.0	0.0	1.0	1.0	0.0	0.0	1.0	1.0	0.0	0.0	
65	26.0	0.0	1.0	1.0	1.0	1.0	0.0	0.0	0.0	0.0	0.0	
66	28.0	1.0	1.0	1.0	1.0	0.0	0.0	0.0	0.0	0.0	0.0	
67	24.0	0.0	0.0	1.0	1.0	1.0	0.0	0.0	1.0	0.0	0.0	
68	28.0	1.0	1.0	1.0	1.0	0.0	0.0	0.0	0.0	0.0	0.0	
69	24.0	0.0	0.0	1.0	1.0	1.0	1.0	0.0	0.0	0.0	0.0	
70	26.0	0.0	1.0	1.0	1.0	1.0	0.0	0.0	0.0	0.0	0.0	
71	30.0	1.0	1.0	0.0	1.0	0.0	0.0	0.0	0.0	1.0	0.0	
72	26.0	0.0	1.0	1.0	1.0	1.0	0.0	0.0	0.0	0.0	0.0	
73	30.0	1.0	1.0	0.0	1.0	0.0	0.0	0.0	0.0	1.0	0.0	
74	26.0	0.0	1.0	1.0	1.0	1.0	0.0	0.0	0.0	0.0	0.0	
75	24.0	0.0	0.0	1.0	1.0	1.0	1.0	0.0	0.0	0.0	0.0	
76	26.0	1.0	0.0	1.0	1.0	0.0	1.0	0.0	0.0	0.0	0.0	
77	28.0	1.0	1.0	1.0	1.0	0.0	0.0	0.0	0.0	0.0	0.0	
78	24.0	0.0	0.0	1.0	1.0	1.0	1.0	0.0	0.0	0.0	0.0	
79	24.0	0.0	0.0	1.0	1.0	1.0	1.0	0.0	0.0	0.0	0.0	
80	28.0	1.0	0.0	0.0	1.0	0.0	1.0	0.0	0.0	1.0	0.0	
81	26.0	0.0	0.0	0.0	1.0	1.0	0.0	0.0	1.0	1.0	0.0	
82	24.0	0.0	0.0	1.0	1.0	1.0	1.0	0.0	0.0	0.0	0.0	
83	26.0	0.0	1.0	1.0	1.0	1.0	0.0	0.0	0.0	0.0	0.0	
84	28.0	1.0	1.0	1.0	1.0	0.0	0.0	0.0	0.0	0.0	0.0	
85	26.0	0.0	1.0	1.0	1.0	1.0	0.0	0.0	0.0	0.0	0.0	
86	24.0	0.0	0.0	1.0	1.0	0.0	1.0	1.0	0.0	0.0	0.0	
87	24.0	0.0	0.0	1.0	1.0	1.0	1.0	0.0	0.0	0.0	0.0	
88	28.0	0.0	1.0	0.0	1.0	1.0	0.0	0.0	0.0	1.0	0.0	
89	24.0	0.0	0.0	1.0	1.0	1.0	0.0	0.0	1.0	0.0	0.0	
90	24.0	0.0	0.0	1.0	1.0	1.0	1.0	0.0	0.0	0.0	0.0	
91	26.0	0.0	1.0	0.0	1.0	1.0	0.0	0.0	0.0	0.0	1.0	
92	26.0	1.0	0.0	1.0	1.0	0.0	0.0	0.0	1.0	0.0	0.0	
93	28.0	1.0	0.0	0.0	1.0	0.0	1.0	0.0	0.0	1.0	0.0	
94	26.0	1.0	0.0	1.0	1.0	0.0	1.0	0.0	0.0	0.0	0.0	
95	26.0	0.0	1.0	1.0	1.0	1.0	0.0	0.0	0.0	0.0	0.0	
96	28.0	1.0	1.0	1.0	1.0	0.0	0.0	0.0	0.0	0.0	0.0	
97	28.0	1.0	1.0	1.0	1.0	0.0	0.0	0.0	0.0	0.0	0.0	
98	26.0	1.0	0.0	1.0	1.0	0.0	1.0	0.0	0.0	0.0	0.0	
99	24.0	0.0	0.0	1.0	1.0	1.0	0.0	0.0	1.0	0.0	0.0	
100	26.0	0.0	0.0	0.0	1.0	0.0	0.0	1.0	1.0	1.0	0.0	
101	26.0	0.0	1.0	1.0	1.0	0.0	0.0	1.0	0.0	0.0	0.0	
102	24.0	0.0	0.0	1.0	1.0	0.0	1.0	1.0	0.0	0.0	0.0	
103	24.0	0.0	0.0	1.0	1.0	0.0	0.0	1.0	1.0	0.0	0.0	
104	24.0	0.0	0.0	1.0	1.0	0.0	0.0	1.0	1.0	0.0	0.0	
105	26.0	1.0	0.0	1.0	1.0	0.0	1.0	0.0	0.0	0.0	0.0	
106	26.0	0.0	1.0	0.0	1.0	1.0	0.0	0.0	0.0	0.0	1.0	
107	24.0	0.0	0.0	1.0	1.0	1.0	1.0	0.0	0.0	0.0	0.0	
108	28.0	1.0	1.0	1.0	1.0	0.0	0.0	0.0	0.0	0.0	0.0	
109	24.0	0.0	0.0	1.0	1.0	0.0	0.0	1.0	1.0	0.0	0.0	
110	24.0	0.0	0.0	1.0	1.0	0.0	1.0	1.0	0.0	0.0	0.0	
111	26.0	0.0	1.0	1.0	1.0	1.0	0.0	0.0	0.0	0.0	0.0	
112	24.0	0.0	0.0	1.0	1.0	1.0	0.0	0.0	1.0	0.0	0.0	
113	26.0	0.0	1.0	1.0	1.0	0.0	0.0	1.0	0.0	0.0	0.0	
114	26.0	0.0	1.0	1.0	1.0	0.0	0.0	1.0	0.0	0.0	0.0	
115	24.0	0.0	0.0	1.0	1.0	1.0	0.0	0.0	1.0	0.0	0.0	
116	24.0	0.0	0.0	1.0	1.0	1.0	1.0	0.0	0.0	0.0	0.0	
117	24.0	0.0	0.0	1.0	1.0	1.0	1.0	0.0	0.0	0.0	0.0	
118	26.0	0.0	1.0	1.0	1.0	0.0	0.0	1.0	0.0	0.0	0.0	
119	28.0	1.0	1.0	1.0	1.0	0.0	0.0	0.0	0.0	0.0	0.0	
120	26.0	1.0	0.0	1.0	1.0	0.0	1.0	0.0	0.0	0.0	0.0	
121	24.0	0.0	0.0	1.0	1.0	1.0	1.0	0.0	0.0	0.0	0.0	
122	24.0	0.0	0.0	1.0	1.0	0.0	1.0	1.0	0.0	0.0	0.0	
123	26.0	0.0	1.0	1.0	1.0	1.0	0.0	0.0	0.0	0.0	0.0	
124	28.0	1.0	1.0	1.0	1.0	0.0	0.0	0.0	0.0	0.0	0.0	
125	26.0	0.0	0.0	0.0	1.0	1.0	1.0	0.0	0.0	1.0	0.0	
126	26.0	0.0	1.0	1.0	1.0	0.0	0.0	1.0	0.0	0.0	0.0	
127	26.0	1.0	0.0	1.0	1.0	0.0	0.0	0.0	1.0	0.0	0.0	
128	24.0	0.0	0.0	0.0	1.0	0.0	1.0	1.0	0.0	0.0	1.0	
129	26.0	1.0	0.0	1.0	1.0	0.0	0.0	0.0	1.0	0.0	0.0	
130	24.0	0.0	0.0	1.0	1.0	1.0	0.0	0.0	1.0	0.0	0.0	
131	26.0	0.0	1.0	1.0	1.0	1.0	0.0	0.0	0.0	0.0	0.0	
132	28.0	1.0	0.0	0.0	1.0	0.0	0.0	0.0	1.0	1.0	0.0	
133	24.0	0.0	0.0	1.0	1.0	1.0	1.0	0.0	0.0	0.0	0.0	
134	26.0	1.0	0.0	1.0	1.0	0.0	1.0	0.0	0.0	0.0	0.0	
135	24.0	0.0	0.0	1.0	1.0	0.0	0.0	1.0	1.0	0.0	0.0	
136	26.0	0.0	1.0	1.0	1.0	1.0	0.0	0.0	0.0	0.0	0.0	
137	24.0	0.0	0.0	1.0	1.0	1.0	1.0	0.0	0.0	0.0	0.0	
138	24.0	0.0	0.0	1.0	1.0	1.0	0.0	0.0	1.0	0.0	0.0	
139	26.0	1.0	0.0	1.0	1.0	0.0	0.0	0.0	1.0	0.0	0.0	
140	26.0	0.0	1.0	1.0	1.0	1.0	0.0	0.0	0.0	0.0	0.0	
141	24.0	0.0	0.0	1.0	1.0	1.0	1.0	0.0	0.0	0.0	0.0	
142	24.0	0.0	0.0	1.0	1.0	1.0	0.0	0.0	1.0	0.0	0.0	
143	26.0	0.0	1.0	1.0	1.0	0.0	0.0	1.0	0.0	0.0	0.0	
144	26.0	0.0	1.0	1.0	1.0	1.0	0.0	0.0	0.0	0.0	0.0	
145	24.0	0.0	0.0	1.0	1.0	0.0	1.0	1.0	0.0	0.0	0.0	
146	26.0	1.0	0.0	1.0	1.0	0.0	0.0	0.0	1.0	0.0	0.0	
147	24.0	0.0	0.0	1.0	1.0	1.0	1.0	0.0	0.0	0.0	0.0	
148	24.0	0.0	0.0	1.0	1.0	0.0	0.0	1.0	1.0	0.0	0.0	
149	28.0	1.0	1.0	1.0	1.0	0.0	0.0	0.0	0.0	0.0	0.0	
150	26.0	0.0	0.0	0.0	1.0	1.0	1.0	0.0	0.0	1.0	0.0	
151	26.0	1.0	0.0	1.0	1.0	0.0	0.0	0.0	1.0	0.0	0.0	
152	26.0	0.0	1.0	1.0	1.0	0.0	0.0	1.0	0.0	0.0	0.0	
153	26.0	0.0	1.0	1.0	1.0	1.0	0.0	0.0	0.0	0.0	0.0	
154	26.0	0.0	1.0	1.0	1.0	1.0	0.0	0.0	0.0	0.0	0.0	
155	26.0	1.0	0.0	1.0	1.0	0.0	0.0	0.0	1.0	0.0	0.0	
156	26.0	1.0	0.0	1.0	1.0	0.0	1.0	0.0	0.0	0.0	0.0	
157	24.0	0.0	0.0	1.0	1.0	1.0	1.0	0.0	0.0	0.0	0.0	
158	26.0	1.0	0.0	1.0	1.0	0.0	1.0	0.0	0.0	0.0	0.0	
159	26.0	0.0	1.0	1.0	1.0	1.0	0.0	0.0	0.0	0.0	0.0	
160	24.0	0.0	0.0	1.0	1.0	1.0	1.0	0.0	0.0	0.0	0.0	
161	26.0	0.0	1.0	1.0	1.0	1.0	0.0	0.0	0.0	0.0	0.0	
162	26.0	1.0	0.0	1.0	1.0	0.0	1.0	0.0	0.0	0.0	0.0	
163	24.0	0.0	0.0	1.0	1.0	1.0	1.0	0.0	0.0	0.0	0.0	
164	24.0	0.0	0.0	1.0	1.0	1.0	0.0	0.0	1.0	0.0	0.0	
165	28.0	1.0	1.0	1.0	1.0	0.0	0.0	0.0	0.0	0.0	0.0	
166	26.0	0.0	1.0	1.0	1.0	1.0	0.0	0.0	0.0	0.0	0.0	
167	26.0	0.0	1.0	1.0	1.0	1.0	0.0	0.0	0.0	0.0	0.0	
168	24.0	0.0	0.0	1.0	1.0	1.0	0.0	0.0	1.0	0.0	0.0	
169	26.0	0.0	1.0	1.0	1.0	1.0	0.0	0.0	0.0	0.0	0.0	
170	26.0	0.0	0.0	0.0	1.0	1.0	1.0	0.0	0.0	1.0	0.0	
171	26.0	0.0	1.0	1.0	1.0	1.0	0.0	0.0	0.0	0.0	0.0	
172	26.0	0.0	1.0	1.0	1.0	0.0	0.0	1.0	0.0	0.0	0.0	
173	24.0	0.0	0.0	1.0	1.0	0.0	1.0	1.0	0.0	0.0	0.0	
174	28.0	1.0	1.0	1.0	1.0	0.0	0.0	0.0	0.0	0.0	0.0	
175	28.0	1.0	1.0	1.0	1.0	0.0	0.0	0.0	0.0	0.0	0.0	
176	28.0	1.0	1.0	1.0	1.0	0.0	0.0	0.0	0.0	0.0	0.0	
177	24.0	0.0	0.0	1.0	1.0	0.0	0.0	1.0	1.0	0.0	0.0	
178	24.0	0.0	0.0	1.0	1.0	1.0	1.0	0.0	0.0	0.0	0.0	
179	24.0	0.0	0.0	1.0	1.0	0.0	1.0	1.0	0.0	0.0	0.0	
180	24.0	0.0	0.0	1.0	1.0	1.0	0.0	0.0	1.0	0.0	0.0	
181	26.0	0.0	1.0	1.0	1.0	1.0	0.0	0.0	0.0	0.0	0.0	
182	26.0	1.0	0.0	1.0	1.0	0.0	0.0	0.0	1.0	0.0	0.0	
183	24.0	0.0	0.0	1.0	1.0	1.0	0.0	0.0	1.0	0.0	0.0	
184	28.0	0.0	1.0	0.0	1.0	1.0	0.0	0.0	0.0	1.0	0.0	
185	28.0	1.0	1.0	1.0	1.0	0.0	0.0	0.0	0.0	0.0	0.0	
186	30.0	1.0	1.0	0.0	1.0	0.0	0.0	0.0	0.0	1.0	0.0	
187	26.0	0.0	0.0	0.0	1.0	1.0	0.0	0.0	1.0	1.0	0.0	
188	26.0	0.0	1.0	1.0	1.0	1.0	0.0	0.0	0.0	0.0	0.0	
189	24.0	0.0	0.0	1.0	1.0	0.0	1.0	1.0	0.0	0.0	0.0	
190	26.0	0.0	1.0	1.0	1.0	1.0	0.0	0.0	0.0	0.0	0.0	
191	26.0	0.0	1.0	1.0	1.0	1.0	0.0	0.0	0.0	0.0	0.0	
192	24.0	0.0	0.0	1.0	1.0	0.0	0.0	1.0	1.0	0.0	0.0	
193	26.0	0.0	1.0	0.0	0.0	1.0	0.0	0.0	0.0	1.0	0.0	
194	26.0	0.0	1.0	0.0	1.0	1.0	0.0	0.0	0.0	0.0	1.0	
195	26.0	0.0	1.0	1.0	1.0	0.0	0.0	1.0	0.0	0.0	0.0	
196	24.0	0.0	0.0	1.0	1.0	1.0	1.0	0.0	0.0	0.0	0.0	
197	26.0	0.0	1.0	1.0	1.0	1.0	0.0	0.0	0.0	0.0	0.0	
198	28.0	0.0	1.0	0.0	1.0	1.0	0.0	0.0	0.0	1.0	0.0	
199	28.0	1.0	1.0	1.0	1.0	0.0	0.0	0.0	0.0	0.0	0.0	
200	26.0	1.0	0.0	1.0	1.0	0.0	0.0	0.0	1.0	0.0	0.0	
201	26.0	0.0	0.0	0.0	1.0	0.0	1.0	1.0	0.0	1.0	0.0	
202	28.0	0.0	1.0	0.0	1.0	0.0	0.0	1.0	0.0	1.0	0.0	
203	26.0	0.0	0.0	0.0	1.0	1.0	1.0	0.0	0.0	1.0	0.0	
204	28.0	1.0	1.0	1.0	1.0	0.0	0.0	0.0	0.0	0.0	0.0	
205	28.0	1.0	1.0	1.0	1.0	0.0	0.0	0.0	0.0	0.0	0.0	
206	26.0	0.0	0.0	0.0	1.0	1.0	1.0	0.0	0.0	1.0	0.0	
207	28.0	0.0	1.0	0.0	1.0	0.0	0.0	1.0	0.0	1.0	0.0	
208	26.0	0.0	1.0	1.0	1.0	1.0	0.0	0.0	0.0	0.0	0.0	
209	26.0	0.0	0.0	0.0	1.0	1.0	1.0	0.0	0.0	1.0	0.0	
210	28.0	1.0	1.0	1.0	1.0	0.0	0.0	0.0	0.0	0.0	0.0	
211	26.0	1.0	0.0	1.0	1.0	0.0	1.0	0.0	0.0	0.0	0.0	
212	26.0	0.0	1.0	0.0	1.0	1.0	0.0	0.0	0.0	0.0	1.0	
213	26.0	0.0	1.0	1.0	1.0	1.0	0.0	0.0	0.0	0.0	0.0	
214	28.0	1.0	1.0	1.0	1.0	0.0	0.0	0.0	0.0	0.0	0.0	
215	26.0	0.0	1.0	1.0	1.0	1.0	0.0	0.0	0.0	0.0	0.0	
216	28.0	0.0	1.0	0.0	1.0	0.0	0.0	1.0	0.0	1.0	0.0	
217	26.0	0.0	1.0	1.0	1.0	1.0	0.0	0.0	0.0	0.0	0.0	
218	24.0	0.0	0.0	1.0	1.0	1.0	1.0	0.0	0.0	0.0	0.0	
219	26.0	0.0	1.0	1.0	1.0	1.0	0.0	0.0	0.0	0.0	0.0	
220	28.0	1.0	1.0	1.0	1.0	0.0	0.0	0.0	0.0	0.0	0.0	
221	26.0	0.0	1.0	1.0	1.0	1.0	0.0	0.0	0.0	0.0	0.0	
222	26.0	0.0	1.0	1.0	1.0	1.0	0.0	0.0	0.0	0.0	0.0	
223	24.0	0.0	0.0	1.0	1.0	0.0	1.0	1.0	0.0	0.0	0.0	
224	26.0	0.0	1.0	1.0	1.0	1.0	0.0	0.0	0.0	0.0	0.0	
225	26.0	0.0	1.0	1.0	1.0	1.0	0.0	0.0	0.0	0.0	0.0	
226	26.0	1.0	0.0	1.0	1.0	0.0	0.0	0.0	1.0	0.0	0.0	
227	26.0	0.0	1.0	1.0	1.0	0.0	0.0	1.0	0.0	0.0	0.0	
228	26.0	0.0	1.0	1.0	1.0	1.0	0.0	0.0	0.0	0.0	0.0	
229	28.0	1.0	1.0	1.0	1.0	0.0	0.0	0.0	0.0	0.0	0.0	
230	24.0	0.0	0.0	1.0	1.0	0.0	1.0	1.0	0.0	0.0	0.0	
231	26.0	0.0	0.0	0.0	1.0	1.0	0.0	0.0	1.0	1.0	0.0	
232	24.0	0.0	0.0	1.0	1.0	1.0	1.0	0.0	0.0	0.0	0.0	
233	24.0	0.0	0.0	1.0	1.0	0.0	1.0	1.0	0.0	0.0	0.0	
234	24.0	0.0	0.0	1.0	1.0	1.0	0.0	0.0	1.0	0.0	0.0	
235	24.0	0.0	0.0	1.0	1.0	1.0	1.0	0.0	0.0	0.0	0.0	
236	28.0	1.0	1.0	1.0	1.0	0.0	0.0	0.0	0.0	0.0	0.0	
237	28.0	1.0	1.0	1.0	1.0	0.0	0.0	0.0	0.0	0.0	0.0	
238	24.0	0.0	0.0	1.0	1.0	0.0	1.0	1.0	0.0	0.0	0.0	
239	24.0	0.0	0.0	1.0	1.0	0.0	1.0	1.0	0.0	0.0	0.0	
240	26.0	1.0	0.0	1.0	1.0	0.0	0.0	0.0	1.0	0.0	0.0	
241	26.0	0.0	1.0	1.0	1.0	1.0	0.0	0.0	0.0	0.0	0.0	
242	28.0	1.0	1.0	1.0	1.0	0.0	0.0	0.0	0.0	0.0	0.0	
243	28.0	1.0	1.0	1.0	1.0	0.0	0.0	0.0	0.0	0.0	0.0	
244	26.0	1.0	0.0	1.0	1.0	0.0	0.0	0.0	1.0	0.0	0.0	
245	24.0	0.0	0.0	1.0	1.0	1.0	0.0	0.0	1.0	0.0	0.0	
246	24.0	0.0	0.0	1.0	1.0	1.0	1.0	0.0	0.0	0.0	0.0	
247	24.0	0.0	0.0	1.0	1.0	0.0	1.0	1.0	0.0	0.0	0.0	
248	26.0	0.0	1.0	1.0	1.0	1.0	0.0	0.0	0.0	0.0	0.0	
249	26.0	0.0	1.0	1.0	1.0	1.0	0.0	0.0	0.0	0.0	0.0	
250	24.0	0.0	0.0	1.0	1.0	0.0	1.0	1.0	0.0	0.0	0.0	
251	26.0	0.0	1.0	1.0	1.0	1.0	0.0	0.0	0.0	0.0	0.0	
252	28.0	1.0	1.0	1.0	1.0	0.0	0.0	0.0	0.0	0.0	0.0	
253	26.0	0.0	1.0	1.0	1.0	0.0	0.0	1.0	0.0	0.0	0.0	
254	26.0	0.0	1.0	1.0	1.0	1.0	0.0	0.0	0.0	0.0	0.0	
255	26.0	0.0	1.0	1.0	1.0	1.0	0.0	0.0	0.0	0.0	0.0	
256	26.0	0.0	1.0	1.0	1.0	0.0	0.0	1.0	0.0	0.0	0.0	
257	26.0	1.0	0.0	1.0	1.0	0.0	1.0	0.0	0.0	0.0	0.0	
258	26.0	0.0	1.0	1.0	1.0	1.0	0.0	0.0	0.0	0.0	0.0	
259	24.0	0.0	0.0	1.0	1.0	1.0	0.0	0.0	1.0	0.0	0.0	
260	28.0	1.0	1.0	1.0	1.0	0.0	0.0	0.0	0.0	0.0	0.0	
261	28.0	1.0	1.0	1.0	1.0	0.0	0.0	0.0	0.0	0.0	0.0	
262	26.0	0.0	1.0	1.0	1.0	0.0	0.0	1.0	0.0	0.0	0.0	
263	24.0	0.0	0.0	1.0	1.0	1.0	1.0	0.0	0.0	0.0	0.0	
264	26.0	0.0	1.0	1.0	1.0	1.0	0.0	0.0	0.0	0.0	0.0	
265	28.0	1.0	1.0	1.0	1.0	0.0	0.0	0.0	0.0	0.0	0.0	
266	24.0	0.0	0.0	1.0	1.0	0.0	1.0	1.0	0.0	0.0	0.0	
267	24.0	0.0	0.0	1.0	1.0	1.0	1.0	0.0	0.0	0.0	0.0	
268	26.0	1.0	0.0	1.0	1.0	0.0	1.0	0.0	0.0	0.0	0.0	
269	26.0	1.0	0.0	0.0	1.0	0.0	1.0	0.0	0.0	0.0	1.0	
270	28.0	1.0	0.0	0.0	1.0	0.0	1.0	0.0	0.0	1.0	0.0	
271	30.0	1.0	1.0	0.0	1.0	0.0	0.0	0.0	0.0	1.0	0.0	
272	28.0	1.0	0.0	0.0	1.0	0.0	0.0	0.0	1.0	1.0	0.0	
273	24.0	0.0	0.0	1.0	1.0	1.0	0.0	0.0	1.0	0.0	0.0	
274	24.0	0.0	0.0	1.0	1.0	1.0	1.0	0.0	0.0	0.0	0.0	
275	24.0	0.0	0.0	1.0	1.0	1.0	0.0	0.0	1.0	0.0	0.0	
276	26.0	0.0	1.0	1.0	1.0	1.0	0.0	0.0	0.0	0.0	0.0	
277	26.0	1.0	0.0	1.0	1.0	0.0	1.0	0.0	0.0	0.0	0.0	
278	24.0	0.0	0.0	1.0	1.0	1.0	0.0	0.0	1.0	0.0	0.0	
279	28.0	1.0	1.0	1.0	1.0	0.0	0.0	0.0	0.0	0.0	0.0	
280	26.0	0.0	0.0	0.0	1.0	1.0	1.0	0.0	0.0	1.0	0.0	
281	28.0	1.0	1.0	1.0	1.0	0.0	0.0	0.0	0.0	0.0	0.0	
282	26.0	0.0	1.0	1.0	1.0	1.0	0.0	0.0	0.0	0.0	0.0	
283	26.0	1.0	0.0	1.0	1.0	0.0	1.0	0.0	0.0	0.0	0.0	
284	24.0	0.0	0.0	1.0	1.0	1.0	1.0	0.0	0.0	0.0	0.0	
285	24.0	0.0	0.0	1.0	1.0	1.0	0.0	0.0	1.0	0.0	0.0	
286	26.0	0.0	1.0	1.0	1.0	1.0	0.0	0.0	0.0	0.0	0.0	
287	24.0	0.0	0.0	1.0	1.0	1.0	0.0	0.0	1.0	0.0	0.0	
288	26.0	0.0	0.0	0.0	1.0	1.0	1.0	0.0	0.0	1.0	0.0	
289	26.0	0.0	1.0	1.0	1.0	1.0	0.0	0.0	0.0	0.0	0.0	
290	26.0	0.0	1.0	1.0	1.0	0.0	0.0	1.0	0.0	0.0	0.0	
291	26.0	1.0	0.0	1.0	1.0	0.0	0.0	0.0	1.0	0.0	0.0	
292	28.0	1.0	1.0	1.0	1.0	0.0	0.0	0.0	0.0	0.0	0.0	
293	24.0	0.0	0.0	1.0	1.0	1.0	1.0	0.0	0.0	0.0	0.0	
294	28.0	1.0	1.0	1.0	1.0	0.0	0.0	0.0	0.0	0.0	0.0	
295	26.0	0.0	0.0	0.0	1.0	1.0	1.0	0.0	0.0	1.0	0.0	
296	26.0	0.0	1.0	1.0	1.0	0.0	0.0	1.0	0.0	0.0	0.0	
297	24.0	0.0	0.0	1.0	1.0	1.0	1.0	0.0	0.0	0.0	0.0	
298	24.0	0.0	0.0	1.0	1.0	1.0	1.0	0.0	0.0	0.0	0.0	
299	24.0	0.0	0.0	1.0	1.0	0.0	0.0	1.0	1.0	0.0	0.0	
300	24.0	0.0	0.0	1.0	1.0	0.0	0.0	1.0	1.0	0.0	0.0	
301	28.0	1.0	1.0	1.0	1.0	0.0	0.0	0.0	0.0	0.0	0.0	
302	26.0	0.0	0.0	0.0	1.0	1.0	1.0	0.0	0.0	1.0	0.0	
303	26.0	1.0	0.0	1.0	1.0	0.0	1.0	0.0	0.0	0.0	0.0	
304	26.0	0.0	1.0	1.0	1.0	0.0	0.0	1.0	0.0	0.0	0.0	
305	26.0	0.0	1.0	1.0	1.0	1.0	0.0	0.0	0.0	0.0	0.0	
306	26.0	0.0	1.0	0.0	1.0	1.0	0.0	0.0	0.0	0.0	1.0	
307	24.0	0.0	0.0	1.0	1.0	1.0	0.0	0.0	1.0	0.0	0.0	
308	28.0	1.0	1.0	1.0	1.0	0.0	0.0	0.0	0.0	0.0	0.0	
309	28.0	0.0	1.0	0.0	1.0	1.0	0.0	0.0	0.0	1.0	0.0	
310	24.0	0.0	0.0	1.0	1.0	1.0	1.0	0.0	0.0	0.0	0.0	
311	26.0	0.0	1.0	1.0	1.0	1.0	0.0	0.0	0.0	0.0	0.0	
312	28.0	1.0	1.0	1.0	1.0	0.0	0.0	0.0	0.0	0.0	0.0	
313	26.0	0.0	1.0	1.0	1.0	1.0	0.0	0.0	0.0	0.0	0.0	
314	30.0	1.0	1.0	0.0	1.0	0.0	0.0	0.0	0.0	1.0	0.0	
315	24.0	0.0	0.0	1.0	1.0	1.0	1.0	0.0	0.0	0.0	0.0	
316	24.0	0.0	0.0	1.0	1.0	1.0	1.0	0.0	0.0	0.0	0.0	
317	26.0	0.0	1.0	1.0	1.0	1.0	0.0	0.0	0.0	0.0	0.0	
318	24.0	0.0	0.0	0.0	1.0	1.0	1.0	0.0	0.0	0.0	1.0	
319	24.0	0.0	0.0	1.0	1.0	1.0	1.0	0.0	0.0	0.0	0.0	
320	26.0	0.0	1.0	0.0	1.0	0.0	0.0	1.0	0.0	0.0	1.0	
321	26.0	1.0	0.0	1.0	1.0	0.0	1.0	0.0	0.0	0.0	0.0	
322	28.0	0.0	1.0	0.0	1.0	1.0	0.0	0.0	0.0	1.0	0.0	
323	26.0	1.0	0.0	1.0	1.0	0.0	1.0	0.0	0.0	0.0	0.0	
324	24.0	0.0	0.0	1.0	1.0	0.0	0.0	1.0	1.0	0.0	0.0	
325	26.0	1.0	0.0	1.0	1.0	0.0	0.0	0.0	1.0	0.0	0.0	
326	24.0	0.0	0.0	1.0	1.0	1.0	0.0	0.0	1.0	0.0	0.0	
327	24.0	0.0	0.0	1.0	1.0	1.0	1.0	0.0	0.0	0.0	0.0	
328	30.0	1.0	1.0	0.0	1.0	0.0	0.0	0.0	0.0	1.0	0.0	
329	24.0	0.0	0.0	1.0	1.0	1.0	1.0	0.0	0.0	0.0	0.0	
330	26.0	1.0	0.0	1.0	1.0	0.0	0.0	0.0	1.0	0.0	0.0	
331	26.0	0.0	0.0	0.0	1.0	0.0	1.0	1.0	0.0	1.0	0.0	
332	26.0	0.0	1.0	1.0	1.0	1.0	0.0	0.0	0.0	0.0	0.0	
333	28.0	1.0	1.0	1.0	1.0	0.0	0.0	0.0	0.0	0.0	0.0	
334	24.0	0.0	0.0	1.0	1.0	0.0	1.0	1.0	0.0	0.0	0.0	
335	26.0	0.0	0.0	0.0	1.0	1.0	1.0	0.0	0.0	1.0	0.0	
336	26.0	0.0	1.0	1.0	1.0	1.0	0.0	0.0	0.0	0.0	0.0	
337	24.0	0.0	0.0	1.0	1.0	1.0	0.0	0.0	1.0	0.0	0.0	
338	24.0	0.0	0.0	0.0	1.0	1.0	0.0	0.0	1.0	0.0	1.0	
339	26.0	0.0	1.0	1.0	1.0	0.0	0.0	1.0	0.0	0.0	0.0	
340	28.0	1.0	1.0	1.0	1.0	0.0	0.0	0.0	0.0	0.0	0.0	
341	24.0	0.0	1.0	1.0	0.0	1.0	0.0	0.0	0.0	0.0	0.0	
342	26.0	0.0	1.0	1.0	1.0	0.0	0.0	1.0	0.0	0.0	0.0	
343	26.0	0.0	1.0	1.0	1.0	1.0	0.0	0.0	0.0	0.0	0.0	
344	26.0	1.0	0.0	1.0	1.0	0.0	1.0	0.0	0.0	0.0	0.0	
345	24.0	0.0	0.0	1.0	1.0	1.0	1.0	0.0	0.0	0.0	0.0	
346	26.0	1.0	0.0	1.0	1.0	0.0	0.0	0.0	1.0	0.0	0.0	
347	28.0	0.0	1.0	0.0	1.0	1.0	0.0	0.0	0.0	1.0	0.0	
348	26.0	0.0	1.0	1.0	1.0	1.0	0.0	0.0	0.0	0.0	0.0	
349	26.0	0.0	1.0	1.0	1.0	0.0	0.0	1.0	0.0	0.0	0.0	
350	26.0	0.0	0.0	0.0	1.0	1.0	0.0	0.0	1.0	1.0	0.0	
351	26.0	0.0	0.0	0.0	1.0	1.0	1.0	0.0	0.0	1.0	0.0	
352	26.0	0.0	0.0	0.0	1.0	1.0	1.0	0.0	0.0	1.0	0.0	
353	24.0	0.0	0.0	1.0	1.0	1.0	0.0	0.0	1.0	0.0	0.0	
354	24.0	0.0	0.0	1.0	1.0	0.0	0.0	1.0	1.0	0.0	0.0	
355	26.0	0.0	1.0	1.0	1.0	1.0	0.0	0.0	0.0	0.0	0.0	
356	24.0	0.0	0.0	1.0	1.0	1.0	1.0	0.0	0.0	0.0	0.0	
357	24.0	0.0	0.0	1.0	1.0	1.0	1.0	0.0	0.0	0.0	0.0	
358	26.0	0.0	0.0	0.0	1.0	1.0	1.0	0.0	0.0	1.0	0.0	
359	24.0	0.0	0.0	1.0	1.0	0.0	0.0	1.0	1.0	0.0	0.0	
360	26.0	0.0	1.0	1.0	1.0	1.0	0.0	0.0	0.0	0.0	0.0	
361	28.0	0.0	1.0	0.0	1.0	0.0	0.0	1.0	0.0	1.0	0.0	
362	24.0	0.0	0.0	1.0	1.0	0.0	1.0	1.0	0.0	0.0	0.0	
363	24.0	0.0	0.0	1.0	1.0	1.0	0.0	0.0	1.0	0.0	0.0	
364	26.0	1.0	0.0	1.0	1.0	0.0	0.0	0.0	1.0	0.0	0.0	
365	26.0	1.0	0.0	1.0	1.0	0.0	0.0	0.0	1.0	0.0	0.0	
366	26.0	1.0	0.0	1.0	1.0	0.0	0.0	0.0	1.0	0.0	0.0	
367	24.0	0.0	0.0	1.0	1.0	1.0	1.0	0.0	0.0	0.0	0.0	
368	24.0	0.0	0.0	1.0	1.0	1.0	1.0	0.0	0.0	0.0	0.0	
369	24.0	0.0	0.0	1.0	1.0	1.0	0.0	0.0	1.0	0.0	0.0	
370	28.0	1.0	1.0	1.0	1.0	0.0	0.0	0.0	0.0	0.0	0.0	
371	26.0	0.0	1.0	1.0	1.0	1.0	0.0	0.0	0.0	0.0	0.0	
372	24.0	0.0	0.0	1.0	1.0	1.0	0.0	0.0	1.0	0.0	0.0	
373	26.0	1.0	0.0	1.0	1.0	0.0	1.0	0.0	0.0	0.0	0.0	
374	26.0	0.0	1.0	1.0	1.0	1.0	0.0	0.0	0.0	0.0	0.0	
375	24.0	0.0	0.0	1.0	1.0	1.0	0.0	0.0	1.0	0.0	0.0	
376	26.0	0.0	1.0	1.0	1.0	1.0	0.0	0.0	0.0	0.0	0.0	
377	24.0	0.0	0.0	1.0	1.0	0.0	1.0	1.0	0.0	0.0	0.0	
378	26.0	1.0	0.0	1.0	1.0	0.0	1.0	0.0	0.0	0.0	0.0	
379	24.0	0.0	0.0	1.0	1.0	0.0	1.0	1.0	0.0	0.0	0.0	
380	28.0	1.0	0.0	0.0	1.0	0.0	1.0	0.0	0.0	1.0	0.0	
381	28.0	1.0	1.0	1.0	1.0	0.0	0.0	0.0	0.0	0.0	0.0	
382	26.0	0.0	1.0	1.0	1.0	1.0	0.0	0.0	0.0	0.0	0.0	
383	28.0	1.0	1.0	1.0	1.0	0.0	0.0	0.0	0.0	0.0	0.0	
384	28.0	1.0	1.0	1.0	1.0	0.0	0.0	0.0	0.0	0.0	0.0	
385	24.0	0.0	0.0	1.0	1.0	1.0	1.0	0.0	0.0	0.0	0.0	
386	26.0	0.0	1.0	1.0	1.0	1.0	0.0	0.0	0.0	0.0	0.0	
387	26.0	1.0	0.0	1.0	1.0	0.0	1.0	0.0	0.0	0.0	0.0	
388	26.0	0.0	1.0	1.0	1.0	1.0	0.0	0.0	0.0	0.0	0.0	
389	28.0	1.0	1.0	1.0	1.0	0.0	0.0	0.0	0.0	0.0	0.0	
390	24.0	0.0	0.0	1.0	1.0	1.0	1.0	0.0	0.0	0.0	0.0	
391	24.0	0.0	0.0	1.0	1.0	1.0	1.0	0.0	0.0	0.0	0.0	
392	24.0	0.0	0.0	1.0	1.0	0.0	0.0	1.0	1.0	0.0	0.0	
393	24.0	0.0	0.0	1.0	1.0	1.0	1.0	0.0	0.0	0.0	0.0	
394	24.0	0.0	0.0	1.0	1.0	0.0	0.0	1.0	1.0	0.0	0.0	
395	26.0	1.0	0.0	1.0	1.0	0.0	0.0	0.0	1.0	0.0	0.0	
396	28.0	1.0	1.0	1.0	1.0	0.0	0.0	0.0	0.0	0.0	0.0	
397	24.0	0.0	0.0	1.0	1.0	1.0	0.0	0.0	1.0	0.0	0.0	
398	24.0	0.0	0.0	1.0	1.0	1.0	1.0	0.0	0.0	0.0	0.0	
399	26.0	1.0	0.0	1.0	1.0	0.0	1.0	0.0	0.0	0.0	0.0	
400	30.0	1.0	1.0	0.0	1.0	0.0	0.0	0.0	0.0	1.0	0.0	
401	24.0	0.0	0.0	1.0	1.0	0.0	1.0	1.0	0.0	0.0	0.0	
402	28.0	1.0	1.0	1.0	1.0	0.0	0.0	0.0	0.0	0.0	0.0	
403	26.0	1.0	0.0	0.0	1.0	0.0	1.0	0.0	0.0	0.0	1.0	
404	24.0	0.0	0.0	1.0	1.0	1.0	1.0	0.0	0.0	0.0	0.0	
405	24.0	0.0	0.0	1.0	1.0	1.0	0.0	0.0	1.0	0.0	0.0	
406	26.0	1.0	0.0	1.0	1.0	0.0	0.0	0.0	1.0	0.0	0.0	
407	28.0	0.0	1.0	0.0	1.0	1.0	0.0	0.0	0.0	1.0	0.0	
408	26.0	1.0	0.0	1.0	1.0	0.0	1.0	0.0	0.0	0.0	0.0	
409	26.0	0.0	0.0	0.0	1.0	1.0	1.0	0.0	0.0	1.0	0.0	
410	26.0	0.0	1.0	1.0	1.0	0.0	0.0	1.0	0.0	0.0	0.0	
411	26.0	1.0	0.0	1.0	1.0	0.0	0.0	0.0	1.0	0.0	0.0	
412	26.0	0.0	1.0	1.0	1.0	1.0	0.0	0.0	0.0	0.0	0.0	
413	26.0	0.0	1.0	1.0	1.0	1.0	0.0	0.0	0.0	0.0	0.0	
414	30.0	1.0	1.0	0.0	1.0	0.0	0.0	0.0	0.0	1.0	0.0	
415	26.0	0.0	1.0	0.0	1.0	1.0	0.0	0.0	0.0	0.0	1.0	
416	28.0	0.0	1.0	0.0	1.0	1.0	0.0	0.0	0.0	1.0	0.0	
417	26.0	0.0	0.0	0.0	1.0	1.0	0.0	0.0	1.0	1.0	0.0	
418	28.0	1.0	1.0	1.0	1.0	0.0	0.0	0.0	0.0	0.0	0.0	
419	26.0	0.0	0.0	0.0	1.0	1.0	0.0	0.0	1.0	1.0	0.0	
420	26.0	0.0	1.0	1.0	1.0	1.0	0.0	0.0	0.0	0.0	0.0	
421	30.0	1.0	1.0	0.0	1.0	0.0	0.0	0.0	0.0	1.0	0.0	
422	24.0	0.0	0.0	1.0	1.0	1.0	0.0	0.0	1.0	0.0	0.0	
423	26.0	0.0	1.0	1.0	1.0	1.0	0.0	0.0	0.0	0.0	0.0	
424	26.0	0.0	0.0	0.0	1.0	1.0	1.0	0.0	0.0	1.0	0.0	
425	26.0	1.0	0.0	1.0	1.0	0.0	1.0	0.0	0.0	0.0	0.0	
426	24.0	0.0	1.0	1.0	0.0	1.0	0.0	0.0	0.0	0.0	0.0	
427	24.0	0.0	0.0	1.0	1.0	1.0	1.0	0.0	0.0	0.0	0.0	
428	26.0	0.0	1.0	1.0	1.0	0.0	0.0	1.0	0.0	0.0	0.0	
429	30.0	1.0	1.0	0.0	1.0	0.0	0.0	0.0	0.0	1.0	0.0	
430	26.0	0.0	0.0	0.0	1.0	1.0	1.0	0.0	0.0	1.0	0.0	
431	26.0	1.0	0.0	1.0	1.0	0.0	1.0	0.0	0.0	0.0	0.0	
432	26.0	0.0	1.0	1.0	1.0	1.0	0.0	0.0	0.0	0.0	0.0	
433	24.0	0.0	0.0	1.0	1.0	1.0	0.0	0.0	1.0	0.0	0.0	
434	26.0	1.0	0.0	1.0	1.0	0.0	1.0	0.0	0.0	0.0	0.0	
435	28.0	1.0	1.0	1.0	1.0	0.0	0.0	0.0	0.0	0.0	0.0	
436	26.0	0.0	1.0	1.0	1.0	1.0	0.0	0.0	0.0	0.0	0.0	
437	28.0	1.0	1.0	1.0	1.0	0.0	0.0	0.0	0.0	0.0	0.0	
438	24.0	0.0	0.0	1.0	1.0	1.0	1.0	0.0	0.0	0.0	0.0	
439	26.0	1.0	0.0	1.0	1.0	0.0	1.0	0.0	0.0	0.0	0.0	
440	26.0	0.0	0.0	0.0	1.0	1.0	1.0	0.0	0.0	1.0	0.0	
441	28.0	1.0	1.0	1.0	1.0	0.0	0.0	0.0	0.0	0.0	0.0	
442	26.0	0.0	1.0	1.0	1.0	1.0	0.0	0.0	0.0	0.0	0.0	
443	24.0	0.0	0.0	1.0	1.0	1.0	1.0	0.0	0.0	0.0	0.0	
444	24.0	0.0	0.0	1.0	1.0	1.0	0.0	0.0	1.0	0.0	0.0	
445	26.0	0.0	1.0	1.0	1.0	0.0	0.0	1.0	0.0	0.0	0.0	
446	26.0	0.0	1.0	1.0	1.0	0.0	0.0	1.0	0.0	0.0	0.0	
447	28.0	1.0	1.0	1.0	1.0	0.0	0.0	0.0	0.0	0.0	0.0	
448	26.0	0.0	1.0	1.0	1.0	1.0	0.0	0.0	0.0	0.0	0.0	
449	26.0	0.0	1.0	1.0	1.0	1.0	0.0	0.0	0.0	0.0	0.0	
450	28.0	1.0	1.0	1.0	1.0	0.0	0.0	0.0	0.0	0.0	0.0	
451	28.0	1.0	1.0	1.0	1.0	0.0	0.0	0.0	0.0	0.0	0.0	
452	26.0	1.0	0.0	1.0	1.0	0.0	1.0	0.0	0.0	0.0	0.0	
453	24.0	0.0	0.0	1.0	1.0	1.0	0.0	0.0	1.0	0.0	0.0	
454	24.0	0.0	0.0	1.0	1.0	1.0	1.0	0.0	0.0	0.0	0.0	
455	24.0	0.0	0.0	1.0	1.0	1.0	1.0	0.0	0.0	0.0	0.0	
456	28.0	1.0	1.0	1.0	1.0	0.0	0.0	0.0	0.0	0.0	0.0	
457	26.0	0.0	1.0	1.0	1.0	1.0	0.0	0.0	0.0	0.0	0.0	
458	26.0	1.0	0.0	1.0	1.0	0.0	0.0	0.0	1.0	0.0	0.0	
459	28.0	1.0	1.0	1.0	1.0	0.0	0.0	0.0	0.0	0.0	0.0	
460	26.0	0.0	1.0	1.0	1.0	1.0	0.0	0.0	0.0	0.0	0.0	
461	28.0	0.0	1.0	0.0	1.0	1.0	0.0	0.0	0.0	1.0	0.0	
462	24.0	0.0	0.0	1.0	1.0	1.0	1.0	0.0	0.0	0.0	0.0	
463	26.0	0.0	1.0	1.0	1.0	1.0	0.0	0.0	0.0	0.0	0.0	
464	24.0	0.0	0.0	1.0	1.0	1.0	1.0	0.0	0.0	0.0	0.0	
465	28.0	1.0	1.0	1.0	1.0	0.0	0.0	0.0	0.0	0.0	0.0	
466	26.0	1.0	0.0	1.0	1.0	0.0	1.0	0.0	0.0	0.0	0.0	
467	26.0	0.0	1.0	1.0	1.0	1.0	0.0	0.0	0.0	0.0	0.0	
468	28.0	1.0	1.0	1.0	1.0	0.0	0.0	0.0	0.0	0.0	0.0	
469	26.0	0.0	1.0	1.0	1.0	1.0	0.0	0.0	0.0	0.0	0.0	
470	24.0	0.0	0.0	1.0	1.0	1.0	0.0	0.0	1.0	0.0	0.0	
471	28.0	0.0	1.0	0.0	1.0	0.0	0.0	1.0	0.0	1.0	0.0	
472	28.0	0.0	1.0	0.0	1.0	0.0	0.0	1.0	0.0	1.0	0.0	
473	26.0	0.0	1.0	1.0	1.0	1.0	0.0	0.0	0.0	0.0	0.0	
474	24.0	0.0	0.0	1.0	1.0	0.0	0.0	1.0	1.0	0.0	0.0	
475	24.0	0.0	0.0	1.0	1.0	0.0	0.0	1.0	1.0	0.0	0.0	
476	26.0	0.0	1.0	1.0	1.0	1.0	0.0	0.0	0.0	0.0	0.0	
477	24.0	0.0	0.0	1.0	1.0	0.0	0.0	1.0	1.0	0.0	0.0	
478	26.0	1.0	0.0	1.0	1.0	0.0	0.0	0.0	1.0	0.0	0.0	
479	28.0	1.0	1.0	0.0	1.0	0.0	0.0	0.0	0.0	0.0	1.0	
480	26.0	1.0	0.0	1.0	1.0	0.0	1.0	0.0	0.0	0.0	0.0	
481	26.0	0.0	0.0	0.0	1.0	1.0	1.0	0.0	0.0	1.0	0.0	
482	26.0	1.0	0.0	1.0	1.0	0.0	1.0	0.0	0.0	0.0	0.0	
483	24.0	0.0	0.0	1.0	1.0	1.0	0.0	0.0	1.0	0.0	0.0	
484	28.0	1.0	1.0	1.0	1.0	0.0	0.0	0.0	0.0	0.0	0.0	
485	24.0	0.0	0.0	1.0	1.0	1.0	0.0	0.0	1.0	0.0	0.0	
486	26.0	1.0	0.0	1.0	1.0	0.0	1.0	0.0	0.0	0.0	0.0	
487	26.0	0.0	1.0	1.0	1.0	1.0	0.0	0.0	0.0	0.0	0.0	
488	24.0	0.0	0.0	1.0	1.0	1.0	1.0	0.0	0.0	0.0	0.0	
489	24.0	0.0	0.0	1.0	1.0	0.0	1.0	1.0	0.0	0.0	0.0	
490	24.0	0.0	0.0	1.0	1.0	0.0	0.0	1.0	1.0	0.0	0.0	
491	26.0	0.0	1.0	1.0	1.0	1.0	0.0	0.0	0.0	0.0	0.0	
492	26.0	0.0	1.0	1.0	1.0	1.0	0.0	0.0	0.0	0.0	0.0	
493	24.0	0.0	0.0	1.0	1.0	1.0	0.0	0.0	1.0	0.0	0.0	
494	26.0	0.0	1.0	1.0	1.0	1.0	0.0	0.0	0.0	0.0	0.0	
495	26.0	0.0	1.0	1.0	1.0	1.0	0.0	0.0	0.0	0.0	0.0	
496	24.0	0.0	0.0	1.0	1.0	1.0	1.0	0.0	0.0	0.0	0.0	
497	26.0	1.0	0.0	1.0	1.0	0.0	1.0	0.0	0.0	0.0	0.0	
498	26.0	0.0	1.0	1.0	1.0	1.0	0.0	0.0	0.0	0.0	0.0	
499	28.0	1.0	1.0	1.0	1.0	0.0	0.0	0.0	0.0	0.0	0.0	
500	26.0	0.0	1.0	1.0	1.0	1.0	0.0	0.0	0.0	0.0	0.0	
501	24.0	0.0	0.0	1.0	1.0	1.0	1.0	0.0	0.0	0.0	0.0	
502	28.0	1.0	0.0	0.0	1.0	0.0	1.0	0.0	0.0	1.0	0.0	
503	24.0	0.0	0.0	0.0	1.0	1.0	1.0	0.0	0.0	0.0	1.0	
504	26.0	1.0	0.0	1.0	1.0	0.0	1.0	0.0	0.0	0.0	0.0	
505	26.0	0.0	1.0	1.0	1.0	0.0	0.0	1.0	0.0	0.0	0.0	
506	28.0	1.0	1.0	1.0	1.0	0.0	0.0	0.0	0.0	0.0	0.0	
507	26.0	1.0	0.0	1.0	1.0	0.0	1.0	0.0	0.0	0.0	0.0	
508	26.0	0.0	1.0	1.0	1.0	1.0	0.0	0.0	0.0	0.0	0.0	
509	26.0	0.0	1.0	1.0	1.0	0.0	0.0	1.0	0.0	0.0	0.0	
510	26.0	1.0	0.0	1.0	1.0	0.0	1.0	0.0	0.0	0.0	0.0	
511	26.0	1.0	0.0	1.0	1.0	0.0	0.0	0.0	1.0	0.0	0.0	
512	28.0	1.0	0.0	0.0	1.0	0.0	1.0	0.0	0.0	1.0	0.0	
513	26.0	0.0	1.0	1.0	1.0	0.0	0.0	1.0	0.0	0.0	0.0	
514	24.0	0.0	0.0	1.0	1.0	1.0	1.0	0.0	0.0	0.0	0.0	
515	26.0	0.0	1.0	1.0	1.0	1.0	0.0	0.0	0.0	0.0	0.0	
516	24.0	0.0	0.0	1.0	1.0	0.0	1.0	1.0	0.0	0.0	0.0	
517	26.0	0.0	1.0	1.0	1.0	1.0	0.0	0.0	0.0	0.0	0.0	
518	26.0	0.0	1.0	1.0	1.0	0.0	0.0	1.0	0.0	0.0	0.0	
519	26.0	0.0	1.0	1.0	1.0	1.0	0.0	0.0	0.0	0.0	0.0	
520	26.0	0.0	1.0	1.0	1.0	0.0	0.0	1.0	0.0	0.0	0.0	
521	26.0	0.0	0.0	0.0	1.0	1.0	1.0	0.0	0.0	1.0	0.0	
522	28.0	1.0	1.0	1.0	1.0	0.0	0.0	0.0	0.0	0.0	0.0	
523	26.0	1.0	0.0	1.0	1.0	0.0	1.0	0.0	0.0	0.0	0.0	
524	26.0	0.0	1.0	1.0	1.0	1.0	0.0	0.0	0.0	0.0	0.0	
525	26.0	1.0	0.0	1.0	1.0	0.0	1.0	0.0	0.0	0.0	0.0	
526	26.0	0.0	1.0	1.0	1.0	0.0	0.0	1.0	0.0	0.0	0.0	
527	28.0	1.0	0.0	0.0	1.0	0.0	1.0	0.0	0.0	1.0	0.0	
528	24.0	0.0	0.0	1.0	1.0	1.0	0.0	0.0	1.0	0.0	0.0	
529	28.0	1.0	1.0	1.0	1.0	0.0	0.0	0.0	0.0	0.0	0.0	
530	26.0	0.0	1.0	1.0	1.0	0.0	0.0	1.0	0.0	0.0	0.0	
531	24.0	0.0	0.0	1.0	1.0	1.0	1.0	0.0	0.0	0.0	0.0	
532	26.0	1.0	0.0	1.0	1.0	0.0	0.0	0.0	1.0	0.0	0.0	
533	26.0	1.0	0.0	1.0	1.0	0.0	0.0	0.0	1.0	0.0	0.0	
534	24.0	0.0	0.0	1.0	1.0	0.0	1.0	1.0	0.0	0.0	0.0	
535	28.0	1.0	1.0	1.0	1.0	0.0	0.0	0.0	0.0	0.0	0.0	
536	24.0	0.0	0.0	1.0	1.0	0.0	1.0	1.0	0.0	0.0	0.0	
537	24.0	0.0	0.0	1.0	1.0	0.0	1.0	1.0	0.0	0.0	0.0	
538	24.0	0.0	0.0	1.0	1.0	0.0	0.0	1.0	1.0	0.0	0.0	
539	26.0	0.0	1.0	0.0	1.0	0.0	0.0	1.0	0.0	0.0	1.0	
540	26.0	0.0	1.0	1.0	1.0	0.0	0.0	1.0	0.0	0.0	0.0	
541	24.0	0.0	0.0	1.0	1.0	1.0	1.0	0.0	0.0	0.0	0.0	
542	24.0	0.0	0.0	1.0	1.0	0.0	1.0	1.0	0.0	0.0	0.0	
543	24.0	0.0	0.0	1.0	1.0	1.0	1.0	0.0	0.0	0.0	0.0	
544	28.0	1.0	0.0	0.0	1.0	0.0	1.0	0.0	0.0	1.0	0.0	
545	28.0	1.0	1.0	1.0	1.0	0.0	0.0	0.0	0.0	0.0	0.0	
546	24.0	0.0	0.0	1.0	1.0	1.0	0.0	0.0	1.0	0.0	0.0	
547	26.0	0.0	1.0	1.0	1.0	1.0	0.0	0.0	0.0	0.0	0.0	
548	24.0	0.0	0.0	1.0	1.0	1.0	1.0	0.0	0.0	0.0	0.0	
549	28.0	1.0	1.0	1.0	1.0	0.0	0.0	0.0	0.0	0.0	0.0	
550	26.0	0.0	1.0	1.0	1.0	1.0	0.0	0.0	0.0	0.0	0.0	
551	26.0	0.0	1.0	0.0	1.0	1.0	0.0	0.0	0.0	0.0	1.0	
552	26.0	0.0	0.0	0.0	1.0	0.0	1.0	1.0	0.0	1.0	0.0	
553	26.0	0.0	1.0	1.0	1.0	1.0	0.0	0.0	0.0	0.0	0.0	
554	26.0	0.0	1.0	1.0	1.0	1.0	0.0	0.0	0.0	0.0	0.0	
555	28.0	1.0	1.0	1.0	1.0	0.0	0.0	0.0	0.0	0.0	0.0	
556	26.0	1.0	0.0	1.0	1.0	0.0	0.0	0.0	1.0	0.0	0.0	
557	24.0	0.0	0.0	1.0	1.0	0.0	0.0	1.0	1.0	0.0	0.0	
558	28.0	1.0	0.0	0.0	1.0	0.0	0.0	0.0	1.0	1.0	0.0	
559	26.0	0.0	0.0	0.0	1.0	1.0	1.0	0.0	0.0	1.0	0.0	
560	26.0	0.0	1.0	0.0	1.0	1.0	0.0	0.0	0.0	0.0	1.0	
561	26.0	1.0	0.0	1.0	1.0	0.0	0.0	0.0	1.0	0.0	0.0	
562	26.0	0.0	1.0	1.0	1.0	1.0	0.0	0.0	0.0	0.0	0.0	
563	24.0	0.0	0.0	1.0	1.0	1.0	1.0	0.0	0.0	0.0	0.0	
564	26.0	0.0	1.0	1.0	1.0	0.0	0.0	1.0	0.0	0.0	0.0	
565	24.0	0.0	0.0	1.0	1.0	1.0	1.0	0.0	0.0	0.0	0.0	
566	26.0	0.0	1.0	1.0	1.0	0.0	0.0	1.0	0.0	0.0	0.0	
567	26.0	0.0	1.0	1.0	1.0	1.0	0.0	0.0	0.0	0.0	0.0	
568	26.0	1.0	0.0	1.0	1.0	0.0	0.0	0.0	1.0	0.0	0.0	
569	24.0	0.0	0.0	1.0	1.0	1.0	1.0	0.0	0.0	0.0	0.0	
570	26.0	1.0	0.0	1.0	1.0	0.0	1.0	0.0	0.0	0.0	0.0	
571	26.0	0.0	1.0	0.0	1.0	1.0	0.0	0.0	0.0	0.0	1.0	
572	26.0	1.0	0.0	1.0	1.0	0.0	0.0	0.0	1.0	0.0	0.0	
573	28.0	1.0	1.0	1.0	1.0	0.0	0.0	0.0	0.0	0.0	0.0	
574	24.0	0.0	0.0	1.0	1.0	1.0	1.0	0.0	0.0	0.0	0.0	
575	24.0	0.0	0.0	1.0	1.0	0.0	1.0	1.0	0.0	0.0	0.0	
576	28.0	0.0	1.0	0.0	1.0	1.0	0.0	0.0	0.0	1.0	0.0	
577	26.0	0.0	0.0	0.0	1.0	1.0	0.0	0.0	1.0	1.0	0.0	
578	26.0	1.0	0.0	1.0	1.0	0.0	0.0	0.0	1.0	0.0	0.0	
579	24.0	0.0	0.0	1.0	1.0	1.0	1.0	0.0	0.0	0.0	0.0	
580	28.0	1.0	1.0	1.0	1.0	0.0	0.0	0.0	0.0	0.0	0.0	
581	24.0	0.0	0.0	1.0	1.0	0.0	1.0	1.0	0.0	0.0	0.0	
582	24.0	0.0	0.0	1.0	1.0	0.0	0.0	1.0	1.0	0.0	0.0	
583	26.0	0.0	0.0	0.0	1.0	1.0	1.0	0.0	0.0	1.0	0.0	
584	28.0	1.0	1.0	1.0	1.0	0.0	0.0	0.0	0.0	0.0	0.0	
585	28.0	0.0	1.0	0.0	1.0	1.0	0.0	0.0	0.0	1.0	0.0	
586	26.0	0.0	1.0	1.0	1.0	1.0	0.0	0.0	0.0	0.0	0.0	
587	30.0	1.0	1.0	0.0	1.0	0.0	0.0	0.0	0.0	1.0	0.0	
588	24.0	0.0	0.0	1.0	1.0	0.0	1.0	1.0	0.0	0.0	0.0	
589	26.0	0.0	1.0	1.0	1.0	1.0	0.0	0.0	0.0	0.0	0.0	
590	28.0	1.0	1.0	1.0	1.0	0.0	0.0	0.0	0.0	0.0	0.0	
591	28.0	1.0	1.0	1.0	1.0	0.0	0.0	0.0	0.0	0.0	0.0	
592	28.0	1.0	1.0	0.0	1.0	0.0	0.0	0.0	0.0	0.0	1.0	
593	28.0	0.0	1.0	0.0	1.0	1.0	0.0	0.0	0.0	1.0	0.0	
594	26.0	0.0	1.0	1.0	1.0	0.0	0.0	1.0	0.0	0.0	0.0	
595	30.0	1.0	1.0	0.0	1.0	0.0	0.0	0.0	0.0	1.0	0.0	
596	24.0	0.0	0.0	1.0	1.0	1.0	0.0	0.0	1.0	0.0	0.0	
597	26.0	0.0	1.0	1.0	1.0	1.0	0.0	0.0	0.0	0.0	0.0	
598	28.0	0.0	1.0	0.0	1.0	1.0	0.0	0.0	0.0	1.0	0.0	
599	28.0	1.0	1.0	0.0	1.0	0.0	0.0	0.0	0.0	0.0	1.0	
600	28.0	0.0	1.0	0.0	1.0	1.0	0.0	0.0	0.0	1.0	0.0	
601	26.0	1.0	0.0	0.0	1.0	0.0	1.0	0.0	0.0	0.0	1.0	
602	24.0	0.0	0.0	1.0	1.0	1.0	0.0	0.0	1.0	0.0	0.0	
603	26.0	1.0	0.0	1.0	1.0	0.0	1.0	0.0	0.0	0.0	0.0	
604	24.0	0.0	0.0	1.0	1.0	1.0	1.0	0.0	0.0	0.0	0.0	
605	26.0	0.0	1.0	1.0	1.0	1.0	0.0	0.0	0.0	0.0	0.0	
606	26.0	0.0	1.0	1.0	1.0	0.0	0.0	1.0	0.0	0.0	0.0	
607	26.0	0.0	1.0	1.0	1.0	0.0	0.0	1.0	0.0	0.0	0.0	
608	24.0	0.0	0.0	1.0	1.0	0.0	0.0	1.0	1.0	0.0	0.0	
609	26.0	1.0	0.0	1.0	1.0	0.0	1.0	0.0	0.0	0.0	0.0	
610	26.0	0.0	1.0	1.0	1.0	1.0	0.0	0.0	0.0	0.0	0.0	
611	26.0	1.0	0.0	1.0	1.0	0.0	1.0	0.0	0.0	0.0	0.0	
612	28.0	1.0	1.0	1.0	1.0	0.0	0.0	0.0	0.0	0.0	0.0	
613	26.0	0.0	0.0	0.0	1.0	1.0	1.0	0.0	0.0	1.0	0.0	
614	24.0	0.0	0.0	1.0	1.0	0.0	1.0	1.0	0.0	0.0	0.0	
615	26.0	0.0	0.0	0.0	1.0	1.0	0.0	0.0	1.0	1.0	0.0	
616	26.0	0.0	1.0	1.0	1.0	0.0	0.0	1.0	0.0	0.0	0.0	
617	28.0	1.0	1.0	1.0	1.0	0.0	0.0	0.0	0.0	0.0	0.0	
618	26.0	0.0	1.0	1.0	1.0	1.0	0.0	0.0	0.0	0.0	0.0	
619	28.0	1.0	1.0	1.0	1.0	0.0	0.0	0.0	0.0	0.0	0.0	
620	26.0	1.0	0.0	1.0	1.0	0.0	0.0	0.0	1.0	0.0	0.0	
621	28.0	1.0	1.0	1.0	1.0	0.0	0.0	0.0	0.0	0.0	0.0	
622	26.0	0.0	1.0	1.0	1.0	1.0	0.0	0.0	0.0	0.0	0.0	
623	26.0	0.0	1.0	1.0	1.0	0.0	0.0	1.0	0.0	0.0	0.0	
624	24.0	0.0	0.0	1.0	1.0	1.0	1.0	0.0	0.0	0.0	0.0	
625	28.0	1.0	1.0	1.0	1.0	0.0	0.0	0.0	0.0	0.0	0.0	
626	28.0	1.0	0.0	0.0	1.0	0.0	0.0	0.0	1.0	1.0	0.0	
627	26.0	0.0	1.0	1.0	1.0	1.0	0.0	0.0	0.0	0.0	0.0	
628	28.0	1.0	0.0	0.0	1.0	0.0	1.0	0.0	0.0	1.0	0.0	
629	24.0	0.0	0.0	1.0	1.0	1.0	0.0	0.0	1.0	0.0	0.0	
630	28.0	1.0	1.0	0.0	1.0	0.0	0.0	0.0	0.0	0.0	1.0	
631	24.0	0.0	0.0	1.0	1.0	1.0	0.0	0.0	1.0	0.0	0.0	
632	24.0	0.0	0.0	1.0	1.0	1.0	0.0	0.0	1.0	0.0	0.0	
633	26.0	1.0	0.0	1.0	1.0	0.0	0.0	0.0	1.0	0.0	0.0	
634	28.0	1.0	0.0	0.0	1.0	0.0	0.0	0.0	1.0	1.0	0.0	
635	24.0	0.0	0.0	1.0	1.0	0.0	1.0	1.0	0.0	0.0	0.0	
636	26.0	0.0	1.0	1.0	1.0	0.0	0.0	1.0	0.0	0.0	0.0	
637	28.0	1.0	1.0	1.0	1.0	0.0	0.0	0.0	0.0	0.0	0.0	
638	26.0	0.0	0.0	0.0	1.0	1.0	1.0	0.0	0.0	1.0	0.0	
639	26.0	0.0	1.0	1.0	1.0	1.0	0.0	0.0	0.0	0.0	0.0	
640	26.0	0.0	1.0	1.0	1.0	1.0	0.0	0.0	0.0	0.0	0.0	
641	26.0	0.0	1.0	0.0	1.0	1.0	0.0	0.0	0.0	0.0	1.0	
642	26.0	0.0	1.0	1.0	1.0	1.0	0.0	0.0	0.0	0.0	0.0	
643	26.0	1.0	0.0	1.0	1.0	0.0	0.0	0.0	1.0	0.0	0.0	
644	24.0	0.0	0.0	1.0	1.0	0.0	0.0	1.0	1.0	0.0	0.0	
645	24.0	0.0	0.0	1.0	1.0	1.0	1.0	0.0	0.0	0.0	0.0	
646	26.0	1.0	0.0	1.0	1.0	0.0	1.0	0.0	0.0	0.0	0.0	
647	26.0	1.0	0.0	1.0	1.0	0.0	1.0	0.0	0.0	0.0	0.0	
648	28.0	1.0	1.0	1.0	1.0	0.0	0.0	0.0	0.0	0.0	0.0	
649	26.0	1.0	0.0	1.0	1.0	0.0	1.0	0.0	0.0	0.0	0.0	
650	26.0	0.0	1.0	1.0	1.0	1.0	0.0	0.0	0.0	0.0	0.0	
651	24.0	0.0	0.0	1.0	1.0	1.0	0.0	0.0	1.0	0.0	0.0	
652	26.0	0.0	1.0	1.0	1.0	1.0	0.0	0.0	0.0	0.0	0.0	
653	26.0	1.0	0.0	1.0	1.0	0.0	0.0	0.0	1.0	0.0	0.0	
654	26.0	0.0	0.0	0.0	1.0	0.0	1.0	1.0	0.0	1.0	0.0	
655	24.0	0.0	0.0	1.0	1.0	1.0	1.0	0.0	0.0	0.0	0.0	
656	26.0	0.0	1.0	1.0	1.0	1.0	0.0	0.0	0.0	0.0	0.0	
657	28.0	1.0	1.0	1.0	1.0	0.0	0.0	0.0	0.0	0.0	0.0	
658	28.0	0.0	1.0	0.0	1.0	0.0	0.0	1.0	0.0	1.0	0.0	
659	26.0	1.0	0.0	1.0	1.0	0.0	1.0	0.0	0.0	0.0	0.0	
660	24.0	0.0	0.0	1.0	1.0	0.0	1.0	1.0	0.0	0.0	0.0	
661	26.0	1.0	0.0	1.0	1.0	0.0	1.0	0.0	0.0	0.0	0.0	
662	24.0	0.0	0.0	1.0	1.0	0.0	1.0	1.0	0.0	0.0	0.0	
663	24.0	0.0	0.0	1.0	1.0	1.0	1.0	0.0	0.0	0.0	0.0	
664	24.0	0.0	0.0	1.0	1.0	1.0	0.0	0.0	1.0	0.0	0.0	
665	24.0	0.0	0.0	1.0	1.0	1.0	1.0	0.0	0.0	0.0	0.0	
666	24.0	0.0	0.0	1.0	1.0	1.0	0.0	0.0	1.0	0.0	0.0	
667	26.0	0.0	1.0	1.0	1.0	1.0	0.0	0.0	0.0	0.0	0.0	
668	28.0	0.0	1.0	0.0	1.0	0.0	0.0	1.0	0.0	1.0	0.0	
669	24.0	0.0	0.0	1.0	1.0	1.0	1.0	0.0	0.0	0.0	0.0	
670	26.0	1.0	0.0	1.0	1.0	0.0	0.0	0.0	1.0	0.0	0.0	
671	26.0	1.0	0.0	1.0	1.0	0.0	1.0	0.0	0.0	0.0	0.0	
672	24.0	0.0	0.0	1.0	1.0	1.0	1.0	0.0	0.0	0.0	0.0	
673	26.0	0.0	1.0	1.0	1.0	1.0	0.0	0.0	0.0	0.0	0.0	
674	24.0	0.0	0.0	1.0	1.0	1.0	0.0	0.0	1.0	0.0	0.0	
675	24.0	0.0	0.0	1.0	1.0	0.0	0.0	1.0	1.0	0.0	0.0	
676	24.0	0.0	0.0	1.0	1.0	0.0	1.0	1.0	0.0	0.0	0.0	
677	24.0	0.0	0.0	1.0	1.0	1.0	1.0	0.0	0.0	0.0	0.0	
678	28.0	0.0	1.0	0.0	1.0	1.0	0.0	0.0	0.0	1.0	0.0	
679	28.0	1.0	1.0	1.0	1.0	0.0	0.0	0.0	0.0	0.0	0.0	
680	26.0	0.0	0.0	0.0	1.0	0.0	0.0	1.0	1.0	1.0	0.0	
681	26.0	1.0	0.0	1.0	1.0	0.0	0.0	0.0	1.0	0.0	0.0	
682	24.0	0.0	0.0	1.0	1.0	0.0	0.0	1.0	1.0	0.0	0.0	
683	26.0	0.0	1.0	1.0	1.0	0.0	0.0	1.0	0.0	0.0	0.0	
684	24.0	0.0	0.0	1.0	1.0	1.0	1.0	0.0	0.0	0.0	0.0	
685	30.0	1.0	1.0	0.0	1.0	0.0	0.0	0.0	0.0	1.0	0.0	
686	26.0	0.0	1.0	0.0	1.0	0.0	0.0	1.0	0.0	0.0	1.0	
687	24.0	0.0	0.0	1.0	1.0	0.0	0.0	1.0	1.0	0.0	0.0	
688	24.0	0.0	0.0	1.0	1.0	1.0	1.0	0.0	0.0	0.0	0.0	
689	24.0	0.0	0.0	1.0	1.0	0.0	1.0	1.0	0.0	0.0	0.0	
690	24.0	0.0	0.0	1.0	1.0	1.0	1.0	0.0	0.0	0.0	0.0	
691	28.0	0.0	1.0	0.0	1.0	0.0	0.0	1.0	0.0	1.0	0.0	
692	24.0	0.0	0.0	1.0	1.0	0.0	0.0	1.0	1.0	0.0	0.0	
693	24.0	0.0	0.0	1.0	1.0	1.0	1.0	0.0	0.0	0.0	0.0	
694	26.0	0.0	1.0	1.0	1.0	1.0	0.0	0.0	0.0	0.0	0.0	
695	28.0	0.0	1.0	0.0	1.0	1.0	0.0	0.0	0.0	1.0	0.0	
696	26.0	0.0	1.0	1.0	1.0	1.0	0.0	0.0	0.0	0.0	0.0	
697	26.0	1.0	0.0	1.0	1.0	0.0	0.0	0.0	1.0	0.0	0.0	
698	24.0	0.0	0.0	1.0	1.0	1.0	0.0	0.0	1.0	0.0	0.0	
699	26.0	1.0	0.0	0.0	1.0	0.0	1.0	0.0	0.0	0.0	1.0	
700	24.0	0.0	0.0	1.0	1.0	0.0	0.0	1.0	1.0	0.0	0.0	
701	26.0	0.0	1.0	1.0	1.0	1.0	0.0	0.0	0.0	0.0	0.0	
702	24.0	0.0	0.0	1.0	1.0	1.0	1.0	0.0	0.0	0.0	0.0	
703	24.0	0.0	0.0	1.0	1.0	1.0	0.0	0.0	1.0	0.0	0.0	
704	24.0	0.0	0.0	1.0	1.0	1.0	1.0	0.0	0.0	0.0	0.0	
705	24.0	0.0	0.0	1.0	1.0	1.0	1.0	0.0	0.0	0.0	0.0	
706	26.0	0.0	1.0	1.0	1.0	1.0	0.0	0.0	0.0	0.0	0.0	
707	26.0	0.0	0.0	0.0	1.0	1.0	0.0	0.0	1.0	1.0	0.0	
708	24.0	0.0	0.0	1.0	1.0	0.0	1.0	1.0	0.0	0.0	0.0	
709	26.0	0.0	1.0	1.0	1.0	1.0	0.0	0.0	0.0	0.0	0.0	
710	24.0	0.0	0.0	1.0	1.0	1.0	0.0	0.0	1.0	0.0	0.0	
711	28.0	0.0	1.0	0.0	1.0	1.0	0.0	0.0	0.0	1.0	0.0	
712	26.0	0.0	1.0	1.0	1.0	0.0	0.0	1.0	0.0	0.0	0.0	
713	26.0	0.0	1.0	1.0	1.0	1.0	0.0	0.0	0.0	0.0	0.0	
714	28.0	1.0	1.0	1.0	1.0	0.0	0.0	0.0	0.0	0.0	0.0	
715	24.0	0.0	0.0	1.0	1.0	0.0	0.0	1.0	1.0	0.0	0.0	
716	28.0	0.0	1.0	0.0	1.0	0.0	0.0	1.0	0.0	1.0	0.0	
717	28.0	1.0	1.0	1.0	1.0	0.0	0.0	0.0	0.0	0.0	0.0	
718	26.0	0.0	1.0	1.0	1.0	0.0	0.0	1.0	0.0	0.0	0.0	
719	28.0	1.0	1.0	1.0	1.0	0.0	0.0	0.0	0.0	0.0	0.0	
720	28.0	1.0	1.0	1.0	1.0	0.0	0.0	0.0	0.0	0.0	0.0	
721	26.0	0.0	1.0	1.0	1.0	1.0	0.0	0.0	0.0	0.0	0.0	
722	24.0	0.0	0.0	1.0	1.0	1.0	1.0	0.0	0.0	0.0	0.0	
723	24.0	0.0	0.0	1.0	1.0	1.0	1.0	0.0	0.0	0.0	0.0	
724	24.0	0.0	0.0	1.0	1.0	1.0	0.0	0.0	1.0	0.0	0.0	
725	26.0	0.0	1.0	1.0	1.0	1.0	0.0	0.0	0.0	0.0	0.0	
726	26.0	1.0	0.0	1.0	1.0	0.0	1.0	0.0	0.0	0.0	0.0	
727	26.0	0.0	1.0	1.0	1.0	1.0	0.0	0.0	0.0	0.0	0.0	
728	26.0	0.0	0.0	0.0	1.0	0.0	1.0	1.0	0.0	1.0	0.0	
729	28.0	1.0	1.0	1.0	1.0	0.0	0.0	0.0	0.0	0.0	0.0	
730	26.0	0.0	1.0	1.0	1.0	1.0	0.0	0.0	0.0	0.0	0.0	
731	24.0	0.0	0.0	0.0	1.0	1.0	0.0	0.0	1.0	0.0	1.0	
732	26.0	0.0	1.0	1.0	1.0	1.0	0.0	0.0	0.0	0.0	0.0	
733	24.0	0.0	0.0	1.0	1.0	1.0	1.0	0.0	0.0	0.0	0.0	
734	28.0	1.0	1.0	1.0	1.0	0.0	0.0	0.0	0.0	0.0	0.0	
735	28.0	1.0	0.0	0.0	1.0	0.0	1.0	0.0	0.0	1.0	0.0	
736	26.0	0.0	0.0	0.0	1.0	1.0	1.0	0.0	0.0	1.0	0.0	
737	24.0	0.0	0.0	1.0	1.0	1.0	1.0	0.0	0.0	0.0	0.0	
738	26.0	0.0	1.0	1.0	1.0	1.0	0.0	0.0	0.0	0.0	0.0	
739	26.0	1.0	0.0	1.0	1.0	0.0	1.0	0.0	0.0	0.0	0.0	
740	26.0	0.0	1.0	1.0	1.0	1.0	0.0	0.0	0.0	0.0	0.0	
741	28.0	1.0	1.0	1.0	1.0	0.0	0.0	0.0	0.0	0.0	0.0	
742	28.0	1.0	1.0	1.0	1.0	0.0	0.0	0.0	0.0	0.0	0.0	
743	24.0	0.0	0.0	0.0	1.0	0.0	1.0	1.0	0.0	0.0	1.0	
744	24.0	0.0	0.0	1.0	1.0	1.0	0.0	0.0	1.0	0.0	0.0	
745	26.0	1.0	0.0	1.0	1.0	0.0	1.0	0.0	0.0	0.0	0.0	
746	28.0	0.0	1.0	0.0	1.0	1.0	0.0	0.0	0.0	1.0	0.0	
747	26.0	0.0	1.0	1.0	1.0	0.0	0.0	1.0	0.0	0.0	0.0	
748	24.0	0.0	0.0	1.0	1.0	1.0	1.0	0.0	0.0	0.0	0.0	
749	28.0	0.0	1.0	0.0	1.0	1.0	0.0	0.0	0.0	1.0	0.0	
750	26.0	0.0	1.0	1.0	1.0	0.0	0.0	1.0	0.0	0.0	0.0	
751	26.0	0.0	1.0	0.0	1.0	0.0	0.0	1.0	0.0	0.0	1.0	
752	28.0	1.0	1.0	1.0	1.0	0.0	0.0	0.0	0.0	0.0	0.0	
753	30.0	1.0	1.0	0.0	1.0	0.0	0.0	0.0	0.0	1.0	0.0	
754	26.0	0.0	1.0	1.0	1.0	0.0	0.0	1.0	0.0	0.0	0.0	
755	26.0	0.0	1.0	1.0	1.0	1.0	0.0	0.0	0.0	0.0	0.0	
756	24.0	0.0	0.0	1.0	1.0	1.0	1.0	0.0	0.0	0.0	0.0	
757	28.0	1.0	1.0	1.0	1.0	0.0	0.0	0.0	0.0	0.0	0.0	
758	26.0	0.0	1.0	1.0	1.0	1.0	0.0	0.0	0.0	0.0	0.0	
759	26.0	0.0	1.0	1.0	1.0	0.0	0.0	1.0	0.0	0.0	0.0	
760	26.0	0.0	1.0	1.0	1.0	1.0	0.0	0.0	0.0	0.0	0.0	
761	24.0	0.0	0.0	1.0	1.0	0.0	1.0	1.0	0.0	0.0	0.0	
762	26.0	0.0	0.0	0.0	1.0	0.0	0.0	1.0	1.0	1.0	0.0	
763	26.0	0.0	1.0	1.0	1.0	1.0	0.0	0.0	0.0	0.0	0.0	
764	26.0	0.0	0.0	0.0	1.0	1.0	1.0	0.0	0.0	1.0	0.0	
765	26.0	0.0	1.0	1.0	1.0	1.0	0.0	0.0	0.0	0.0	0.0	
766	24.0	0.0	0.0	1.0	1.0	1.0	0.0	0.0	1.0	0.0	0.0	
767	26.0	0.0	1.0	1.0	1.0	1.0	0.0	0.0	0.0	0.0	0.0	
768	26.0	0.0	1.0	1.0	1.0	1.0	0.0	0.0	0.0	0.0	0.0	
769	26.0	0.0	0.0	0.0	1.0	1.0	0.0	0.0	1.0	1.0	0.0	
770	24.0	0.0	0.0	1.0	1.0	1.0	1.0	0.0	0.0	0.0	0.0	
771	28.0	1.0	1.0	1.0	1.0	0.0	0.0	0.0	0.0	0.0	0.0	
772	26.0	0.0	1.0	1.0	1.0	1.0	0.0	0.0	0.0	0.0	0.0	
773	26.0	1.0	0.0	0.0	1.0	0.0	1.0	0.0	0.0	0.0	1.0	
774	28.0	1.0	1.0	1.0	1.0	0.0	0.0	0.0	0.0	0.0	0.0	
775	24.0	0.0	0.0	1.0	1.0	1.0	1.0	0.0	0.0	0.0	0.0	
776	28.0	1.0	0.0	0.0	1.0	0.0	0.0	0.0	1.0	1.0	0.0	
777	26.0	0.0	0.0	0.0	1.0	1.0	0.0	0.0	1.0	1.0	0.0	
778	24.0	0.0	0.0	1.0	1.0	1.0	1.0	0.0	0.0	0.0	0.0	
779	28.0	0.0	1.0	0.0	1.0	1.0	0.0	0.0	0.0	1.0	0.0	
780	28.0	1.0	1.0	1.0	1.0	0.0	0.0	0.0	0.0	0.0	0.0	
781	28.0	1.0	0.0	0.0	1.0	0.0	1.0	0.0	0.0	1.0	0.0	
782	28.0	0.0	1.0	0.0	1.0	1.0	0.0	0.0	0.0	1.0	0.0	
783	24.0	0.0	0.0	1.0	1.0	0.0	0.0	1.0	1.0	0.0	0.0	
784	26.0	0.0	1.0	1.0	1.0	1.0	0.0	0.0	0.0	0.0	0.0	
785	28.0	1.0	1.0	1.0	1.0	0.0	0.0	0.0	0.0	0.0	0.0	
786	26.0	0.0	1.0	0.0	1.0	1.0	0.0	0.0	0.0	0.0	1.0	
787	24.0	0.0	0.0	1.0	1.0	1.0	0.0	0.0	1.0	0.0	0.0	
788	26.0	0.0	1.0	1.0	1.0	1.0	0.0	0.0	0.0	0.0	0.0	
789	26.0	0.0	0.0	0.0	1.0	1.0	1.0	0.0	0.0	1.0	0.0	
790	28.0	1.0	1.0	1.0	1.0	0.0	0.0	0.0	0.0	0.0	0.0	
791	28.0	1.0	0.0	0.0	1.0	0.0	0.0	0.0	1.0	1.0	0.0	
792	28.0	1.0	1.0	1.0	1.0	0.0	0.0	0.0	0.0	0.0	0.0	
793	24.0	0.0	0.0	1.0	1.0	1.0	1.0	0.0	0.0	0.0	0.0	
794	24.0	0.0	0.0	1.0	1.0	1.0	1.0	0.0	0.0	0.0	0.0	
795	28.0	1.0	1.0	1.0	1.0	0.0	0.0	0.0	0.0	0.0	0.0	
796	24.0	0.0	0.0	1.0	1.0	1.0	0.0	0.0	1.0	0.0	0.0	
797	24.0	0.0	0.0	1.0	1.0	0.0	0.0	1.0	1.0	0.0	0.0	
798	24.0	0.0	0.0	1.0	1.0	1.0	0.0	0.0	1.0	0.0	0.0	
799	24.0	0.0	0.0	1.0	1.0	0.0	1.0	1.0	0.0	0.0	0.0	
800	28.0	0.0	1.0	0.0	1.0	1.0	0.0	0.0	0.0	1.0	0.0	
801	26.0	0.0	1.0	1.0	1.0	1.0	0.0	0.0	0.0	0.0	0.0	
802	28.0	1.0	1.0	1.0	1.0	0.0	0.0	0.0	0.0	0.0	0.0	
803	24.0	0.0	0.0	0.0	1.0	0.0	1.0	1.0	0.0	0.0	1.0	
804	28.0	1.0	0.0	0.0	1.0	0.0	0.0	0.0	1.0	1.0	0.0	
805	24.0	0.0	0.0	1.0	1.0	1.0	1.0	0.0	0.0	0.0	0.0	
806	24.0	0.0	0.0	0.0	1.0	0.0	0.0	1.0	1.0	0.0	1.0	
807	28.0	0.0	1.0	0.0	1.0	1.0	0.0	0.0	0.0	1.0	0.0	
808	26.0	0.0	1.0	1.0	1.0	1.0	0.0	0.0	0.0	0.0	0.0	
809	28.0	1.0	1.0	1.0	1.0	0.0	0.0	0.0	0.0	0.0	0.0	
810	26.0	1.0	0.0	1.0	1.0	0.0	1.0	0.0	0.0	0.0	0.0	
811	26.0	0.0	1.0	0.0	1.0	1.0	0.0	0.0	0.0	0.0	1.0	
812	24.0	0.0	0.0	1.0	1.0	1.0	1.0	0.0	0.0	0.0	0.0	
813	26.0	1.0	0.0	1.0	1.0	0.0	1.0	0.0	0.0	0.0	0.0	
814	24.0	0.0	0.0	1.0	1.0	1.0	1.0	0.0	0.0	0.0	0.0	
815	26.0	0.0	1.0	1.0	1.0	0.0	0.0	1.0	0.0	0.0	0.0	
816	24.0	0.0	0.0	1.0	1.0	1.0	1.0	0.0	0.0	0.0	0.0	
817	28.0	1.0	1.0	1.0	1.0	0.0	0.0	0.0	0.0	0.0	0.0	
818	26.0	0.0	1.0	0.0	1.0	0.0	0.0	1.0	0.0	0.0	1.0	
819	28.0	0.0	1.0	0.0	1.0	0.0	0.0	1.0	0.0	1.0	0.0	
820	26.0	0.0	1.0	1.0	1.0	1.0	0.0	0.0	0.0	0.0	0.0	
821	26.0	0.0	1.0	1.0	1.0	1.0	0.0	0.0	0.0	0.0	0.0	
822	26.0	1.0	0.0	1.0	1.0	0.0	1.0	0.0	0.0	0.0	0.0	
823	26.0	0.0	1.0	1.0	1.0	1.0	0.0	0.0	0.0	0.0	0.0	
824	26.0	1.0	0.0	1.0	1.0	0.0	1.0	0.0	0.0	0.0	0.0	
825	22.0	0.0	0.0	1.0	0.0	1.0	1.0	0.0	0.0	0.0	0.0	
826	28.0	1.0	1.0	1.0	1.0	0.0	0.0	0.0	0.0	0.0	0.0	
827	24.0	0.0	0.0	1.0	1.0	1.0	1.0	0.0	0.0	0.0	0.0	
828	28.0	1.0	1.0	1.0	1.0	0.0	0.0	0.0	0.0	0.0	0.0	
829	26.0	0.0	0.0	0.0	1.0	1.0	1.0	0.0	0.0	1.0	0.0	
830	26.0	0.0	1.0	1.0	1.0	0.0	0.0	1.0	0.0	0.0	0.0	
831	24.0	0.0	0.0	1.0	1.0	1.0	0.0	0.0	1.0	0.0	0.0	
832	24.0	0.0	0.0	1.0	1.0	0.0	0.0	1.0	1.0	0.0	0.0	
833	22.0	0.0	0.0	1.0	0.0	1.0	1.0	0.0	0.0	0.0	0.0	
834	24.0	0.0	0.0	1.0	1.0	1.0	1.0	0.0	0.0	0.0	0.0	
835	24.0	0.0	0.0	1.0	1.0	1.0	1.0	0.0	0.0	0.0	0.0	
836	26.0	0.0	1.0	1.0	1.0	0.0	0.0	1.0	0.0	0.0	0.0	
837	24.0	0.0	0.0	0.0	1.0	1.0	0.0	0.0	1.0	0.0	1.0	
838	28.0	0.0	1.0	0.0	1.0	0.0	0.0	1.0	0.0	1.0	0.0	
839	24.0	0.0	0.0	1.0	1.0	1.0	0.0	0.0	1.0	0.0	0.0	
840	26.0	1.0	0.0	1.0	1.0	0.0	0.0	0.0	1.0	0.0	0.0	
841	28.0	1.0	1.0	1.0	1.0	0.0	0.0	0.0	0.0	0.0	0.0	
842	26.0	1.0	0.0	1.0	1.0	0.0	1.0	0.0	0.0	0.0	0.0	
843	26.0	0.0	0.0	0.0	1.0	1.0	1.0	0.0	0.0	1.0	0.0	
844	28.0	0.0	1.0	0.0	1.0	1.0	0.0	0.0	0.0	1.0	0.0	
845	28.0	1.0	1.0	1.0	1.0	0.0	0.0	0.0	0.0	0.0	0.0	
846	24.0	0.0	0.0	1.0	1.0	1.0	1.0	0.0	0.0	0.0	0.0	
847	24.0	0.0	0.0	1.0	1.0	0.0	1.0	1.0	0.0	0.0	0.0	
848	26.0	0.0	1.0	1.0	1.0	1.0	0.0	0.0	0.0	0.0	0.0	
849	24.0	0.0	0.0	1.0	1.0	0.0	0.0	1.0	1.0	0.0	0.0	
850	26.0	0.0	1.0	1.0	1.0	1.0	0.0	0.0	0.0	0.0	0.0	
851	24.0	0.0	0.0	1.0	1.0	1.0	1.0	0.0	0.0	0.0	0.0	
852	26.0	0.0	1.0	1.0	1.0	1.0	0.0	0.0	0.0	0.0	0.0	
853	24.0	0.0	0.0	1.0	1.0	1.0	1.0	0.0	0.0	0.0	0.0	
854	26.0	1.0	0.0	1.0	1.0	0.0	1.0	0.0	0.0	0.0	0.0	
855	26.0	0.0	1.0	1.0	1.0	1.0	0.0	0.0	0.0	0.0	0.0	
856	24.0	0.0	0.0	1.0	1.0	1.0	1.0	0.0	0.0	0.0	0.0	
857	26.0	0.0	1.0	1.0	1.0	0.0	0.0	1.0	0.0	0.0	0.0	
858	26.0	1.0	0.0	1.0	1.0	0.0	0.0	0.0	1.0	0.0	0.0	
859	24.0	0.0	0.0	0.0	1.0	1.0	1.0	0.0	0.0	0.0	1.0	
860	28.0	1.0	1.0	1.0	1.0	0.0	0.0	0.0	0.0	0.0	0.0	
861	26.0	1.0	0.0	1.0	1.0	0.0	1.0	0.0	0.0	0.0	0.0	
862	26.0	0.0	1.0	1.0	1.0	1.0	0.0	0.0	0.0	0.0	0.0	
863	26.0	0.0	1.0	1.0	1.0	0.0	0.0	1.0	0.0	0.0	0.0	
864	26.0	1.0	0.0	1.0	1.0	0.0	1.0	0.0	0.0	0.0	0.0	
865	24.0	0.0	0.0	0.0	1.0	1.0	0.0	0.0	1.0	0.0	1.0	
866	24.0	0.0	0.0	1.0	1.0	1.0	1.0	0.0	0.0	0.0	0.0	
867	26.0	1.0	0.0	1.0	1.0	0.0	1.0	0.0	0.0	0.0	0.0	
868	24.0	0.0	0.0	1.0	1.0	1.0	1.0	0.0	0.0	0.0	0.0	
869	26.0	0.0	0.0	0.0	1.0	1.0	1.0	0.0	0.0	1.0	0.0	
870	24.0	0.0	0.0	1.0	1.0	1.0	1.0	0.0	0.0	0.0	0.0	
871	28.0	1.0	0.0	0.0	1.0	0.0	1.0	0.0	0.0	1.0	0.0	
872	26.0	1.0	0.0	1.0	1.0	0.0	1.0	0.0	0.0	0.0	0.0	
873	26.0	1.0	0.0	1.0	1.0	0.0	1.0	0.0	0.0	0.0	0.0	
874	26.0	1.0	0.0	1.0	1.0	0.0	1.0	0.0	0.0	0.0	0.0	
875	24.0	0.0	0.0	1.0	1.0	0.0	1.0	1.0	0.0	0.0	0.0	
876	28.0	1.0	1.0	1.0	1.0	0.0	0.0	0.0	0.0	0.0	0.0	
877	24.0	0.0	0.0	1.0	1.0	1.0	1.0	0.0	0.0	0.0	0.0	
878	26.0	0.0	1.0	0.0	1.0	1.0	0.0	0.0	0.0	0.0	1.0	
879	26.0	0.0	1.0	1.0	1.0	0.0	0.0	1.0	0.0	0.0	0.0	
880	28.0	1.0	1.0	1.0	1.0	0.0	0.0	0.0	0.0	0.0	0.0	
881	26.0	0.0	0.0	0.0	1.0	1.0	1.0	0.0	0.0	1.0	0.0	
882	26.0	0.0	1.0	1.0	1.0	1.0	0.0	0.0	0.0	0.0	0.0	
883	24.0	0.0	0.0	0.0	1.0	0.0	0.0	1.0	1.0	0.0	1.0	
884	26.0	1.0	0.0	1.0	1.0	0.0	1.0	0.0	0.0	0.0	0.0	
885	24.0	0.0	0.0	1.0	1.0	1.0	0.0	0.0	1.0	0.0	0.0	
886	26.0	0.0	0.0	0.0	1.0	1.0	0.0	0.0	1.0	1.0	0.0	
887	24.0	0.0	0.0	1.0	1.0	1.0	0.0	0.0	1.0	0.0	0.0	
888	24.0	0.0	0.0	1.0	1.0	1.0	1.0	0.0	0.0	0.0	0.0	
889	28.0	1.0	1.0	1.0	1.0	0.0	0.0	0.0	0.0	0.0	0.0	
890	26.0	1.0	0.0	1.0	1.0	0.0	1.0	0.0	0.0	0.0	0.0	
891	26.0	0.0	1.0	1.0	1.0	0.0	0.0	1.0	0.0	0.0	0.0	
892	24.0	0.0	0.0	1.0	1.0	1.0	0.0	0.0	1.0	0.0	0.0	
893	24.0	0.0	0.0	1.0	1.0	1.0	1.0	0.0	0.0	0.0	0.0	
894	26.0	0.0	0.0	0.0	1.0	1.0	0.0	0.0	1.0	1.0	0.0	
895	24.0	0.0	0.0	1.0	1.0	1.0	1.0	0.0	0.0	0.0	0.0	
896	26.0	0.0	1.0	1.0	1.0	1.0	0.0	0.0	0.0	0.0	0.0	
897	26.0	0.0	0.0	0.0	1.0	1.0	0.0	0.0	1.0	1.0	0.0	
898	26.0	0.0	1.0	1.0	1.0	1.0	0.0	0.0	0.0	0.0	0.0	
899	24.0	0.0	0.0	1.0	1.0	0.0	1.0	1.0	0.0	0.0	0.0	
