Sample	cat16-1.trees	cat16-1.sequence13_sequence08	cat16-1.sequence11_sequence12_sequence06_sequence08	cat16-1.sequence11_sequence12_sequence13_sequence06	cat16-1.sequence04_sequence07_sequence09	cat16-1.sequence01_sequence16_sequence15	cat16-1.sequence01_sequence03_sequence15	cat16-1.sequence16_sequence03	cat16-1.sequence01_sequence05_sequence04_sequence14_sequence07_sequence11_sequence12_sequence13_sequence16_sequence09_sequence03_sequence10_sequence06_sequence08_sequence15	cat16-1.sequence01_sequence05_sequence14_sequence07_sequence11_sequence12_sequence13_sequence16_sequence03_sequence10_sequence06_sequence08_sequence15	cat16-1.sequence01_sequence05_sequence04_sequence14_sequence11_sequence12_sequence13_sequence16_sequence09_sequence03_sequence10_sequence06_sequence08_sequence15	
0	30.0	1.0	0.0	0.0	1.0	0.0	1.0	0.0	1.0	0.0	0.0	
1	26.0	1.0	0.0	0.0	0.0	1.0	0.0	0.0	1.0	1.0	0.0	
2	28.0	1.0	0.0	0.0	1.0	0.0	0.0	1.0	1.0	0.0	0.0	
3	28.0	0.0	0.0	1.0	1.0	0.0	1.0	0.0	1.0	0.0	0.0	
4	30.0	1.0	0.0	0.0	1.0	0.0	1.0	0.0	1.0	0.0	0.0	
5	30.0	1.0	0.0	0.0	1.0	0.0	1.0	0.0	1.0	0.0	0.0	
6	28.0	0.0	0.0	1.0	1.0	0.0	1.0	0.0	1.0	0.0	0.0	
7	30.0	1.0	0.0	0.0	1.0	0.0	1.0	0.0	1.0	0.0	0.0	
8	30.0	1.0	0.0	0.0	1.0	0.0	1.0	0.0	1.0	0.0	0.0	
9	28.0	1.0	0.0	0.0	1.0	1.0	0.0	0.0	1.0	0.0	0.0	
10	28.0	1.0	0.0	0.0	0.0	0.0	1.0	0.0	1.0	0.0	1.0	
11	30.0	1.0	0.0	0.0	1.0	0.0	1.0	0.0	1.0	0.0	0.0	
12	30.0	1.0	0.0	0.0	1.0	0.0	1.0	0.0	1.0	0.0	0.0	
13	30.0	1.0	0.0	0.0	1.0	0.0	1.0	0.0	1.0	0.0	0.0	
14	30.0	1.0	0.0	0.0	1.0	0.0	1.0	0.0	1.0	0.0	0.0	
15	30.0	1.0	0.0	0.0	1.0	0.0	1.0	0.0	1.0	0.0	0.0	
16	28.0	1.0	0.0	0.0	1.0	0.0	0.0	1.0	1.0	0.0	0.0	
17	30.0	1.0	0.0	0.0	1.0	0.0	1.0	0.0	1.0	0.0	0.0	
18	30.0	1.0	0.0	0.0	1.0	0.0	1.0	0.0	1.0	0.0	0.0	
19	30.0	1.0	0.0	0.0	1.0	0.0	1.0	0.0	1.0	0.0	0.0	
20	28.0	1.0	0.0	0.0	1.0	1.0	0.0	0.0	1.0	0.0	0.0	
21	30.0	1.0	0.0	0.0	1.0	0.0	1.0	0.0	1.0	0.0	0.0	
22	28.0	1.0	0.0	0.0	1.0	1.0	0.0	0.0	1.0	0.0	0.0	
23	26.0	0.0	1.0	0.0	0.0	0.0	1.0	0.0	1.0	0.0	1.0	
24	28.0	1.0	0.0	0.0	1.0	1.0	0.0	0.0	1.0	0.0	0.0	
25	30.0	1.0	0.0	0.0	1.0	0.0	1.0	0.0	1.0	0.0	0.0	
26	30.0	1.0	0.0	0.0	1.0	0.0	1.0	0.0	1.0	0.0	0.0	
27	28.0	1.0	0.0	0.0	1.0	1.0	0.0	0.0	1.0	0.0	0.0	
28	30.0	1.0	0.0	0.0	1.0	0.0	1.0	0.0	1.0	0.0	0.0	
29	28.0	0.0	1.0	0.0	1.0	0.0	1.0	0.0	1.0	0.0	0.0	
30	28.0	0.0	0.0	1.0	1.0	0.0	1.0	0.0	1.0	0.0	0.0	
31	30.0	1.0	0.0	0.0	1.0	0.0	1.0	0.0	1.0	0.0	0.0	
32	30.0	1.0	0.0	0.0	1.0	0.0	1.0	0.0	1.0	0.0	0.0	
33	30.0	1.0	0.0	0.0	1.0	0.0	1.0	0.0	1.0	0.0	0.0	
34	30.0	1.0	0.0	0.0	1.0	0.0	1.0	0.0	1.0	0.0	0.0	
35	28.0	1.0	0.0	0.0	1.0	0.0	0.0	1.0	1.0	0.0	0.0	
36	30.0	1.0	0.0	0.0	1.0	0.0	1.0	0.0	1.0	0.0	0.0	
37	28.0	0.0	1.0	0.0	1.0	0.0	1.0	0.0	1.0	0.0	0.0	
38	28.0	1.0	0.0	0.0	1.0	0.0	0.0	1.0	1.0	0.0	0.0	
39	28.0	0.0	0.0	1.0	1.0	0.0	1.0	0.0	1.0	0.0	0.0	
40	28.0	1.0	0.0	0.0	1.0	0.0	0.0	1.0	1.0	0.0	0.0	
41	30.0	1.0	0.0	0.0	1.0	0.0	1.0	0.0	1.0	0.0	0.0	
42	28.0	1.0	0.0	0.0	1.0	1.0	0.0	0.0	1.0	0.0	0.0	
43	28.0	1.0	0.0	0.0	1.0	1.0	0.0	0.0	1.0	0.0	0.0	
44	30.0	1.0	0.0	0.0	1.0	0.0	1.0	0.0	1.0	0.0	0.0	
45	30.0	1.0	0.0	0.0	1.0	0.0	1.0	0.0	1.0	0.0	0.0	
46	26.0	0.0	1.0	0.0	1.0	0.0	0.0	1.0	1.0	0.0	0.0	
47	30.0	1.0	0.0	0.0	1.0	0.0	1.0	0.0	1.0	0.0	0.0	
48	28.0	1.0	0.0	0.0	1.0	1.0	0.0	0.0	1.0	0.0	0.0	
49	28.0	1.0	0.0	0.0	1.0	1.0	0.0	0.0	1.0	0.0	0.0	
50	28.0	1.0	0.0	0.0	1.0	0.0	0.0	1.0	1.0	0.0	0.0	
51	28.0	1.0	0.0	0.0	1.0	0.0	0.0	1.0	1.0	0.0	0.0	
52	28.0	1.0	0.0	0.0	1.0	1.0	0.0	0.0	1.0	0.0	0.0	
53	28.0	1.0	0.0	0.0	1.0	0.0	0.0	1.0	1.0	0.0	0.0	
54	30.0	1.0	0.0	0.0	1.0	0.0	1.0	0.0	1.0	0.0	0.0	
55	28.0	1.0	0.0	0.0	1.0	1.0	0.0	0.0	1.0	0.0	0.0	
56	30.0	1.0	0.0	0.0	1.0	0.0	1.0	0.0	1.0	0.0	0.0	
57	28.0	1.0	0.0	0.0	1.0	0.0	0.0	1.0	1.0	0.0	0.0	
58	30.0	1.0	0.0	0.0	1.0	0.0	1.0	0.0	1.0	0.0	0.0	
59	30.0	1.0	0.0	0.0	1.0	0.0	1.0	0.0	1.0	0.0	0.0	
60	28.0	1.0	0.0	0.0	1.0	1.0	0.0	0.0	1.0	0.0	0.0	
61	28.0	1.0	0.0	0.0	1.0	0.0	0.0	1.0	1.0	0.0	0.0	
62	26.0	0.0	0.0	1.0	1.0	1.0	0.0	0.0	1.0	0.0	0.0	
63	28.0	1.0	0.0	0.0	1.0	0.0	0.0	1.0	1.0	0.0	0.0	
64	30.0	1.0	0.0	0.0	1.0	0.0	1.0	0.0	1.0	0.0	0.0	
65	30.0	1.0	0.0	0.0	1.0	0.0	1.0	0.0	1.0	0.0	0.0	
66	28.0	0.0	1.0	0.0	1.0	0.0	1.0	0.0	1.0	0.0	0.0	
67	30.0	1.0	0.0	0.0	1.0	0.0	1.0	0.0	1.0	0.0	0.0	
68	28.0	1.0	0.0	0.0	1.0	0.0	0.0	1.0	1.0	0.0	0.0	
69	30.0	1.0	0.0	0.0	1.0	0.0	1.0	0.0	1.0	0.0	0.0	
70	28.0	1.0	0.0	0.0	1.0	0.0	0.0	1.0	1.0	0.0	0.0	
71	28.0	1.0	0.0	0.0	1.0	1.0	0.0	0.0	1.0	0.0	0.0	
72	30.0	1.0	0.0	0.0	1.0	0.0	1.0	0.0	1.0	0.0	0.0	
73	30.0	1.0	0.0	0.0	1.0	0.0	1.0	0.0	1.0	0.0	0.0	
74	28.0	1.0	0.0	0.0	1.0	0.0	0.0	1.0	1.0	0.0	0.0	
75	30.0	1.0	0.0	0.0	1.0	0.0	1.0	0.0	1.0	0.0	0.0	
76	28.0	0.0	1.0	0.0	1.0	0.0	1.0	0.0	1.0	0.0	0.0	
77	28.0	0.0	1.0	0.0	1.0	0.0	1.0	0.0	1.0	0.0	0.0	
78	30.0	1.0	0.0	0.0	1.0	0.0	1.0	0.0	1.0	0.0	0.0	
79	30.0	1.0	0.0	0.0	1.0	0.0	1.0	0.0	1.0	0.0	0.0	
80	30.0	1.0	0.0	0.0	1.0	0.0	1.0	0.0	1.0	0.0	0.0	
81	28.0	1.0	0.0	0.0	1.0	0.0	0.0	1.0	1.0	0.0	0.0	
82	28.0	1.0	0.0	0.0	1.0	0.0	0.0	1.0	1.0	0.0	0.0	
83	30.0	1.0	0.0	0.0	1.0	0.0	1.0	0.0	1.0	0.0	0.0	
84	30.0	1.0	0.0	0.0	1.0	0.0	1.0	0.0	1.0	0.0	0.0	
85	28.0	1.0	0.0	0.0	1.0	0.0	0.0	1.0	1.0	0.0	0.0	
86	28.0	1.0	0.0	0.0	1.0	1.0	0.0	0.0	1.0	0.0	0.0	
87	30.0	1.0	0.0	0.0	1.0	0.0	1.0	0.0	1.0	0.0	0.0	
88	30.0	1.0	0.0	0.0	1.0	0.0	1.0	0.0	1.0	0.0	0.0	
89	30.0	1.0	0.0	0.0	1.0	0.0	1.0	0.0	1.0	0.0	0.0	
90	28.0	0.0	0.0	1.0	1.0	0.0	1.0	0.0	1.0	0.0	0.0	
91	30.0	1.0	0.0	0.0	1.0	0.0	1.0	0.0	1.0	0.0	0.0	
92	30.0	1.0	0.0	0.0	1.0	0.0	1.0	0.0	1.0	0.0	0.0	
93	30.0	1.0	0.0	0.0	1.0	0.0	1.0	0.0	1.0	0.0	0.0	
94	30.0	1.0	0.0	0.0	1.0	0.0	1.0	0.0	1.0	0.0	0.0	
95	26.0	0.0	0.0	1.0	1.0	0.0	0.0	1.0	1.0	0.0	0.0	
96	26.0	0.0	0.0	1.0	1.0	0.0	0.0	1.0	1.0	0.0	0.0	
97	26.0	1.0	0.0	0.0	0.0	0.0	0.0	1.0	1.0	0.0	1.0	
98	26.0	0.0	0.0	1.0	1.0	1.0	0.0	0.0	1.0	0.0	0.0	
99	28.0	1.0	0.0	0.0	1.0	0.0	0.0	1.0	1.0	0.0	0.0	
100	28.0	1.0	0.0	0.0	1.0	0.0	0.0	1.0	1.0	0.0	0.0	
101	30.0	1.0	0.0	0.0	1.0	0.0	1.0	0.0	1.0	0.0	0.0	
102	28.0	1.0	0.0	0.0	1.0	1.0	0.0	0.0	1.0	0.0	0.0	
103	30.0	1.0	0.0	0.0	1.0	0.0	1.0	0.0	1.0	0.0	0.0	
104	26.0	0.0	0.0	1.0	1.0	0.0	0.0	1.0	1.0	0.0	0.0	
105	30.0	1.0	0.0	0.0	1.0	0.0	1.0	0.0	1.0	0.0	0.0	
106	26.0	1.0	0.0	0.0	0.0	1.0	0.0	0.0	1.0	1.0	0.0	
107	30.0	1.0	0.0	0.0	1.0	0.0	1.0	0.0	1.0	0.0	0.0	
108	30.0	1.0	0.0	0.0	1.0	0.0	1.0	0.0	1.0	0.0	0.0	
109	26.0	0.0	1.0	0.0	1.0	1.0	0.0	0.0	1.0	0.0	0.0	
110	30.0	1.0	0.0	0.0	1.0	0.0	1.0	0.0	1.0	0.0	0.0	
111	28.0	1.0	0.0	0.0	1.0	0.0	0.0	1.0	1.0	0.0	0.0	
112	28.0	1.0	0.0	0.0	1.0	1.0	0.0	0.0	1.0	0.0	0.0	
113	26.0	1.0	0.0	0.0	0.0	1.0	0.0	0.0	1.0	1.0	0.0	
114	28.0	1.0	0.0	0.0	1.0	1.0	0.0	0.0	1.0	0.0	0.0	
115	30.0	1.0	0.0	0.0	1.0	0.0	1.0	0.0	1.0	0.0	0.0	
116	30.0	1.0	0.0	0.0	1.0	0.0	1.0	0.0	1.0	0.0	0.0	
117	26.0	0.0	1.0	0.0	1.0	0.0	0.0	1.0	1.0	0.0	0.0	
118	30.0	1.0	0.0	0.0	1.0	0.0	1.0	0.0	1.0	0.0	0.0	
119	26.0	0.0	1.0	0.0	1.0	0.0	0.0	1.0	1.0	0.0	0.0	
120	26.0	0.0	0.0	1.0	1.0	0.0	0.0	1.0	1.0	0.0	0.0	
121	28.0	0.0	0.0	1.0	1.0	0.0	1.0	0.0	1.0	0.0	0.0	
122	30.0	1.0	0.0	0.0	1.0	0.0	1.0	0.0	1.0	0.0	0.0	
123	28.0	1.0	0.0	0.0	1.0	1.0	0.0	0.0	1.0	0.0	0.0	
124	30.0	1.0	0.0	0.0	1.0	0.0	1.0	0.0	1.0	0.0	0.0	
125	28.0	1.0	0.0	0.0	1.0	0.0	0.0	1.0	1.0	0.0	0.0	
126	28.0	1.0	0.0	0.0	1.0	0.0	0.0	1.0	1.0	0.0	0.0	
127	28.0	1.0	0.0	0.0	1.0	1.0	0.0	0.0	1.0	0.0	0.0	
128	28.0	1.0	0.0	0.0	1.0	1.0	0.0	0.0	1.0	0.0	0.0	
129	26.0	0.0	0.0	1.0	1.0	0.0	0.0	1.0	1.0	0.0	0.0	
130	28.0	1.0	0.0	0.0	1.0	1.0	0.0	0.0	1.0	0.0	0.0	
131	30.0	1.0	0.0	0.0	1.0	0.0	1.0	0.0	1.0	0.0	0.0	
132	28.0	1.0	0.0	0.0	0.0	0.0	1.0	0.0	1.0	0.0	1.0	
133	28.0	1.0	0.0	0.0	1.0	1.0	0.0	0.0	1.0	0.0	0.0	
134	30.0	1.0	0.0	0.0	1.0	0.0	1.0	0.0	1.0	0.0	0.0	
135	30.0	1.0	0.0	0.0	1.0	0.0	1.0	0.0	1.0	0.0	0.0	
136	30.0	1.0	0.0	0.0	1.0	0.0	1.0	0.0	1.0	0.0	0.0	
137	28.0	1.0	0.0	0.0	0.0	0.0	1.0	0.0	1.0	1.0	0.0	
138	28.0	1.0	0.0	0.0	1.0	1.0	0.0	0.0	1.0	0.0	0.0	
139	30.0	1.0	0.0	0.0	1.0	0.0	1.0	0.0	1.0	0.0	0.0	
140	30.0	1.0	0.0	0.0	1.0	0.0	1.0	0.0	1.0	0.0	0.0	
141	28.0	1.0	0.0	0.0	1.0	0.0	0.0	1.0	1.0	0.0	0.0	
142	30.0	1.0	0.0	0.0	1.0	0.0	1.0	0.0	1.0	0.0	0.0	
143	30.0	1.0	0.0	0.0	1.0	0.0	1.0	0.0	1.0	0.0	0.0	
144	28.0	1.0	0.0	0.0	1.0	0.0	0.0	1.0	1.0	0.0	0.0	
145	28.0	1.0	0.0	0.0	1.0	1.0	0.0	0.0	1.0	0.0	0.0	
146	30.0	1.0	0.0	0.0	1.0	0.0	1.0	0.0	1.0	0.0	0.0	
147	28.0	0.0	1.0	0.0	1.0	0.0	1.0	0.0	1.0	0.0	0.0	
148	28.0	1.0	0.0	0.0	1.0	1.0	0.0	0.0	1.0	0.0	0.0	
149	30.0	1.0	0.0	0.0	1.0	0.0	1.0	0.0	1.0	0.0	0.0	
150	28.0	1.0	0.0	0.0	1.0	1.0	0.0	0.0	1.0	0.0	0.0	
151	28.0	0.0	1.0	0.0	1.0	0.0	1.0	0.0	1.0	0.0	0.0	
152	30.0	1.0	0.0	0.0	1.0	0.0	1.0	0.0	1.0	0.0	0.0	
153	30.0	1.0	0.0	0.0	1.0	0.0	1.0	0.0	1.0	0.0	0.0	
154	26.0	0.0	0.0	1.0	1.0	0.0	0.0	1.0	1.0	0.0	0.0	
155	26.0	0.0	1.0	0.0	1.0	0.0	0.0	1.0	1.0	0.0	0.0	
156	30.0	1.0	0.0	0.0	1.0	0.0	1.0	0.0	1.0	0.0	0.0	
157	30.0	1.0	0.0	0.0	1.0	0.0	1.0	0.0	1.0	0.0	0.0	
158	30.0	1.0	0.0	0.0	1.0	0.0	1.0	0.0	1.0	0.0	0.0	
159	28.0	1.0	0.0	0.0	1.0	1.0	0.0	0.0	1.0	0.0	0.0	
160	30.0	1.0	0.0	0.0	1.0	0.0	1.0	0.0	1.0	0.0	0.0	
161	30.0	1.0	0.0	0.0	1.0	0.0	1.0	0.0	1.0	0.0	0.0	
162	28.0	1.0	0.0	0.0	1.0	1.0	0.0	0.0	1.0	0.0	0.0	
163	28.0	1.0	0.0	0.0	1.0	0.0	0.0	1.0	1.0	0.0	0.0	
164	30.0	1.0	0.0	0.0	1.0	0.0	1.0	0.0	1.0	0.0	0.0	
165	30.0	1.0	0.0	0.0	1.0	0.0	1.0	0.0	1.0	0.0	0.0	
166	30.0	1.0	0.0	0.0	1.0	0.0	1.0	0.0	1.0	0.0	0.0	
167	30.0	1.0	0.0	0.0	1.0	0.0	1.0	0.0	1.0	0.0	0.0	
168	30.0	1.0	0.0	0.0	1.0	0.0	1.0	0.0	1.0	0.0	0.0	
169	30.0	1.0	0.0	0.0	1.0	0.0	1.0	0.0	1.0	0.0	0.0	
170	28.0	0.0	1.0	0.0	1.0	0.0	1.0	0.0	1.0	0.0	0.0	
171	26.0	1.0	0.0	0.0	0.0	1.0	0.0	0.0	1.0	0.0	1.0	
172	28.0	1.0	0.0	0.0	1.0	1.0	0.0	0.0	1.0	0.0	0.0	
173	30.0	1.0	0.0	0.0	1.0	0.0	1.0	0.0	1.0	0.0	0.0	
174	30.0	1.0	0.0	0.0	1.0	0.0	1.0	0.0	1.0	0.0	0.0	
175	28.0	0.0	1.0	0.0	1.0	0.0	1.0	0.0	1.0	0.0	0.0	
176	28.0	1.0	0.0	0.0	1.0	1.0	0.0	0.0	1.0	0.0	0.0	
177	28.0	0.0	1.0	0.0	1.0	0.0	1.0	0.0	1.0	0.0	0.0	
178	28.0	1.0	0.0	0.0	1.0	1.0	0.0	0.0	1.0	0.0	0.0	
179	30.0	1.0	0.0	0.0	1.0	0.0	1.0	0.0	1.0	0.0	0.0	
180	28.0	1.0	0.0	0.0	1.0	0.0	0.0	1.0	1.0	0.0	0.0	
181	26.0	0.0	0.0	1.0	1.0	1.0	0.0	0.0	1.0	0.0	0.0	
182	28.0	1.0	0.0	0.0	1.0	0.0	0.0	1.0	1.0	0.0	0.0	
183	28.0	1.0	0.0	0.0	1.0	1.0	0.0	0.0	1.0	0.0	0.0	
184	28.0	1.0	0.0	0.0	1.0	1.0	0.0	0.0	1.0	0.0	0.0	
185	30.0	1.0	0.0	0.0	1.0	0.0	1.0	0.0	1.0	0.0	0.0	
186	28.0	1.0	0.0	0.0	1.0	0.0	0.0	1.0	1.0	0.0	0.0	
187	28.0	0.0	1.0	0.0	1.0	0.0	1.0	0.0	1.0	0.0	0.0	
188	28.0	0.0	1.0	0.0	1.0	0.0	1.0	0.0	1.0	0.0	0.0	
189	24.0	0.0	0.0	1.0	0.0	0.0	1.0	0.0	0.0	1.0	0.0	
190	28.0	1.0	0.0	0.0	1.0	1.0	0.0	0.0	1.0	0.0	0.0	
191	30.0	1.0	0.0	0.0	1.0	0.0	1.0	0.0	1.0	0.0	0.0	
192	28.0	1.0	0.0	0.0	1.0	0.0	0.0	1.0	1.0	0.0	0.0	
193	28.0	1.0	0.0	0.0	1.0	1.0	0.0	0.0	1.0	0.0	0.0	
194	30.0	1.0	0.0	0.0	1.0	0.0	1.0	0.0	1.0	0.0	0.0	
195	26.0	0.0	0.0	1.0	1.0	0.0	0.0	1.0	1.0	0.0	0.0	
196	30.0	1.0	0.0	0.0	1.0	0.0	1.0	0.0	1.0	0.0	0.0	
197	30.0	1.0	0.0	0.0	1.0	0.0	1.0	0.0	1.0	0.0	0.0	
198	30.0	1.0	0.0	0.0	1.0	0.0	1.0	0.0	1.0	0.0	0.0	
199	30.0	1.0	0.0	0.0	1.0	0.0	1.0	0.0	1.0	0.0	0.0	
200	30.0	1.0	0.0	0.0	1.0	0.0	1.0	0.0	1.0	0.0	0.0	
201	28.0	1.0	0.0	0.0	1.0	0.0	0.0	1.0	1.0	0.0	0.0	
202	28.0	0.0	0.0	1.0	1.0	0.0	1.0	0.0	1.0	0.0	0.0	
203	30.0	1.0	0.0	0.0	1.0	0.0	1.0	0.0	1.0	0.0	0.0	
204	30.0	1.0	0.0	0.0	1.0	0.0	1.0	0.0	1.0	0.0	0.0	
205	26.0	0.0	0.0	1.0	1.0	0.0	0.0	1.0	1.0	0.0	0.0	
206	28.0	1.0	0.0	0.0	1.0	1.0	0.0	0.0	1.0	0.0	0.0	
207	28.0	1.0	0.0	0.0	1.0	1.0	0.0	0.0	1.0	0.0	0.0	
208	28.0	1.0	0.0	0.0	1.0	1.0	0.0	0.0	1.0	0.0	0.0	
209	28.0	1.0	0.0	0.0	1.0	0.0	0.0	1.0	1.0	0.0	0.0	
210	28.0	1.0	0.0	0.0	0.0	0.0	1.0	0.0	1.0	0.0	1.0	
211	26.0	1.0	0.0	0.0	0.0	1.0	0.0	0.0	1.0	0.0	1.0	
212	28.0	0.0	1.0	0.0	1.0	0.0	1.0	0.0	1.0	0.0	0.0	
213	28.0	1.0	0.0	0.0	1.0	0.0	0.0	1.0	1.0	0.0	0.0	
214	28.0	1.0	0.0	0.0	1.0	0.0	0.0	1.0	1.0	0.0	0.0	
215	26.0	0.0	1.0	0.0	1.0	0.0	0.0	1.0	1.0	0.0	0.0	
216	28.0	1.0	0.0	0.0	1.0	1.0	0.0	0.0	1.0	0.0	0.0	
217	30.0	1.0	0.0	0.0	1.0	0.0	1.0	0.0	1.0	0.0	0.0	
218	28.0	1.0	0.0	0.0	1.0	0.0	0.0	1.0	1.0	0.0	0.0	
219	28.0	1.0	0.0	0.0	1.0	0.0	0.0	1.0	1.0	0.0	0.0	
220	26.0	1.0	0.0	0.0	0.0	1.0	0.0	0.0	1.0	1.0	0.0	
221	28.0	1.0	0.0	0.0	1.0	1.0	0.0	0.0	1.0	0.0	0.0	
222	30.0	1.0	0.0	0.0	1.0	0.0	1.0	0.0	1.0	0.0	0.0	
223	28.0	1.0	0.0	0.0	1.0	1.0	0.0	0.0	1.0	0.0	0.0	
224	30.0	1.0	0.0	0.0	1.0	0.0	1.0	0.0	1.0	0.0	0.0	
225	28.0	1.0	0.0	0.0	1.0	0.0	0.0	1.0	1.0	0.0	0.0	
226	30.0	1.0	0.0	0.0	1.0	0.0	1.0	0.0	1.0	0.0	0.0	
227	30.0	1.0	0.0	0.0	1.0	0.0	1.0	0.0	1.0	0.0	0.0	
228	26.0	0.0	1.0	0.0	1.0	0.0	0.0	1.0	1.0	0.0	0.0	
229	28.0	1.0	0.0	0.0	1.0	0.0	0.0	1.0	1.0	0.0	0.0	
230	28.0	1.0	0.0	0.0	1.0	0.0	0.0	1.0	1.0	0.0	0.0	
231	28.0	1.0	0.0	0.0	1.0	0.0	0.0	1.0	1.0	0.0	0.0	
232	28.0	1.0	0.0	0.0	1.0	0.0	0.0	1.0	1.0	0.0	0.0	
233	28.0	1.0	0.0	0.0	1.0	0.0	0.0	1.0	1.0	0.0	0.0	
234	26.0	0.0	1.0	0.0	1.0	1.0	0.0	0.0	1.0	0.0	0.0	
235	30.0	1.0	0.0	0.0	1.0	0.0	1.0	0.0	1.0	0.0	0.0	
236	28.0	1.0	0.0	0.0	1.0	1.0	0.0	0.0	1.0	0.0	0.0	
237	30.0	1.0	0.0	0.0	1.0	0.0	1.0	0.0	1.0	0.0	0.0	
238	28.0	1.0	0.0	0.0	1.0	1.0	0.0	0.0	1.0	0.0	0.0	
239	26.0	0.0	1.0	0.0	1.0	1.0	0.0	0.0	1.0	0.0	0.0	
240	30.0	1.0	0.0	0.0	1.0	0.0	1.0	0.0	1.0	0.0	0.0	
241	28.0	0.0	1.0	0.0	1.0	0.0	1.0	0.0	1.0	0.0	0.0	
242	28.0	1.0	0.0	0.0	1.0	0.0	0.0	1.0	1.0	0.0	0.0	
243	28.0	1.0	0.0	0.0	1.0	1.0	0.0	0.0	1.0	0.0	0.0	
244	28.0	0.0	0.0	1.0	1.0	0.0	1.0	0.0	1.0	0.0	0.0	
245	28.0	1.0	0.0	0.0	1.0	0.0	0.0	1.0	1.0	0.0	0.0	
246	30.0	1.0	0.0	0.0	1.0	0.0	1.0	0.0	1.0	0.0	0.0	
247	28.0	1.0	0.0	0.0	0.0	0.0	1.0	0.0	1.0	0.0	1.0	
248	30.0	1.0	0.0	0.0	1.0	0.0	1.0	0.0	1.0	0.0	0.0	
249	28.0	1.0	0.0	0.0	1.0	1.0	0.0	0.0	1.0	0.0	0.0	
250	28.0	1.0	0.0	0.0	1.0	1.0	0.0	0.0	1.0	0.0	0.0	
251	28.0	1.0	0.0	0.0	0.0	0.0	1.0	0.0	1.0	0.0	1.0	
252	30.0	1.0	0.0	0.0	1.0	0.0	1.0	0.0	1.0	0.0	0.0	
253	28.0	1.0	0.0	0.0	1.0	1.0	0.0	0.0	1.0	0.0	0.0	
254	28.0	1.0	0.0	0.0	1.0	1.0	0.0	0.0	1.0	0.0	0.0	
255	30.0	1.0	0.0	0.0	1.0	0.0	1.0	0.0	1.0	0.0	0.0	
256	30.0	1.0	0.0	0.0	1.0	0.0	1.0	0.0	1.0	0.0	0.0	
257	30.0	1.0	0.0	0.0	1.0	0.0	1.0	0.0	1.0	0.0	0.0	
258	28.0	1.0	0.0	0.0	0.0	0.0	1.0	0.0	1.0	1.0	0.0	
259	28.0	1.0	0.0	0.0	1.0	1.0	0.0	0.0	1.0	0.0	0.0	
260	30.0	1.0	0.0	0.0	1.0	0.0	1.0	0.0	1.0	0.0	0.0	
261	28.0	1.0	0.0	0.0	1.0	0.0	0.0	1.0	1.0	0.0	0.0	
262	30.0	1.0	0.0	0.0	1.0	0.0	1.0	0.0	1.0	0.0	0.0	
263	28.0	0.0	0.0	1.0	1.0	0.0	1.0	0.0	1.0	0.0	0.0	
264	30.0	1.0	0.0	0.0	1.0	0.0	1.0	0.0	1.0	0.0	0.0	
265	28.0	1.0	0.0	0.0	1.0	1.0	0.0	0.0	1.0	0.0	0.0	
266	26.0	0.0	1.0	0.0	1.0	0.0	0.0	1.0	1.0	0.0	0.0	
267	26.0	1.0	0.0	0.0	0.0	0.0	0.0	1.0	1.0	0.0	1.0	
268	28.0	1.0	0.0	0.0	0.0	0.0	1.0	0.0	1.0	0.0	1.0	
269	30.0	1.0	0.0	0.0	1.0	0.0	1.0	0.0	1.0	0.0	0.0	
270	28.0	0.0	0.0	1.0	1.0	0.0	1.0	0.0	1.0	0.0	0.0	
271	30.0	1.0	0.0	0.0	1.0	0.0	1.0	0.0	1.0	0.0	0.0	
272	26.0	0.0	0.0	1.0	1.0	0.0	0.0	1.0	1.0	0.0	0.0	
273	30.0	1.0	0.0	0.0	1.0	0.0	1.0	0.0	1.0	0.0	0.0	
274	26.0	1.0	0.0	0.0	0.0	1.0	0.0	0.0	1.0	0.0	1.0	
275	30.0	1.0	0.0	0.0	1.0	0.0	1.0	0.0	1.0	0.0	0.0	
276	28.0	1.0	0.0	0.0	1.0	0.0	0.0	1.0	1.0	0.0	0.0	
277	30.0	1.0	0.0	0.0	1.0	0.0	1.0	0.0	1.0	0.0	0.0	
278	30.0	1.0	0.0	0.0	1.0	0.0	1.0	0.0	1.0	0.0	0.0	
279	26.0	0.0	0.0	1.0	1.0	0.0	0.0	1.0	1.0	0.0	0.0	
280	30.0	1.0	0.0	0.0	1.0	0.0	1.0	0.0	1.0	0.0	0.0	
281	28.0	1.0	0.0	0.0	1.0	0.0	0.0	1.0	1.0	0.0	0.0	
282	30.0	1.0	0.0	0.0	1.0	0.0	1.0	0.0	1.0	0.0	0.0	
283	28.0	1.0	0.0	0.0	1.0	1.0	0.0	0.0	1.0	0.0	0.0	
284	28.0	0.0	1.0	0.0	1.0	0.0	1.0	0.0	1.0	0.0	0.0	
285	28.0	1.0	0.0	0.0	1.0	0.0	0.0	1.0	1.0	0.0	0.0	
286	28.0	1.0	0.0	0.0	1.0	1.0	0.0	0.0	1.0	0.0	0.0	
287	30.0	1.0	0.0	0.0	1.0	0.0	1.0	0.0	1.0	0.0	0.0	
288	28.0	1.0	0.0	0.0	1.0	1.0	0.0	0.0	1.0	0.0	0.0	
289	28.0	1.0	0.0	0.0	1.0	0.0	0.0	1.0	1.0	0.0	0.0	
290	30.0	1.0	0.0	0.0	1.0	0.0	1.0	0.0	1.0	0.0	0.0	
291	28.0	1.0	0.0	0.0	1.0	0.0	0.0	1.0	1.0	0.0	0.0	
292	28.0	1.0	0.0	0.0	1.0	1.0	0.0	0.0	1.0	0.0	0.0	
293	30.0	1.0	0.0	0.0	1.0	0.0	1.0	0.0	1.0	0.0	0.0	
294	30.0	1.0	0.0	0.0	1.0	0.0	1.0	0.0	1.0	0.0	0.0	
295	28.0	1.0	0.0	0.0	0.0	0.0	1.0	0.0	1.0	1.0	0.0	
296	30.0	1.0	0.0	0.0	1.0	0.0	1.0	0.0	1.0	0.0	0.0	
297	28.0	1.0	0.0	0.0	1.0	0.0	0.0	1.0	1.0	0.0	0.0	
298	30.0	1.0	0.0	0.0	1.0	0.0	1.0	0.0	1.0	0.0	0.0	
299	30.0	1.0	0.0	0.0	1.0	0.0	1.0	0.0	1.0	0.0	0.0	
300	30.0	1.0	0.0	0.0	1.0	0.0	1.0	0.0	1.0	0.0	0.0	
301	30.0	1.0	0.0	0.0	1.0	0.0	1.0	0.0	1.0	0.0	0.0	
302	30.0	1.0	0.0	0.0	1.0	0.0	1.0	0.0	1.0	0.0	0.0	
303	30.0	1.0	0.0	0.0	1.0	0.0	1.0	0.0	1.0	0.0	0.0	
304	26.0	1.0	0.0	0.0	0.0	1.0	0.0	0.0	1.0	0.0	1.0	
305	30.0	1.0	0.0	0.0	1.0	0.0	1.0	0.0	1.0	0.0	0.0	
306	30.0	1.0	0.0	0.0	1.0	0.0	1.0	0.0	1.0	0.0	0.0	
307	28.0	1.0	0.0	0.0	1.0	1.0	0.0	0.0	1.0	0.0	0.0	
308	28.0	0.0	1.0	0.0	1.0	0.0	1.0	0.0	1.0	0.0	0.0	
309	30.0	1.0	0.0	0.0	1.0	0.0	1.0	0.0	1.0	0.0	0.0	
310	28.0	1.0	0.0	0.0	1.0	0.0	0.0	1.0	1.0	0.0	0.0	
311	28.0	1.0	0.0	0.0	1.0	1.0	0.0	0.0	1.0	0.0	0.0	
312	28.0	1.0	0.0	0.0	1.0	1.0	0.0	0.0	1.0	0.0	0.0	
313	30.0	1.0	0.0	0.0	1.0	0.0	1.0	0.0	1.0	0.0	0.0	
314	30.0	1.0	0.0	0.0	1.0	0.0	1.0	0.0	1.0	0.0	0.0	
315	30.0	1.0	0.0	0.0	1.0	0.0	1.0	0.0	1.0	0.0	0.0	
316	30.0	1.0	0.0	0.0	1.0	0.0	1.0	0.0	1.0	0.0	0.0	
317	30.0	1.0	0.0	0.0	1.0	0.0	1.0	0.0	1.0	0.0	0.0	
318	26.0	0.0	1.0	0.0	1.0	1.0	0.0	0.0	1.0	0.0	0.0	
319	30.0	1.0	0.0	0.0	1.0	0.0	1.0	0.0	1.0	0.0	0.0	
320	26.0	0.0	0.0	1.0	1.0	1.0	0.0	0.0	1.0	0.0	0.0	
321	28.0	1.0	0.0	0.0	1.0	0.0	0.0	1.0	1.0	0.0	0.0	
322	30.0	1.0	0.0	0.0	1.0	0.0	1.0	0.0	1.0	0.0	0.0	
323	28.0	1.0	0.0	0.0	0.0	0.0	1.0	0.0	1.0	1.0	0.0	
324	30.0	1.0	0.0	0.0	1.0	0.0	1.0	0.0	1.0	0.0	0.0	
325	30.0	1.0	0.0	0.0	1.0	0.0	1.0	0.0	1.0	0.0	0.0	
326	30.0	1.0	0.0	0.0	1.0	0.0	1.0	0.0	1.0	0.0	0.0	
327	28.0	1.0	0.0	0.0	1.0	0.0	0.0	1.0	1.0	0.0	0.0	
328	30.0	1.0	0.0	0.0	1.0	0.0	1.0	0.0	1.0	0.0	0.0	
329	30.0	1.0	0.0	0.0	1.0	0.0	1.0	0.0	1.0	0.0	0.0	
330	30.0	1.0	0.0	0.0	1.0	0.0	1.0	0.0	1.0	0.0	0.0	
331	30.0	1.0	0.0	0.0	1.0	0.0	1.0	0.0	1.0	0.0	0.0	
332	30.0	1.0	0.0	0.0	1.0	0.0	1.0	0.0	1.0	0.0	0.0	
333	28.0	1.0	0.0	0.0	1.0	0.0	0.0	1.0	1.0	0.0	0.0	
334	28.0	1.0	0.0	0.0	1.0	0.0	0.0	1.0	1.0	0.0	0.0	
335	28.0	1.0	0.0	0.0	1.0	0.0	0.0	1.0	1.0	0.0	0.0	
336	30.0	1.0	0.0	0.0	1.0	0.0	1.0	0.0	1.0	0.0	0.0	
337	28.0	0.0	0.0	1.0	1.0	0.0	1.0	0.0	1.0	0.0	0.0	
338	28.0	1.0	0.0	0.0	1.0	1.0	0.0	0.0	1.0	0.0	0.0	
339	28.0	0.0	1.0	0.0	1.0	0.0	1.0	0.0	1.0	0.0	0.0	
340	30.0	1.0	0.0	0.0	1.0	0.0	1.0	0.0	1.0	0.0	0.0	
341	30.0	1.0	0.0	0.0	1.0	0.0	1.0	0.0	1.0	0.0	0.0	
342	28.0	0.0	1.0	0.0	1.0	0.0	1.0	0.0	1.0	0.0	0.0	
343	30.0	1.0	0.0	0.0	1.0	0.0	1.0	0.0	1.0	0.0	0.0	
344	30.0	1.0	0.0	0.0	1.0	0.0	1.0	0.0	1.0	0.0	0.0	
345	28.0	1.0	0.0	0.0	1.0	0.0	0.0	1.0	1.0	0.0	0.0	
346	30.0	1.0	0.0	0.0	1.0	0.0	1.0	0.0	1.0	0.0	0.0	
347	26.0	0.0	1.0	0.0	1.0	1.0	0.0	0.0	1.0	0.0	0.0	
348	30.0	1.0	0.0	0.0	1.0	0.0	1.0	0.0	1.0	0.0	0.0	
349	30.0	1.0	0.0	0.0	1.0	0.0	1.0	0.0	1.0	0.0	0.0	
350	30.0	1.0	0.0	0.0	1.0	0.0	1.0	0.0	1.0	0.0	0.0	
351	28.0	1.0	0.0	0.0	1.0	0.0	0.0	1.0	1.0	0.0	0.0	
352	28.0	1.0	0.0	0.0	0.0	0.0	1.0	0.0	1.0	0.0	1.0	
353	28.0	1.0	0.0	0.0	1.0	1.0	0.0	0.0	1.0	0.0	0.0	
354	28.0	0.0	1.0	0.0	1.0	0.0	1.0	0.0	1.0	0.0	0.0	
355	30.0	1.0	0.0	0.0	1.0	0.0	1.0	0.0	1.0	0.0	0.0	
356	30.0	1.0	0.0	0.0	1.0	0.0	1.0	0.0	1.0	0.0	0.0	
357	30.0	1.0	0.0	0.0	1.0	0.0	1.0	0.0	1.0	0.0	0.0	
358	30.0	1.0	0.0	0.0	1.0	0.0	1.0	0.0	1.0	0.0	0.0	
359	30.0	1.0	0.0	0.0	1.0	0.0	1.0	0.0	1.0	0.0	0.0	
360	28.0	1.0	0.0	0.0	1.0	1.0	0.0	0.0	1.0	0.0	0.0	
361	26.0	1.0	0.0	0.0	0.0	0.0	0.0	1.0	1.0	1.0	0.0	
362	28.0	1.0	0.0	0.0	1.0	0.0	0.0	1.0	1.0	0.0	0.0	
363	28.0	0.0	1.0	0.0	1.0	0.0	1.0	0.0	1.0	0.0	0.0	
364	30.0	1.0	0.0	0.0	1.0	0.0	1.0	0.0	1.0	0.0	0.0	
365	28.0	1.0	0.0	0.0	1.0	0.0	0.0	1.0	1.0	0.0	0.0	
366	30.0	1.0	0.0	0.0	1.0	0.0	1.0	0.0	1.0	0.0	0.0	
367	30.0	1.0	0.0	0.0	1.0	0.0	1.0	0.0	1.0	0.0	0.0	
368	30.0	1.0	0.0	0.0	1.0	0.0	1.0	0.0	1.0	0.0	0.0	
369	28.0	1.0	0.0	0.0	1.0	1.0	0.0	0.0	1.0	0.0	0.0	
370	26.0	1.0	0.0	0.0	0.0	1.0	0.0	0.0	1.0	1.0	0.0	
371	30.0	1.0	0.0	0.0	1.0	0.0	1.0	0.0	1.0	0.0	0.0	
372	30.0	1.0	0.0	0.0	1.0	0.0	1.0	0.0	1.0	0.0	0.0	
373	28.0	1.0	0.0	0.0	1.0	1.0	0.0	0.0	1.0	0.0	0.0	
374	26.0	0.0	1.0	0.0	1.0	1.0	0.0	0.0	1.0	0.0	0.0	
375	28.0	0.0	1.0	0.0	1.0	0.0	1.0	0.0	1.0	0.0	0.0	
376	28.0	1.0	0.0	0.0	1.0	1.0	0.0	0.0	1.0	0.0	0.0	
377	28.0	1.0	0.0	0.0	1.0	1.0	0.0	0.0	1.0	0.0	0.0	
378	28.0	0.0	0.0	1.0	1.0	0.0	1.0	0.0	1.0	0.0	0.0	
379	30.0	1.0	0.0	0.0	1.0	0.0	1.0	0.0	1.0	0.0	0.0	
380	28.0	1.0	0.0	0.0	1.0	0.0	0.0	1.0	1.0	0.0	0.0	
381	30.0	1.0	0.0	0.0	1.0	0.0	1.0	0.0	1.0	0.0	0.0	
382	28.0	1.0	0.0	0.0	1.0	1.0	0.0	0.0	1.0	0.0	0.0	
383	24.0	0.0	1.0	0.0	0.0	1.0	0.0	0.0	1.0	0.0	1.0	
384	28.0	1.0	0.0	0.0	1.0	1.0	0.0	0.0	1.0	0.0	0.0	
385	28.0	1.0	0.0	0.0	0.0	0.0	1.0	0.0	1.0	1.0	0.0	
386	28.0	1.0	0.0	0.0	1.0	1.0	0.0	0.0	1.0	0.0	0.0	
387	28.0	1.0	0.0	0.0	1.0	0.0	0.0	1.0	1.0	0.0	0.0	
388	28.0	0.0	1.0	0.0	1.0	0.0	1.0	0.0	1.0	0.0	0.0	
389	28.0	1.0	0.0	0.0	1.0	1.0	0.0	0.0	1.0	0.0	0.0	
390	30.0	1.0	0.0	0.0	1.0	0.0	1.0	0.0	1.0	0.0	0.0	
391	30.0	1.0	0.0	0.0	1.0	0.0	1.0	0.0	1.0	0.0	0.0	
392	30.0	1.0	0.0	0.0	1.0	0.0	1.0	0.0	1.0	0.0	0.0	
393	30.0	1.0	0.0	0.0	1.0	0.0	1.0	0.0	1.0	0.0	0.0	
394	30.0	1.0	0.0	0.0	1.0	0.0	1.0	0.0	1.0	0.0	0.0	
395	28.0	1.0	0.0	0.0	1.0	1.0	0.0	0.0	1.0	0.0	0.0	
396	28.0	1.0	0.0	0.0	1.0	1.0	0.0	0.0	1.0	0.0	0.0	
397	28.0	0.0	0.0	1.0	1.0	0.0	1.0	0.0	1.0	0.0	0.0	
398	30.0	1.0	0.0	0.0	1.0	0.0	1.0	0.0	1.0	0.0	0.0	
399	26.0	1.0	0.0	0.0	1.0	1.0	0.0	0.0	0.0	0.0	0.0	
400	30.0	1.0	0.0	0.0	1.0	0.0	1.0	0.0	1.0	0.0	0.0	
401	30.0	1.0	0.0	0.0	1.0	0.0	1.0	0.0	1.0	0.0	0.0	
402	30.0	1.0	0.0	0.0	1.0	0.0	1.0	0.0	1.0	0.0	0.0	
403	30.0	1.0	0.0	0.0	1.0	0.0	1.0	0.0	1.0	0.0	0.0	
404	30.0	1.0	0.0	0.0	1.0	0.0	1.0	0.0	1.0	0.0	0.0	
405	28.0	1.0	0.0	0.0	1.0	0.0	0.0	1.0	1.0	0.0	0.0	
406	28.0	1.0	0.0	0.0	1.0	0.0	0.0	1.0	1.0	0.0	0.0	
407	30.0	1.0	0.0	0.0	1.0	0.0	1.0	0.0	1.0	0.0	0.0	
408	30.0	1.0	0.0	0.0	1.0	0.0	1.0	0.0	1.0	0.0	0.0	
409	30.0	1.0	0.0	0.0	1.0	0.0	1.0	0.0	1.0	0.0	0.0	
410	26.0	0.0	1.0	0.0	1.0	1.0	0.0	0.0	1.0	0.0	0.0	
411	30.0	1.0	0.0	0.0	1.0	0.0	1.0	0.0	1.0	0.0	0.0	
412	28.0	1.0	0.0	0.0	1.0	1.0	0.0	0.0	1.0	0.0	0.0	
413	30.0	1.0	0.0	0.0	1.0	0.0	1.0	0.0	1.0	0.0	0.0	
414	28.0	1.0	0.0	0.0	1.0	1.0	0.0	0.0	1.0	0.0	0.0	
415	30.0	1.0	0.0	0.0	1.0	0.0	1.0	0.0	1.0	0.0	0.0	
416	28.0	1.0	0.0	0.0	1.0	1.0	0.0	0.0	1.0	0.0	0.0	
417	30.0	1.0	0.0	0.0	1.0	0.0	1.0	0.0	1.0	0.0	0.0	
418	28.0	0.0	0.0	1.0	1.0	0.0	1.0	0.0	1.0	0.0	0.0	
419	28.0	1.0	0.0	0.0	0.0	0.0	1.0	0.0	1.0	0.0	1.0	
420	28.0	1.0	0.0	0.0	1.0	0.0	0.0	1.0	1.0	0.0	0.0	
421	26.0	0.0	1.0	0.0	1.0	1.0	0.0	0.0	1.0	0.0	0.0	
422	26.0	0.0	1.0	0.0	0.0	0.0	1.0	0.0	1.0	1.0	0.0	
423	26.0	0.0	0.0	1.0	1.0	1.0	0.0	0.0	1.0	0.0	0.0	
424	28.0	1.0	0.0	0.0	1.0	1.0	0.0	0.0	1.0	0.0	0.0	
425	30.0	1.0	0.0	0.0	1.0	0.0	1.0	0.0	1.0	0.0	0.0	
426	30.0	1.0	0.0	0.0	1.0	0.0	1.0	0.0	1.0	0.0	0.0	
427	30.0	1.0	0.0	0.0	1.0	0.0	1.0	0.0	1.0	0.0	0.0	
428	30.0	1.0	0.0	0.0	1.0	0.0	1.0	0.0	1.0	0.0	0.0	
429	30.0	1.0	0.0	0.0	1.0	0.0	1.0	0.0	1.0	0.0	0.0	
430	28.0	1.0	0.0	0.0	1.0	1.0	0.0	0.0	1.0	0.0	0.0	
431	28.0	0.0	1.0	0.0	1.0	0.0	1.0	0.0	1.0	0.0	0.0	
432	28.0	1.0	0.0	0.0	1.0	1.0	0.0	0.0	1.0	0.0	0.0	
433	30.0	1.0	0.0	0.0	1.0	0.0	1.0	0.0	1.0	0.0	0.0	
434	30.0	1.0	0.0	0.0	1.0	0.0	1.0	0.0	1.0	0.0	0.0	
435	28.0	0.0	1.0	0.0	1.0	0.0	1.0	0.0	1.0	0.0	0.0	
436	28.0	1.0	0.0	0.0	1.0	1.0	0.0	0.0	1.0	0.0	0.0	
437	28.0	1.0	0.0	0.0	1.0	1.0	0.0	0.0	1.0	0.0	0.0	
438	28.0	0.0	1.0	0.0	1.0	0.0	1.0	0.0	1.0	0.0	0.0	
439	30.0	1.0	0.0	0.0	1.0	0.0	1.0	0.0	1.0	0.0	0.0	
440	30.0	1.0	0.0	0.0	1.0	0.0	1.0	0.0	1.0	0.0	0.0	
441	28.0	1.0	0.0	0.0	0.0	0.0	1.0	0.0	1.0	1.0	0.0	
442	30.0	1.0	0.0	0.0	1.0	0.0	1.0	0.0	1.0	0.0	0.0	
443	30.0	1.0	0.0	0.0	1.0	0.0	1.0	0.0	1.0	0.0	0.0	
444	28.0	1.0	0.0	0.0	1.0	0.0	0.0	1.0	1.0	0.0	0.0	
445	28.0	1.0	0.0	0.0	1.0	1.0	0.0	0.0	1.0	0.0	0.0	
446	30.0	1.0	0.0	0.0	1.0	0.0	1.0	0.0	1.0	0.0	0.0	
447	30.0	1.0	0.0	0.0	1.0	0.0	1.0	0.0	1.0	0.0	0.0	
448	30.0	1.0	0.0	0.0	1.0	0.0	1.0	0.0	1.0	0.0	0.0	
449	30.0	1.0	0.0	0.0	1.0	0.0	1.0	0.0	1.0	0.0	0.0	
450	30.0	1.0	0.0	0.0	1.0	0.0	1.0	0.0	1.0	0.0	0.0	
451	28.0	1.0	0.0	0.0	1.0	1.0	0.0	0.0	1.0	0.0	0.0	
452	28.0	1.0	0.0	0.0	0.0	0.0	1.0	0.0	1.0	1.0	0.0	
453	28.0	1.0	0.0	0.0	1.0	0.0	0.0	1.0	1.0	0.0	0.0	
454	30.0	1.0	0.0	0.0	1.0	0.0	1.0	0.0	1.0	0.0	0.0	
455	30.0	1.0	0.0	0.0	1.0	0.0	1.0	0.0	1.0	0.0	0.0	
456	30.0	1.0	0.0	0.0	1.0	0.0	1.0	0.0	1.0	0.0	0.0	
457	30.0	1.0	0.0	0.0	1.0	0.0	1.0	0.0	1.0	0.0	0.0	
458	30.0	1.0	0.0	0.0	1.0	0.0	1.0	0.0	1.0	0.0	0.0	
459	30.0	1.0	0.0	0.0	1.0	0.0	1.0	0.0	1.0	0.0	0.0	
460	30.0	1.0	0.0	0.0	1.0	0.0	1.0	0.0	1.0	0.0	0.0	
461	28.0	0.0	1.0	0.0	1.0	0.0	1.0	0.0	1.0	0.0	0.0	
462	30.0	1.0	0.0	0.0	1.0	0.0	1.0	0.0	1.0	0.0	0.0	
463	28.0	0.0	0.0	1.0	1.0	0.0	1.0	0.0	1.0	0.0	0.0	
464	28.0	0.0	1.0	0.0	1.0	0.0	1.0	0.0	1.0	0.0	0.0	
465	30.0	1.0	0.0	0.0	1.0	0.0	1.0	0.0	1.0	0.0	0.0	
466	28.0	0.0	0.0	1.0	1.0	0.0	1.0	0.0	1.0	0.0	0.0	
467	26.0	0.0	0.0	1.0	1.0	0.0	0.0	1.0	1.0	0.0	0.0	
468	28.0	1.0	0.0	0.0	1.0	0.0	0.0	1.0	1.0	0.0	0.0	
469	28.0	1.0	0.0	0.0	1.0	1.0	0.0	0.0	1.0	0.0	0.0	
470	30.0	1.0	0.0	0.0	1.0	0.0	1.0	0.0	1.0	0.0	0.0	
471	30.0	1.0	0.0	0.0	1.0	0.0	1.0	0.0	1.0	0.0	0.0	
472	28.0	0.0	1.0	0.0	1.0	0.0	1.0	0.0	1.0	0.0	0.0	
473	28.0	1.0	0.0	0.0	1.0	1.0	0.0	0.0	1.0	0.0	0.0	
474	30.0	1.0	0.0	0.0	1.0	0.0	1.0	0.0	1.0	0.0	0.0	
475	28.0	0.0	0.0	1.0	1.0	0.0	1.0	0.0	1.0	0.0	0.0	
476	30.0	1.0	0.0	0.0	1.0	0.0	1.0	0.0	1.0	0.0	0.0	
477	28.0	1.0	0.0	0.0	1.0	0.0	0.0	1.0	1.0	0.0	0.0	
478	28.0	1.0	0.0	0.0	1.0	1.0	0.0	0.0	1.0	0.0	0.0	
479	30.0	1.0	0.0	0.0	1.0	0.0	1.0	0.0	1.0	0.0	0.0	
480	30.0	1.0	0.0	0.0	1.0	0.0	1.0	0.0	1.0	0.0	0.0	
481	30.0	1.0	0.0	0.0	1.0	0.0	1.0	0.0	1.0	0.0	0.0	
482	28.0	1.0	0.0	0.0	1.0	0.0	0.0	1.0	1.0	0.0	0.0	
483	30.0	1.0	0.0	0.0	1.0	0.0	1.0	0.0	1.0	0.0	0.0	
484	28.0	1.0	0.0	0.0	1.0	0.0	0.0	1.0	1.0	0.0	0.0	
485	28.0	1.0	0.0	0.0	1.0	1.0	0.0	0.0	1.0	0.0	0.0	
486	28.0	1.0	0.0	0.0	1.0	1.0	0.0	0.0	1.0	0.0	0.0	
487	30.0	1.0	0.0	0.0	1.0	0.0	1.0	0.0	1.0	0.0	0.0	
488	28.0	1.0	0.0	0.0	1.0	0.0	0.0	1.0	1.0	0.0	0.0	
489	30.0	1.0	0.0	0.0	1.0	0.0	1.0	0.0	1.0	0.0	0.0	
490	30.0	1.0	0.0	0.0	1.0	0.0	1.0	0.0	1.0	0.0	0.0	
491	28.0	0.0	0.0	1.0	1.0	0.0	1.0	0.0	1.0	0.0	0.0	
492	26.0	0.0	0.0	1.0	1.0	1.0	0.0	0.0	1.0	0.0	0.0	
493	28.0	0.0	0.0	1.0	1.0	0.0	1.0	0.0	1.0	0.0	0.0	
494	26.0	0.0	1.0	0.0	1.0	0.0	0.0	1.0	1.0	0.0	0.0	
495	30.0	1.0	0.0	0.0	1.0	0.0	1.0	0.0	1.0	0.0	0.0	
496	30.0	1.0	0.0	0.0	1.0	0.0	1.0	0.0	1.0	0.0	0.0	
497	30.0	1.0	0.0	0.0	1.0	0.0	1.0	0.0	1.0	0.0	0.0	
498	24.0	0.0	1.0	0.0	0.0	1.0	0.0	0.0	1.0	1.0	0.0	
499	26.0	0.0	0.0	1.0	1.0	1.0	0.0	0.0	1.0	0.0	0.0	
500	30.0	1.0	0.0	0.0	1.0	0.0	1.0	0.0	1.0	0.0	0.0	
501	30.0	1.0	0.0	0.0	1.0	0.0	1.0	0.0	1.0	0.0	0.0	
502	30.0	1.0	0.0	0.0	1.0	0.0	1.0	0.0	1.0	0.0	0.0	
503	28.0	0.0	1.0	0.0	1.0	0.0	1.0	0.0	1.0	0.0	0.0	
504	30.0	1.0	0.0	0.0	1.0	0.0	1.0	0.0	1.0	0.0	0.0	
505	30.0	1.0	0.0	0.0	1.0	0.0	1.0	0.0	1.0	0.0	0.0	
506	28.0	1.0	0.0	0.0	1.0	0.0	0.0	1.0	1.0	0.0	0.0	
507	30.0	1.0	0.0	0.0	1.0	0.0	1.0	0.0	1.0	0.0	0.0	
508	28.0	1.0	0.0	0.0	1.0	1.0	0.0	0.0	1.0	0.0	0.0	
509	28.0	1.0	0.0	0.0	1.0	0.0	0.0	1.0	1.0	0.0	0.0	
510	28.0	0.0	1.0	0.0	1.0	0.0	1.0	0.0	1.0	0.0	0.0	
511	28.0	1.0	0.0	0.0	1.0	1.0	0.0	0.0	1.0	0.0	0.0	
512	28.0	1.0	0.0	0.0	1.0	0.0	0.0	1.0	1.0	0.0	0.0	
513	30.0	1.0	0.0	0.0	1.0	0.0	1.0	0.0	1.0	0.0	0.0	
514	28.0	1.0	0.0	0.0	1.0	0.0	0.0	1.0	1.0	0.0	0.0	
515	30.0	1.0	0.0	0.0	1.0	0.0	1.0	0.0	1.0	0.0	0.0	
516	28.0	1.0	0.0	0.0	1.0	0.0	0.0	1.0	1.0	0.0	0.0	
517	28.0	0.0	1.0	0.0	1.0	0.0	1.0	0.0	1.0	0.0	0.0	
518	28.0	1.0	0.0	0.0	1.0	0.0	0.0	1.0	1.0	0.0	0.0	
519	30.0	1.0	0.0	0.0	1.0	0.0	1.0	0.0	1.0	0.0	0.0	
520	28.0	0.0	1.0	0.0	1.0	0.0	1.0	0.0	1.0	0.0	0.0	
521	30.0	1.0	0.0	0.0	1.0	0.0	1.0	0.0	1.0	0.0	0.0	
522	28.0	1.0	0.0	0.0	1.0	1.0	0.0	0.0	1.0	0.0	0.0	
523	30.0	1.0	0.0	0.0	1.0	0.0	1.0	0.0	1.0	0.0	0.0	
524	28.0	1.0	0.0	0.0	1.0	0.0	0.0	1.0	1.0	0.0	0.0	
525	26.0	0.0	1.0	0.0	1.0	0.0	0.0	1.0	1.0	0.0	0.0	
526	30.0	1.0	0.0	0.0	1.0	0.0	1.0	0.0	1.0	0.0	0.0	
527	26.0	0.0	1.0	0.0	1.0	0.0	0.0	1.0	1.0	0.0	0.0	
528	30.0	1.0	0.0	0.0	1.0	0.0	1.0	0.0	1.0	0.0	0.0	
529	30.0	1.0	0.0	0.0	1.0	0.0	1.0	0.0	1.0	0.0	0.0	
530	28.0	1.0	0.0	0.0	1.0	0.0	0.0	1.0	1.0	0.0	0.0	
531	30.0	1.0	0.0	0.0	1.0	0.0	1.0	0.0	1.0	0.0	0.0	
532	30.0	1.0	0.0	0.0	1.0	0.0	1.0	0.0	1.0	0.0	0.0	
533	30.0	1.0	0.0	0.0	1.0	0.0	1.0	0.0	1.0	0.0	0.0	
534	28.0	0.0	1.0	0.0	1.0	0.0	1.0	0.0	1.0	0.0	0.0	
535	30.0	1.0	0.0	0.0	1.0	0.0	1.0	0.0	1.0	0.0	0.0	
536	28.0	1.0	0.0	0.0	1.0	0.0	0.0	1.0	1.0	0.0	0.0	
537	30.0	1.0	0.0	0.0	1.0	0.0	1.0	0.0	1.0	0.0	0.0	
538	28.0	1.0	0.0	0.0	1.0	1.0	0.0	0.0	1.0	0.0	0.0	
539	26.0	0.0	1.0	0.0	1.0	1.0	0.0	0.0	1.0	0.0	0.0	
540	28.0	1.0	0.0	0.0	1.0	0.0	0.0	1.0	1.0	0.0	0.0	
541	26.0	1.0	0.0	0.0	0.0	0.0	0.0	1.0	1.0	0.0	1.0	
542	28.0	1.0	0.0	0.0	1.0	1.0	0.0	0.0	1.0	0.0	0.0	
543	30.0	1.0	0.0	0.0	1.0	0.0	1.0	0.0	1.0	0.0	0.0	
544	30.0	1.0	0.0	0.0	1.0	0.0	1.0	0.0	1.0	0.0	0.0	
545	28.0	1.0	0.0	0.0	0.0	0.0	1.0	0.0	1.0	0.0	1.0	
546	30.0	1.0	0.0	0.0	1.0	0.0	1.0	0.0	1.0	0.0	0.0	
547	28.0	0.0	1.0	0.0	1.0	0.0	1.0	0.0	1.0	0.0	0.0	
548	28.0	1.0	0.0	0.0	1.0	0.0	0.0	1.0	1.0	0.0	0.0	
549	30.0	1.0	0.0	0.0	1.0	0.0	1.0	0.0	1.0	0.0	0.0	
550	28.0	0.0	1.0	0.0	1.0	0.0	1.0	0.0	1.0	0.0	0.0	
551	28.0	0.0	1.0	0.0	1.0	0.0	1.0	0.0	1.0	0.0	0.0	
552	30.0	1.0	0.0	0.0	1.0	0.0	1.0	0.0	1.0	0.0	0.0	
553	26.0	0.0	1.0	0.0	1.0	1.0	0.0	0.0	1.0	0.0	0.0	
554	30.0	1.0	0.0	0.0	1.0	0.0	1.0	0.0	1.0	0.0	0.0	
555	26.0	0.0	1.0	0.0	1.0	1.0	0.0	0.0	1.0	0.0	0.0	
556	28.0	1.0	0.0	0.0	1.0	0.0	0.0	1.0	1.0	0.0	0.0	
557	28.0	1.0	0.0	0.0	1.0	1.0	0.0	0.0	1.0	0.0	0.0	
558	30.0	1.0	0.0	0.0	1.0	0.0	1.0	0.0	1.0	0.0	0.0	
559	28.0	1.0	0.0	0.0	1.0	1.0	0.0	0.0	1.0	0.0	0.0	
560	28.0	1.0	0.0	0.0	1.0	1.0	0.0	0.0	1.0	0.0	0.0	
561	30.0	1.0	0.0	0.0	1.0	0.0	1.0	0.0	1.0	0.0	0.0	
562	30.0	1.0	0.0	0.0	1.0	0.0	1.0	0.0	1.0	0.0	0.0	
563	30.0	1.0	0.0	0.0	1.0	0.0	1.0	0.0	1.0	0.0	0.0	
564	28.0	0.0	0.0	1.0	1.0	0.0	1.0	0.0	1.0	0.0	0.0	
565	30.0	1.0	0.0	0.0	1.0	0.0	1.0	0.0	1.0	0.0	0.0	
566	30.0	1.0	0.0	0.0	1.0	0.0	1.0	0.0	1.0	0.0	0.0	
567	30.0	1.0	0.0	0.0	1.0	0.0	1.0	0.0	1.0	0.0	0.0	
568	30.0	1.0	0.0	0.0	1.0	0.0	1.0	0.0	1.0	0.0	0.0	
569	30.0	1.0	0.0	0.0	1.0	0.0	1.0	0.0	1.0	0.0	0.0	
570	28.0	1.0	0.0	0.0	1.0	1.0	0.0	0.0	1.0	0.0	0.0	
571	30.0	1.0	0.0	0.0	1.0	0.0	1.0	0.0	1.0	0.0	0.0	
572	28.0	1.0	0.0	0.0	1.0	1.0	0.0	0.0	1.0	0.0	0.0	
573	30.0	1.0	0.0	0.0	1.0	0.0	1.0	0.0	1.0	0.0	0.0	
574	30.0	1.0	0.0	0.0	1.0	0.0	1.0	0.0	1.0	0.0	0.0	
575	30.0	1.0	0.0	0.0	1.0	0.0	1.0	0.0	1.0	0.0	0.0	
576	28.0	1.0	0.0	0.0	1.0	0.0	0.0	1.0	1.0	0.0	0.0	
577	28.0	1.0	0.0	0.0	1.0	0.0	0.0	1.0	1.0	0.0	0.0	
578	28.0	1.0	0.0	0.0	1.0	0.0	0.0	1.0	1.0	0.0	0.0	
579	28.0	1.0	0.0	0.0	1.0	1.0	0.0	0.0	1.0	0.0	0.0	
580	30.0	1.0	0.0	0.0	1.0	0.0	1.0	0.0	1.0	0.0	0.0	
581	28.0	1.0	0.0	0.0	1.0	1.0	0.0	0.0	1.0	0.0	0.0	
582	28.0	1.0	0.0	0.0	1.0	1.0	0.0	0.0	1.0	0.0	0.0	
583	30.0	1.0	0.0	0.0	1.0	0.0	1.0	0.0	1.0	0.0	0.0	
584	28.0	1.0	0.0	0.0	1.0	0.0	0.0	1.0	1.0	0.0	0.0	
585	28.0	1.0	0.0	0.0	1.0	1.0	0.0	0.0	1.0	0.0	0.0	
586	30.0	1.0	0.0	0.0	1.0	0.0	1.0	0.0	1.0	0.0	0.0	
587	28.0	1.0	0.0	0.0	1.0	1.0	0.0	0.0	1.0	0.0	0.0	
588	28.0	1.0	0.0	0.0	1.0	1.0	0.0	0.0	1.0	0.0	0.0	
589	28.0	0.0	0.0	1.0	1.0	0.0	1.0	0.0	1.0	0.0	0.0	
590	28.0	1.0	0.0	0.0	1.0	0.0	0.0	1.0	1.0	0.0	0.0	
591	30.0	1.0	0.0	0.0	1.0	0.0	1.0	0.0	1.0	0.0	0.0	
592	28.0	1.0	0.0	0.0	1.0	0.0	0.0	1.0	1.0	0.0	0.0	
593	30.0	1.0	0.0	0.0	1.0	0.0	1.0	0.0	1.0	0.0	0.0	
594	28.0	1.0	0.0	0.0	1.0	0.0	0.0	1.0	1.0	0.0	0.0	
595	28.0	1.0	0.0	0.0	1.0	1.0	0.0	0.0	1.0	0.0	0.0	
596	28.0	1.0	0.0	0.0	1.0	1.0	0.0	0.0	1.0	0.0	0.0	
597	28.0	1.0	0.0	0.0	0.0	0.0	1.0	0.0	1.0	1.0	0.0	
598	28.0	1.0	0.0	0.0	1.0	1.0	0.0	0.0	1.0	0.0	0.0	
599	30.0	1.0	0.0	0.0	1.0	0.0	1.0	0.0	1.0	0.0	0.0	
600	30.0	1.0	0.0	0.0	1.0	0.0	1.0	0.0	1.0	0.0	0.0	
601	30.0	1.0	0.0	0.0	1.0	0.0	1.0	0.0	1.0	0.0	0.0	
602	28.0	1.0	0.0	0.0	1.0	0.0	0.0	1.0	1.0	0.0	0.0	
603	26.0	1.0	0.0	0.0	0.0	0.0	0.0	1.0	1.0	0.0	1.0	
604	28.0	1.0	0.0	0.0	1.0	0.0	0.0	1.0	1.0	0.0	0.0	
605	30.0	1.0	0.0	0.0	1.0	0.0	1.0	0.0	1.0	0.0	0.0	
606	28.0	0.0	0.0	1.0	1.0	0.0	1.0	0.0	1.0	0.0	0.0	
607	28.0	1.0	0.0	0.0	1.0	0.0	0.0	1.0	1.0	0.0	0.0	
608	28.0	0.0	1.0	0.0	1.0	0.0	1.0	0.0	1.0	0.0	0.0	
609	24.0	0.0	0.0	1.0	0.0	1.0	0.0	0.0	1.0	1.0	0.0	
610	30.0	1.0	0.0	0.0	1.0	0.0	1.0	0.0	1.0	0.0	0.0	
611	30.0	1.0	0.0	0.0	1.0	0.0	1.0	0.0	1.0	0.0	0.0	
612	28.0	1.0	0.0	0.0	1.0	1.0	0.0	0.0	1.0	0.0	0.0	
613	28.0	1.0	0.0	0.0	1.0	1.0	0.0	0.0	1.0	0.0	0.0	
614	30.0	1.0	0.0	0.0	1.0	0.0	1.0	0.0	1.0	0.0	0.0	
615	26.0	1.0	0.0	0.0	0.0	1.0	0.0	0.0	1.0	1.0	0.0	
616	30.0	1.0	0.0	0.0	1.0	0.0	1.0	0.0	1.0	0.0	0.0	
617	30.0	1.0	0.0	0.0	1.0	0.0	1.0	0.0	1.0	0.0	0.0	
618	30.0	1.0	0.0	0.0	1.0	0.0	1.0	0.0	1.0	0.0	0.0	
619	28.0	1.0	0.0	0.0	1.0	1.0	0.0	0.0	1.0	0.0	0.0	
620	30.0	1.0	0.0	0.0	1.0	0.0	1.0	0.0	1.0	0.0	0.0	
621	28.0	0.0	0.0	1.0	1.0	0.0	1.0	0.0	1.0	0.0	0.0	
622	30.0	1.0	0.0	0.0	1.0	0.0	1.0	0.0	1.0	0.0	0.0	
623	30.0	1.0	0.0	0.0	1.0	0.0	1.0	0.0	1.0	0.0	0.0	
624	28.0	1.0	0.0	0.0	1.0	1.0	0.0	0.0	1.0	0.0	0.0	
625	28.0	1.0	0.0	0.0	1.0	0.0	0.0	1.0	1.0	0.0	0.0	
626	30.0	1.0	0.0	0.0	1.0	0.0	1.0	0.0	1.0	0.0	0.0	
627	28.0	1.0	0.0	0.0	1.0	1.0	0.0	0.0	1.0	0.0	0.0	
628	30.0	1.0	0.0	0.0	1.0	0.0	1.0	0.0	1.0	0.0	0.0	
629	28.0	1.0	0.0	0.0	1.0	0.0	0.0	1.0	1.0	0.0	0.0	
630	28.0	1.0	0.0	0.0	0.0	0.0	1.0	0.0	1.0	0.0	1.0	
631	28.0	1.0	0.0	0.0	0.0	0.0	1.0	0.0	1.0	1.0	0.0	
632	30.0	1.0	0.0	0.0	1.0	0.0	1.0	0.0	1.0	0.0	0.0	
633	28.0	1.0	0.0	0.0	1.0	0.0	0.0	1.0	1.0	0.0	0.0	
634	26.0	0.0	1.0	0.0	1.0	0.0	0.0	1.0	1.0	0.0	0.0	
635	30.0	1.0	0.0	0.0	1.0	0.0	1.0	0.0	1.0	0.0	0.0	
636	30.0	1.0	0.0	0.0	1.0	0.0	1.0	0.0	1.0	0.0	0.0	
637	30.0	1.0	0.0	0.0	1.0	0.0	1.0	0.0	1.0	0.0	0.0	
638	30.0	1.0	0.0	0.0	1.0	0.0	1.0	0.0	1.0	0.0	0.0	
639	28.0	1.0	0.0	0.0	1.0	1.0	0.0	0.0	1.0	0.0	0.0	
640	30.0	1.0	0.0	0.0	1.0	0.0	1.0	0.0	1.0	0.0	0.0	
641	26.0	0.0	0.0	1.0	1.0	1.0	0.0	0.0	1.0	0.0	0.0	
642	30.0	1.0	0.0	0.0	1.0	0.0	1.0	0.0	1.0	0.0	0.0	
643	30.0	1.0	0.0	0.0	1.0	0.0	1.0	0.0	1.0	0.0	0.0	
644	28.0	1.0	0.0	0.0	1.0	1.0	0.0	0.0	1.0	0.0	0.0	
645	28.0	1.0	0.0	0.0	1.0	1.0	0.0	0.0	1.0	0.0	0.0	
646	26.0	0.0	0.0	1.0	1.0	0.0	0.0	1.0	1.0	0.0	0.0	
647	30.0	1.0	0.0	0.0	1.0	0.0	1.0	0.0	1.0	0.0	0.0	
648	28.0	1.0	0.0	0.0	1.0	1.0	0.0	0.0	1.0	0.0	0.0	
649	28.0	1.0	0.0	0.0	1.0	0.0	0.0	1.0	1.0	0.0	0.0	
650	28.0	1.0	0.0	0.0	1.0	1.0	0.0	0.0	1.0	0.0	0.0	
651	26.0	0.0	1.0	0.0	1.0	0.0	0.0	1.0	1.0	0.0	0.0	
652	28.0	1.0	0.0	0.0	1.0	1.0	0.0	0.0	1.0	0.0	0.0	
653	28.0	1.0	0.0	0.0	1.0	1.0	0.0	0.0	1.0	0.0	0.0	
654	30.0	1.0	0.0	0.0	1.0	0.0	1.0	0.0	1.0	0.0	0.0	
655	30.0	1.0	0.0	0.0	1.0	0.0	1.0	0.0	1.0	0.0	0.0	
656	30.0	1.0	0.0	0.0	1.0	0.0	1.0	0.0	1.0	0.0	0.0	
657	26.0	0.0	1.0	0.0	1.0	0.0	0.0	1.0	1.0	0.0	0.0	
658	30.0	1.0	0.0	0.0	1.0	0.0	1.0	0.0	1.0	0.0	0.0	
659	30.0	1.0	0.0	0.0	1.0	0.0	1.0	0.0	1.0	0.0	0.0	
660	26.0	0.0	1.0	0.0	1.0	1.0	0.0	0.0	1.0	0.0	0.0	
661	24.0	0.0	1.0	0.0	0.0	0.0	0.0	1.0	1.0	1.0	0.0	
662	28.0	1.0	0.0	0.0	1.0	1.0	0.0	0.0	1.0	0.0	0.0	
663	28.0	1.0	0.0	0.0	1.0	1.0	0.0	0.0	1.0	0.0	0.0	
664	30.0	1.0	0.0	0.0	1.0	0.0	1.0	0.0	1.0	0.0	0.0	
665	26.0	0.0	1.0	0.0	1.0	1.0	0.0	0.0	1.0	0.0	0.0	
666	28.0	1.0	0.0	0.0	1.0	1.0	0.0	0.0	1.0	0.0	0.0	
667	30.0	1.0	0.0	0.0	1.0	0.0	1.0	0.0	1.0	0.0	0.0	
668	30.0	1.0	0.0	0.0	1.0	0.0	1.0	0.0	1.0	0.0	0.0	
669	28.0	1.0	0.0	0.0	1.0	1.0	0.0	0.0	1.0	0.0	0.0	
670	28.0	1.0	0.0	0.0	1.0	0.0	0.0	1.0	1.0	0.0	0.0	
671	28.0	1.0	0.0	0.0	1.0	1.0	0.0	0.0	1.0	0.0	0.0	
672	30.0	1.0	0.0	0.0	1.0	0.0	1.0	0.0	1.0	0.0	0.0	
673	28.0	1.0	0.0	0.0	1.0	1.0	0.0	0.0	1.0	0.0	0.0	
674	26.0	1.0	0.0	0.0	0.0	0.0	0.0	1.0	1.0	1.0	0.0	
675	28.0	1.0	0.0	0.0	1.0	0.0	0.0	1.0	1.0	0.0	0.0	
676	30.0	1.0	0.0	0.0	1.0	0.0	1.0	0.0	1.0	0.0	0.0	
677	28.0	1.0	0.0	0.0	1.0	1.0	0.0	0.0	1.0	0.0	0.0	
678	30.0	1.0	0.0	0.0	1.0	0.0	1.0	0.0	1.0	0.0	0.0	
679	28.0	1.0	0.0	0.0	1.0	1.0	0.0	0.0	1.0	0.0	0.0	
680	26.0	0.0	0.0	1.0	1.0	1.0	0.0	0.0	1.0	0.0	0.0	
681	28.0	1.0	0.0	0.0	1.0	0.0	0.0	1.0	1.0	0.0	0.0	
682	30.0	1.0	0.0	0.0	1.0	0.0	1.0	0.0	1.0	0.0	0.0	
683	28.0	1.0	0.0	0.0	1.0	1.0	0.0	0.0	1.0	0.0	0.0	
684	30.0	1.0	0.0	0.0	1.0	0.0	1.0	0.0	1.0	0.0	0.0	
685	28.0	1.0	0.0	0.0	1.0	0.0	0.0	1.0	1.0	0.0	0.0	
686	30.0	1.0	0.0	0.0	1.0	0.0	1.0	0.0	1.0	0.0	0.0	
687	28.0	1.0	0.0	0.0	1.0	1.0	0.0	0.0	1.0	0.0	0.0	
688	28.0	1.0	0.0	0.0	1.0	1.0	0.0	0.0	1.0	0.0	0.0	
689	30.0	1.0	0.0	0.0	1.0	0.0	1.0	0.0	1.0	0.0	0.0	
690	26.0	0.0	1.0	0.0	0.0	0.0	1.0	0.0	1.0	0.0	1.0	
691	28.0	0.0	1.0	0.0	1.0	0.0	1.0	0.0	1.0	0.0	0.0	
692	30.0	1.0	0.0	0.0	1.0	0.0	1.0	0.0	1.0	0.0	0.0	
693	30.0	1.0	0.0	0.0	1.0	0.0	1.0	0.0	1.0	0.0	0.0	
694	30.0	1.0	0.0	0.0	1.0	0.0	1.0	0.0	1.0	0.0	0.0	
695	28.0	1.0	0.0	0.0	1.0	0.0	0.0	1.0	1.0	0.0	0.0	
696	28.0	1.0	0.0	0.0	1.0	0.0	0.0	1.0	1.0	0.0	0.0	
697	30.0	1.0	0.0	0.0	1.0	0.0	1.0	0.0	1.0	0.0	0.0	
698	28.0	1.0	0.0	0.0	1.0	1.0	0.0	0.0	1.0	0.0	0.0	
699	30.0	1.0	0.0	0.0	1.0	0.0	1.0	0.0	1.0	0.0	0.0	
700	26.0	1.0	0.0	0.0	0.0	0.0	0.0	1.0	1.0	0.0	1.0	
701	24.0	0.0	0.0	1.0	0.0	1.0	0.0	0.0	1.0	0.0	1.0	
702	28.0	1.0	0.0	0.0	1.0	0.0	0.0	1.0	1.0	0.0	0.0	
703	28.0	0.0	0.0	1.0	1.0	0.0	1.0	0.0	1.0	0.0	0.0	
704	30.0	1.0	0.0	0.0	1.0	0.0	1.0	0.0	1.0	0.0	0.0	
705	30.0	1.0	0.0	0.0	1.0	0.0	1.0	0.0	1.0	0.0	0.0	
706	30.0	1.0	0.0	0.0	1.0	0.0	1.0	0.0	1.0	0.0	0.0	
707	28.0	1.0	0.0	0.0	1.0	1.0	0.0	0.0	1.0	0.0	0.0	
708	28.0	1.0	0.0	0.0	1.0	0.0	0.0	1.0	1.0	0.0	0.0	
709	30.0	1.0	0.0	0.0	1.0	0.0	1.0	0.0	1.0	0.0	0.0	
710	30.0	1.0	0.0	0.0	1.0	0.0	1.0	0.0	1.0	0.0	0.0	
711	28.0	0.0	0.0	1.0	1.0	0.0	1.0	0.0	1.0	0.0	0.0	
712	28.0	1.0	0.0	0.0	1.0	0.0	0.0	1.0	1.0	0.0	0.0	
713	30.0	1.0	0.0	0.0	1.0	0.0	1.0	0.0	1.0	0.0	0.0	
714	28.0	0.0	0.0	1.0	1.0	0.0	1.0	0.0	1.0	0.0	0.0	
715	30.0	1.0	0.0	0.0	1.0	0.0	1.0	0.0	1.0	0.0	0.0	
716	30.0	1.0	0.0	0.0	1.0	0.0	1.0	0.0	1.0	0.0	0.0	
717	28.0	1.0	0.0	0.0	1.0	1.0	0.0	0.0	1.0	0.0	0.0	
718	30.0	1.0	0.0	0.0	1.0	0.0	1.0	0.0	1.0	0.0	0.0	
719	30.0	1.0	0.0	0.0	1.0	0.0	1.0	0.0	1.0	0.0	0.0	
720	30.0	1.0	0.0	0.0	1.0	0.0	1.0	0.0	1.0	0.0	0.0	
721	30.0	1.0	0.0	0.0	1.0	0.0	1.0	0.0	1.0	0.0	0.0	
722	28.0	1.0	0.0	0.0	1.0	1.0	0.0	0.0	1.0	0.0	0.0	
723	30.0	1.0	0.0	0.0	1.0	0.0	1.0	0.0	1.0	0.0	0.0	
724	28.0	1.0	0.0	0.0	1.0	1.0	0.0	0.0	1.0	0.0	0.0	
725	30.0	1.0	0.0	0.0	1.0	0.0	1.0	0.0	1.0	0.0	0.0	
726	30.0	1.0	0.0	0.0	1.0	0.0	1.0	0.0	1.0	0.0	0.0	
727	26.0	0.0	1.0	0.0	1.0	0.0	0.0	1.0	1.0	0.0	0.0	
728	30.0	1.0	0.0	0.0	1.0	0.0	1.0	0.0	1.0	0.0	0.0	
729	28.0	1.0	0.0	0.0	1.0	0.0	0.0	1.0	1.0	0.0	0.0	
730	28.0	1.0	0.0	0.0	1.0	1.0	0.0	0.0	1.0	0.0	0.0	
731	28.0	0.0	1.0	0.0	1.0	0.0	1.0	0.0	1.0	0.0	0.0	
732	26.0	0.0	1.0	0.0	1.0	0.0	0.0	1.0	1.0	0.0	0.0	
733	28.0	1.0	0.0	0.0	0.0	0.0	1.0	0.0	1.0	0.0	1.0	
734	30.0	1.0	0.0	0.0	1.0	0.0	1.0	0.0	1.0	0.0	0.0	
735	30.0	1.0	0.0	0.0	1.0	0.0	1.0	0.0	1.0	0.0	0.0	
736	30.0	1.0	0.0	0.0	1.0	0.0	1.0	0.0	1.0	0.0	0.0	
737	28.0	1.0	0.0	0.0	1.0	0.0	0.0	1.0	1.0	0.0	0.0	
738	28.0	0.0	1.0	0.0	1.0	0.0	1.0	0.0	1.0	0.0	0.0	
739	28.0	1.0	0.0	0.0	1.0	1.0	0.0	0.0	1.0	0.0	0.0	
740	28.0	1.0	0.0	0.0	1.0	0.0	0.0	1.0	1.0	0.0	0.0	
741	28.0	0.0	1.0	0.0	1.0	0.0	1.0	0.0	1.0	0.0	0.0	
742	26.0	0.0	0.0	1.0	1.0	1.0	0.0	0.0	1.0	0.0	0.0	
743	28.0	1.0	0.0	0.0	1.0	0.0	0.0	1.0	1.0	0.0	0.0	
744	28.0	1.0	0.0	0.0	1.0	1.0	0.0	0.0	1.0	0.0	0.0	
745	30.0	1.0	0.0	0.0	1.0	0.0	1.0	0.0	1.0	0.0	0.0	
746	30.0	1.0	0.0	0.0	1.0	0.0	1.0	0.0	1.0	0.0	0.0	
747	26.0	0.0	1.0	0.0	1.0	1.0	0.0	0.0	1.0	0.0	0.0	
748	30.0	1.0	0.0	0.0	1.0	0.0	1.0	0.0	1.0	0.0	0.0	
749	28.0	1.0	0.0	0.0	1.0	0.0	0.0	1.0	1.0	0.0	0.0	
750	28.0	1.0	0.0	0.0	0.0	0.0	1.0	0.0	1.0	0.0	1.0	
751	26.0	0.0	1.0	0.0	1.0	1.0	0.0	0.0	1.0	0.0	0.0	
752	28.0	1.0	0.0	0.0	1.0	1.0	0.0	0.0	1.0	0.0	0.0	
753	26.0	0.0	1.0	0.0	1.0	1.0	0.0	0.0	1.0	0.0	0.0	
754	30.0	1.0	0.0	0.0	1.0	0.0	1.0	0.0	1.0	0.0	0.0	
755	30.0	1.0	0.0	0.0	1.0	0.0	1.0	0.0	1.0	0.0	0.0	
756	30.0	1.0	0.0	0.0	1.0	0.0	1.0	0.0	1.0	0.0	0.0	
757	28.0	0.0	1.0	0.0	1.0	0.0	1.0	0.0	1.0	0.0	0.0	
758	30.0	1.0	0.0	0.0	1.0	0.0	1.0	0.0	1.0	0.0	0.0	
759	28.0	1.0	0.0	0.0	1.0	0.0	0.0	1.0	1.0	0.0	0.0	
760	28.0	1.0	0.0	0.0	1.0	1.0	0.0	0.0	1.0	0.0	0.0	
761	30.0	1.0	0.0	0.0	1.0	0.0	1.0	0.0	1.0	0.0	0.0	
762	28.0	1.0	0.0	0.0	0.0	0.0	1.0	0.0	1.0	1.0	0.0	
763	28.0	1.0	0.0	0.0	1.0	1.0	0.0	0.0	1.0	0.0	0.0	
764	30.0	1.0	0.0	0.0	1.0	0.0	1.0	0.0	1.0	0.0	0.0	
765	30.0	1.0	0.0	0.0	1.0	0.0	1.0	0.0	1.0	0.0	0.0	
766	30.0	1.0	0.0	0.0	1.0	0.0	1.0	0.0	1.0	0.0	0.0	
767	28.0	1.0	0.0	0.0	1.0	1.0	0.0	0.0	1.0	0.0	0.0	
768	30.0	1.0	0.0	0.0	1.0	0.0	1.0	0.0	1.0	0.0	0.0	
769	28.0	1.0	0.0	0.0	1.0	1.0	0.0	0.0	1.0	0.0	0.0	
770	30.0	1.0	0.0	0.0	1.0	0.0	1.0	0.0	1.0	0.0	0.0	
771	28.0	1.0	0.0	0.0	1.0	1.0	0.0	0.0	1.0	0.0	0.0	
772	28.0	1.0	0.0	0.0	1.0	0.0	0.0	1.0	1.0	0.0	0.0	
773	28.0	1.0	0.0	0.0	1.0	0.0	0.0	1.0	1.0	0.0	0.0	
774	28.0	1.0	0.0	0.0	1.0	1.0	0.0	0.0	1.0	0.0	0.0	
775	30.0	1.0	0.0	0.0	1.0	0.0	1.0	0.0	1.0	0.0	0.0	
776	30.0	1.0	0.0	0.0	1.0	0.0	1.0	0.0	1.0	0.0	0.0	
777	28.0	1.0	0.0	0.0	1.0	1.0	0.0	0.0	1.0	0.0	0.0	
778	26.0	1.0	0.0	0.0	0.0	0.0	0.0	1.0	1.0	1.0	0.0	
779	28.0	1.0	0.0	0.0	1.0	1.0	0.0	0.0	1.0	0.0	0.0	
780	28.0	1.0	0.0	0.0	1.0	0.0	0.0	1.0	1.0	0.0	0.0	
781	30.0	1.0	0.0	0.0	1.0	0.0	1.0	0.0	1.0	0.0	0.0	
782	30.0	1.0	0.0	0.0	1.0	0.0	1.0	0.0	1.0	0.0	0.0	
783	28.0	1.0	0.0	0.0	0.0	0.0	1.0	0.0	1.0	0.0	1.0	
784	28.0	1.0	0.0	0.0	1.0	0.0	0.0	1.0	1.0	0.0	0.0	
785	28.0	0.0	0.0	1.0	1.0	0.0	1.0	0.0	1.0	0.0	0.0	
786	30.0	1.0	0.0	0.0	1.0	0.0	1.0	0.0	1.0	0.0	0.0	
787	30.0	1.0	0.0	0.0	1.0	0.0	1.0	0.0	1.0	0.0	0.0	
788	28.0	1.0	0.0	0.0	1.0	1.0	0.0	0.0	1.0	0.0	0.0	
789	28.0	1.0	0.0	0.0	1.0	0.0	0.0	1.0	1.0	0.0	0.0	
790	28.0	1.0	0.0	0.0	1.0	1.0	0.0	0.0	1.0	0.0	0.0	
791	30.0	1.0	0.0	0.0	1.0	0.0	1.0	0.0	1.0	0.0	0.0	
792	28.0	0.0	1.0	0.0	1.0	0.0	1.0	0.0	1.0	0.0	0.0	
793	30.0	1.0	0.0	0.0	1.0	0.0	1.0	0.0	1.0	0.0	0.0	
794	28.0	1.0	0.0	0.0	1.0	0.0	0.0	1.0	1.0	0.0	0.0	
795	30.0	1.0	0.0	0.0	1.0	0.0	1.0	0.0	1.0	0.0	0.0	
796	28.0	1.0	0.0	0.0	1.0	0.0	0.0	1.0	1.0	0.0	0.0	
797	30.0	1.0	0.0	0.0	1.0	0.0	1.0	0.0	1.0	0.0	0.0	
798	28.0	1.0	0.0	0.0	1.0	1.0	0.0	0.0	1.0	0.0	0.0	
799	30.0	1.0	0.0	0.0	1.0	0.0	1.0	0.0	1.0	0.0	0.0	
800	28.0	1.0	0.0	0.0	1.0	1.0	0.0	0.0	1.0	0.0	0.0	
801	30.0	1.0	0.0	0.0	1.0	0.0	1.0	0.0	1.0	0.0	0.0	
802	28.0	0.0	0.0	1.0	1.0	0.0	1.0	0.0	1.0	0.0	0.0	
803	30.0	1.0	0.0	0.0	1.0	0.0	1.0	0.0	1.0	0.0	0.0	
804	30.0	1.0	0.0	0.0	1.0	0.0	1.0	0.0	1.0	0.0	0.0	
805	26.0	0.0	1.0	0.0	1.0	1.0	0.0	0.0	1.0	0.0	0.0	
806	28.0	1.0	0.0	0.0	1.0	1.0	0.0	0.0	1.0	0.0	0.0	
807	30.0	1.0	0.0	0.0	1.0	0.0	1.0	0.0	1.0	0.0	0.0	
808	30.0	1.0	0.0	0.0	1.0	0.0	1.0	0.0	1.0	0.0	0.0	
809	28.0	0.0	0.0	1.0	1.0	0.0	1.0	0.0	1.0	0.0	0.0	
810	28.0	0.0	0.0	1.0	1.0	0.0	1.0	0.0	1.0	0.0	0.0	
811	26.0	0.0	0.0	1.0	1.0	0.0	0.0	1.0	1.0	0.0	0.0	
812	28.0	1.0	0.0	0.0	1.0	1.0	0.0	0.0	1.0	0.0	0.0	
813	30.0	1.0	0.0	0.0	1.0	0.0	1.0	0.0	1.0	0.0	0.0	
814	28.0	1.0	0.0	0.0	1.0	1.0	0.0	0.0	1.0	0.0	0.0	
815	30.0	1.0	0.0	0.0	1.0	0.0	1.0	0.0	1.0	0.0	0.0	
816	26.0	0.0	0.0	1.0	1.0	1.0	0.0	0.0	1.0	0.0	0.0	
817	28.0	0.0	1.0	0.0	1.0	0.0	1.0	0.0	1.0	0.0	0.0	
818	30.0	1.0	0.0	0.0	1.0	0.0	1.0	0.0	1.0	0.0	0.0	
819	26.0	1.0	0.0	0.0	0.0	1.0	0.0	0.0	1.0	0.0	1.0	
820	28.0	0.0	0.0	1.0	1.0	0.0	1.0	0.0	1.0	0.0	0.0	
821	28.0	1.0	0.0	0.0	1.0	1.0	0.0	0.0	1.0	0.0	0.0	
822	28.0	1.0	0.0	0.0	1.0	0.0	0.0	1.0	1.0	0.0	0.0	
823	28.0	1.0	0.0	0.0	1.0	0.0	0.0	1.0	1.0	0.0	0.0	
824	28.0	1.0	0.0	0.0	1.0	1.0	0.0	0.0	1.0	0.0	0.0	
825	30.0	1.0	0.0	0.0	1.0	0.0	1.0	0.0	1.0	0.0	0.0	
826	30.0	1.0	0.0	0.0	1.0	0.0	1.0	0.0	1.0	0.0	0.0	
827	30.0	1.0	0.0	0.0	1.0	0.0	1.0	0.0	1.0	0.0	0.0	
828	30.0	1.0	0.0	0.0	1.0	0.0	1.0	0.0	1.0	0.0	0.0	
829	30.0	1.0	0.0	0.0	1.0	0.0	1.0	0.0	1.0	0.0	0.0	
830	30.0	1.0	0.0	0.0	1.0	0.0	1.0	0.0	1.0	0.0	0.0	
831	30.0	1.0	0.0	0.0	1.0	0.0	1.0	0.0	1.0	0.0	0.0	
832	28.0	1.0	0.0	0.0	1.0	0.0	0.0	1.0	1.0	0.0	0.0	
833	28.0	0.0	0.0	1.0	1.0	0.0	1.0	0.0	1.0	0.0	0.0	
834	30.0	1.0	0.0	0.0	1.0	0.0	1.0	0.0	1.0	0.0	0.0	
835	28.0	1.0	0.0	0.0	1.0	1.0	0.0	0.0	1.0	0.0	0.0	
836	30.0	1.0	0.0	0.0	1.0	0.0	1.0	0.0	1.0	0.0	0.0	
837	28.0	1.0	0.0	0.0	1.0	1.0	0.0	0.0	1.0	0.0	0.0	
838	28.0	0.0	1.0	0.0	1.0	0.0	1.0	0.0	1.0	0.0	0.0	
839	26.0	0.0	1.0	0.0	1.0	0.0	0.0	1.0	1.0	0.0	0.0	
840	28.0	1.0	0.0	0.0	1.0	0.0	0.0	1.0	1.0	0.0	0.0	
841	30.0	1.0	0.0	0.0	1.0	0.0	1.0	0.0	1.0	0.0	0.0	
842	28.0	1.0	0.0	0.0	1.0	1.0	0.0	0.0	1.0	0.0	0.0	
843	28.0	1.0	0.0	0.0	1.0	1.0	0.0	0.0	1.0	0.0	0.0	
844	24.0	0.0	1.0	0.0	0.0	1.0	0.0	0.0	1.0	0.0	1.0	
845	30.0	1.0	0.0	0.0	1.0	0.0	1.0	0.0	1.0	0.0	0.0	
846	30.0	1.0	0.0	0.0	1.0	0.0	1.0	0.0	1.0	0.0	0.0	
847	30.0	1.0	0.0	0.0	1.0	0.0	1.0	0.0	1.0	0.0	0.0	
848	28.0	1.0	0.0	0.0	1.0	0.0	0.0	1.0	1.0	0.0	0.0	
849	26.0	0.0	0.0	1.0	1.0	1.0	0.0	0.0	1.0	0.0	0.0	
850	30.0	1.0	0.0	0.0	1.0	0.0	1.0	0.0	1.0	0.0	0.0	
851	28.0	0.0	1.0	0.0	1.0	0.0	1.0	0.0	1.0	0.0	0.0	
852	30.0	1.0	0.0	0.0	1.0	0.0	1.0	0.0	1.0	0.0	0.0	
853	30.0	1.0	0.0	0.0	1.0	0.0	1.0	0.0	1.0	0.0	0.0	
854	30.0	1.0	0.0	0.0	1.0	0.0	1.0	0.0	1.0	0.0	0.0	
855	28.0	1.0	0.0	0.0	1.0	1.0	0.0	0.0	1.0	0.0	0.0	
856	30.0	1.0	0.0	0.0	1.0	0.0	1.0	0.0	1.0	0.0	0.0	
857	28.0	0.0	1.0	0.0	1.0	0.0	1.0	0.0	1.0	0.0	0.0	
858	28.0	1.0	0.0	0.0	1.0	1.0	0.0	0.0	1.0	0.0	0.0	
859	26.0	1.0	0.0	0.0	0.0	0.0	0.0	1.0	1.0	1.0	0.0	
860	30.0	1.0	0.0	0.0	1.0	0.0	1.0	0.0	1.0	0.0	0.0	
861	30.0	1.0	0.0	0.0	1.0	0.0	1.0	0.0	1.0	0.0	0.0	
862	28.0	1.0	0.0	0.0	1.0	0.0	0.0	1.0	1.0	0.0	0.0	
863	26.0	0.0	0.0	1.0	1.0	1.0	0.0	0.0	1.0	0.0	0.0	
864	30.0	1.0	0.0	0.0	1.0	0.0	1.0	0.0	1.0	0.0	0.0	
865	30.0	1.0	0.0	0.0	1.0	0.0	1.0	0.0	1.0	0.0	0.0	
866	28.0	1.0	0.0	0.0	1.0	1.0	0.0	0.0	1.0	0.0	0.0	
867	30.0	1.0	0.0	0.0	1.0	0.0	1.0	0.0	1.0	0.0	0.0	
868	30.0	1.0	0.0	0.0	1.0	0.0	1.0	0.0	1.0	0.0	0.0	
869	26.0	0.0	0.0	1.0	1.0	1.0	0.0	0.0	1.0	0.0	0.0	
870	30.0	1.0	0.0	0.0	1.0	0.0	1.0	0.0	1.0	0.0	0.0	
871	30.0	1.0	0.0	0.0	1.0	0.0	1.0	0.0	1.0	0.0	0.0	
872	30.0	1.0	0.0	0.0	1.0	0.0	1.0	0.0	1.0	0.0	0.0	
873	28.0	1.0	0.0	0.0	1.0	0.0	0.0	1.0	1.0	0.0	0.0	
874	26.0	0.0	1.0	0.0	1.0	1.0	0.0	0.0	1.0	0.0	0.0	
875	28.0	0.0	0.0	1.0	1.0	0.0	1.0	0.0	1.0	0.0	0.0	
876	28.0	1.0	0.0	0.0	1.0	0.0	0.0	1.0	1.0	0.0	0.0	
877	30.0	1.0	0.0	0.0	1.0	0.0	1.0	0.0	1.0	0.0	0.0	
878	28.0	1.0	0.0	0.0	1.0	1.0	0.0	0.0	1.0	0.0	0.0	
879	30.0	1.0	0.0	0.0	1.0	0.0	1.0	0.0	1.0	0.0	0.0	
880	28.0	0.0	1.0	0.0	1.0	0.0	1.0	0.0	1.0	0.0	0.0	
881	30.0	1.0	0.0	0.0	1.0	0.0	1.0	0.0	1.0	0.0	0.0	
882	30.0	1.0	0.0	0.0	1.0	0.0	1.0	0.0	1.0	0.0	0.0	
883	28.0	1.0	0.0	0.0	1.0	1.0	0.0	0.0	1.0	0.0	0.0	
884	28.0	0.0	0.0	1.0	1.0	0.0	1.0	0.0	1.0	0.0	0.0	
885	30.0	1.0	0.0	0.0	1.0	0.0	1.0	0.0	1.0	0.0	0.0	
886	30.0	1.0	0.0	0.0	1.0	0.0	1.0	0.0	1.0	0.0	0.0	
887	28.0	1.0	0.0	0.0	0.0	0.0	1.0	0.0	1.0	1.0	0.0	
888	26.0	1.0	0.0	0.0	0.0	1.0	0.0	0.0	1.0	1.0	0.0	
889	28.0	1.0	0.0	0.0	1.0	0.0	0.0	1.0	1.0	0.0	0.0	
890	30.0	1.0	0.0	0.0	1.0	0.0	1.0	0.0	1.0	0.0	0.0	
891	28.0	1.0	0.0	0.0	1.0	0.0	0.0	1.0	1.0	0.0	0.0	
892	26.0	0.0	0.0	1.0	1.0	1.0	0.0	0.0	1.0	0.0	0.0	
893	28.0	1.0	0.0	0.0	0.0	0.0	1.0	0.0	1.0	0.0	1.0	
894	30.0	1.0	0.0	0.0	1.0	0.0	1.0	0.0	1.0	0.0	0.0	
895	28.0	1.0	0.0	0.0	1.0	0.0	0.0	1.0	1.0	0.0	0.0	
896	28.0	1.0	0.0	0.0	0.0	0.0	1.0	0.0	1.0	0.0	1.0	
897	30.0	1.0	0.0	0.0	1.0	0.0	1.0	0.0	1.0	0.0	0.0	
898	28.0	1.0	0.0	0.0	1.0	1.0	0.0	0.0	1.0	0.0	0.0	
899	28.0	1.0	0.0	0.0	1.0	0.0	0.0	1.0	1.0	0.0	0.0	
