Sample	cat16-0.trees	cat16-0.sequence01_sequence05_sequence04_sequence14_sequence07_sequence11_sequence12_sequence13_sequence16	cat16-0.sequence01_sequence05_sequence04_sequence14	cat16-0.sequence01_sequence05_sequence04_sequence14_sequence07_sequence11_sequence12_sequence13_sequence16_sequence02_sequence09	cat16-0.sequence03_sequence10	cat16-0.sequence01_sequence05_sequence04_sequence14_sequence07_sequence11_sequence12_sequence13_sequence16_sequence02_sequence09_sequence03_sequence10_sequence06	cat16-0.sequence01_sequence05_sequence04_sequence14_sequence07_sequence11_sequence12_sequence13_sequence16_sequence02_sequence09_sequence08_sequence15	cat16-0.sequence03_sequence06	cat16-0.sequence10_sequence06	
0	30.0	1.0	1.0	1.0	1.0	1.0	0.0	0.0	0.0	
1	30.0	1.0	1.0	1.0	1.0	1.0	0.0	0.0	0.0	
2	30.0	1.0	1.0	1.0	1.0	1.0	0.0	0.0	0.0	
3	30.0	1.0	1.0	1.0	1.0	1.0	0.0	0.0	0.0	
4	28.0	1.0	1.0	1.0	0.0	1.0	0.0	1.0	0.0	
5	30.0	1.0	1.0	1.0	1.0	1.0	0.0	0.0	0.0	
6	30.0	1.0	1.0	1.0	1.0	1.0	0.0	0.0	0.0	
7	28.0	0.0	1.0	1.0	1.0	1.0	0.0	0.0	0.0	
8	30.0	1.0	1.0	1.0	1.0	1.0	0.0	0.0	0.0	
9	28.0	1.0	1.0	1.0	0.0	1.0	0.0	1.0	0.0	
10	28.0	1.0	1.0	1.0	0.0	1.0	0.0	1.0	0.0	
11	28.0	1.0	1.0	1.0	0.0	1.0	0.0	0.0	1.0	
12	30.0	1.0	1.0	1.0	1.0	1.0	0.0	0.0	0.0	
13	30.0	1.0	1.0	1.0	1.0	1.0	0.0	0.0	0.0	
14	30.0	1.0	1.0	1.0	1.0	1.0	0.0	0.0	0.0	
15	30.0	1.0	1.0	1.0	1.0	1.0	0.0	0.0	0.0	
16	28.0	1.0	1.0	1.0	1.0	0.0	1.0	0.0	0.0	
17	28.0	1.0	1.0	1.0	1.0	0.0	1.0	0.0	0.0	
18	30.0	1.0	1.0	1.0	1.0	1.0	0.0	0.0	0.0	
19	30.0	1.0	1.0	1.0	1.0	1.0	0.0	0.0	0.0	
20	28.0	1.0	1.0	1.0	0.0	1.0	0.0	1.0	0.0	
21	30.0	1.0	1.0	1.0	1.0	1.0	0.0	0.0	0.0	
22	30.0	1.0	1.0	1.0	1.0	1.0	0.0	0.0	0.0	
23	30.0	1.0	1.0	1.0	1.0	1.0	0.0	0.0	0.0	
24	28.0	1.0	1.0	1.0	0.0	1.0	0.0	1.0	0.0	
25	28.0	1.0	1.0	1.0	0.0	1.0	0.0	1.0	0.0	
26	30.0	1.0	1.0	1.0	1.0	1.0	0.0	0.0	0.0	
27	28.0	1.0	1.0	1.0	0.0	1.0	0.0	0.0	1.0	
28	30.0	1.0	1.0	1.0	1.0	1.0	0.0	0.0	0.0	
29	30.0	1.0	1.0	1.0	1.0	1.0	0.0	0.0	0.0	
30	28.0	1.0	1.0	1.0	0.0	1.0	0.0	1.0	0.0	
31	30.0	1.0	1.0	1.0	1.0	1.0	0.0	0.0	0.0	
32	30.0	1.0	1.0	1.0	1.0	1.0	0.0	0.0	0.0	
33	30.0	1.0	1.0	1.0	1.0	1.0	0.0	0.0	0.0	
34	28.0	1.0	1.0	1.0	0.0	1.0	0.0	1.0	0.0	
35	30.0	1.0	1.0	1.0	1.0	1.0	0.0	0.0	0.0	
36	30.0	1.0	1.0	1.0	1.0	1.0	0.0	0.0	0.0	
37	30.0	1.0	1.0	1.0	1.0	1.0	0.0	0.0	0.0	
38	30.0	1.0	1.0	1.0	1.0	1.0	0.0	0.0	0.0	
39	30.0	1.0	1.0	1.0	1.0	1.0	0.0	0.0	0.0	
40	30.0	1.0	1.0	1.0	1.0	1.0	0.0	0.0	0.0	
41	30.0	1.0	1.0	1.0	1.0	1.0	0.0	0.0	0.0	
42	28.0	1.0	1.0	1.0	0.0	1.0	0.0	1.0	0.0	
43	30.0	1.0	1.0	1.0	1.0	1.0	0.0	0.0	0.0	
44	30.0	1.0	1.0	1.0	1.0	1.0	0.0	0.0	0.0	
45	30.0	1.0	1.0	1.0	1.0	1.0	0.0	0.0	0.0	
46	30.0	1.0	1.0	1.0	1.0	1.0	0.0	0.0	0.0	
47	30.0	1.0	1.0	1.0	1.0	1.0	0.0	0.0	0.0	
48	30.0	1.0	1.0	1.0	1.0	1.0	0.0	0.0	0.0	
49	30.0	1.0	1.0	1.0	1.0	1.0	0.0	0.0	0.0	
50	30.0	1.0	1.0	1.0	1.0	1.0	0.0	0.0	0.0	
51	30.0	1.0	1.0	1.0	1.0	1.0	0.0	0.0	0.0	
52	28.0	1.0	1.0	1.0	1.0	0.0	0.0	0.0	0.0	
53	28.0	1.0	1.0	1.0	0.0	1.0	0.0	1.0	0.0	
54	30.0	1.0	1.0	1.0	1.0	1.0	0.0	0.0	0.0	
55	30.0	1.0	1.0	1.0	1.0	1.0	0.0	0.0	0.0	
56	30.0	1.0	1.0	1.0	1.0	1.0	0.0	0.0	0.0	
57	28.0	1.0	1.0	1.0	0.0	1.0	0.0	1.0	0.0	
58	30.0	1.0	1.0	1.0	1.0	1.0	0.0	0.0	0.0	
59	28.0	1.0	1.0	1.0	0.0	1.0	0.0	1.0	0.0	
60	30.0	1.0	1.0	1.0	1.0	1.0	0.0	0.0	0.0	
61	28.0	1.0	1.0	1.0	0.0	1.0	0.0	1.0	0.0	
62	30.0	1.0	1.0	1.0	1.0	1.0	0.0	0.0	0.0	
63	30.0	1.0	1.0	1.0	1.0	1.0	0.0	0.0	0.0	
64	30.0	1.0	1.0	1.0	1.0	1.0	0.0	0.0	0.0	
65	30.0	1.0	1.0	1.0	1.0	1.0	0.0	0.0	0.0	
66	28.0	0.0	1.0	1.0	1.0	1.0	0.0	0.0	0.0	
67	30.0	1.0	1.0	1.0	1.0	1.0	0.0	0.0	0.0	
68	28.0	1.0	1.0	1.0	1.0	0.0	1.0	0.0	0.0	
69	28.0	1.0	1.0	1.0	1.0	0.0	1.0	0.0	0.0	
70	30.0	1.0	1.0	1.0	1.0	1.0	0.0	0.0	0.0	
71	30.0	1.0	1.0	1.0	1.0	1.0	0.0	0.0	0.0	
72	30.0	1.0	1.0	1.0	1.0	1.0	0.0	0.0	0.0	
73	30.0	1.0	1.0	1.0	1.0	1.0	0.0	0.0	0.0	
74	28.0	1.0	1.0	1.0	1.0	0.0	1.0	0.0	0.0	
75	30.0	1.0	1.0	1.0	1.0	1.0	0.0	0.0	0.0	
76	28.0	1.0	1.0	1.0	0.0	1.0	0.0	1.0	0.0	
77	30.0	1.0	1.0	1.0	1.0	1.0	0.0	0.0	0.0	
78	30.0	1.0	1.0	1.0	1.0	1.0	0.0	0.0	0.0	
79	30.0	1.0	1.0	1.0	1.0	1.0	0.0	0.0	0.0	
80	28.0	1.0	1.0	1.0	0.0	1.0	0.0	1.0	0.0	
81	28.0	1.0	1.0	1.0	1.0	0.0	1.0	0.0	0.0	
82	30.0	1.0	1.0	1.0	1.0	1.0	0.0	0.0	0.0	
83	28.0	1.0	1.0	1.0	1.0	0.0	1.0	0.0	0.0	
84	30.0	1.0	1.0	1.0	1.0	1.0	0.0	0.0	0.0	
85	30.0	1.0	1.0	1.0	1.0	1.0	0.0	0.0	0.0	
86	30.0	1.0	1.0	1.0	1.0	1.0	0.0	0.0	0.0	
87	30.0	1.0	1.0	1.0	1.0	1.0	0.0	0.0	0.0	
88	30.0	1.0	1.0	1.0	1.0	1.0	0.0	0.0	0.0	
89	30.0	1.0	1.0	1.0	1.0	1.0	0.0	0.0	0.0	
90	30.0	1.0	1.0	1.0	1.0	1.0	0.0	0.0	0.0	
91	28.0	1.0	1.0	1.0	0.0	1.0	0.0	1.0	0.0	
92	30.0	1.0	1.0	1.0	1.0	1.0	0.0	0.0	0.0	
93	30.0	1.0	1.0	1.0	1.0	1.0	0.0	0.0	0.0	
94	28.0	1.0	1.0	1.0	0.0	1.0	0.0	1.0	0.0	
95	30.0	1.0	1.0	1.0	1.0	1.0	0.0	0.0	0.0	
96	28.0	1.0	0.0	1.0	1.0	1.0	0.0	0.0	0.0	
97	30.0	1.0	1.0	1.0	1.0	1.0	0.0	0.0	0.0	
98	30.0	1.0	1.0	1.0	1.0	1.0	0.0	0.0	0.0	
99	30.0	1.0	1.0	1.0	1.0	1.0	0.0	0.0	0.0	
100	30.0	1.0	1.0	1.0	1.0	1.0	0.0	0.0	0.0	
101	30.0	1.0	1.0	1.0	1.0	1.0	0.0	0.0	0.0	
102	30.0	1.0	1.0	1.0	1.0	1.0	0.0	0.0	0.0	
103	28.0	1.0	1.0	1.0	0.0	1.0	0.0	1.0	0.0	
104	30.0	1.0	1.0	1.0	1.0	1.0	0.0	0.0	0.0	
105	30.0	1.0	1.0	1.0	1.0	1.0	0.0	0.0	0.0	
106	30.0	1.0	1.0	1.0	1.0	1.0	0.0	0.0	0.0	
107	30.0	1.0	1.0	1.0	1.0	1.0	0.0	0.0	0.0	
108	30.0	1.0	1.0	1.0	1.0	1.0	0.0	0.0	0.0	
109	30.0	1.0	1.0	1.0	1.0	1.0	0.0	0.0	0.0	
110	30.0	1.0	1.0	1.0	1.0	1.0	0.0	0.0	0.0	
111	30.0	1.0	1.0	1.0	1.0	1.0	0.0	0.0	0.0	
112	30.0	1.0	1.0	1.0	1.0	1.0	0.0	0.0	0.0	
113	30.0	1.0	1.0	1.0	1.0	1.0	0.0	0.0	0.0	
114	30.0	1.0	1.0	1.0	1.0	1.0	0.0	0.0	0.0	
115	30.0	1.0	1.0	1.0	1.0	1.0	0.0	0.0	0.0	
116	30.0	1.0	1.0	1.0	1.0	1.0	0.0	0.0	0.0	
117	28.0	1.0	1.0	1.0	0.0	1.0	0.0	1.0	0.0	
118	28.0	1.0	1.0	1.0	0.0	1.0	0.0	1.0	0.0	
119	28.0	1.0	1.0	1.0	1.0	0.0	1.0	0.0	0.0	
120	28.0	1.0	1.0	1.0	1.0	0.0	1.0	0.0	0.0	
121	30.0	1.0	1.0	1.0	1.0	1.0	0.0	0.0	0.0	
122	30.0	1.0	1.0	1.0	1.0	1.0	0.0	0.0	0.0	
123	28.0	1.0	1.0	1.0	0.0	1.0	0.0	0.0	1.0	
124	30.0	1.0	1.0	1.0	1.0	1.0	0.0	0.0	0.0	
125	30.0	1.0	1.0	1.0	1.0	1.0	0.0	0.0	0.0	
126	30.0	1.0	1.0	1.0	1.0	1.0	0.0	0.0	0.0	
127	30.0	1.0	1.0	1.0	1.0	1.0	0.0	0.0	0.0	
128	28.0	1.0	1.0	1.0	0.0	1.0	0.0	1.0	0.0	
129	30.0	1.0	1.0	1.0	1.0	1.0	0.0	0.0	0.0	
130	30.0	1.0	1.0	1.0	1.0	1.0	0.0	0.0	0.0	
131	30.0	1.0	1.0	1.0	1.0	1.0	0.0	0.0	0.0	
132	30.0	1.0	1.0	1.0	1.0	1.0	0.0	0.0	0.0	
133	30.0	1.0	1.0	1.0	1.0	1.0	0.0	0.0	0.0	
134	30.0	1.0	1.0	1.0	1.0	1.0	0.0	0.0	0.0	
135	30.0	1.0	1.0	1.0	1.0	1.0	0.0	0.0	0.0	
136	30.0	1.0	1.0	1.0	1.0	1.0	0.0	0.0	0.0	
137	30.0	1.0	1.0	1.0	1.0	1.0	0.0	0.0	0.0	
138	30.0	1.0	1.0	1.0	1.0	1.0	0.0	0.0	0.0	
139	30.0	1.0	1.0	1.0	1.0	1.0	0.0	0.0	0.0	
140	30.0	1.0	1.0	1.0	1.0	1.0	0.0	0.0	0.0	
141	30.0	1.0	1.0	1.0	1.0	1.0	0.0	0.0	0.0	
142	30.0	1.0	1.0	1.0	1.0	1.0	0.0	0.0	0.0	
143	30.0	1.0	1.0	1.0	1.0	1.0	0.0	0.0	0.0	
144	30.0	1.0	1.0	1.0	1.0	1.0	0.0	0.0	0.0	
145	30.0	1.0	1.0	1.0	1.0	1.0	0.0	0.0	0.0	
146	30.0	1.0	1.0	1.0	1.0	1.0	0.0	0.0	0.0	
147	30.0	1.0	1.0	1.0	1.0	1.0	0.0	0.0	0.0	
148	28.0	1.0	0.0	1.0	1.0	1.0	0.0	0.0	0.0	
149	30.0	1.0	1.0	1.0	1.0	1.0	0.0	0.0	0.0	
150	30.0	1.0	1.0	1.0	1.0	1.0	0.0	0.0	0.0	
151	30.0	1.0	1.0	1.0	1.0	1.0	0.0	0.0	0.0	
152	30.0	1.0	1.0	1.0	1.0	1.0	0.0	0.0	0.0	
153	30.0	1.0	1.0	1.0	1.0	1.0	0.0	0.0	0.0	
154	30.0	1.0	1.0	1.0	1.0	1.0	0.0	0.0	0.0	
155	28.0	1.0	1.0	1.0	1.0	0.0	1.0	0.0	0.0	
156	30.0	1.0	1.0	1.0	1.0	1.0	0.0	0.0	0.0	
157	28.0	1.0	1.0	1.0	0.0	1.0	0.0	1.0	0.0	
158	30.0	1.0	1.0	1.0	1.0	1.0	0.0	0.0	0.0	
159	28.0	1.0	1.0	1.0	0.0	1.0	0.0	1.0	0.0	
160	28.0	1.0	1.0	1.0	0.0	1.0	0.0	1.0	0.0	
161	30.0	1.0	1.0	1.0	1.0	1.0	0.0	0.0	0.0	
162	30.0	1.0	1.0	1.0	1.0	1.0	0.0	0.0	0.0	
163	30.0	1.0	1.0	1.0	1.0	1.0	0.0	0.0	0.0	
164	28.0	1.0	1.0	1.0	0.0	1.0	0.0	1.0	0.0	
165	30.0	1.0	1.0	1.0	1.0	1.0	0.0	0.0	0.0	
166	30.0	1.0	1.0	1.0	1.0	1.0	0.0	0.0	0.0	
167	30.0	1.0	1.0	1.0	1.0	1.0	0.0	0.0	0.0	
168	30.0	1.0	1.0	1.0	1.0	1.0	0.0	0.0	0.0	
169	30.0	1.0	1.0	1.0	1.0	1.0	0.0	0.0	0.0	
170	30.0	1.0	1.0	1.0	1.0	1.0	0.0	0.0	0.0	
171	30.0	1.0	1.0	1.0	1.0	1.0	0.0	0.0	0.0	
172	30.0	1.0	1.0	1.0	1.0	1.0	0.0	0.0	0.0	
173	30.0	1.0	1.0	1.0	1.0	1.0	0.0	0.0	0.0	
174	30.0	1.0	1.0	1.0	1.0	1.0	0.0	0.0	0.0	
175	30.0	1.0	1.0	1.0	1.0	1.0	0.0	0.0	0.0	
176	30.0	1.0	1.0	1.0	1.0	1.0	0.0	0.0	0.0	
177	30.0	1.0	1.0	1.0	1.0	1.0	0.0	0.0	0.0	
178	30.0	1.0	1.0	1.0	1.0	1.0	0.0	0.0	0.0	
179	28.0	1.0	1.0	1.0	0.0	1.0	0.0	1.0	0.0	
180	30.0	1.0	1.0	1.0	1.0	1.0	0.0	0.0	0.0	
181	30.0	1.0	1.0	1.0	1.0	1.0	0.0	0.0	0.0	
182	30.0	1.0	1.0	1.0	1.0	1.0	0.0	0.0	0.0	
183	30.0	1.0	1.0	1.0	1.0	1.0	0.0	0.0	0.0	
184	30.0	1.0	1.0	1.0	1.0	1.0	0.0	0.0	0.0	
185	30.0	1.0	1.0	1.0	1.0	1.0	0.0	0.0	0.0	
186	30.0	1.0	1.0	1.0	1.0	1.0	0.0	0.0	0.0	
187	30.0	1.0	1.0	1.0	1.0	1.0	0.0	0.0	0.0	
188	28.0	1.0	1.0	1.0	0.0	1.0	0.0	1.0	0.0	
189	30.0	1.0	1.0	1.0	1.0	1.0	0.0	0.0	0.0	
190	26.0	0.0	1.0	1.0	0.0	1.0	0.0	1.0	0.0	
191	30.0	1.0	1.0	1.0	1.0	1.0	0.0	0.0	0.0	
192	28.0	1.0	1.0	1.0	0.0	1.0	0.0	1.0	0.0	
193	30.0	1.0	1.0	1.0	1.0	1.0	0.0	0.0	0.0	
194	30.0	1.0	1.0	1.0	1.0	1.0	0.0	0.0	0.0	
195	30.0	1.0	1.0	1.0	1.0	1.0	0.0	0.0	0.0	
196	30.0	1.0	1.0	1.0	1.0	1.0	0.0	0.0	0.0	
197	30.0	1.0	1.0	1.0	1.0	1.0	0.0	0.0	0.0	
198	30.0	1.0	1.0	1.0	1.0	1.0	0.0	0.0	0.0	
199	30.0	1.0	1.0	1.0	1.0	1.0	0.0	0.0	0.0	
200	28.0	1.0	1.0	1.0	0.0	1.0	0.0	1.0	0.0	
201	30.0	1.0	1.0	1.0	1.0	1.0	0.0	0.0	0.0	
202	30.0	1.0	1.0	1.0	1.0	1.0	0.0	0.0	0.0	
203	30.0	1.0	1.0	1.0	1.0	1.0	0.0	0.0	0.0	
204	30.0	1.0	1.0	1.0	1.0	1.0	0.0	0.0	0.0	
205	30.0	1.0	1.0	1.0	1.0	1.0	0.0	0.0	0.0	
206	28.0	1.0	1.0	1.0	0.0	1.0	0.0	1.0	0.0	
207	30.0	1.0	1.0	1.0	1.0	1.0	0.0	0.0	0.0	
208	30.0	1.0	1.0	1.0	1.0	1.0	0.0	0.0	0.0	
209	30.0	1.0	1.0	1.0	1.0	1.0	0.0	0.0	0.0	
210	30.0	1.0	1.0	1.0	1.0	1.0	0.0	0.0	0.0	
211	30.0	1.0	1.0	1.0	1.0	1.0	0.0	0.0	0.0	
212	30.0	1.0	1.0	1.0	1.0	1.0	0.0	0.0	0.0	
213	30.0	1.0	1.0	1.0	1.0	1.0	0.0	0.0	0.0	
214	30.0	1.0	1.0	1.0	1.0	1.0	0.0	0.0	0.0	
215	30.0	1.0	1.0	1.0	1.0	1.0	0.0	0.0	0.0	
216	28.0	1.0	1.0	1.0	0.0	1.0	0.0	1.0	0.0	
217	30.0	1.0	1.0	1.0	1.0	1.0	0.0	0.0	0.0	
218	30.0	1.0	1.0	1.0	1.0	1.0	0.0	0.0	0.0	
219	30.0	1.0	1.0	1.0	1.0	1.0	0.0	0.0	0.0	
220	28.0	1.0	1.0	1.0	0.0	1.0	0.0	1.0	0.0	
221	28.0	1.0	1.0	1.0	0.0	1.0	0.0	1.0	0.0	
222	30.0	1.0	1.0	1.0	1.0	1.0	0.0	0.0	0.0	
223	30.0	1.0	1.0	1.0	1.0	1.0	0.0	0.0	0.0	
224	30.0	1.0	1.0	1.0	1.0	1.0	0.0	0.0	0.0	
225	30.0	1.0	1.0	1.0	1.0	1.0	0.0	0.0	0.0	
226	30.0	1.0	1.0	1.0	1.0	1.0	0.0	0.0	0.0	
227	30.0	1.0	1.0	1.0	1.0	1.0	0.0	0.0	0.0	
228	30.0	1.0	1.0	1.0	1.0	1.0	0.0	0.0	0.0	
229	30.0	1.0	1.0	1.0	1.0	1.0	0.0	0.0	0.0	
230	28.0	1.0	1.0	1.0	0.0	1.0	0.0	1.0	0.0	
231	30.0	1.0	1.0	1.0	1.0	1.0	0.0	0.0	0.0	
232	30.0	1.0	1.0	1.0	1.0	1.0	0.0	0.0	0.0	
233	30.0	1.0	1.0	1.0	1.0	1.0	0.0	0.0	0.0	
234	30.0	1.0	1.0	1.0	1.0	1.0	0.0	0.0	0.0	
235	30.0	1.0	1.0	1.0	1.0	1.0	0.0	0.0	0.0	
236	30.0	1.0	1.0	1.0	1.0	1.0	0.0	0.0	0.0	
237	30.0	1.0	1.0	1.0	1.0	1.0	0.0	0.0	0.0	
238	30.0	1.0	1.0	1.0	1.0	1.0	0.0	0.0	0.0	
239	30.0	1.0	1.0	1.0	1.0	1.0	0.0	0.0	0.0	
240	30.0	1.0	1.0	1.0	1.0	1.0	0.0	0.0	0.0	
241	28.0	1.0	1.0	1.0	0.0	1.0	0.0	1.0	0.0	
242	30.0	1.0	1.0	1.0	1.0	1.0	0.0	0.0	0.0	
243	30.0	1.0	1.0	1.0	1.0	1.0	0.0	0.0	0.0	
244	30.0	1.0	1.0	1.0	1.0	1.0	0.0	0.0	0.0	
245	30.0	1.0	1.0	1.0	1.0	1.0	0.0	0.0	0.0	
246	30.0	1.0	1.0	1.0	1.0	1.0	0.0	0.0	0.0	
247	30.0	1.0	1.0	1.0	1.0	1.0	0.0	0.0	0.0	
248	30.0	1.0	1.0	1.0	1.0	1.0	0.0	0.0	0.0	
249	30.0	1.0	1.0	1.0	1.0	1.0	0.0	0.0	0.0	
250	30.0	1.0	1.0	1.0	1.0	1.0	0.0	0.0	0.0	
251	30.0	1.0	1.0	1.0	1.0	1.0	0.0	0.0	0.0	
252	30.0	1.0	1.0	1.0	1.0	1.0	0.0	0.0	0.0	
253	30.0	1.0	1.0	1.0	1.0	1.0	0.0	0.0	0.0	
254	30.0	1.0	1.0	1.0	1.0	1.0	0.0	0.0	0.0	
255	30.0	1.0	1.0	1.0	1.0	1.0	0.0	0.0	0.0	
256	30.0	1.0	1.0	1.0	1.0	1.0	0.0	0.0	0.0	
257	28.0	1.0	1.0	1.0	0.0	1.0	0.0	1.0	0.0	
258	28.0	1.0	1.0	1.0	1.0	0.0	1.0	0.0	0.0	
259	24.0	0.0	1.0	1.0	0.0	0.0	1.0	1.0	0.0	
260	28.0	1.0	1.0	1.0	0.0	1.0	0.0	1.0	0.0	
261	28.0	1.0	1.0	1.0	0.0	1.0	0.0	1.0	0.0	
262	28.0	1.0	1.0	1.0	0.0	1.0	0.0	1.0	0.0	
263	28.0	1.0	1.0	1.0	0.0	1.0	0.0	1.0	0.0	
264	28.0	1.0	1.0	1.0	0.0	1.0	0.0	1.0	0.0	
265	28.0	1.0	1.0	1.0	0.0	1.0	0.0	1.0	0.0	
266	28.0	1.0	1.0	1.0	0.0	1.0	0.0	1.0	0.0	
267	30.0	1.0	1.0	1.0	1.0	1.0	0.0	0.0	0.0	
268	30.0	1.0	1.0	1.0	1.0	1.0	0.0	0.0	0.0	
269	26.0	1.0	0.0	1.0	0.0	1.0	0.0	1.0	0.0	
270	30.0	1.0	1.0	1.0	1.0	1.0	0.0	0.0	0.0	
271	28.0	1.0	1.0	1.0	0.0	1.0	0.0	1.0	0.0	
272	30.0	1.0	1.0	1.0	1.0	1.0	0.0	0.0	0.0	
273	30.0	1.0	1.0	1.0	1.0	1.0	0.0	0.0	0.0	
274	30.0	1.0	1.0	1.0	1.0	1.0	0.0	0.0	0.0	
275	28.0	1.0	1.0	1.0	1.0	0.0	1.0	0.0	0.0	
276	30.0	1.0	1.0	1.0	1.0	1.0	0.0	0.0	0.0	
277	30.0	1.0	1.0	1.0	1.0	1.0	0.0	0.0	0.0	
278	30.0	1.0	1.0	1.0	1.0	1.0	0.0	0.0	0.0	
279	30.0	1.0	1.0	1.0	1.0	1.0	0.0	0.0	0.0	
280	30.0	1.0	1.0	1.0	1.0	1.0	0.0	0.0	0.0	
281	30.0	1.0	1.0	1.0	1.0	1.0	0.0	0.0	0.0	
282	30.0	1.0	1.0	1.0	1.0	1.0	0.0	0.0	0.0	
283	30.0	1.0	1.0	1.0	1.0	1.0	0.0	0.0	0.0	
284	30.0	1.0	1.0	1.0	1.0	1.0	0.0	0.0	0.0	
285	30.0	1.0	1.0	1.0	1.0	1.0	0.0	0.0	0.0	
286	30.0	1.0	1.0	1.0	1.0	1.0	0.0	0.0	0.0	
287	30.0	1.0	1.0	1.0	1.0	1.0	0.0	0.0	0.0	
288	30.0	1.0	1.0	1.0	1.0	1.0	0.0	0.0	0.0	
289	28.0	0.0	1.0	1.0	1.0	1.0	0.0	0.0	0.0	
290	30.0	1.0	1.0	1.0	1.0	1.0	0.0	0.0	0.0	
291	28.0	1.0	1.0	1.0	0.0	1.0	0.0	1.0	0.0	
292	30.0	1.0	1.0	1.0	1.0	1.0	0.0	0.0	0.0	
293	30.0	1.0	1.0	1.0	1.0	1.0	0.0	0.0	0.0	
294	30.0	1.0	1.0	1.0	1.0	1.0	0.0	0.0	0.0	
295	30.0	1.0	1.0	1.0	1.0	1.0	0.0	0.0	0.0	
296	30.0	1.0	1.0	1.0	1.0	1.0	0.0	0.0	0.0	
297	28.0	1.0	1.0	1.0	0.0	1.0	0.0	1.0	0.0	
298	30.0	1.0	1.0	1.0	1.0	1.0	0.0	0.0	0.0	
299	30.0	1.0	1.0	1.0	1.0	1.0	0.0	0.0	0.0	
300	30.0	1.0	1.0	1.0	1.0	1.0	0.0	0.0	0.0	
301	28.0	1.0	1.0	1.0	1.0	0.0	1.0	0.0	0.0	
302	30.0	1.0	1.0	1.0	1.0	1.0	0.0	0.0	0.0	
303	28.0	1.0	1.0	1.0	0.0	1.0	0.0	1.0	0.0	
304	28.0	1.0	1.0	1.0	0.0	1.0	0.0	1.0	0.0	
305	30.0	1.0	1.0	1.0	1.0	1.0	0.0	0.0	0.0	
306	30.0	1.0	1.0	1.0	1.0	1.0	0.0	0.0	0.0	
307	30.0	1.0	1.0	1.0	1.0	1.0	0.0	0.0	0.0	
308	30.0	1.0	1.0	1.0	1.0	1.0	0.0	0.0	0.0	
309	28.0	1.0	1.0	1.0	0.0	1.0	0.0	0.0	1.0	
310	30.0	1.0	1.0	1.0	1.0	1.0	0.0	0.0	0.0	
311	30.0	1.0	1.0	1.0	1.0	1.0	0.0	0.0	0.0	
312	30.0	1.0	1.0	1.0	1.0	1.0	0.0	0.0	0.0	
313	30.0	1.0	1.0	1.0	1.0	1.0	0.0	0.0	0.0	
314	24.0	0.0	1.0	1.0	0.0	0.0	1.0	1.0	0.0	
315	30.0	1.0	1.0	1.0	1.0	1.0	0.0	0.0	0.0	
316	30.0	1.0	1.0	1.0	1.0	1.0	0.0	0.0	0.0	
317	30.0	1.0	1.0	1.0	1.0	1.0	0.0	0.0	0.0	
318	28.0	1.0	1.0	1.0	0.0	1.0	0.0	1.0	0.0	
319	28.0	1.0	1.0	1.0	0.0	1.0	0.0	1.0	0.0	
320	28.0	1.0	1.0	1.0	0.0	1.0	0.0	1.0	0.0	
321	28.0	1.0	1.0	1.0	0.0	1.0	0.0	1.0	0.0	
322	28.0	1.0	1.0	1.0	0.0	1.0	0.0	1.0	0.0	
323	30.0	1.0	1.0	1.0	1.0	1.0	0.0	0.0	0.0	
324	30.0	1.0	1.0	1.0	1.0	1.0	0.0	0.0	0.0	
325	30.0	1.0	1.0	1.0	1.0	1.0	0.0	0.0	0.0	
326	30.0	1.0	1.0	1.0	1.0	1.0	0.0	0.0	0.0	
327	28.0	1.0	1.0	1.0	0.0	1.0	0.0	1.0	0.0	
328	30.0	1.0	1.0	1.0	1.0	1.0	0.0	0.0	0.0	
329	30.0	1.0	1.0	1.0	1.0	1.0	0.0	0.0	0.0	
330	30.0	1.0	1.0	1.0	1.0	1.0	0.0	0.0	0.0	
331	30.0	1.0	1.0	1.0	1.0	1.0	0.0	0.0	0.0	
332	30.0	1.0	1.0	1.0	1.0	1.0	0.0	0.0	0.0	
333	28.0	1.0	1.0	1.0	0.0	1.0	0.0	1.0	0.0	
334	28.0	1.0	1.0	1.0	1.0	0.0	1.0	0.0	0.0	
335	30.0	1.0	1.0	1.0	1.0	1.0	0.0	0.0	0.0	
336	30.0	1.0	1.0	1.0	1.0	1.0	0.0	0.0	0.0	
337	30.0	1.0	1.0	1.0	1.0	1.0	0.0	0.0	0.0	
338	30.0	1.0	1.0	1.0	1.0	1.0	0.0	0.0	0.0	
339	30.0	1.0	1.0	1.0	1.0	1.0	0.0	0.0	0.0	
340	28.0	1.0	1.0	1.0	0.0	1.0	0.0	1.0	0.0	
341	26.0	0.0	1.0	1.0	0.0	1.0	0.0	1.0	0.0	
342	30.0	1.0	1.0	1.0	1.0	1.0	0.0	0.0	0.0	
343	30.0	1.0	1.0	1.0	1.0	1.0	0.0	0.0	0.0	
344	30.0	1.0	1.0	1.0	1.0	1.0	0.0	0.0	0.0	
345	28.0	1.0	1.0	1.0	0.0	1.0	0.0	1.0	0.0	
346	30.0	1.0	1.0	1.0	1.0	1.0	0.0	0.0	0.0	
347	30.0	1.0	1.0	1.0	1.0	1.0	0.0	0.0	0.0	
348	28.0	1.0	1.0	1.0	0.0	1.0	0.0	1.0	0.0	
349	30.0	1.0	1.0	1.0	1.0	1.0	0.0	0.0	0.0	
350	30.0	1.0	1.0	1.0	1.0	1.0	0.0	0.0	0.0	
351	30.0	1.0	1.0	1.0	1.0	1.0	0.0	0.0	0.0	
352	28.0	1.0	1.0	1.0	0.0	1.0	0.0	1.0	0.0	
353	30.0	1.0	1.0	1.0	1.0	1.0	0.0	0.0	0.0	
354	30.0	1.0	1.0	1.0	1.0	1.0	0.0	0.0	0.0	
355	28.0	1.0	1.0	1.0	0.0	1.0	0.0	1.0	0.0	
356	30.0	1.0	1.0	1.0	1.0	1.0	0.0	0.0	0.0	
357	28.0	1.0	1.0	1.0	1.0	0.0	1.0	0.0	0.0	
358	30.0	1.0	1.0	1.0	1.0	1.0	0.0	0.0	0.0	
359	28.0	1.0	1.0	1.0	0.0	1.0	0.0	1.0	0.0	
360	28.0	1.0	1.0	1.0	0.0	1.0	0.0	0.0	1.0	
361	30.0	1.0	1.0	1.0	1.0	1.0	0.0	0.0	0.0	
362	30.0	1.0	1.0	1.0	1.0	1.0	0.0	0.0	0.0	
363	30.0	1.0	1.0	1.0	1.0	1.0	0.0	0.0	0.0	
364	30.0	1.0	1.0	1.0	1.0	1.0	0.0	0.0	0.0	
365	30.0	1.0	1.0	1.0	1.0	1.0	0.0	0.0	0.0	
366	30.0	1.0	1.0	1.0	1.0	1.0	0.0	0.0	0.0	
367	30.0	1.0	1.0	1.0	1.0	1.0	0.0	0.0	0.0	
368	30.0	1.0	1.0	1.0	1.0	1.0	0.0	0.0	0.0	
369	30.0	1.0	1.0	1.0	1.0	1.0	0.0	0.0	0.0	
370	30.0	1.0	1.0	1.0	1.0	1.0	0.0	0.0	0.0	
371	30.0	1.0	1.0	1.0	1.0	1.0	0.0	0.0	0.0	
372	28.0	1.0	1.0	1.0	0.0	1.0	0.0	1.0	0.0	
373	30.0	1.0	1.0	1.0	1.0	1.0	0.0	0.0	0.0	
374	28.0	1.0	1.0	1.0	0.0	1.0	0.0	1.0	0.0	
375	30.0	1.0	1.0	1.0	1.0	1.0	0.0	0.0	0.0	
376	30.0	1.0	1.0	1.0	1.0	1.0	0.0	0.0	0.0	
377	30.0	1.0	1.0	1.0	1.0	1.0	0.0	0.0	0.0	
378	30.0	1.0	1.0	1.0	1.0	1.0	0.0	0.0	0.0	
379	30.0	1.0	1.0	1.0	1.0	1.0	0.0	0.0	0.0	
380	30.0	1.0	1.0	1.0	1.0	1.0	0.0	0.0	0.0	
381	28.0	1.0	1.0	1.0	0.0	1.0	0.0	1.0	0.0	
382	30.0	1.0	1.0	1.0	1.0	1.0	0.0	0.0	0.0	
383	28.0	1.0	1.0	1.0	0.0	1.0	0.0	1.0	0.0	
384	30.0	1.0	1.0	1.0	1.0	1.0	0.0	0.0	0.0	
385	30.0	1.0	1.0	1.0	1.0	1.0	0.0	0.0	0.0	
386	30.0	1.0	1.0	1.0	1.0	1.0	0.0	0.0	0.0	
387	28.0	1.0	1.0	0.0	1.0	1.0	0.0	0.0	0.0	
388	30.0	1.0	1.0	1.0	1.0	1.0	0.0	0.0	0.0	
389	30.0	1.0	1.0	1.0	1.0	1.0	0.0	0.0	0.0	
390	28.0	1.0	1.0	1.0	0.0	1.0	0.0	1.0	0.0	
391	30.0	1.0	1.0	1.0	1.0	1.0	0.0	0.0	0.0	
392	30.0	1.0	1.0	1.0	1.0	1.0	0.0	0.0	0.0	
393	30.0	1.0	1.0	1.0	1.0	1.0	0.0	0.0	0.0	
394	28.0	1.0	1.0	1.0	0.0	1.0	0.0	1.0	0.0	
395	30.0	1.0	1.0	1.0	1.0	1.0	0.0	0.0	0.0	
396	30.0	1.0	1.0	1.0	1.0	1.0	0.0	0.0	0.0	
397	28.0	1.0	1.0	1.0	0.0	1.0	0.0	0.0	1.0	
398	30.0	1.0	1.0	1.0	1.0	1.0	0.0	0.0	0.0	
399	30.0	1.0	1.0	1.0	1.0	1.0	0.0	0.0	0.0	
400	26.0	1.0	1.0	1.0	0.0	0.0	1.0	1.0	0.0	
401	30.0	1.0	1.0	1.0	1.0	1.0	0.0	0.0	0.0	
402	30.0	1.0	1.0	1.0	1.0	1.0	0.0	0.0	0.0	
403	30.0	1.0	1.0	1.0	1.0	1.0	0.0	0.0	0.0	
404	30.0	1.0	1.0	1.0	1.0	1.0	0.0	0.0	0.0	
405	30.0	1.0	1.0	1.0	1.0	1.0	0.0	0.0	0.0	
406	30.0	1.0	1.0	1.0	1.0	1.0	0.0	0.0	0.0	
407	30.0	1.0	1.0	1.0	1.0	1.0	0.0	0.0	0.0	
408	30.0	1.0	1.0	1.0	1.0	1.0	0.0	0.0	0.0	
409	28.0	1.0	1.0	1.0	0.0	1.0	0.0	1.0	0.0	
410	28.0	1.0	1.0	1.0	1.0	0.0	1.0	0.0	0.0	
411	30.0	1.0	1.0	1.0	1.0	1.0	0.0	0.0	0.0	
412	30.0	1.0	1.0	1.0	1.0	1.0	0.0	0.0	0.0	
413	30.0	1.0	1.0	1.0	1.0	1.0	0.0	0.0	0.0	
414	30.0	1.0	1.0	1.0	1.0	1.0	0.0	0.0	0.0	
415	30.0	1.0	1.0	1.0	1.0	1.0	0.0	0.0	0.0	
416	28.0	1.0	1.0	1.0	0.0	1.0	0.0	1.0	0.0	
417	30.0	1.0	1.0	1.0	1.0	1.0	0.0	0.0	0.0	
418	30.0	1.0	1.0	1.0	1.0	1.0	0.0	0.0	0.0	
419	28.0	1.0	1.0	1.0	0.0	1.0	0.0	1.0	0.0	
420	30.0	1.0	1.0	1.0	1.0	1.0	0.0	0.0	0.0	
421	30.0	1.0	1.0	1.0	1.0	1.0	0.0	0.0	0.0	
422	30.0	1.0	1.0	1.0	1.0	1.0	0.0	0.0	0.0	
423	30.0	1.0	1.0	1.0	1.0	1.0	0.0	0.0	0.0	
424	30.0	1.0	1.0	1.0	1.0	1.0	0.0	0.0	0.0	
425	28.0	1.0	1.0	1.0	0.0	1.0	0.0	1.0	0.0	
426	30.0	1.0	1.0	1.0	1.0	1.0	0.0	0.0	0.0	
427	30.0	1.0	1.0	1.0	1.0	1.0	0.0	0.0	0.0	
428	30.0	1.0	1.0	1.0	1.0	1.0	0.0	0.0	0.0	
429	28.0	1.0	1.0	1.0	0.0	1.0	0.0	1.0	0.0	
430	30.0	1.0	1.0	1.0	1.0	1.0	0.0	0.0	0.0	
431	28.0	1.0	1.0	1.0	0.0	1.0	0.0	1.0	0.0	
432	30.0	1.0	1.0	1.0	1.0	1.0	0.0	0.0	0.0	
433	30.0	1.0	1.0	1.0	1.0	1.0	0.0	0.0	0.0	
434	30.0	1.0	1.0	1.0	1.0	1.0	0.0	0.0	0.0	
435	30.0	1.0	1.0	1.0	1.0	1.0	0.0	0.0	0.0	
436	28.0	1.0	1.0	1.0	0.0	1.0	0.0	1.0	0.0	
437	30.0	1.0	1.0	1.0	1.0	1.0	0.0	0.0	0.0	
438	26.0	1.0	1.0	1.0	0.0	0.0	1.0	1.0	0.0	
439	28.0	1.0	1.0	1.0	1.0	0.0	1.0	0.0	0.0	
440	28.0	1.0	1.0	1.0	1.0	0.0	1.0	0.0	0.0	
441	28.0	1.0	1.0	1.0	1.0	0.0	1.0	0.0	0.0	
442	28.0	1.0	1.0	1.0	1.0	0.0	1.0	0.0	0.0	
443	30.0	1.0	1.0	1.0	1.0	1.0	0.0	0.0	0.0	
444	28.0	1.0	1.0	1.0	0.0	1.0	0.0	1.0	0.0	
445	30.0	1.0	1.0	1.0	1.0	1.0	0.0	0.0	0.0	
446	28.0	1.0	1.0	1.0	0.0	1.0	0.0	1.0	0.0	
447	28.0	1.0	1.0	1.0	0.0	1.0	0.0	1.0	0.0	
448	30.0	1.0	1.0	1.0	1.0	1.0	0.0	0.0	0.0	
449	28.0	1.0	1.0	1.0	1.0	0.0	0.0	0.0	0.0	
450	28.0	1.0	1.0	1.0	0.0	1.0	0.0	1.0	0.0	
451	30.0	1.0	1.0	1.0	1.0	1.0	0.0	0.0	0.0	
452	26.0	1.0	1.0	1.0	0.0	0.0	0.0	1.0	0.0	
453	30.0	1.0	1.0	1.0	1.0	1.0	0.0	0.0	0.0	
454	30.0	1.0	1.0	1.0	1.0	1.0	0.0	0.0	0.0	
455	30.0	1.0	1.0	1.0	1.0	1.0	0.0	0.0	0.0	
456	30.0	1.0	1.0	1.0	1.0	1.0	0.0	0.0	0.0	
457	30.0	1.0	1.0	1.0	1.0	1.0	0.0	0.0	0.0	
458	30.0	1.0	1.0	1.0	1.0	1.0	0.0	0.0	0.0	
459	30.0	1.0	1.0	1.0	1.0	1.0	0.0	0.0	0.0	
460	30.0	1.0	1.0	1.0	1.0	1.0	0.0	0.0	0.0	
461	30.0	1.0	1.0	1.0	1.0	1.0	0.0	0.0	0.0	
462	30.0	1.0	1.0	1.0	1.0	1.0	0.0	0.0	0.0	
463	30.0	1.0	1.0	1.0	1.0	1.0	0.0	0.0	0.0	
464	30.0	1.0	1.0	1.0	1.0	1.0	0.0	0.0	0.0	
465	30.0	1.0	1.0	1.0	1.0	1.0	0.0	0.0	0.0	
466	28.0	1.0	1.0	1.0	0.0	1.0	0.0	1.0	0.0	
467	30.0	1.0	1.0	1.0	1.0	1.0	0.0	0.0	0.0	
468	30.0	1.0	1.0	1.0	1.0	1.0	0.0	0.0	0.0	
469	30.0	1.0	1.0	1.0	1.0	1.0	0.0	0.0	0.0	
470	30.0	1.0	1.0	1.0	1.0	1.0	0.0	0.0	0.0	
471	28.0	1.0	1.0	1.0	0.0	1.0	0.0	1.0	0.0	
472	28.0	1.0	1.0	1.0	0.0	1.0	0.0	1.0	0.0	
473	30.0	1.0	1.0	1.0	1.0	1.0	0.0	0.0	0.0	
474	30.0	1.0	1.0	1.0	1.0	1.0	0.0	0.0	0.0	
475	30.0	1.0	1.0	1.0	1.0	1.0	0.0	0.0	0.0	
476	30.0	1.0	1.0	1.0	1.0	1.0	0.0	0.0	0.0	
477	28.0	1.0	1.0	1.0	0.0	1.0	0.0	1.0	0.0	
478	30.0	1.0	1.0	1.0	1.0	1.0	0.0	0.0	0.0	
479	30.0	1.0	1.0	1.0	1.0	1.0	0.0	0.0	0.0	
480	30.0	1.0	1.0	1.0	1.0	1.0	0.0	0.0	0.0	
481	30.0	1.0	1.0	1.0	1.0	1.0	0.0	0.0	0.0	
482	28.0	1.0	1.0	1.0	1.0	0.0	1.0	0.0	0.0	
483	28.0	1.0	1.0	1.0	1.0	0.0	0.0	0.0	0.0	
484	30.0	1.0	1.0	1.0	1.0	1.0	0.0	0.0	0.0	
485	28.0	0.0	1.0	1.0	1.0	1.0	0.0	0.0	0.0	
486	30.0	1.0	1.0	1.0	1.0	1.0	0.0	0.0	0.0	
487	28.0	1.0	1.0	1.0	0.0	1.0	0.0	1.0	0.0	
488	28.0	1.0	1.0	1.0	1.0	0.0	1.0	0.0	0.0	
489	28.0	1.0	1.0	1.0	0.0	1.0	0.0	1.0	0.0	
490	28.0	1.0	1.0	1.0	1.0	0.0	0.0	0.0	0.0	
491	30.0	1.0	1.0	1.0	1.0	1.0	0.0	0.0	0.0	
492	30.0	1.0	1.0	1.0	1.0	1.0	0.0	0.0	0.0	
493	28.0	1.0	1.0	1.0	0.0	1.0	0.0	1.0	0.0	
494	30.0	1.0	1.0	1.0	1.0	1.0	0.0	0.0	0.0	
495	30.0	1.0	1.0	1.0	1.0	1.0	0.0	0.0	0.0	
496	28.0	1.0	1.0	1.0	0.0	1.0	0.0	1.0	0.0	
497	30.0	1.0	1.0	1.0	1.0	1.0	0.0	0.0	0.0	
498	30.0	1.0	1.0	1.0	1.0	1.0	0.0	0.0	0.0	
499	30.0	1.0	1.0	1.0	1.0	1.0	0.0	0.0	0.0	
500	28.0	1.0	1.0	1.0	0.0	1.0	0.0	1.0	0.0	
501	28.0	1.0	1.0	1.0	0.0	1.0	0.0	1.0	0.0	
502	30.0	1.0	1.0	1.0	1.0	1.0	0.0	0.0	0.0	
503	30.0	1.0	1.0	1.0	1.0	1.0	0.0	0.0	0.0	
504	30.0	1.0	1.0	1.0	1.0	1.0	0.0	0.0	0.0	
505	30.0	1.0	1.0	1.0	1.0	1.0	0.0	0.0	0.0	
506	30.0	1.0	1.0	1.0	1.0	1.0	0.0	0.0	0.0	
507	30.0	1.0	1.0	1.0	1.0	1.0	0.0	0.0	0.0	
508	30.0	1.0	1.0	1.0	1.0	1.0	0.0	0.0	0.0	
509	30.0	1.0	1.0	1.0	1.0	1.0	0.0	0.0	0.0	
510	30.0	1.0	1.0	1.0	1.0	1.0	0.0	0.0	0.0	
511	30.0	1.0	1.0	1.0	1.0	1.0	0.0	0.0	0.0	
512	28.0	1.0	1.0	1.0	0.0	1.0	0.0	1.0	0.0	
513	28.0	0.0	1.0	1.0	1.0	1.0	0.0	0.0	0.0	
514	30.0	1.0	1.0	1.0	1.0	1.0	0.0	0.0	0.0	
515	30.0	1.0	1.0	1.0	1.0	1.0	0.0	0.0	0.0	
516	30.0	1.0	1.0	1.0	1.0	1.0	0.0	0.0	0.0	
517	30.0	1.0	1.0	1.0	1.0	1.0	0.0	0.0	0.0	
518	28.0	1.0	1.0	1.0	0.0	1.0	0.0	1.0	0.0	
519	30.0	1.0	1.0	1.0	1.0	1.0	0.0	0.0	0.0	
520	30.0	1.0	1.0	1.0	1.0	1.0	0.0	0.0	0.0	
521	28.0	1.0	1.0	1.0	0.0	1.0	0.0	1.0	0.0	
522	30.0	1.0	1.0	1.0	1.0	1.0	0.0	0.0	0.0	
523	30.0	1.0	1.0	1.0	1.0	1.0	0.0	0.0	0.0	
524	30.0	1.0	1.0	1.0	1.0	1.0	0.0	0.0	0.0	
525	28.0	1.0	1.0	1.0	0.0	1.0	0.0	1.0	0.0	
526	28.0	1.0	1.0	1.0	0.0	1.0	0.0	1.0	0.0	
527	30.0	1.0	1.0	1.0	1.0	1.0	0.0	0.0	0.0	
528	30.0	1.0	1.0	1.0	1.0	1.0	0.0	0.0	0.0	
529	26.0	1.0	1.0	1.0	0.0	0.0	1.0	1.0	0.0	
530	30.0	1.0	1.0	1.0	1.0	1.0	0.0	0.0	0.0	
531	30.0	1.0	1.0	1.0	1.0	1.0	0.0	0.0	0.0	
532	30.0	1.0	1.0	1.0	1.0	1.0	0.0	0.0	0.0	
533	30.0	1.0	1.0	1.0	1.0	1.0	0.0	0.0	0.0	
534	30.0	1.0	1.0	1.0	1.0	1.0	0.0	0.0	0.0	
535	30.0	1.0	1.0	1.0	1.0	1.0	0.0	0.0	0.0	
536	28.0	0.0	1.0	1.0	1.0	1.0	0.0	0.0	0.0	
537	30.0	1.0	1.0	1.0	1.0	1.0	0.0	0.0	0.0	
538	30.0	1.0	1.0	1.0	1.0	1.0	0.0	0.0	0.0	
539	30.0	1.0	1.0	1.0	1.0	1.0	0.0	0.0	0.0	
540	30.0	1.0	1.0	1.0	1.0	1.0	0.0	0.0	0.0	
541	28.0	1.0	1.0	1.0	1.0	0.0	1.0	0.0	0.0	
542	30.0	1.0	1.0	1.0	1.0	1.0	0.0	0.0	0.0	
543	30.0	1.0	1.0	1.0	1.0	1.0	0.0	0.0	0.0	
544	30.0	1.0	1.0	1.0	1.0	1.0	0.0	0.0	0.0	
545	30.0	1.0	1.0	1.0	1.0	1.0	0.0	0.0	0.0	
546	30.0	1.0	1.0	1.0	1.0	1.0	0.0	0.0	0.0	
547	30.0	1.0	1.0	1.0	1.0	1.0	0.0	0.0	0.0	
548	28.0	1.0	1.0	1.0	0.0	1.0	0.0	0.0	1.0	
549	30.0	1.0	1.0	1.0	1.0	1.0	0.0	0.0	0.0	
550	30.0	1.0	1.0	1.0	1.0	1.0	0.0	0.0	0.0	
551	28.0	1.0	1.0	1.0	0.0	1.0	0.0	1.0	0.0	
552	28.0	1.0	1.0	1.0	0.0	1.0	0.0	1.0	0.0	
553	30.0	1.0	1.0	1.0	1.0	1.0	0.0	0.0	0.0	
554	30.0	1.0	1.0	1.0	1.0	1.0	0.0	0.0	0.0	
555	30.0	1.0	1.0	1.0	1.0	1.0	0.0	0.0	0.0	
556	30.0	1.0	1.0	1.0	1.0	1.0	0.0	0.0	0.0	
557	26.0	1.0	1.0	1.0	0.0	0.0	1.0	1.0	0.0	
558	30.0	1.0	1.0	1.0	1.0	1.0	0.0	0.0	0.0	
559	30.0	1.0	1.0	1.0	1.0	1.0	0.0	0.0	0.0	
560	28.0	1.0	1.0	1.0	0.0	1.0	0.0	1.0	0.0	
561	30.0	1.0	1.0	1.0	1.0	1.0	0.0	0.0	0.0	
562	30.0	1.0	1.0	1.0	1.0	1.0	0.0	0.0	0.0	
563	28.0	1.0	1.0	1.0	0.0	1.0	0.0	1.0	0.0	
564	30.0	1.0	1.0	1.0	1.0	1.0	0.0	0.0	0.0	
565	30.0	1.0	1.0	1.0	1.0	1.0	0.0	0.0	0.0	
566	26.0	1.0	1.0	1.0	0.0	0.0	1.0	1.0	0.0	
567	28.0	1.0	1.0	1.0	1.0	0.0	1.0	0.0	0.0	
568	28.0	1.0	1.0	1.0	1.0	0.0	1.0	0.0	0.0	
569	28.0	1.0	1.0	1.0	0.0	1.0	0.0	1.0	0.0	
570	30.0	1.0	1.0	1.0	1.0	1.0	0.0	0.0	0.0	
571	30.0	1.0	1.0	1.0	1.0	1.0	0.0	0.0	0.0	
572	30.0	1.0	1.0	1.0	1.0	1.0	0.0	0.0	0.0	
573	30.0	1.0	1.0	1.0	1.0	1.0	0.0	0.0	0.0	
574	30.0	1.0	1.0	1.0	1.0	1.0	0.0	0.0	0.0	
575	30.0	1.0	1.0	1.0	1.0	1.0	0.0	0.0	0.0	
576	28.0	1.0	1.0	1.0	1.0	0.0	1.0	0.0	0.0	
577	28.0	1.0	0.0	1.0	1.0	1.0	0.0	0.0	0.0	
578	28.0	1.0	1.0	1.0	1.0	0.0	0.0	0.0	0.0	
579	28.0	0.0	1.0	1.0	1.0	1.0	0.0	0.0	0.0	
580	30.0	1.0	1.0	1.0	1.0	1.0	0.0	0.0	0.0	
581	30.0	1.0	1.0	1.0	1.0	1.0	0.0	0.0	0.0	
582	28.0	1.0	1.0	1.0	0.0	1.0	0.0	1.0	0.0	
583	30.0	1.0	1.0	1.0	1.0	1.0	0.0	0.0	0.0	
584	28.0	1.0	1.0	1.0	0.0	1.0	0.0	1.0	0.0	
585	28.0	1.0	1.0	1.0	0.0	1.0	0.0	1.0	0.0	
586	28.0	1.0	1.0	1.0	1.0	0.0	0.0	0.0	0.0	
587	30.0	1.0	1.0	1.0	1.0	1.0	0.0	0.0	0.0	
588	28.0	1.0	1.0	1.0	0.0	1.0	0.0	1.0	0.0	
589	30.0	1.0	1.0	1.0	1.0	1.0	0.0	0.0	0.0	
590	30.0	1.0	1.0	1.0	1.0	1.0	0.0	0.0	0.0	
591	30.0	1.0	1.0	1.0	1.0	1.0	0.0	0.0	0.0	
592	30.0	1.0	1.0	1.0	1.0	1.0	0.0	0.0	0.0	
593	30.0	1.0	1.0	1.0	1.0	1.0	0.0	0.0	0.0	
594	30.0	1.0	1.0	1.0	1.0	1.0	0.0	0.0	0.0	
595	30.0	1.0	1.0	1.0	1.0	1.0	0.0	0.0	0.0	
596	28.0	1.0	1.0	1.0	0.0	1.0	0.0	1.0	0.0	
597	30.0	1.0	1.0	1.0	1.0	1.0	0.0	0.0	0.0	
598	30.0	1.0	1.0	1.0	1.0	1.0	0.0	0.0	0.0	
599	30.0	1.0	1.0	1.0	1.0	1.0	0.0	0.0	0.0	
600	30.0	1.0	1.0	1.0	1.0	1.0	0.0	0.0	0.0	
601	30.0	1.0	1.0	1.0	1.0	1.0	0.0	0.0	0.0	
602	30.0	1.0	1.0	1.0	1.0	1.0	0.0	0.0	0.0	
603	30.0	1.0	1.0	1.0	1.0	1.0	0.0	0.0	0.0	
604	30.0	1.0	1.0	1.0	1.0	1.0	0.0	0.0	0.0	
605	30.0	1.0	1.0	1.0	1.0	1.0	0.0	0.0	0.0	
606	30.0	1.0	1.0	1.0	1.0	1.0	0.0	0.0	0.0	
607	30.0	1.0	1.0	1.0	1.0	1.0	0.0	0.0	0.0	
608	30.0	1.0	1.0	1.0	1.0	1.0	0.0	0.0	0.0	
609	30.0	1.0	1.0	1.0	1.0	1.0	0.0	0.0	0.0	
610	30.0	1.0	1.0	1.0	1.0	1.0	0.0	0.0	0.0	
611	28.0	1.0	1.0	1.0	0.0	1.0	0.0	1.0	0.0	
612	30.0	1.0	1.0	1.0	1.0	1.0	0.0	0.0	0.0	
613	30.0	1.0	1.0	1.0	1.0	1.0	0.0	0.0	0.0	
614	30.0	1.0	1.0	1.0	1.0	1.0	0.0	0.0	0.0	
615	28.0	1.0	1.0	1.0	1.0	0.0	0.0	0.0	0.0	
616	30.0	1.0	1.0	1.0	1.0	1.0	0.0	0.0	0.0	
617	30.0	1.0	1.0	1.0	1.0	1.0	0.0	0.0	0.0	
618	30.0	1.0	1.0	1.0	1.0	1.0	0.0	0.0	0.0	
619	30.0	1.0	1.0	1.0	1.0	1.0	0.0	0.0	0.0	
620	30.0	1.0	1.0	1.0	1.0	1.0	0.0	0.0	0.0	
621	28.0	1.0	1.0	1.0	0.0	1.0	0.0	1.0	0.0	
622	30.0	1.0	1.0	1.0	1.0	1.0	0.0	0.0	0.0	
623	30.0	1.0	1.0	1.0	1.0	1.0	0.0	0.0	0.0	
624	30.0	1.0	1.0	1.0	1.0	1.0	0.0	0.0	0.0	
625	30.0	1.0	1.0	1.0	1.0	1.0	0.0	0.0	0.0	
626	30.0	1.0	1.0	1.0	1.0	1.0	0.0	0.0	0.0	
627	30.0	1.0	1.0	1.0	1.0	1.0	0.0	0.0	0.0	
628	28.0	1.0	1.0	1.0	0.0	1.0	0.0	1.0	0.0	
629	30.0	1.0	1.0	1.0	1.0	1.0	0.0	0.0	0.0	
630	28.0	1.0	1.0	1.0	0.0	1.0	0.0	1.0	0.0	
631	30.0	1.0	1.0	1.0	1.0	1.0	0.0	0.0	0.0	
632	30.0	1.0	1.0	1.0	1.0	1.0	0.0	0.0	0.0	
633	30.0	1.0	1.0	1.0	1.0	1.0	0.0	0.0	0.0	
634	30.0	1.0	1.0	1.0	1.0	1.0	0.0	0.0	0.0	
635	30.0	1.0	1.0	1.0	1.0	1.0	0.0	0.0	0.0	
636	30.0	1.0	1.0	1.0	1.0	1.0	0.0	0.0	0.0	
637	30.0	1.0	1.0	1.0	1.0	1.0	0.0	0.0	0.0	
638	28.0	1.0	1.0	1.0	0.0	1.0	0.0	1.0	0.0	
639	30.0	1.0	1.0	1.0	1.0	1.0	0.0	0.0	0.0	
640	30.0	1.0	1.0	1.0	1.0	1.0	0.0	0.0	0.0	
641	30.0	1.0	1.0	1.0	1.0	1.0	0.0	0.0	0.0	
642	28.0	1.0	1.0	1.0	0.0	1.0	0.0	1.0	0.0	
643	30.0	1.0	1.0	1.0	1.0	1.0	0.0	0.0	0.0	
644	30.0	1.0	1.0	1.0	1.0	1.0	0.0	0.0	0.0	
645	28.0	1.0	1.0	1.0	0.0	1.0	0.0	1.0	0.0	
646	30.0	1.0	1.0	1.0	1.0	1.0	0.0	0.0	0.0	
647	30.0	1.0	1.0	1.0	1.0	1.0	0.0	0.0	0.0	
648	28.0	1.0	1.0	1.0	1.0	0.0	0.0	0.0	0.0	
649	30.0	1.0	1.0	1.0	1.0	1.0	0.0	0.0	0.0	
650	30.0	1.0	1.0	1.0	1.0	1.0	0.0	0.0	0.0	
651	30.0	1.0	1.0	1.0	1.0	1.0	0.0	0.0	0.0	
652	30.0	1.0	1.0	1.0	1.0	1.0	0.0	0.0	0.0	
653	30.0	1.0	1.0	1.0	1.0	1.0	0.0	0.0	0.0	
654	30.0	1.0	1.0	1.0	1.0	1.0	0.0	0.0	0.0	
655	30.0	1.0	1.0	1.0	1.0	1.0	0.0	0.0	0.0	
656	28.0	1.0	1.0	1.0	0.0	1.0	0.0	1.0	0.0	
657	30.0	1.0	1.0	1.0	1.0	1.0	0.0	0.0	0.0	
658	30.0	1.0	1.0	1.0	1.0	1.0	0.0	0.0	0.0	
659	30.0	1.0	1.0	1.0	1.0	1.0	0.0	0.0	0.0	
660	30.0	1.0	1.0	1.0	1.0	1.0	0.0	0.0	0.0	
661	28.0	1.0	1.0	1.0	0.0	1.0	0.0	1.0	0.0	
662	30.0	1.0	1.0	1.0	1.0	1.0	0.0	0.0	0.0	
663	30.0	1.0	1.0	1.0	1.0	1.0	0.0	0.0	0.0	
664	30.0	1.0	1.0	1.0	1.0	1.0	0.0	0.0	0.0	
665	30.0	1.0	1.0	1.0	1.0	1.0	0.0	0.0	0.0	
666	28.0	1.0	1.0	1.0	0.0	1.0	0.0	1.0	0.0	
667	28.0	1.0	1.0	1.0	0.0	1.0	0.0	1.0	0.0	
668	26.0	1.0	0.0	1.0	1.0	0.0	1.0	0.0	0.0	
669	30.0	1.0	1.0	1.0	1.0	1.0	0.0	0.0	0.0	
670	30.0	1.0	1.0	1.0	1.0	1.0	0.0	0.0	0.0	
671	30.0	1.0	1.0	1.0	1.0	1.0	0.0	0.0	0.0	
672	30.0	1.0	1.0	1.0	1.0	1.0	0.0	0.0	0.0	
673	28.0	1.0	1.0	1.0	0.0	1.0	0.0	1.0	0.0	
674	28.0	1.0	1.0	1.0	0.0	1.0	0.0	1.0	0.0	
675	30.0	1.0	1.0	1.0	1.0	1.0	0.0	0.0	0.0	
676	30.0	1.0	1.0	1.0	1.0	1.0	0.0	0.0	0.0	
677	28.0	1.0	1.0	1.0	0.0	1.0	0.0	0.0	1.0	
678	30.0	1.0	1.0	1.0	1.0	1.0	0.0	0.0	0.0	
679	30.0	1.0	1.0	1.0	1.0	1.0	0.0	0.0	0.0	
680	30.0	1.0	1.0	1.0	1.0	1.0	0.0	0.0	0.0	
681	30.0	1.0	1.0	1.0	1.0	1.0	0.0	0.0	0.0	
682	28.0	0.0	1.0	1.0	1.0	1.0	0.0	0.0	0.0	
683	30.0	1.0	1.0	1.0	1.0	1.0	0.0	0.0	0.0	
684	28.0	1.0	1.0	1.0	0.0	1.0	0.0	1.0	0.0	
685	30.0	1.0	1.0	1.0	1.0	1.0	0.0	0.0	0.0	
686	30.0	1.0	1.0	1.0	1.0	1.0	0.0	0.0	0.0	
687	28.0	1.0	1.0	1.0	0.0	1.0	0.0	1.0	0.0	
688	30.0	1.0	1.0	1.0	1.0	1.0	0.0	0.0	0.0	
689	30.0	1.0	1.0	1.0	1.0	1.0	0.0	0.0	0.0	
690	30.0	1.0	1.0	1.0	1.0	1.0	0.0	0.0	0.0	
691	28.0	1.0	1.0	1.0	0.0	1.0	0.0	1.0	0.0	
692	30.0	1.0	1.0	1.0	1.0	1.0	0.0	0.0	0.0	
693	30.0	1.0	1.0	1.0	1.0	1.0	0.0	0.0	0.0	
694	30.0	1.0	1.0	1.0	1.0	1.0	0.0	0.0	0.0	
695	30.0	1.0	1.0	1.0	1.0	1.0	0.0	0.0	0.0	
696	30.0	1.0	1.0	1.0	1.0	1.0	0.0	0.0	0.0	
697	30.0	1.0	1.0	1.0	1.0	1.0	0.0	0.0	0.0	
698	30.0	1.0	1.0	1.0	1.0	1.0	0.0	0.0	0.0	
699	30.0	1.0	1.0	1.0	1.0	1.0	0.0	0.0	0.0	
700	28.0	1.0	1.0	1.0	0.0	1.0	0.0	1.0	0.0	
701	30.0	1.0	1.0	1.0	1.0	1.0	0.0	0.0	0.0	
702	28.0	1.0	1.0	1.0	0.0	1.0	0.0	1.0	0.0	
703	28.0	1.0	1.0	1.0	0.0	1.0	0.0	1.0	0.0	
704	30.0	1.0	1.0	1.0	1.0	1.0	0.0	0.0	0.0	
705	30.0	1.0	1.0	1.0	1.0	1.0	0.0	0.0	0.0	
706	30.0	1.0	1.0	1.0	1.0	1.0	0.0	0.0	0.0	
707	30.0	1.0	1.0	1.0	1.0	1.0	0.0	0.0	0.0	
708	28.0	1.0	1.0	1.0	0.0	1.0	0.0	1.0	0.0	
709	30.0	1.0	1.0	1.0	1.0	1.0	0.0	0.0	0.0	
710	30.0	1.0	1.0	1.0	1.0	1.0	0.0	0.0	0.0	
711	30.0	1.0	1.0	1.0	1.0	1.0	0.0	0.0	0.0	
712	30.0	1.0	1.0	1.0	1.0	1.0	0.0	0.0	0.0	
713	30.0	1.0	1.0	1.0	1.0	1.0	0.0	0.0	0.0	
714	28.0	1.0	1.0	1.0	0.0	1.0	0.0	1.0	0.0	
715	30.0	1.0	1.0	1.0	1.0	1.0	0.0	0.0	0.0	
716	28.0	1.0	1.0	1.0	0.0	1.0	0.0	1.0	0.0	
717	30.0	1.0	1.0	1.0	1.0	1.0	0.0	0.0	0.0	
718	30.0	1.0	1.0	1.0	1.0	1.0	0.0	0.0	0.0	
719	28.0	1.0	1.0	1.0	0.0	1.0	0.0	1.0	0.0	
720	30.0	1.0	1.0	1.0	1.0	1.0	0.0	0.0	0.0	
721	30.0	1.0	1.0	1.0	1.0	1.0	0.0	0.0	0.0	
722	30.0	1.0	1.0	1.0	1.0	1.0	0.0	0.0	0.0	
723	30.0	1.0	1.0	1.0	1.0	1.0	0.0	0.0	0.0	
724	30.0	1.0	1.0	1.0	1.0	1.0	0.0	0.0	0.0	
725	30.0	1.0	1.0	1.0	1.0	1.0	0.0	0.0	0.0	
726	30.0	1.0	1.0	1.0	1.0	1.0	0.0	0.0	0.0	
727	26.0	1.0	1.0	1.0	0.0	0.0	1.0	1.0	0.0	
728	30.0	1.0	1.0	1.0	1.0	1.0	0.0	0.0	0.0	
729	30.0	1.0	1.0	1.0	1.0	1.0	0.0	0.0	0.0	
730	30.0	1.0	1.0	1.0	1.0	1.0	0.0	0.0	0.0	
731	30.0	1.0	1.0	1.0	1.0	1.0	0.0	0.0	0.0	
732	30.0	1.0	1.0	1.0	1.0	1.0	0.0	0.0	0.0	
733	30.0	1.0	1.0	1.0	1.0	1.0	0.0	0.0	0.0	
734	28.0	1.0	1.0	1.0	0.0	1.0	0.0	1.0	0.0	
735	28.0	1.0	1.0	1.0	0.0	1.0	0.0	1.0	0.0	
736	30.0	1.0	1.0	1.0	1.0	1.0	0.0	0.0	0.0	
737	30.0	1.0	1.0	1.0	1.0	1.0	0.0	0.0	0.0	
738	30.0	1.0	1.0	1.0	1.0	1.0	0.0	0.0	0.0	
739	30.0	1.0	1.0	1.0	1.0	1.0	0.0	0.0	0.0	
740	30.0	1.0	1.0	1.0	1.0	1.0	0.0	0.0	0.0	
741	30.0	1.0	1.0	1.0	1.0	1.0	0.0	0.0	0.0	
742	28.0	1.0	1.0	1.0	0.0	1.0	0.0	0.0	1.0	
743	28.0	1.0	1.0	1.0	0.0	1.0	0.0	1.0	0.0	
744	30.0	1.0	1.0	1.0	1.0	1.0	0.0	0.0	0.0	
745	30.0	1.0	1.0	1.0	1.0	1.0	0.0	0.0	0.0	
746	30.0	1.0	1.0	1.0	1.0	1.0	0.0	0.0	0.0	
747	28.0	1.0	1.0	1.0	0.0	1.0	0.0	1.0	0.0	
748	30.0	1.0	1.0	1.0	1.0	1.0	0.0	0.0	0.0	
749	28.0	1.0	1.0	1.0	1.0	0.0	1.0	0.0	0.0	
750	30.0	1.0	1.0	1.0	1.0	1.0	0.0	0.0	0.0	
751	30.0	1.0	1.0	1.0	1.0	1.0	0.0	0.0	0.0	
752	28.0	1.0	1.0	1.0	0.0	1.0	0.0	1.0	0.0	
753	30.0	1.0	1.0	1.0	1.0	1.0	0.0	0.0	0.0	
754	28.0	1.0	1.0	1.0	0.0	1.0	0.0	1.0	0.0	
755	30.0	1.0	1.0	1.0	1.0	1.0	0.0	0.0	0.0	
756	30.0	1.0	1.0	1.0	1.0	1.0	0.0	0.0	0.0	
757	30.0	1.0	1.0	1.0	1.0	1.0	0.0	0.0	0.0	
758	30.0	1.0	1.0	1.0	1.0	1.0	0.0	0.0	0.0	
759	30.0	1.0	1.0	1.0	1.0	1.0	0.0	0.0	0.0	
760	30.0	1.0	1.0	1.0	1.0	1.0	0.0	0.0	0.0	
761	28.0	1.0	1.0	1.0	0.0	1.0	0.0	1.0	0.0	
762	30.0	1.0	1.0	1.0	1.0	1.0	0.0	0.0	0.0	
763	30.0	1.0	1.0	1.0	1.0	1.0	0.0	0.0	0.0	
764	30.0	1.0	1.0	1.0	1.0	1.0	0.0	0.0	0.0	
765	30.0	1.0	1.0	1.0	1.0	1.0	0.0	0.0	0.0	
766	28.0	1.0	1.0	1.0	0.0	1.0	0.0	1.0	0.0	
767	28.0	1.0	1.0	1.0	0.0	1.0	0.0	1.0	0.0	
768	30.0	1.0	1.0	1.0	1.0	1.0	0.0	0.0	0.0	
769	30.0	1.0	1.0	1.0	1.0	1.0	0.0	0.0	0.0	
770	30.0	1.0	1.0	1.0	1.0	1.0	0.0	0.0	0.0	
771	28.0	1.0	1.0	1.0	0.0	1.0	0.0	1.0	0.0	
772	28.0	1.0	1.0	1.0	1.0	0.0	1.0	0.0	0.0	
773	30.0	1.0	1.0	1.0	1.0	1.0	0.0	0.0	0.0	
774	30.0	1.0	1.0	1.0	1.0	1.0	0.0	0.0	0.0	
775	30.0	1.0	1.0	1.0	1.0	1.0	0.0	0.0	0.0	
776	30.0	1.0	1.0	1.0	1.0	1.0	0.0	0.0	0.0	
777	30.0	1.0	1.0	1.0	1.0	1.0	0.0	0.0	0.0	
778	30.0	1.0	1.0	1.0	1.0	1.0	0.0	0.0	0.0	
779	30.0	1.0	1.0	1.0	1.0	1.0	0.0	0.0	0.0	
780	28.0	1.0	1.0	1.0	0.0	1.0	0.0	1.0	0.0	
781	30.0	1.0	1.0	1.0	1.0	1.0	0.0	0.0	0.0	
782	30.0	1.0	1.0	1.0	1.0	1.0	0.0	0.0	0.0	
783	30.0	1.0	1.0	1.0	1.0	1.0	0.0	0.0	0.0	
784	30.0	1.0	1.0	1.0	1.0	1.0	0.0	0.0	0.0	
785	30.0	1.0	1.0	1.0	1.0	1.0	0.0	0.0	0.0	
786	30.0	1.0	1.0	1.0	1.0	1.0	0.0	0.0	0.0	
787	30.0	1.0	1.0	1.0	1.0	1.0	0.0	0.0	0.0	
788	28.0	1.0	1.0	1.0	0.0	1.0	0.0	1.0	0.0	
789	30.0	1.0	1.0	1.0	1.0	1.0	0.0	0.0	0.0	
790	30.0	1.0	1.0	1.0	1.0	1.0	0.0	0.0	0.0	
791	30.0	1.0	1.0	1.0	1.0	1.0	0.0	0.0	0.0	
792	28.0	1.0	1.0	1.0	0.0	1.0	0.0	1.0	0.0	
793	28.0	1.0	1.0	1.0	0.0	1.0	0.0	1.0	0.0	
794	30.0	1.0	1.0	1.0	1.0	1.0	0.0	0.0	0.0	
795	30.0	1.0	1.0	1.0	1.0	1.0	0.0	0.0	0.0	
796	30.0	1.0	1.0	1.0	1.0	1.0	0.0	0.0	0.0	
797	30.0	1.0	1.0	1.0	1.0	1.0	0.0	0.0	0.0	
798	30.0	1.0	1.0	1.0	1.0	1.0	0.0	0.0	0.0	
799	30.0	1.0	1.0	1.0	1.0	1.0	0.0	0.0	0.0	
800	30.0	1.0	1.0	1.0	1.0	1.0	0.0	0.0	0.0	
801	28.0	1.0	1.0	1.0	0.0	1.0	0.0	1.0	0.0	
802	30.0	1.0	1.0	1.0	1.0	1.0	0.0	0.0	0.0	
803	28.0	1.0	1.0	1.0	0.0	1.0	0.0	1.0	0.0	
804	30.0	1.0	1.0	1.0	1.0	1.0	0.0	0.0	0.0	
805	30.0	1.0	1.0	1.0	1.0	1.0	0.0	0.0	0.0	
806	30.0	1.0	1.0	1.0	1.0	1.0	0.0	0.0	0.0	
807	30.0	1.0	1.0	1.0	1.0	1.0	0.0	0.0	0.0	
808	30.0	1.0	1.0	1.0	1.0	1.0	0.0	0.0	0.0	
809	28.0	1.0	1.0	1.0	0.0	1.0	0.0	1.0	0.0	
810	30.0	1.0	1.0	1.0	1.0	1.0	0.0	0.0	0.0	
811	30.0	1.0	1.0	1.0	1.0	1.0	0.0	0.0	0.0	
812	28.0	1.0	1.0	1.0	0.0	1.0	0.0	1.0	0.0	
813	30.0	1.0	1.0	1.0	1.0	1.0	0.0	0.0	0.0	
814	28.0	1.0	1.0	1.0	0.0	1.0	0.0	1.0	0.0	
815	30.0	1.0	1.0	1.0	1.0	1.0	0.0	0.0	0.0	
816	28.0	1.0	1.0	1.0	0.0	1.0	0.0	1.0	0.0	
817	30.0	1.0	1.0	1.0	1.0	1.0	0.0	0.0	0.0	
818	30.0	1.0	1.0	1.0	1.0	1.0	0.0	0.0	0.0	
819	30.0	1.0	1.0	1.0	1.0	1.0	0.0	0.0	0.0	
820	30.0	1.0	1.0	1.0	1.0	1.0	0.0	0.0	0.0	
821	30.0	1.0	1.0	1.0	1.0	1.0	0.0	0.0	0.0	
822	30.0	1.0	1.0	1.0	1.0	1.0	0.0	0.0	0.0	
823	30.0	1.0	1.0	1.0	1.0	1.0	0.0	0.0	0.0	
824	30.0	1.0	1.0	1.0	1.0	1.0	0.0	0.0	0.0	
825	30.0	1.0	1.0	1.0	1.0	1.0	0.0	0.0	0.0	
826	30.0	1.0	1.0	1.0	1.0	1.0	0.0	0.0	0.0	
827	30.0	1.0	1.0	1.0	1.0	1.0	0.0	0.0	0.0	
828	28.0	0.0	1.0	1.0	1.0	1.0	0.0	0.0	0.0	
829	30.0	1.0	1.0	1.0	1.0	1.0	0.0	0.0	0.0	
830	30.0	1.0	1.0	1.0	1.0	1.0	0.0	0.0	0.0	
831	30.0	1.0	1.0	1.0	1.0	1.0	0.0	0.0	0.0	
832	30.0	1.0	1.0	1.0	1.0	1.0	0.0	0.0	0.0	
833	30.0	1.0	1.0	1.0	1.0	1.0	0.0	0.0	0.0	
834	30.0	1.0	1.0	1.0	1.0	1.0	0.0	0.0	0.0	
835	30.0	1.0	1.0	1.0	1.0	1.0	0.0	0.0	0.0	
836	30.0	1.0	1.0	1.0	1.0	1.0	0.0	0.0	0.0	
837	30.0	1.0	1.0	1.0	1.0	1.0	0.0	0.0	0.0	
838	28.0	1.0	1.0	1.0	0.0	1.0	0.0	1.0	0.0	
839	30.0	1.0	1.0	1.0	1.0	1.0	0.0	0.0	0.0	
840	30.0	1.0	1.0	1.0	1.0	1.0	0.0	0.0	0.0	
841	26.0	0.0	1.0	1.0	0.0	1.0	0.0	1.0	0.0	
842	30.0	1.0	1.0	1.0	1.0	1.0	0.0	0.0	0.0	
843	30.0	1.0	1.0	1.0	1.0	1.0	0.0	0.0	0.0	
844	30.0	1.0	1.0	1.0	1.0	1.0	0.0	0.0	0.0	
845	30.0	1.0	1.0	1.0	1.0	1.0	0.0	0.0	0.0	
846	30.0	1.0	1.0	1.0	1.0	1.0	0.0	0.0	0.0	
847	28.0	1.0	1.0	1.0	1.0	0.0	1.0	0.0	0.0	
848	30.0	1.0	1.0	1.0	1.0	1.0	0.0	0.0	0.0	
849	30.0	1.0	1.0	1.0	1.0	1.0	0.0	0.0	0.0	
850	30.0	1.0	1.0	1.0	1.0	1.0	0.0	0.0	0.0	
851	30.0	1.0	1.0	1.0	1.0	1.0	0.0	0.0	0.0	
852	30.0	1.0	1.0	1.0	1.0	1.0	0.0	0.0	0.0	
853	30.0	1.0	1.0	1.0	1.0	1.0	0.0	0.0	0.0	
854	28.0	1.0	1.0	1.0	0.0	1.0	0.0	1.0	0.0	
855	30.0	1.0	1.0	1.0	1.0	1.0	0.0	0.0	0.0	
856	30.0	1.0	1.0	1.0	1.0	1.0	0.0	0.0	0.0	
857	28.0	1.0	1.0	1.0	0.0	1.0	0.0	1.0	0.0	
858	28.0	1.0	0.0	1.0	1.0	1.0	0.0	0.0	0.0	
859	30.0	1.0	1.0	1.0	1.0	1.0	0.0	0.0	0.0	
860	30.0	1.0	1.0	1.0	1.0	1.0	0.0	0.0	0.0	
861	30.0	1.0	1.0	1.0	1.0	1.0	0.0	0.0	0.0	
862	30.0	1.0	1.0	1.0	1.0	1.0	0.0	0.0	0.0	
863	28.0	0.0	1.0	1.0	1.0	1.0	0.0	0.0	0.0	
864	26.0	0.0	1.0	1.0	0.0	1.0	0.0	1.0	0.0	
865	30.0	1.0	1.0	1.0	1.0	1.0	0.0	0.0	0.0	
866	30.0	1.0	1.0	1.0	1.0	1.0	0.0	0.0	0.0	
867	30.0	1.0	1.0	1.0	1.0	1.0	0.0	0.0	0.0	
868	30.0	1.0	1.0	1.0	1.0	1.0	0.0	0.0	0.0	
869	30.0	1.0	1.0	1.0	1.0	1.0	0.0	0.0	0.0	
870	26.0	1.0	1.0	1.0	0.0	0.0	1.0	1.0	0.0	
871	30.0	1.0	1.0	1.0	1.0	1.0	0.0	0.0	0.0	
872	30.0	1.0	1.0	1.0	1.0	1.0	0.0	0.0	0.0	
873	28.0	1.0	1.0	1.0	0.0	1.0	0.0	1.0	0.0	
874	30.0	1.0	1.0	1.0	1.0	1.0	0.0	0.0	0.0	
875	30.0	1.0	1.0	1.0	1.0	1.0	0.0	0.0	0.0	
876	30.0	1.0	1.0	1.0	1.0	1.0	0.0	0.0	0.0	
877	28.0	1.0	1.0	1.0	0.0	1.0	0.0	1.0	0.0	
878	28.0	1.0	1.0	1.0	0.0	1.0	0.0	1.0	0.0	
879	28.0	1.0	1.0	1.0	0.0	1.0	0.0	0.0	1.0	
880	30.0	1.0	1.0	1.0	1.0	1.0	0.0	0.0	0.0	
881	28.0	1.0	1.0	1.0	0.0	1.0	0.0	1.0	0.0	
882	28.0	1.0	1.0	1.0	0.0	1.0	0.0	1.0	0.0	
883	30.0	1.0	1.0	1.0	1.0	1.0	0.0	0.0	0.0	
884	30.0	1.0	1.0	1.0	1.0	1.0	0.0	0.0	0.0	
885	30.0	1.0	1.0	1.0	1.0	1.0	0.0	0.0	0.0	
886	30.0	1.0	1.0	1.0	1.0	1.0	0.0	0.0	0.0	
887	30.0	1.0	1.0	1.0	1.0	1.0	0.0	0.0	0.0	
888	30.0	1.0	1.0	1.0	1.0	1.0	0.0	0.0	0.0	
889	30.0	1.0	1.0	1.0	1.0	1.0	0.0	0.0	0.0	
890	28.0	1.0	1.0	1.0	0.0	1.0	0.0	1.0	0.0	
891	28.0	1.0	1.0	1.0	0.0	1.0	0.0	1.0	0.0	
892	30.0	1.0	1.0	1.0	1.0	1.0	0.0	0.0	0.0	
893	30.0	1.0	1.0	1.0	1.0	1.0	0.0	0.0	0.0	
894	30.0	1.0	1.0	1.0	1.0	1.0	0.0	0.0	0.0	
895	30.0	1.0	1.0	1.0	1.0	1.0	0.0	0.0	0.0	
896	30.0	1.0	1.0	1.0	1.0	1.0	0.0	0.0	0.0	
897	30.0	1.0	1.0	1.0	1.0	1.0	0.0	0.0	0.0	
898	30.0	1.0	1.0	1.0	1.0	1.0	0.0	0.0	0.0	
899	28.0	1.0	1.0	1.0	0.0	1.0	0.0	1.0	0.0	
