Sample	cat16-38.trees	cat16-38.sequence11_sequence10_sequence06	cat16-38.sequence11_sequence06_sequence15	cat16-38.sequence10_sequence15	cat16-38.sequence01_sequence05_sequence04_sequence14_sequence07_sequence13_sequence16_sequence02_sequence09_sequence03	cat16-38.sequence05_sequence07_sequence02	cat16-38.sequence01_sequence04_sequence14_sequence11_sequence12_sequence13_sequence09_sequence10_sequence06_sequence08_sequence15	cat16-38.sequence05_sequence16_sequence02_sequence03	cat16-38.sequence07_sequence16_sequence03	cat16-38.sequence05_sequence07_sequence11_sequence12_sequence16_sequence02_sequence03_sequence10_sequence06_sequence08_sequence15	
0	28.0	1.0	0.0	0.0	1.0	0.0	0.0	1.0	0.0	0.0	
1	28.0	1.0	0.0	0.0	0.0	0.0	1.0	0.0	1.0	0.0	
2	28.0	1.0	0.0	0.0	1.0	0.0	0.0	1.0	0.0	0.0	
3	26.0	1.0	0.0	0.0	0.0	0.0	0.0	0.0	1.0	1.0	
4	28.0	1.0	0.0	0.0	1.0	0.0	0.0	1.0	0.0	0.0	
5	28.0	1.0	0.0	0.0	1.0	0.0	0.0	1.0	0.0	0.0	
6	28.0	1.0	0.0	0.0	0.0	1.0	1.0	0.0	0.0	0.0	
7	24.0	0.0	1.0	0.0	1.0	0.0	0.0	0.0	1.0	0.0	
8	30.0	1.0	0.0	0.0	0.0	0.0	1.0	1.0	0.0	0.0	
9	26.0	1.0	0.0	0.0	0.0	0.0	0.0	0.0	1.0	1.0	
10	26.0	1.0	0.0	0.0	0.0	0.0	0.0	0.0	1.0	1.0	
11	30.0	1.0	0.0	0.0	0.0	0.0	1.0	1.0	0.0	0.0	
12	28.0	1.0	0.0	0.0	0.0	0.0	0.0	1.0	0.0	1.0	
13	28.0	1.0	0.0	0.0	0.0	0.0	1.0	0.0	1.0	0.0	
14	26.0	0.0	0.0	1.0	0.0	0.0	0.0	1.0	0.0	1.0	
15	30.0	1.0	0.0	0.0	0.0	0.0	1.0	1.0	0.0	0.0	
16	26.0	0.0	1.0	0.0	1.0	0.0	0.0	1.0	0.0	0.0	
17	26.0	1.0	0.0	0.0	0.0	1.0	0.0	0.0	0.0	1.0	
18	26.0	1.0	0.0	0.0	0.0	0.0	0.0	0.0	1.0	1.0	
19	26.0	1.0	0.0	0.0	0.0	1.0	0.0	0.0	0.0	1.0	
20	26.0	0.0	1.0	0.0	0.0	0.0	0.0	1.0	0.0	1.0	
21	28.0	1.0	0.0	0.0	0.0	0.0	0.0	1.0	0.0	1.0	
22	30.0	1.0	0.0	0.0	0.0	0.0	1.0	1.0	0.0	0.0	
23	28.0	0.0	0.0	1.0	0.0	0.0	1.0	1.0	0.0	0.0	
24	28.0	1.0	0.0	0.0	0.0	0.0	1.0	0.0	1.0	0.0	
25	26.0	0.0	0.0	1.0	0.0	0.0	1.0	0.0	1.0	0.0	
26	30.0	1.0	0.0	0.0	0.0	0.0	1.0	1.0	0.0	0.0	
27	28.0	1.0	0.0	0.0	0.0	0.0	1.0	0.0	1.0	0.0	
28	30.0	1.0	0.0	0.0	0.0	0.0	1.0	1.0	0.0	0.0	
29	28.0	1.0	0.0	0.0	0.0	1.0	1.0	0.0	0.0	0.0	
30	24.0	0.0	1.0	0.0	0.0	1.0	0.0	0.0	0.0	1.0	
31	30.0	1.0	0.0	0.0	0.0	0.0	1.0	1.0	0.0	0.0	
32	28.0	1.0	0.0	0.0	0.0	1.0	1.0	0.0	0.0	0.0	
33	28.0	1.0	0.0	0.0	0.0	0.0	0.0	1.0	0.0	1.0	
34	28.0	1.0	0.0	0.0	0.0	0.0	0.0	1.0	0.0	1.0	
35	28.0	0.0	1.0	0.0	0.0	0.0	1.0	1.0	0.0	0.0	
36	30.0	1.0	0.0	0.0	0.0	0.0	1.0	1.0	0.0	0.0	
37	26.0	1.0	0.0	0.0	0.0	0.0	0.0	0.0	1.0	1.0	
38	26.0	0.0	1.0	0.0	0.0	0.0	0.0	1.0	0.0	1.0	
39	30.0	1.0	0.0	0.0	0.0	0.0	1.0	1.0	0.0	0.0	
40	28.0	1.0	0.0	0.0	1.0	0.0	0.0	1.0	0.0	0.0	
41	28.0	0.0	1.0	0.0	0.0	0.0	1.0	1.0	0.0	0.0	
42	28.0	0.0	1.0	0.0	0.0	0.0	1.0	1.0	0.0	0.0	
43	30.0	1.0	0.0	0.0	0.0	0.0	1.0	1.0	0.0	0.0	
44	28.0	1.0	0.0	0.0	0.0	0.0	0.0	1.0	0.0	1.0	
45	28.0	1.0	0.0	0.0	1.0	0.0	0.0	1.0	0.0	0.0	
46	26.0	1.0	0.0	0.0	0.0	1.0	0.0	0.0	0.0	1.0	
47	26.0	1.0	0.0	0.0	0.0	0.0	0.0	0.0	1.0	1.0	
48	28.0	1.0	0.0	0.0	1.0	0.0	0.0	1.0	0.0	0.0	
49	24.0	0.0	0.0	1.0	0.0	0.0	0.0	0.0	1.0	1.0	
50	26.0	0.0	1.0	0.0	0.0	0.0	1.0	0.0	1.0	0.0	
51	30.0	1.0	0.0	0.0	0.0	0.0	1.0	1.0	0.0	0.0	
52	30.0	1.0	0.0	0.0	0.0	0.0	1.0	1.0	0.0	0.0	
53	28.0	1.0	0.0	0.0	0.0	0.0	0.0	1.0	0.0	1.0	
54	28.0	0.0	0.0	1.0	0.0	0.0	1.0	1.0	0.0	0.0	
55	30.0	1.0	0.0	0.0	0.0	0.0	1.0	1.0	0.0	0.0	
56	28.0	1.0	0.0	0.0	0.0	0.0	0.0	1.0	0.0	1.0	
57	28.0	1.0	0.0	0.0	1.0	0.0	0.0	1.0	0.0	0.0	
58	28.0	1.0	0.0	0.0	0.0	0.0	1.0	0.0	1.0	0.0	
59	26.0	1.0	0.0	0.0	0.0	1.0	0.0	0.0	0.0	1.0	
60	26.0	1.0	0.0	0.0	1.0	0.0	0.0	0.0	1.0	0.0	
61	24.0	0.0	0.0	1.0	0.0	0.0	0.0	0.0	1.0	1.0	
62	26.0	0.0	1.0	0.0	0.0	0.0	1.0	0.0	1.0	0.0	
63	28.0	1.0	0.0	0.0	0.0	0.0	1.0	0.0	1.0	0.0	
64	26.0	1.0	0.0	0.0	0.0	1.0	0.0	0.0	0.0	1.0	
65	28.0	1.0	0.0	0.0	0.0	0.0	1.0	0.0	1.0	0.0	
66	26.0	1.0	0.0	0.0	0.0	0.0	0.0	0.0	1.0	1.0	
67	26.0	0.0	1.0	0.0	0.0	1.0	1.0	0.0	0.0	0.0	
68	26.0	0.0	1.0	0.0	0.0	0.0	0.0	1.0	0.0	1.0	
69	26.0	1.0	0.0	0.0	1.0	0.0	0.0	0.0	1.0	0.0	
70	30.0	1.0	0.0	0.0	0.0	0.0	1.0	1.0	0.0	0.0	
71	24.0	0.0	1.0	0.0	0.0	0.0	0.0	0.0	1.0	1.0	
72	30.0	1.0	0.0	0.0	0.0	0.0	1.0	1.0	0.0	0.0	
73	30.0	1.0	0.0	0.0	0.0	0.0	1.0	1.0	0.0	0.0	
74	28.0	0.0	1.0	0.0	0.0	0.0	1.0	1.0	0.0	0.0	
75	28.0	1.0	0.0	0.0	0.0	0.0	1.0	0.0	1.0	0.0	
76	26.0	1.0	0.0	0.0	0.0	1.0	0.0	0.0	0.0	1.0	
77	30.0	1.0	0.0	0.0	0.0	0.0	1.0	1.0	0.0	0.0	
78	26.0	1.0	0.0	0.0	0.0	0.0	0.0	0.0	1.0	1.0	
79	26.0	0.0	1.0	0.0	0.0	1.0	1.0	0.0	0.0	0.0	
80	26.0	0.0	0.0	1.0	0.0	0.0	1.0	0.0	1.0	0.0	
81	26.0	0.0	0.0	1.0	0.0	0.0	1.0	0.0	1.0	0.0	
82	28.0	1.0	0.0	0.0	0.0	0.0	0.0	1.0	0.0	1.0	
83	28.0	1.0	0.0	0.0	0.0	0.0	0.0	1.0	0.0	1.0	
84	24.0	0.0	1.0	0.0	1.0	0.0	0.0	0.0	1.0	0.0	
85	26.0	1.0	0.0	0.0	1.0	1.0	0.0	0.0	0.0	0.0	
86	28.0	1.0	0.0	0.0	0.0	0.0	0.0	1.0	0.0	1.0	
87	28.0	1.0	0.0	0.0	0.0	0.0	0.0	1.0	0.0	1.0	
88	24.0	0.0	1.0	0.0	0.0	0.0	0.0	0.0	1.0	1.0	
89	26.0	0.0	0.0	1.0	1.0	0.0	0.0	1.0	0.0	0.0	
90	28.0	0.0	1.0	0.0	0.0	0.0	1.0	1.0	0.0	0.0	
91	24.0	0.0	0.0	1.0	0.0	0.0	0.0	0.0	1.0	1.0	
92	28.0	1.0	0.0	0.0	0.0	1.0	1.0	0.0	0.0	0.0	
93	28.0	1.0	0.0	0.0	0.0	0.0	0.0	1.0	0.0	1.0	
94	26.0	1.0	0.0	0.0	1.0	1.0	0.0	0.0	0.0	0.0	
95	28.0	1.0	0.0	0.0	0.0	0.0	1.0	0.0	1.0	0.0	
96	26.0	0.0	1.0	0.0	0.0	0.0	1.0	0.0	1.0	0.0	
97	30.0	1.0	0.0	0.0	0.0	0.0	1.0	1.0	0.0	0.0	
98	26.0	1.0	0.0	0.0	0.0	0.0	0.0	0.0	1.0	1.0	
99	26.0	1.0	0.0	0.0	1.0	0.0	0.0	0.0	1.0	0.0	
100	26.0	1.0	0.0	0.0	0.0	0.0	0.0	0.0	1.0	1.0	
101	26.0	1.0	0.0	0.0	1.0	0.0	0.0	0.0	1.0	0.0	
102	26.0	1.0	0.0	0.0	0.0	1.0	0.0	0.0	0.0	1.0	
103	26.0	0.0	1.0	0.0	0.0	0.0	0.0	1.0	0.0	1.0	
104	28.0	1.0	0.0	0.0	0.0	0.0	1.0	0.0	1.0	0.0	
105	28.0	1.0	0.0	0.0	0.0	0.0	0.0	1.0	0.0	1.0	
106	28.0	1.0	0.0	0.0	0.0	0.0	0.0	1.0	0.0	1.0	
107	28.0	1.0	0.0	0.0	0.0	1.0	1.0	0.0	0.0	0.0	
108	28.0	1.0	0.0	0.0	0.0	0.0	1.0	0.0	1.0	0.0	
109	26.0	0.0	1.0	0.0	0.0	0.0	0.0	1.0	0.0	1.0	
110	24.0	0.0	0.0	1.0	1.0	0.0	0.0	0.0	1.0	0.0	
111	28.0	1.0	0.0	0.0	0.0	0.0	0.0	1.0	0.0	1.0	
112	28.0	1.0	0.0	0.0	0.0	1.0	1.0	0.0	0.0	0.0	
113	28.0	0.0	0.0	1.0	0.0	0.0	1.0	1.0	0.0	0.0	
114	24.0	0.0	1.0	0.0	0.0	1.0	0.0	0.0	0.0	1.0	
115	30.0	1.0	0.0	0.0	0.0	0.0	1.0	1.0	0.0	0.0	
116	28.0	1.0	0.0	0.0	1.0	0.0	0.0	1.0	0.0	0.0	
117	26.0	0.0	1.0	0.0	0.0	0.0	0.0	1.0	0.0	1.0	
118	28.0	1.0	0.0	0.0	1.0	0.0	0.0	1.0	0.0	0.0	
119	28.0	1.0	0.0	0.0	0.0	0.0	1.0	0.0	1.0	0.0	
120	24.0	0.0	1.0	0.0	0.0	0.0	0.0	0.0	1.0	1.0	
121	28.0	1.0	0.0	0.0	0.0	0.0	0.0	1.0	0.0	1.0	
122	26.0	0.0	1.0	0.0	1.0	0.0	0.0	1.0	0.0	0.0	
123	28.0	1.0	0.0	0.0	0.0	0.0	0.0	1.0	0.0	1.0	
124	30.0	1.0	0.0	0.0	0.0	0.0	1.0	1.0	0.0	0.0	
125	30.0	1.0	0.0	0.0	0.0	0.0	1.0	1.0	0.0	0.0	
126	26.0	0.0	1.0	0.0	0.0	0.0	0.0	1.0	0.0	1.0	
127	28.0	1.0	0.0	0.0	0.0	0.0	0.0	1.0	0.0	1.0	
128	28.0	1.0	0.0	0.0	0.0	1.0	1.0	0.0	0.0	0.0	
129	28.0	1.0	0.0	0.0	0.0	0.0	1.0	0.0	1.0	0.0	
130	26.0	1.0	0.0	0.0	0.0	1.0	0.0	0.0	0.0	1.0	
131	24.0	0.0	1.0	0.0	1.0	0.0	0.0	0.0	1.0	0.0	
132	28.0	1.0	0.0	0.0	0.0	0.0	0.0	1.0	0.0	1.0	
133	24.0	0.0	1.0	0.0	0.0	0.0	0.0	0.0	1.0	1.0	
134	26.0	1.0	0.0	0.0	1.0	0.0	0.0	0.0	1.0	0.0	
135	28.0	1.0	0.0	0.0	0.0	0.0	0.0	1.0	0.0	1.0	
136	30.0	1.0	0.0	0.0	0.0	0.0	1.0	1.0	0.0	0.0	
137	26.0	1.0	0.0	0.0	0.0	0.0	0.0	0.0	1.0	1.0	
138	26.0	0.0	0.0	1.0	0.0	0.0	0.0	1.0	0.0	1.0	
139	26.0	0.0	0.0	1.0	1.0	0.0	0.0	1.0	0.0	0.0	
140	26.0	0.0	1.0	0.0	0.0	0.0	0.0	1.0	0.0	1.0	
141	30.0	1.0	0.0	0.0	0.0	0.0	1.0	1.0	0.0	0.0	
142	30.0	1.0	0.0	0.0	0.0	0.0	1.0	1.0	0.0	0.0	
143	28.0	1.0	0.0	0.0	1.0	0.0	0.0	1.0	0.0	0.0	
144	28.0	1.0	0.0	0.0	0.0	1.0	1.0	0.0	0.0	0.0	
145	28.0	0.0	1.0	0.0	0.0	0.0	1.0	1.0	0.0	0.0	
146	28.0	0.0	1.0	0.0	0.0	0.0	1.0	1.0	0.0	0.0	
147	30.0	1.0	0.0	0.0	0.0	0.0	1.0	1.0	0.0	0.0	
148	28.0	1.0	0.0	0.0	0.0	1.0	1.0	0.0	0.0	0.0	
149	28.0	0.0	1.0	0.0	0.0	0.0	1.0	1.0	0.0	0.0	
150	26.0	0.0	1.0	0.0	0.0	0.0	0.0	1.0	0.0	1.0	
151	26.0	0.0	0.0	1.0	1.0	0.0	0.0	1.0	0.0	0.0	
152	26.0	1.0	0.0	0.0	0.0	0.0	0.0	0.0	1.0	1.0	
153	28.0	1.0	0.0	0.0	0.0	0.0	0.0	1.0	0.0	1.0	
154	26.0	1.0	0.0	0.0	0.0	0.0	0.0	0.0	1.0	1.0	
155	28.0	1.0	0.0	0.0	0.0	0.0	1.0	0.0	1.0	0.0	
156	26.0	1.0	0.0	0.0	1.0	1.0	0.0	0.0	0.0	0.0	
157	26.0	0.0	0.0	1.0	0.0	1.0	1.0	0.0	0.0	0.0	
158	26.0	1.0	0.0	0.0	0.0	0.0	0.0	0.0	1.0	1.0	
159	24.0	0.0	1.0	0.0	1.0	1.0	0.0	0.0	0.0	0.0	
160	26.0	0.0	0.0	1.0	0.0	0.0	0.0	1.0	0.0	1.0	
161	26.0	1.0	0.0	0.0	1.0	1.0	0.0	0.0	0.0	0.0	
162	26.0	0.0	1.0	0.0	0.0	0.0	1.0	0.0	1.0	0.0	
163	26.0	0.0	1.0	0.0	0.0	0.0	0.0	1.0	0.0	1.0	
164	28.0	1.0	0.0	0.0	0.0	0.0	1.0	0.0	1.0	0.0	
165	24.0	0.0	1.0	0.0	0.0	1.0	0.0	0.0	0.0	1.0	
166	30.0	1.0	0.0	0.0	0.0	0.0	1.0	1.0	0.0	0.0	
167	26.0	1.0	0.0	0.0	1.0	1.0	0.0	0.0	0.0	0.0	
168	26.0	0.0	1.0	0.0	0.0	0.0	1.0	0.0	1.0	0.0	
169	28.0	1.0	0.0	0.0	0.0	0.0	0.0	1.0	0.0	1.0	
170	28.0	1.0	0.0	0.0	0.0	1.0	1.0	0.0	0.0	0.0	
171	28.0	1.0	0.0	0.0	0.0	0.0	0.0	1.0	0.0	1.0	
172	26.0	1.0	0.0	0.0	0.0	1.0	0.0	0.0	0.0	1.0	
173	26.0	0.0	0.0	1.0	0.0	0.0	1.0	0.0	1.0	0.0	
174	24.0	0.0	1.0	0.0	1.0	0.0	0.0	0.0	1.0	0.0	
175	28.0	1.0	0.0	0.0	0.0	0.0	0.0	1.0	0.0	1.0	
176	28.0	1.0	0.0	0.0	0.0	0.0	1.0	0.0	1.0	0.0	
177	28.0	1.0	0.0	0.0	0.0	0.0	0.0	1.0	0.0	1.0	
178	28.0	1.0	0.0	0.0	0.0	0.0	1.0	0.0	1.0	0.0	
179	26.0	0.0	1.0	0.0	0.0	0.0	0.0	1.0	0.0	1.0	
180	26.0	0.0	0.0	1.0	0.0	1.0	1.0	0.0	0.0	0.0	
181	30.0	1.0	0.0	0.0	0.0	0.0	1.0	1.0	0.0	0.0	
182	26.0	0.0	1.0	0.0	0.0	0.0	1.0	0.0	1.0	0.0	
183	24.0	0.0	1.0	0.0	0.0	0.0	0.0	0.0	1.0	1.0	
184	28.0	1.0	0.0	0.0	0.0	0.0	1.0	0.0	1.0	0.0	
185	24.0	0.0	1.0	0.0	1.0	1.0	0.0	0.0	0.0	0.0	
186	26.0	0.0	1.0	0.0	0.0	0.0	1.0	0.0	1.0	0.0	
187	28.0	1.0	0.0	0.0	0.0	0.0	1.0	0.0	1.0	0.0	
188	28.0	1.0	0.0	0.0	0.0	0.0	0.0	1.0	0.0	1.0	
189	30.0	1.0	0.0	0.0	0.0	0.0	1.0	1.0	0.0	0.0	
190	28.0	1.0	0.0	0.0	0.0	0.0	0.0	1.0	0.0	1.0	
191	26.0	1.0	0.0	0.0	1.0	1.0	0.0	0.0	0.0	0.0	
192	24.0	0.0	0.0	1.0	0.0	1.0	0.0	0.0	0.0	1.0	
193	28.0	0.0	0.0	1.0	0.0	0.0	1.0	1.0	0.0	0.0	
194	26.0	1.0	0.0	0.0	0.0	0.0	0.0	0.0	1.0	1.0	
195	28.0	1.0	0.0	0.0	0.0	0.0	1.0	0.0	1.0	0.0	
196	30.0	1.0	0.0	0.0	0.0	0.0	1.0	1.0	0.0	0.0	
197	24.0	0.0	1.0	0.0	0.0	1.0	0.0	0.0	0.0	1.0	
198	26.0	1.0	0.0	0.0	0.0	0.0	0.0	0.0	1.0	1.0	
199	30.0	1.0	0.0	0.0	0.0	0.0	1.0	1.0	0.0	0.0	
200	28.0	1.0	0.0	0.0	0.0	0.0	0.0	1.0	0.0	1.0	
201	28.0	1.0	0.0	0.0	0.0	1.0	1.0	0.0	0.0	0.0	
202	26.0	0.0	1.0	0.0	1.0	0.0	0.0	1.0	0.0	0.0	
203	28.0	1.0	0.0	0.0	0.0	1.0	1.0	0.0	0.0	0.0	
204	26.0	0.0	1.0	0.0	0.0	0.0	0.0	1.0	0.0	1.0	
205	26.0	1.0	0.0	0.0	0.0	1.0	0.0	0.0	0.0	1.0	
206	30.0	1.0	0.0	0.0	0.0	0.0	1.0	1.0	0.0	0.0	
207	26.0	1.0	0.0	0.0	0.0	0.0	0.0	0.0	1.0	1.0	
208	24.0	0.0	1.0	0.0	0.0	0.0	0.0	0.0	1.0	1.0	
209	28.0	1.0	0.0	0.0	0.0	0.0	0.0	1.0	0.0	1.0	
210	26.0	0.0	0.0	1.0	0.0	1.0	1.0	0.0	0.0	0.0	
211	28.0	0.0	1.0	0.0	0.0	0.0	1.0	1.0	0.0	0.0	
212	28.0	1.0	0.0	0.0	0.0	0.0	1.0	0.0	1.0	0.0	
213	28.0	0.0	1.0	0.0	0.0	0.0	1.0	1.0	0.0	0.0	
214	26.0	1.0	0.0	0.0	0.0	0.0	0.0	0.0	1.0	1.0	
215	26.0	1.0	0.0	0.0	1.0	1.0	0.0	0.0	0.0	0.0	
216	28.0	0.0	1.0	0.0	0.0	0.0	1.0	1.0	0.0	0.0	
217	30.0	1.0	0.0	0.0	0.0	0.0	1.0	1.0	0.0	0.0	
218	28.0	0.0	1.0	0.0	0.0	0.0	1.0	1.0	0.0	0.0	
219	24.0	0.0	0.0	1.0	0.0	1.0	0.0	0.0	0.0	1.0	
220	24.0	0.0	1.0	0.0	0.0	0.0	0.0	0.0	1.0	1.0	
221	26.0	1.0	0.0	0.0	0.0	1.0	0.0	0.0	0.0	1.0	
222	26.0	0.0	1.0	0.0	0.0	0.0	0.0	1.0	0.0	1.0	
223	28.0	1.0	0.0	0.0	0.0	0.0	0.0	1.0	0.0	1.0	
224	26.0	1.0	0.0	0.0	0.0	0.0	0.0	0.0	1.0	1.0	
225	26.0	1.0	0.0	0.0	1.0	0.0	0.0	0.0	1.0	0.0	
226	24.0	0.0	1.0	0.0	0.0	1.0	0.0	0.0	0.0	1.0	
227	28.0	1.0	0.0	0.0	0.0	1.0	1.0	0.0	0.0	0.0	
228	24.0	0.0	0.0	1.0	0.0	0.0	0.0	0.0	1.0	1.0	
229	24.0	0.0	1.0	0.0	0.0	1.0	0.0	0.0	0.0	1.0	
230	24.0	0.0	1.0	0.0	0.0	1.0	0.0	0.0	0.0	1.0	
231	26.0	1.0	0.0	0.0	0.0	0.0	0.0	0.0	1.0	1.0	
232	26.0	1.0	0.0	0.0	0.0	0.0	0.0	0.0	1.0	1.0	
233	30.0	1.0	0.0	0.0	0.0	0.0	1.0	1.0	0.0	0.0	
234	26.0	1.0	0.0	0.0	0.0	1.0	0.0	0.0	0.0	1.0	
235	28.0	1.0	0.0	0.0	0.0	0.0	0.0	1.0	0.0	1.0	
236	26.0	0.0	1.0	0.0	0.0	0.0	1.0	0.0	1.0	0.0	
237	30.0	1.0	0.0	0.0	0.0	0.0	1.0	1.0	0.0	0.0	
238	28.0	1.0	0.0	0.0	1.0	0.0	0.0	1.0	0.0	0.0	
239	26.0	1.0	0.0	0.0	0.0	0.0	0.0	0.0	1.0	1.0	
240	30.0	1.0	0.0	0.0	0.0	0.0	1.0	1.0	0.0	0.0	
241	26.0	1.0	0.0	0.0	0.0	0.0	0.0	0.0	1.0	1.0	
242	26.0	0.0	1.0	0.0	0.0	0.0	1.0	0.0	1.0	0.0	
243	30.0	1.0	0.0	0.0	0.0	0.0	1.0	1.0	0.0	0.0	
244	24.0	0.0	0.0	1.0	0.0	1.0	0.0	0.0	0.0	1.0	
245	26.0	0.0	0.0	1.0	0.0	1.0	1.0	0.0	0.0	0.0	
246	26.0	1.0	0.0	0.0	0.0	1.0	0.0	0.0	0.0	1.0	
247	28.0	1.0	0.0	0.0	0.0	0.0	0.0	1.0	0.0	1.0	
248	26.0	1.0	0.0	0.0	0.0	0.0	0.0	0.0	1.0	1.0	
249	26.0	1.0	0.0	0.0	0.0	1.0	0.0	0.0	0.0	1.0	
250	26.0	1.0	0.0	0.0	1.0	1.0	0.0	0.0	0.0	0.0	
251	28.0	0.0	1.0	0.0	0.0	0.0	1.0	1.0	0.0	0.0	
252	26.0	1.0	0.0	0.0	0.0	0.0	0.0	0.0	1.0	1.0	
253	26.0	1.0	0.0	0.0	1.0	0.0	0.0	0.0	1.0	0.0	
254	28.0	1.0	0.0	0.0	0.0	1.0	1.0	0.0	0.0	0.0	
255	28.0	1.0	0.0	0.0	1.0	0.0	0.0	1.0	0.0	0.0	
256	26.0	0.0	1.0	0.0	0.0	0.0	0.0	1.0	0.0	1.0	
257	28.0	0.0	0.0	1.0	0.0	0.0	1.0	1.0	0.0	0.0	
258	28.0	0.0	1.0	0.0	0.0	0.0	1.0	1.0	0.0	0.0	
259	28.0	1.0	0.0	0.0	0.0	0.0	0.0	1.0	0.0	1.0	
260	28.0	1.0	0.0	0.0	0.0	0.0	0.0	1.0	0.0	1.0	
261	24.0	0.0	0.0	1.0	1.0	0.0	0.0	0.0	1.0	0.0	
262	26.0	1.0	0.0	0.0	0.0	0.0	0.0	0.0	1.0	1.0	
263	28.0	1.0	0.0	0.0	0.0	0.0	0.0	1.0	0.0	1.0	
264	26.0	1.0	0.0	0.0	0.0	1.0	0.0	0.0	0.0	1.0	
265	24.0	0.0	0.0	1.0	0.0	1.0	0.0	0.0	0.0	1.0	
266	28.0	1.0	0.0	0.0	0.0	0.0	0.0	1.0	0.0	1.0	
267	24.0	0.0	0.0	1.0	1.0	0.0	0.0	0.0	1.0	0.0	
268	26.0	0.0	1.0	0.0	0.0	0.0	0.0	1.0	0.0	1.0	
269	28.0	0.0	1.0	0.0	0.0	0.0	1.0	1.0	0.0	0.0	
270	26.0	0.0	1.0	0.0	0.0	0.0	1.0	0.0	1.0	0.0	
271	26.0	1.0	0.0	0.0	0.0	0.0	0.0	0.0	1.0	1.0	
272	28.0	1.0	0.0	0.0	0.0	1.0	1.0	0.0	0.0	0.0	
273	28.0	1.0	0.0	0.0	1.0	0.0	0.0	1.0	0.0	0.0	
274	28.0	1.0	0.0	0.0	0.0	0.0	0.0	1.0	0.0	1.0	
275	26.0	1.0	0.0	0.0	0.0	0.0	0.0	0.0	1.0	1.0	
276	28.0	1.0	0.0	0.0	0.0	0.0	0.0	1.0	0.0	1.0	
277	28.0	1.0	0.0	0.0	1.0	0.0	0.0	1.0	0.0	0.0	
278	26.0	1.0	0.0	0.0	1.0	0.0	0.0	0.0	1.0	0.0	
279	24.0	0.0	1.0	0.0	1.0	0.0	0.0	0.0	1.0	0.0	
280	28.0	1.0	0.0	0.0	0.0	0.0	1.0	0.0	1.0	0.0	
281	28.0	1.0	0.0	0.0	0.0	1.0	1.0	0.0	0.0	0.0	
282	28.0	1.0	0.0	0.0	0.0	1.0	1.0	0.0	0.0	0.0	
283	26.0	1.0	0.0	0.0	1.0	0.0	0.0	0.0	1.0	0.0	
284	28.0	0.0	1.0	0.0	0.0	0.0	1.0	1.0	0.0	0.0	
285	28.0	1.0	0.0	0.0	0.0	0.0	0.0	1.0	0.0	1.0	
286	28.0	1.0	0.0	0.0	0.0	0.0	1.0	0.0	1.0	0.0	
287	24.0	0.0	1.0	0.0	0.0	0.0	0.0	0.0	1.0	1.0	
288	26.0	0.0	1.0	0.0	0.0	0.0	0.0	1.0	0.0	1.0	
289	26.0	0.0	1.0	0.0	1.0	0.0	0.0	1.0	0.0	0.0	
290	28.0	1.0	0.0	0.0	0.0	0.0	0.0	1.0	0.0	1.0	
291	26.0	1.0	0.0	0.0	0.0	1.0	0.0	0.0	0.0	1.0	
292	28.0	1.0	0.0	0.0	0.0	0.0	0.0	1.0	0.0	1.0	
293	26.0	1.0	0.0	0.0	0.0	0.0	0.0	0.0	1.0	1.0	
294	26.0	0.0	1.0	0.0	1.0	0.0	0.0	1.0	0.0	0.0	
295	28.0	1.0	0.0	0.0	0.0	0.0	0.0	1.0	0.0	1.0	
296	26.0	0.0	0.0	1.0	0.0	0.0	1.0	0.0	1.0	0.0	
297	26.0	1.0	0.0	0.0	0.0	0.0	0.0	0.0	1.0	1.0	
298	26.0	1.0	0.0	0.0	0.0	0.0	0.0	0.0	1.0	1.0	
299	28.0	0.0	1.0	0.0	0.0	0.0	1.0	1.0	0.0	0.0	
300	28.0	1.0	0.0	0.0	1.0	0.0	0.0	1.0	0.0	0.0	
301	24.0	0.0	1.0	0.0	0.0	1.0	0.0	0.0	0.0	1.0	
302	26.0	1.0	0.0	0.0	0.0	0.0	0.0	0.0	1.0	1.0	
303	26.0	1.0	0.0	0.0	1.0	0.0	0.0	0.0	1.0	0.0	
304	26.0	1.0	0.0	0.0	1.0	0.0	0.0	0.0	1.0	0.0	
305	26.0	1.0	0.0	0.0	1.0	1.0	0.0	0.0	0.0	0.0	
306	24.0	0.0	1.0	0.0	1.0	1.0	0.0	0.0	0.0	0.0	
307	26.0	1.0	0.0	0.0	0.0	1.0	0.0	0.0	0.0	1.0	
308	26.0	1.0	0.0	0.0	0.0	1.0	0.0	0.0	0.0	1.0	
309	30.0	1.0	0.0	0.0	0.0	0.0	1.0	1.0	0.0	0.0	
310	28.0	1.0	0.0	0.0	0.0	0.0	1.0	0.0	1.0	0.0	
311	28.0	1.0	0.0	0.0	0.0	0.0	0.0	1.0	0.0	1.0	
312	26.0	1.0	0.0	0.0	0.0	1.0	0.0	0.0	0.0	1.0	
313	26.0	1.0	0.0	0.0	0.0	1.0	0.0	0.0	0.0	1.0	
314	30.0	1.0	0.0	0.0	0.0	0.0	1.0	1.0	0.0	0.0	
315	30.0	1.0	0.0	0.0	0.0	0.0	1.0	1.0	0.0	0.0	
316	26.0	0.0	1.0	0.0	0.0	0.0	1.0	0.0	1.0	0.0	
317	26.0	0.0	0.0	1.0	0.0	0.0	0.0	1.0	0.0	1.0	
318	30.0	1.0	0.0	0.0	0.0	0.0	1.0	1.0	0.0	0.0	
319	28.0	1.0	0.0	0.0	0.0	0.0	0.0	1.0	0.0	1.0	
320	26.0	1.0	0.0	0.0	1.0	1.0	0.0	0.0	0.0	0.0	
321	26.0	1.0	0.0	0.0	0.0	1.0	0.0	0.0	0.0	1.0	
322	28.0	0.0	0.0	1.0	0.0	0.0	1.0	1.0	0.0	0.0	
323	28.0	1.0	0.0	0.0	0.0	0.0	1.0	0.0	1.0	0.0	
324	26.0	1.0	0.0	0.0	0.0	1.0	0.0	0.0	0.0	1.0	
325	26.0	1.0	0.0	0.0	0.0	0.0	0.0	0.0	1.0	1.0	
326	26.0	1.0	0.0	0.0	1.0	1.0	0.0	0.0	0.0	0.0	
327	30.0	1.0	0.0	0.0	0.0	0.0	1.0	1.0	0.0	0.0	
328	28.0	1.0	0.0	0.0	0.0	0.0	0.0	1.0	0.0	1.0	
329	28.0	0.0	1.0	0.0	0.0	0.0	1.0	1.0	0.0	0.0	
330	30.0	1.0	0.0	0.0	0.0	0.0	1.0	1.0	0.0	0.0	
331	28.0	1.0	0.0	0.0	1.0	0.0	0.0	1.0	0.0	0.0	
332	26.0	0.0	1.0	0.0	0.0	0.0	1.0	0.0	1.0	0.0	
333	24.0	0.0	1.0	0.0	0.0	0.0	0.0	0.0	1.0	1.0	
334	30.0	1.0	0.0	0.0	0.0	0.0	1.0	1.0	0.0	0.0	
335	26.0	1.0	0.0	0.0	0.0	0.0	0.0	0.0	1.0	1.0	
336	28.0	1.0	0.0	0.0	0.0	0.0	0.0	1.0	0.0	1.0	
337	28.0	1.0	0.0	0.0	0.0	1.0	1.0	0.0	0.0	0.0	
338	30.0	1.0	0.0	0.0	0.0	0.0	1.0	1.0	0.0	0.0	
339	28.0	1.0	0.0	0.0	0.0	1.0	1.0	0.0	0.0	0.0	
340	28.0	1.0	0.0	0.0	1.0	0.0	0.0	1.0	0.0	0.0	
341	28.0	1.0	0.0	0.0	0.0	0.0	1.0	0.0	1.0	0.0	
342	30.0	1.0	0.0	0.0	0.0	0.0	1.0	1.0	0.0	0.0	
343	28.0	1.0	0.0	0.0	0.0	1.0	1.0	0.0	0.0	0.0	
344	28.0	1.0	0.0	0.0	0.0	0.0	0.0	1.0	0.0	1.0	
345	26.0	0.0	1.0	0.0	0.0	1.0	1.0	0.0	0.0	0.0	
346	28.0	1.0	0.0	0.0	0.0	0.0	0.0	1.0	0.0	1.0	
347	26.0	1.0	0.0	0.0	1.0	0.0	0.0	0.0	1.0	0.0	
348	26.0	0.0	0.0	1.0	0.0	0.0	0.0	1.0	0.0	1.0	
349	26.0	0.0	0.0	1.0	0.0	0.0	1.0	0.0	1.0	0.0	
350	28.0	1.0	0.0	0.0	1.0	0.0	0.0	1.0	0.0	0.0	
351	28.0	1.0	0.0	0.0	1.0	0.0	0.0	1.0	0.0	0.0	
352	28.0	1.0	0.0	0.0	0.0	1.0	1.0	0.0	0.0	0.0	
353	28.0	1.0	0.0	0.0	1.0	0.0	0.0	1.0	0.0	0.0	
354	26.0	1.0	0.0	0.0	0.0	0.0	0.0	0.0	1.0	1.0	
355	26.0	0.0	0.0	1.0	1.0	0.0	0.0	1.0	0.0	0.0	
356	30.0	1.0	0.0	0.0	0.0	0.0	1.0	1.0	0.0	0.0	
357	28.0	0.0	1.0	0.0	0.0	0.0	1.0	1.0	0.0	0.0	
358	28.0	0.0	1.0	0.0	0.0	0.0	1.0	1.0	0.0	0.0	
359	26.0	1.0	0.0	0.0	0.0	0.0	0.0	0.0	1.0	1.0	
360	26.0	0.0	0.0	1.0	0.0	0.0	0.0	1.0	0.0	1.0	
361	28.0	0.0	1.0	0.0	0.0	0.0	1.0	1.0	0.0	0.0	
362	30.0	1.0	0.0	0.0	0.0	0.0	1.0	1.0	0.0	0.0	
363	28.0	1.0	0.0	0.0	0.0	0.0	0.0	1.0	0.0	1.0	
364	28.0	0.0	0.0	1.0	0.0	0.0	1.0	1.0	0.0	0.0	
365	26.0	1.0	0.0	0.0	0.0	1.0	0.0	0.0	0.0	1.0	
366	28.0	1.0	0.0	0.0	1.0	0.0	0.0	1.0	0.0	0.0	
367	28.0	1.0	0.0	0.0	0.0	0.0	0.0	1.0	0.0	1.0	
368	28.0	1.0	0.0	0.0	0.0	0.0	0.0	1.0	0.0	1.0	
369	30.0	1.0	0.0	0.0	0.0	0.0	1.0	1.0	0.0	0.0	
370	28.0	0.0	1.0	0.0	0.0	0.0	1.0	1.0	0.0	0.0	
371	28.0	1.0	0.0	0.0	1.0	0.0	0.0	1.0	0.0	0.0	
372	26.0	0.0	0.0	1.0	0.0	0.0	0.0	1.0	0.0	1.0	
373	24.0	0.0	1.0	0.0	0.0	1.0	0.0	0.0	0.0	1.0	
374	28.0	1.0	0.0	0.0	0.0	0.0	0.0	1.0	0.0	1.0	
375	26.0	1.0	0.0	0.0	0.0	1.0	0.0	0.0	0.0	1.0	
376	26.0	0.0	1.0	0.0	1.0	0.0	0.0	1.0	0.0	0.0	
377	30.0	1.0	0.0	0.0	0.0	0.0	1.0	1.0	0.0	0.0	
378	28.0	1.0	0.0	0.0	0.0	0.0	1.0	0.0	1.0	0.0	
379	26.0	0.0	1.0	0.0	0.0	0.0	0.0	1.0	0.0	1.0	
380	26.0	1.0	0.0	0.0	0.0	1.0	0.0	0.0	0.0	1.0	
381	26.0	0.0	0.0	1.0	0.0	1.0	1.0	0.0	0.0	0.0	
382	24.0	0.0	0.0	1.0	1.0	0.0	0.0	0.0	1.0	0.0	
383	26.0	1.0	0.0	0.0	1.0	0.0	0.0	0.0	1.0	0.0	
384	26.0	0.0	0.0	1.0	0.0	0.0	1.0	0.0	1.0	0.0	
385	26.0	1.0	0.0	0.0	1.0	0.0	0.0	0.0	1.0	0.0	
386	24.0	0.0	1.0	0.0	0.0	1.0	0.0	0.0	0.0	1.0	
387	26.0	0.0	0.0	1.0	0.0	0.0	0.0	1.0	0.0	1.0	
388	28.0	1.0	0.0	0.0	0.0	1.0	1.0	0.0	0.0	0.0	
389	26.0	0.0	1.0	0.0	0.0	0.0	0.0	1.0	0.0	1.0	
390	26.0	1.0	0.0	0.0	0.0	0.0	0.0	0.0	1.0	1.0	
391	24.0	0.0	1.0	0.0	0.0	1.0	0.0	0.0	0.0	1.0	
392	26.0	0.0	0.0	1.0	0.0	0.0	0.0	1.0	0.0	1.0	
393	24.0	0.0	1.0	0.0	1.0	0.0	0.0	0.0	1.0	0.0	
394	24.0	0.0	0.0	1.0	0.0	0.0	0.0	0.0	1.0	1.0	
395	28.0	1.0	0.0	0.0	0.0	0.0	0.0	1.0	0.0	1.0	
396	28.0	0.0	1.0	0.0	0.0	0.0	1.0	1.0	0.0	0.0	
397	26.0	0.0	1.0	0.0	0.0	0.0	0.0	1.0	0.0	1.0	
398	26.0	0.0	0.0	1.0	0.0	0.0	0.0	1.0	0.0	1.0	
399	28.0	0.0	1.0	0.0	0.0	0.0	1.0	1.0	0.0	0.0	
400	28.0	1.0	0.0	0.0	1.0	0.0	0.0	1.0	0.0	0.0	
401	28.0	1.0	0.0	0.0	0.0	0.0	1.0	0.0	1.0	0.0	
402	26.0	0.0	1.0	0.0	0.0	0.0	0.0	1.0	0.0	1.0	
403	26.0	1.0	0.0	0.0	0.0	0.0	0.0	0.0	1.0	1.0	
404	26.0	1.0	0.0	0.0	1.0	1.0	0.0	0.0	0.0	0.0	
405	26.0	0.0	1.0	0.0	1.0	0.0	0.0	1.0	0.0	0.0	
406	24.0	0.0	1.0	0.0	1.0	1.0	0.0	0.0	0.0	0.0	
407	26.0	1.0	0.0	0.0	0.0	1.0	0.0	0.0	0.0	1.0	
408	28.0	1.0	0.0	0.0	0.0	0.0	0.0	1.0	0.0	1.0	
409	26.0	1.0	0.0	0.0	1.0	0.0	0.0	0.0	1.0	0.0	
410	26.0	1.0	0.0	0.0	0.0	1.0	0.0	0.0	0.0	1.0	
411	28.0	1.0	0.0	0.0	0.0	0.0	0.0	1.0	0.0	1.0	
412	28.0	1.0	0.0	0.0	0.0	0.0	0.0	1.0	0.0	1.0	
413	28.0	1.0	0.0	0.0	0.0	0.0	1.0	0.0	1.0	0.0	
414	28.0	1.0	0.0	0.0	0.0	0.0	0.0	1.0	0.0	1.0	
415	26.0	0.0	0.0	1.0	0.0	0.0	1.0	0.0	1.0	0.0	
416	26.0	1.0	0.0	0.0	0.0	0.0	0.0	0.0	1.0	1.0	
417	26.0	0.0	1.0	0.0	0.0	0.0	1.0	0.0	1.0	0.0	
418	24.0	0.0	0.0	1.0	0.0	0.0	0.0	0.0	1.0	1.0	
419	24.0	0.0	1.0	0.0	1.0	1.0	0.0	0.0	0.0	0.0	
420	26.0	1.0	0.0	0.0	0.0	0.0	0.0	0.0	1.0	1.0	
421	26.0	0.0	1.0	0.0	1.0	0.0	0.0	1.0	0.0	0.0	
422	28.0	1.0	0.0	0.0	1.0	0.0	0.0	1.0	0.0	0.0	
423	24.0	0.0	1.0	0.0	1.0	0.0	0.0	0.0	1.0	0.0	
424	30.0	1.0	0.0	0.0	0.0	0.0	1.0	1.0	0.0	0.0	
425	26.0	0.0	1.0	0.0	0.0	0.0	0.0	1.0	0.0	1.0	
426	26.0	1.0	0.0	0.0	0.0	0.0	0.0	0.0	1.0	1.0	
427	26.0	0.0	0.0	1.0	1.0	0.0	0.0	1.0	0.0	0.0	
428	30.0	1.0	0.0	0.0	0.0	0.0	1.0	1.0	0.0	0.0	
429	28.0	1.0	0.0	0.0	0.0	0.0	0.0	1.0	0.0	1.0	
430	28.0	1.0	0.0	0.0	0.0	0.0	0.0	1.0	0.0	1.0	
431	26.0	0.0	0.0	1.0	0.0	0.0	1.0	0.0	1.0	0.0	
432	26.0	0.0	1.0	0.0	0.0	1.0	1.0	0.0	0.0	0.0	
433	28.0	1.0	0.0	0.0	0.0	0.0	0.0	1.0	0.0	1.0	
434	26.0	1.0	0.0	0.0	1.0	0.0	0.0	0.0	1.0	0.0	
435	28.0	1.0	0.0	0.0	0.0	0.0	0.0	1.0	0.0	1.0	
436	28.0	1.0	0.0	0.0	0.0	0.0	0.0	1.0	0.0	1.0	
437	26.0	1.0	0.0	0.0	1.0	1.0	0.0	0.0	0.0	0.0	
438	28.0	1.0	0.0	0.0	0.0	1.0	1.0	0.0	0.0	0.0	
439	24.0	0.0	1.0	0.0	0.0	0.0	0.0	0.0	1.0	1.0	
440	30.0	1.0	0.0	0.0	0.0	0.0	1.0	1.0	0.0	0.0	
441	28.0	1.0	0.0	0.0	0.0	0.0	0.0	1.0	0.0	1.0	
442	28.0	0.0	0.0	1.0	0.0	0.0	1.0	1.0	0.0	0.0	
443	28.0	0.0	1.0	0.0	0.0	0.0	1.0	1.0	0.0	0.0	
444	28.0	1.0	0.0	0.0	0.0	0.0	1.0	0.0	1.0	0.0	
445	28.0	1.0	0.0	0.0	0.0	0.0	1.0	0.0	1.0	0.0	
446	24.0	0.0	0.0	1.0	0.0	1.0	0.0	0.0	0.0	1.0	
447	28.0	1.0	0.0	0.0	0.0	0.0	0.0	1.0	0.0	1.0	
448	26.0	1.0	0.0	0.0	0.0	0.0	0.0	0.0	1.0	1.0	
449	26.0	0.0	1.0	0.0	1.0	0.0	0.0	1.0	0.0	0.0	
450	26.0	1.0	0.0	0.0	0.0	0.0	0.0	0.0	1.0	1.0	
451	28.0	1.0	0.0	0.0	0.0	0.0	1.0	0.0	1.0	0.0	
452	26.0	0.0	0.0	1.0	1.0	0.0	0.0	1.0	0.0	0.0	
453	26.0	1.0	0.0	0.0	0.0	0.0	0.0	0.0	1.0	1.0	
454	26.0	1.0	0.0	0.0	0.0	0.0	0.0	0.0	1.0	1.0	
455	30.0	1.0	0.0	0.0	0.0	0.0	1.0	1.0	0.0	0.0	
456	30.0	1.0	0.0	0.0	0.0	0.0	1.0	1.0	0.0	0.0	
457	28.0	1.0	0.0	0.0	0.0	0.0	0.0	1.0	0.0	1.0	
458	24.0	0.0	1.0	0.0	0.0	0.0	0.0	0.0	1.0	1.0	
459	28.0	1.0	0.0	0.0	0.0	1.0	1.0	0.0	0.0	0.0	
460	30.0	1.0	0.0	0.0	0.0	0.0	1.0	1.0	0.0	0.0	
461	28.0	1.0	0.0	0.0	0.0	0.0	1.0	0.0	1.0	0.0	
462	24.0	0.0	0.0	1.0	0.0	1.0	0.0	0.0	0.0	1.0	
463	28.0	0.0	1.0	0.0	0.0	0.0	1.0	1.0	0.0	0.0	
464	28.0	1.0	0.0	0.0	0.0	0.0	0.0	1.0	0.0	1.0	
465	28.0	1.0	0.0	0.0	0.0	1.0	1.0	0.0	0.0	0.0	
466	28.0	1.0	0.0	0.0	0.0	0.0	1.0	0.0	1.0	0.0	
467	26.0	1.0	0.0	0.0	0.0	1.0	0.0	0.0	0.0	1.0	
468	28.0	1.0	0.0	0.0	0.0	0.0	0.0	1.0	0.0	1.0	
469	26.0	1.0	0.0	0.0	0.0	1.0	0.0	0.0	0.0	1.0	
470	28.0	1.0	0.0	0.0	0.0	0.0	0.0	1.0	0.0	1.0	
471	28.0	1.0	0.0	0.0	0.0	0.0	1.0	0.0	1.0	0.0	
472	26.0	0.0	0.0	1.0	0.0	0.0	0.0	1.0	0.0	1.0	
473	26.0	0.0	1.0	0.0	0.0	0.0	0.0	1.0	0.0	1.0	
474	26.0	1.0	0.0	0.0	0.0	0.0	0.0	0.0	1.0	1.0	
475	26.0	0.0	0.0	1.0	0.0	0.0	1.0	0.0	1.0	0.0	
476	28.0	1.0	0.0	0.0	0.0	0.0	1.0	0.0	1.0	0.0	
477	26.0	0.0	1.0	0.0	1.0	0.0	0.0	1.0	0.0	0.0	
478	24.0	0.0	1.0	0.0	0.0	0.0	0.0	0.0	1.0	1.0	
479	26.0	0.0	0.0	1.0	0.0	0.0	0.0	1.0	0.0	1.0	
480	28.0	1.0	0.0	0.0	0.0	1.0	1.0	0.0	0.0	0.0	
481	30.0	1.0	0.0	0.0	0.0	0.0	1.0	1.0	0.0	0.0	
482	28.0	1.0	0.0	0.0	1.0	0.0	0.0	1.0	0.0	0.0	
483	28.0	1.0	0.0	0.0	1.0	0.0	0.0	1.0	0.0	0.0	
484	26.0	0.0	1.0	0.0	0.0	0.0	0.0	1.0	0.0	1.0	
485	28.0	1.0	0.0	0.0	0.0	1.0	1.0	0.0	0.0	0.0	
486	28.0	1.0	0.0	0.0	0.0	1.0	1.0	0.0	0.0	0.0	
487	26.0	1.0	0.0	0.0	1.0	1.0	0.0	0.0	0.0	0.0	
488	28.0	1.0	0.0	0.0	0.0	1.0	1.0	0.0	0.0	0.0	
489	24.0	0.0	1.0	0.0	1.0	0.0	0.0	0.0	1.0	0.0	
490	28.0	1.0	0.0	0.0	0.0	0.0	0.0	1.0	0.0	1.0	
491	30.0	1.0	0.0	0.0	0.0	0.0	1.0	1.0	0.0	0.0	
492	24.0	0.0	1.0	0.0	0.0	1.0	0.0	0.0	0.0	1.0	
493	28.0	1.0	0.0	0.0	1.0	0.0	0.0	1.0	0.0	0.0	
494	26.0	0.0	0.0	1.0	0.0	0.0	0.0	1.0	0.0	1.0	
495	28.0	1.0	0.0	0.0	0.0	0.0	1.0	0.0	1.0	0.0	
496	28.0	1.0	0.0	0.0	0.0	1.0	1.0	0.0	0.0	0.0	
497	28.0	1.0	0.0	0.0	0.0	1.0	1.0	0.0	0.0	0.0	
498	26.0	1.0	0.0	0.0	0.0	0.0	0.0	0.0	1.0	1.0	
499	26.0	0.0	0.0	1.0	0.0	0.0	1.0	0.0	1.0	0.0	
500	28.0	1.0	0.0	0.0	0.0	1.0	1.0	0.0	0.0	0.0	
501	28.0	1.0	0.0	0.0	0.0	0.0	0.0	1.0	0.0	1.0	
502	24.0	0.0	0.0	1.0	1.0	0.0	0.0	0.0	1.0	0.0	
503	28.0	1.0	0.0	0.0	0.0	0.0	0.0	1.0	0.0	1.0	
504	26.0	1.0	0.0	0.0	0.0	1.0	0.0	0.0	0.0	1.0	
505	28.0	1.0	0.0	0.0	0.0	0.0	1.0	0.0	1.0	0.0	
506	28.0	1.0	0.0	0.0	0.0	0.0	1.0	0.0	1.0	0.0	
507	28.0	1.0	0.0	0.0	0.0	0.0	1.0	0.0	1.0	0.0	
508	30.0	1.0	0.0	0.0	0.0	0.0	1.0	1.0	0.0	0.0	
509	28.0	1.0	0.0	0.0	0.0	0.0	0.0	1.0	0.0	1.0	
510	28.0	1.0	0.0	0.0	0.0	1.0	1.0	0.0	0.0	0.0	
511	28.0	1.0	0.0	0.0	0.0	0.0	1.0	0.0	1.0	0.0	
512	28.0	1.0	0.0	0.0	0.0	1.0	1.0	0.0	0.0	0.0	
513	26.0	1.0	0.0	0.0	1.0	1.0	0.0	0.0	0.0	0.0	
514	30.0	1.0	0.0	0.0	0.0	0.0	1.0	1.0	0.0	0.0	
515	26.0	1.0	0.0	0.0	1.0	1.0	0.0	0.0	0.0	0.0	
516	26.0	1.0	0.0	0.0	1.0	0.0	0.0	0.0	1.0	0.0	
517	30.0	1.0	0.0	0.0	0.0	0.0	1.0	1.0	0.0	0.0	
518	26.0	0.0	1.0	0.0	0.0	0.0	0.0	1.0	0.0	1.0	
519	30.0	1.0	0.0	0.0	0.0	0.0	1.0	1.0	0.0	0.0	
520	26.0	1.0	0.0	0.0	0.0	1.0	0.0	0.0	0.0	1.0	
521	24.0	0.0	0.0	1.0	1.0	1.0	0.0	0.0	0.0	0.0	
522	26.0	1.0	0.0	0.0	1.0	0.0	0.0	0.0	1.0	0.0	
523	26.0	1.0	0.0	0.0	1.0	0.0	0.0	0.0	1.0	0.0	
524	28.0	1.0	0.0	0.0	0.0	0.0	0.0	1.0	0.0	1.0	
525	26.0	1.0	0.0	0.0	0.0	0.0	0.0	0.0	1.0	1.0	
526	28.0	1.0	0.0	0.0	1.0	0.0	0.0	1.0	0.0	0.0	
527	28.0	1.0	0.0	0.0	0.0	0.0	0.0	1.0	0.0	1.0	
528	26.0	1.0	0.0	0.0	0.0	1.0	0.0	0.0	0.0	1.0	
529	30.0	1.0	0.0	0.0	0.0	0.0	1.0	1.0	0.0	0.0	
530	28.0	0.0	1.0	0.0	0.0	0.0	1.0	1.0	0.0	0.0	
531	28.0	1.0	0.0	0.0	1.0	0.0	0.0	1.0	0.0	0.0	
532	26.0	1.0	0.0	0.0	0.0	1.0	0.0	0.0	0.0	1.0	
533	30.0	1.0	0.0	0.0	0.0	0.0	1.0	1.0	0.0	0.0	
534	24.0	0.0	0.0	1.0	1.0	0.0	0.0	0.0	1.0	0.0	
535	28.0	1.0	0.0	0.0	0.0	1.0	1.0	0.0	0.0	0.0	
536	28.0	1.0	0.0	0.0	0.0	0.0	0.0	1.0	0.0	1.0	
537	26.0	0.0	1.0	0.0	0.0	0.0	1.0	0.0	1.0	0.0	
538	26.0	0.0	1.0	0.0	0.0	0.0	0.0	1.0	0.0	1.0	
539	28.0	1.0	0.0	0.0	0.0	1.0	1.0	0.0	0.0	0.0	
540	26.0	1.0	0.0	0.0	0.0	0.0	0.0	0.0	1.0	1.0	
541	26.0	0.0	0.0	1.0	0.0	0.0	1.0	0.0	1.0	0.0	
542	28.0	1.0	0.0	0.0	0.0	0.0	1.0	0.0	1.0	0.0	
543	28.0	1.0	0.0	0.0	0.0	0.0	0.0	1.0	0.0	1.0	
544	24.0	0.0	1.0	0.0	1.0	1.0	0.0	0.0	0.0	0.0	
545	26.0	1.0	0.0	0.0	0.0	1.0	0.0	0.0	0.0	1.0	
546	26.0	0.0	0.0	1.0	0.0	0.0	0.0	1.0	0.0	1.0	
547	30.0	1.0	0.0	0.0	0.0	0.0	1.0	1.0	0.0	0.0	
548	24.0	0.0	1.0	0.0	0.0	0.0	0.0	0.0	1.0	1.0	
549	26.0	1.0	0.0	0.0	1.0	0.0	0.0	0.0	1.0	0.0	
550	24.0	0.0	0.0	1.0	1.0	0.0	0.0	0.0	1.0	0.0	
551	26.0	1.0	0.0	0.0	0.0	1.0	0.0	0.0	0.0	1.0	
552	26.0	1.0	0.0	0.0	1.0	0.0	0.0	0.0	1.0	0.0	
553	26.0	0.0	1.0	0.0	0.0	0.0	0.0	1.0	0.0	1.0	
554	24.0	0.0	1.0	0.0	0.0	0.0	0.0	0.0	1.0	1.0	
555	26.0	0.0	1.0	0.0	0.0	1.0	1.0	0.0	0.0	0.0	
556	28.0	1.0	0.0	0.0	0.0	0.0	0.0	1.0	0.0	1.0	
557	28.0	1.0	0.0	0.0	0.0	0.0	0.0	1.0	0.0	1.0	
558	30.0	1.0	0.0	0.0	0.0	0.0	1.0	1.0	0.0	0.0	
559	26.0	1.0	0.0	0.0	0.0	0.0	0.0	0.0	1.0	1.0	
560	26.0	0.0	0.0	1.0	0.0	0.0	0.0	1.0	0.0	1.0	
561	26.0	1.0	0.0	0.0	0.0	0.0	0.0	0.0	1.0	1.0	
562	30.0	1.0	0.0	0.0	0.0	0.0	1.0	1.0	0.0	0.0	
563	26.0	1.0	0.0	0.0	0.0	0.0	0.0	0.0	1.0	1.0	
564	26.0	1.0	0.0	0.0	1.0	1.0	0.0	0.0	0.0	0.0	
565	28.0	1.0	0.0	0.0	0.0	0.0	1.0	0.0	1.0	0.0	
566	24.0	0.0	1.0	0.0	0.0	0.0	0.0	0.0	1.0	1.0	
567	26.0	1.0	0.0	0.0	0.0	1.0	0.0	0.0	0.0	1.0	
568	30.0	1.0	0.0	0.0	0.0	0.0	1.0	1.0	0.0	0.0	
569	28.0	1.0	0.0	0.0	0.0	0.0	0.0	1.0	0.0	1.0	
570	28.0	1.0	0.0	0.0	1.0	0.0	0.0	1.0	0.0	0.0	
571	28.0	1.0	0.0	0.0	0.0	0.0	1.0	0.0	1.0	0.0	
572	30.0	1.0	0.0	0.0	0.0	0.0	1.0	1.0	0.0	0.0	
573	30.0	1.0	0.0	0.0	0.0	0.0	1.0	1.0	0.0	0.0	
574	28.0	0.0	1.0	0.0	0.0	0.0	1.0	1.0	0.0	0.0	
575	26.0	1.0	0.0	0.0	0.0	0.0	0.0	0.0	1.0	1.0	
576	28.0	1.0	0.0	0.0	0.0	0.0	1.0	0.0	1.0	0.0	
577	28.0	0.0	1.0	0.0	0.0	0.0	1.0	1.0	0.0	0.0	
578	28.0	1.0	0.0	0.0	0.0	1.0	1.0	0.0	0.0	0.0	
579	26.0	1.0	0.0	0.0	0.0	0.0	0.0	0.0	1.0	1.0	
580	28.0	1.0	0.0	0.0	0.0	0.0	0.0	1.0	0.0	1.0	
581	26.0	1.0	0.0	0.0	1.0	0.0	0.0	0.0	1.0	0.0	
582	24.0	0.0	0.0	1.0	1.0	0.0	0.0	0.0	1.0	0.0	
583	28.0	1.0	0.0	0.0	0.0	0.0	0.0	1.0	0.0	1.0	
584	26.0	1.0	0.0	0.0	0.0	0.0	0.0	0.0	1.0	1.0	
585	26.0	1.0	0.0	0.0	0.0	0.0	0.0	0.0	1.0	1.0	
586	26.0	1.0	0.0	0.0	0.0	1.0	0.0	0.0	0.0	1.0	
587	26.0	1.0	0.0	0.0	0.0	1.0	0.0	0.0	0.0	1.0	
588	26.0	1.0	0.0	0.0	0.0	1.0	0.0	0.0	0.0	1.0	
589	26.0	0.0	0.0	1.0	0.0	0.0	0.0	1.0	0.0	1.0	
590	26.0	0.0	1.0	0.0	1.0	0.0	0.0	1.0	0.0	0.0	
591	24.0	0.0	0.0	1.0	0.0	0.0	0.0	0.0	1.0	1.0	
592	26.0	0.0	1.0	0.0	0.0	1.0	1.0	0.0	0.0	0.0	
593	28.0	1.0	0.0	0.0	0.0	1.0	1.0	0.0	0.0	0.0	
594	26.0	0.0	1.0	0.0	0.0	0.0	0.0	1.0	0.0	1.0	
595	24.0	0.0	1.0	0.0	0.0	1.0	0.0	0.0	0.0	1.0	
596	26.0	1.0	0.0	0.0	0.0	1.0	0.0	0.0	0.0	1.0	
597	24.0	0.0	1.0	0.0	0.0	1.0	0.0	0.0	0.0	1.0	
598	26.0	1.0	0.0	0.0	1.0	0.0	0.0	0.0	1.0	0.0	
599	28.0	1.0	0.0	0.0	0.0	0.0	0.0	1.0	0.0	1.0	
600	28.0	0.0	0.0	1.0	0.0	0.0	1.0	1.0	0.0	0.0	
601	28.0	1.0	0.0	0.0	1.0	0.0	0.0	1.0	0.0	0.0	
602	26.0	1.0	0.0	0.0	0.0	0.0	0.0	0.0	1.0	1.0	
603	30.0	1.0	0.0	0.0	0.0	0.0	1.0	1.0	0.0	0.0	
604	26.0	0.0	1.0	0.0	0.0	1.0	1.0	0.0	0.0	0.0	
605	28.0	1.0	0.0	0.0	0.0	0.0	0.0	1.0	0.0	1.0	
606	26.0	0.0	0.0	1.0	0.0	0.0	1.0	0.0	1.0	0.0	
607	28.0	1.0	0.0	0.0	0.0	0.0	0.0	1.0	0.0	1.0	
608	28.0	1.0	0.0	0.0	1.0	0.0	0.0	1.0	0.0	0.0	
609	26.0	0.0	1.0	0.0	0.0	0.0	1.0	0.0	1.0	0.0	
610	28.0	1.0	0.0	0.0	0.0	0.0	0.0	1.0	0.0	1.0	
611	26.0	1.0	0.0	0.0	0.0	1.0	0.0	0.0	0.0	1.0	
612	28.0	1.0	0.0	0.0	1.0	0.0	0.0	1.0	0.0	0.0	
613	26.0	1.0	0.0	0.0	0.0	1.0	0.0	0.0	0.0	1.0	
614	24.0	0.0	0.0	1.0	0.0	1.0	0.0	0.0	0.0	1.0	
615	26.0	0.0	1.0	0.0	0.0	0.0	0.0	1.0	0.0	1.0	
616	28.0	0.0	0.0	1.0	0.0	0.0	1.0	1.0	0.0	0.0	
617	26.0	1.0	0.0	0.0	1.0	1.0	0.0	0.0	0.0	0.0	
618	28.0	1.0	0.0	0.0	0.0	0.0	0.0	1.0	0.0	1.0	
619	26.0	0.0	1.0	0.0	0.0	0.0	0.0	1.0	0.0	1.0	
620	26.0	1.0	0.0	0.0	0.0	1.0	0.0	0.0	0.0	1.0	
621	24.0	0.0	1.0	0.0	0.0	0.0	0.0	0.0	1.0	1.0	
622	30.0	1.0	0.0	0.0	0.0	0.0	1.0	1.0	0.0	0.0	
623	28.0	1.0	0.0	0.0	0.0	0.0	0.0	1.0	0.0	1.0	
624	30.0	1.0	0.0	0.0	0.0	0.0	1.0	1.0	0.0	0.0	
625	24.0	0.0	0.0	1.0	1.0	0.0	0.0	0.0	1.0	0.0	
626	28.0	0.0	1.0	0.0	0.0	0.0	1.0	1.0	0.0	0.0	
627	28.0	1.0	0.0	0.0	1.0	0.0	0.0	1.0	0.0	0.0	
628	28.0	1.0	0.0	0.0	0.0	0.0	1.0	0.0	1.0	0.0	
629	28.0	1.0	0.0	0.0	0.0	0.0	0.0	1.0	0.0	1.0	
630	28.0	1.0	0.0	0.0	0.0	0.0	0.0	1.0	0.0	1.0	
631	28.0	1.0	0.0	0.0	1.0	0.0	0.0	1.0	0.0	0.0	
632	26.0	0.0	0.0	1.0	0.0	1.0	1.0	0.0	0.0	0.0	
633	28.0	1.0	0.0	0.0	0.0	0.0	0.0	1.0	0.0	1.0	
634	28.0	1.0	0.0	0.0	0.0	0.0	0.0	1.0	0.0	1.0	
635	26.0	1.0	0.0	0.0	0.0	0.0	0.0	0.0	1.0	1.0	
636	30.0	1.0	0.0	0.0	0.0	0.0	1.0	1.0	0.0	0.0	
637	30.0	1.0	0.0	0.0	0.0	0.0	1.0	1.0	0.0	0.0	
638	28.0	1.0	0.0	0.0	0.0	1.0	1.0	0.0	0.0	0.0	
639	28.0	0.0	1.0	0.0	0.0	0.0	1.0	1.0	0.0	0.0	
640	30.0	1.0	0.0	0.0	0.0	0.0	1.0	1.0	0.0	0.0	
641	24.0	0.0	0.0	1.0	0.0	1.0	0.0	0.0	0.0	1.0	
642	30.0	1.0	0.0	0.0	0.0	0.0	1.0	1.0	0.0	0.0	
643	30.0	1.0	0.0	0.0	0.0	0.0	1.0	1.0	0.0	0.0	
644	26.0	0.0	0.0	1.0	0.0	0.0	0.0	1.0	0.0	1.0	
645	24.0	0.0	1.0	0.0	0.0	1.0	0.0	0.0	0.0	1.0	
646	30.0	1.0	0.0	0.0	0.0	0.0	1.0	1.0	0.0	0.0	
647	26.0	0.0	1.0	0.0	1.0	0.0	0.0	1.0	0.0	0.0	
648	28.0	1.0	0.0	0.0	0.0	0.0	0.0	1.0	0.0	1.0	
649	28.0	1.0	0.0	0.0	0.0	0.0	0.0	1.0	0.0	1.0	
650	28.0	1.0	0.0	0.0	0.0	1.0	1.0	0.0	0.0	0.0	
651	28.0	1.0	0.0	0.0	0.0	0.0	1.0	0.0	1.0	0.0	
652	24.0	0.0	1.0	0.0	0.0	0.0	0.0	0.0	1.0	1.0	
653	26.0	0.0	1.0	0.0	0.0	0.0	0.0	1.0	0.0	1.0	
654	30.0	1.0	0.0	0.0	0.0	0.0	1.0	1.0	0.0	0.0	
655	28.0	1.0	0.0	0.0	0.0	1.0	1.0	0.0	0.0	0.0	
656	30.0	1.0	0.0	0.0	0.0	0.0	1.0	1.0	0.0	0.0	
657	28.0	1.0	0.0	0.0	0.0	0.0	0.0	1.0	0.0	1.0	
658	26.0	1.0	0.0	0.0	0.0	1.0	0.0	0.0	0.0	1.0	
659	26.0	1.0	0.0	0.0	0.0	0.0	0.0	0.0	1.0	1.0	
660	30.0	1.0	0.0	0.0	0.0	0.0	1.0	1.0	0.0	0.0	
661	28.0	0.0	1.0	0.0	0.0	0.0	1.0	1.0	0.0	0.0	
662	26.0	1.0	0.0	0.0	0.0	1.0	0.0	0.0	0.0	1.0	
663	26.0	1.0	0.0	0.0	0.0	0.0	0.0	0.0	1.0	1.0	
664	26.0	0.0	0.0	1.0	0.0	1.0	1.0	0.0	0.0	0.0	
665	26.0	1.0	0.0	0.0	1.0	0.0	0.0	0.0	1.0	0.0	
666	24.0	0.0	1.0	0.0	0.0	1.0	0.0	0.0	0.0	1.0	
667	26.0	0.0	1.0	0.0	0.0	0.0	0.0	1.0	0.0	1.0	
668	26.0	1.0	0.0	0.0	1.0	0.0	0.0	0.0	1.0	0.0	
669	28.0	1.0	0.0	0.0	0.0	0.0	0.0	1.0	0.0	1.0	
670	28.0	1.0	0.0	0.0	0.0	1.0	1.0	0.0	0.0	0.0	
671	30.0	1.0	0.0	0.0	0.0	0.0	1.0	1.0	0.0	0.0	
672	30.0	1.0	0.0	0.0	0.0	0.0	1.0	1.0	0.0	0.0	
673	26.0	1.0	0.0	0.0	0.0	0.0	0.0	0.0	1.0	1.0	
674	28.0	1.0	0.0	0.0	0.0	0.0	0.0	1.0	0.0	1.0	
675	24.0	0.0	0.0	1.0	0.0	0.0	0.0	0.0	1.0	1.0	
676	28.0	1.0	0.0	0.0	0.0	0.0	1.0	0.0	1.0	0.0	
677	26.0	1.0	0.0	0.0	0.0	1.0	0.0	0.0	0.0	1.0	
678	30.0	1.0	0.0	0.0	0.0	0.0	1.0	1.0	0.0	0.0	
679	28.0	1.0	0.0	0.0	0.0	0.0	0.0	1.0	0.0	1.0	
680	30.0	1.0	0.0	0.0	0.0	0.0	1.0	1.0	0.0	0.0	
681	26.0	0.0	1.0	0.0	0.0	0.0	1.0	0.0	1.0	0.0	
682	28.0	0.0	0.0	1.0	0.0	0.0	1.0	1.0	0.0	0.0	
683	28.0	1.0	0.0	0.0	0.0	0.0	0.0	1.0	0.0	1.0	
684	30.0	1.0	0.0	0.0	0.0	0.0	1.0	1.0	0.0	0.0	
685	28.0	1.0	0.0	0.0	1.0	0.0	0.0	1.0	0.0	0.0	
686	24.0	0.0	1.0	0.0	0.0	1.0	0.0	0.0	0.0	1.0	
687	26.0	1.0	0.0	0.0	1.0	0.0	0.0	0.0	1.0	0.0	
688	26.0	0.0	0.0	1.0	0.0	0.0	1.0	0.0	1.0	0.0	
689	26.0	1.0	0.0	0.0	0.0	1.0	0.0	0.0	0.0	1.0	
690	28.0	0.0	1.0	0.0	0.0	0.0	1.0	1.0	0.0	0.0	
691	26.0	1.0	0.0	0.0	0.0	1.0	0.0	0.0	0.0	1.0	
692	26.0	1.0	0.0	0.0	0.0	1.0	0.0	0.0	0.0	1.0	
693	28.0	1.0	0.0	0.0	0.0	0.0	0.0	1.0	0.0	1.0	
694	28.0	1.0	0.0	0.0	0.0	0.0	1.0	0.0	1.0	0.0	
695	28.0	1.0	0.0	0.0	0.0	0.0	0.0	1.0	0.0	1.0	
696	28.0	0.0	0.0	1.0	0.0	0.0	1.0	1.0	0.0	0.0	
697	28.0	1.0	0.0	0.0	0.0	0.0	1.0	0.0	1.0	0.0	
698	24.0	0.0	0.0	1.0	1.0	1.0	0.0	0.0	0.0	0.0	
699	26.0	0.0	1.0	0.0	1.0	0.0	0.0	1.0	0.0	0.0	
700	28.0	1.0	0.0	0.0	0.0	0.0	0.0	1.0	0.0	1.0	
701	28.0	1.0	0.0	0.0	0.0	0.0	0.0	1.0	0.0	1.0	
702	26.0	0.0	1.0	0.0	0.0	0.0	1.0	0.0	1.0	0.0	
703	26.0	1.0	0.0	0.0	0.0	0.0	0.0	0.0	1.0	1.0	
704	30.0	1.0	0.0	0.0	0.0	0.0	1.0	1.0	0.0	0.0	
705	26.0	1.0	0.0	0.0	0.0	1.0	0.0	0.0	0.0	1.0	
706	24.0	0.0	0.0	1.0	0.0	1.0	0.0	0.0	0.0	1.0	
707	28.0	1.0	0.0	0.0	0.0	0.0	0.0	1.0	0.0	1.0	
708	28.0	1.0	0.0	0.0	0.0	0.0	1.0	0.0	1.0	0.0	
709	28.0	0.0	1.0	0.0	0.0	0.0	1.0	1.0	0.0	0.0	
710	24.0	0.0	0.0	1.0	0.0	0.0	0.0	0.0	1.0	1.0	
711	26.0	0.0	1.0	0.0	0.0	1.0	1.0	0.0	0.0	0.0	
712	28.0	1.0	0.0	0.0	0.0	0.0	0.0	1.0	0.0	1.0	
713	26.0	1.0	0.0	0.0	0.0	1.0	0.0	0.0	0.0	1.0	
714	28.0	1.0	0.0	0.0	0.0	0.0	1.0	0.0	1.0	0.0	
715	26.0	1.0	0.0	0.0	0.0	0.0	0.0	0.0	1.0	1.0	
716	28.0	0.0	0.0	1.0	0.0	0.0	1.0	1.0	0.0	0.0	
717	28.0	1.0	0.0	0.0	1.0	0.0	0.0	1.0	0.0	0.0	
718	26.0	1.0	0.0	0.0	1.0	1.0	0.0	0.0	0.0	0.0	
719	26.0	1.0	0.0	0.0	0.0	1.0	0.0	0.0	0.0	1.0	
720	26.0	0.0	1.0	0.0	0.0	0.0	1.0	0.0	1.0	0.0	
721	26.0	1.0	0.0	0.0	1.0	0.0	0.0	0.0	1.0	0.0	
722	28.0	0.0	0.0	1.0	0.0	0.0	1.0	1.0	0.0	0.0	
723	28.0	1.0	0.0	0.0	0.0	0.0	0.0	1.0	0.0	1.0	
724	26.0	0.0	1.0	0.0	0.0	0.0	1.0	0.0	1.0	0.0	
725	28.0	1.0	0.0	0.0	0.0	0.0	0.0	1.0	0.0	1.0	
726	26.0	0.0	1.0	0.0	0.0	0.0	0.0	1.0	0.0	1.0	
727	28.0	1.0	0.0	0.0	0.0	0.0	0.0	1.0	0.0	1.0	
728	26.0	0.0	1.0	0.0	0.0	0.0	0.0	1.0	0.0	1.0	
729	24.0	0.0	1.0	0.0	0.0	0.0	0.0	0.0	1.0	1.0	
730	28.0	1.0	0.0	0.0	0.0	1.0	1.0	0.0	0.0	0.0	
731	26.0	1.0	0.0	0.0	0.0	0.0	0.0	0.0	1.0	1.0	
732	24.0	0.0	0.0	1.0	0.0	1.0	0.0	0.0	0.0	1.0	
733	28.0	0.0	0.0	1.0	0.0	0.0	1.0	1.0	0.0	0.0	
734	26.0	0.0	0.0	1.0	0.0	0.0	0.0	1.0	0.0	1.0	
735	28.0	1.0	0.0	0.0	0.0	0.0	0.0	1.0	0.0	1.0	
736	30.0	1.0	0.0	0.0	0.0	0.0	1.0	1.0	0.0	0.0	
737	24.0	0.0	0.0	1.0	0.0	0.0	0.0	0.0	1.0	1.0	
738	24.0	0.0	1.0	0.0	0.0	0.0	0.0	0.0	1.0	1.0	
739	28.0	1.0	0.0	0.0	0.0	0.0	0.0	1.0	0.0	1.0	
740	28.0	0.0	1.0	0.0	0.0	0.0	1.0	1.0	0.0	0.0	
741	28.0	1.0	0.0	0.0	0.0	0.0	0.0	1.0	0.0	1.0	
742	26.0	0.0	0.0	1.0	1.0	0.0	0.0	1.0	0.0	0.0	
743	30.0	1.0	0.0	0.0	0.0	0.0	1.0	1.0	0.0	0.0	
744	30.0	1.0	0.0	0.0	0.0	0.0	1.0	1.0	0.0	0.0	
745	26.0	0.0	1.0	0.0	0.0	0.0	0.0	1.0	0.0	1.0	
746	28.0	1.0	0.0	0.0	0.0	0.0	0.0	1.0	0.0	1.0	
747	28.0	1.0	0.0	0.0	1.0	0.0	0.0	1.0	0.0	0.0	
748	24.0	0.0	1.0	0.0	0.0	1.0	0.0	0.0	0.0	1.0	
749	28.0	1.0	0.0	0.0	0.0	0.0	0.0	1.0	0.0	1.0	
750	28.0	1.0	0.0	0.0	0.0	0.0	1.0	0.0	1.0	0.0	
751	30.0	1.0	0.0	0.0	0.0	0.0	1.0	1.0	0.0	0.0	
752	26.0	1.0	0.0	0.0	0.0	1.0	0.0	0.0	0.0	1.0	
753	28.0	1.0	0.0	0.0	0.0	0.0	1.0	0.0	1.0	0.0	
754	30.0	1.0	0.0	0.0	0.0	0.0	1.0	1.0	0.0	0.0	
755	30.0	1.0	0.0	0.0	0.0	0.0	1.0	1.0	0.0	0.0	
756	28.0	1.0	0.0	0.0	0.0	0.0	1.0	0.0	1.0	0.0	
757	28.0	1.0	0.0	0.0	0.0	0.0	1.0	0.0	1.0	0.0	
758	26.0	1.0	0.0	0.0	0.0	0.0	0.0	0.0	1.0	1.0	
759	28.0	1.0	0.0	0.0	0.0	1.0	1.0	0.0	0.0	0.0	
760	28.0	1.0	0.0	0.0	0.0	1.0	1.0	0.0	0.0	0.0	
761	30.0	1.0	0.0	0.0	0.0	0.0	1.0	1.0	0.0	0.0	
762	26.0	0.0	0.0	1.0	0.0	0.0	0.0	1.0	0.0	1.0	
763	28.0	0.0	1.0	0.0	0.0	0.0	1.0	1.0	0.0	0.0	
764	28.0	1.0	0.0	0.0	1.0	0.0	0.0	1.0	0.0	0.0	
765	28.0	1.0	0.0	0.0	1.0	0.0	0.0	1.0	0.0	0.0	
766	30.0	1.0	0.0	0.0	0.0	0.0	1.0	1.0	0.0	0.0	
767	26.0	0.0	1.0	0.0	0.0	0.0	0.0	1.0	0.0	1.0	
768	28.0	1.0	0.0	0.0	0.0	0.0	0.0	1.0	0.0	1.0	
769	26.0	1.0	0.0	0.0	1.0	0.0	0.0	0.0	1.0	0.0	
770	28.0	1.0	0.0	0.0	0.0	0.0	1.0	0.0	1.0	0.0	
771	26.0	1.0	0.0	0.0	0.0	1.0	0.0	0.0	0.0	1.0	
772	26.0	0.0	0.0	1.0	0.0	0.0	1.0	0.0	1.0	0.0	
773	28.0	1.0	0.0	0.0	0.0	1.0	1.0	0.0	0.0	0.0	
774	26.0	1.0	0.0	0.0	0.0	0.0	0.0	0.0	1.0	1.0	
775	28.0	1.0	0.0	0.0	0.0	0.0	1.0	0.0	1.0	0.0	
776	26.0	0.0	1.0	0.0	0.0	0.0	0.0	1.0	0.0	1.0	
777	30.0	1.0	0.0	0.0	0.0	0.0	1.0	1.0	0.0	0.0	
778	26.0	1.0	0.0	0.0	0.0	1.0	0.0	0.0	0.0	1.0	
779	26.0	0.0	0.0	1.0	0.0	0.0	0.0	1.0	0.0	1.0	
780	28.0	1.0	0.0	0.0	1.0	0.0	0.0	1.0	0.0	0.0	
781	30.0	1.0	0.0	0.0	0.0	0.0	1.0	1.0	0.0	0.0	
782	26.0	1.0	0.0	0.0	1.0	0.0	0.0	0.0	1.0	0.0	
783	26.0	1.0	0.0	0.0	0.0	1.0	0.0	0.0	0.0	1.0	
784	28.0	1.0	0.0	0.0	1.0	0.0	0.0	1.0	0.0	0.0	
785	26.0	1.0	0.0	0.0	1.0	0.0	0.0	0.0	1.0	0.0	
786	24.0	0.0	1.0	0.0	0.0	1.0	0.0	0.0	0.0	1.0	
787	28.0	0.0	1.0	0.0	0.0	0.0	1.0	1.0	0.0	0.0	
788	26.0	0.0	0.0	1.0	0.0	1.0	1.0	0.0	0.0	0.0	
789	28.0	1.0	0.0	0.0	0.0	1.0	1.0	0.0	0.0	0.0	
790	26.0	0.0	1.0	0.0	1.0	0.0	0.0	1.0	0.0	0.0	
791	28.0	1.0	0.0	0.0	0.0	0.0	0.0	1.0	0.0	1.0	
792	26.0	1.0	0.0	0.0	0.0	0.0	0.0	0.0	1.0	1.0	
793	26.0	0.0	1.0	0.0	0.0	0.0	0.0	1.0	0.0	1.0	
794	30.0	1.0	0.0	0.0	0.0	0.0	1.0	1.0	0.0	0.0	
795	26.0	0.0	1.0	0.0	0.0	0.0	1.0	0.0	1.0	0.0	
796	24.0	0.0	0.0	1.0	0.0	0.0	0.0	0.0	1.0	1.0	
797	26.0	0.0	0.0	1.0	0.0	0.0	1.0	0.0	1.0	0.0	
798	28.0	1.0	0.0	0.0	1.0	0.0	0.0	1.0	0.0	0.0	
799	28.0	1.0	0.0	0.0	0.0	1.0	1.0	0.0	0.0	0.0	
800	28.0	1.0	0.0	0.0	0.0	0.0	1.0	0.0	1.0	0.0	
801	26.0	1.0	0.0	0.0	0.0	1.0	0.0	0.0	0.0	1.0	
802	26.0	1.0	0.0	0.0	1.0	0.0	0.0	0.0	1.0	0.0	
803	28.0	1.0	0.0	0.0	0.0	0.0	0.0	1.0	0.0	1.0	
804	28.0	1.0	0.0	0.0	0.0	0.0	0.0	1.0	0.0	1.0	
805	28.0	1.0	0.0	0.0	0.0	0.0	0.0	1.0	0.0	1.0	
806	24.0	0.0	1.0	0.0	0.0	0.0	0.0	0.0	1.0	1.0	
807	26.0	0.0	1.0	0.0	0.0	0.0	1.0	0.0	1.0	0.0	
808	26.0	1.0	0.0	0.0	0.0	0.0	0.0	0.0	1.0	1.0	
809	26.0	0.0	1.0	0.0	0.0	0.0	0.0	1.0	0.0	1.0	
810	24.0	0.0	1.0	0.0	0.0	0.0	0.0	0.0	1.0	1.0	
811	28.0	1.0	0.0	0.0	0.0	0.0	0.0	1.0	0.0	1.0	
812	26.0	1.0	0.0	0.0	0.0	0.0	0.0	0.0	1.0	1.0	
813	24.0	0.0	1.0	0.0	1.0	0.0	0.0	0.0	1.0	0.0	
814	26.0	1.0	0.0	0.0	0.0	0.0	0.0	0.0	1.0	1.0	
815	24.0	0.0	1.0	0.0	0.0	0.0	0.0	0.0	1.0	1.0	
816	24.0	0.0	0.0	1.0	0.0	0.0	0.0	0.0	1.0	1.0	
817	26.0	0.0	1.0	0.0	0.0	0.0	0.0	1.0	0.0	1.0	
818	26.0	0.0	1.0	0.0	1.0	0.0	0.0	1.0	0.0	0.0	
819	28.0	0.0	1.0	0.0	0.0	0.0	1.0	1.0	0.0	0.0	
820	26.0	0.0	0.0	1.0	0.0	0.0	0.0	1.0	0.0	1.0	
821	26.0	0.0	1.0	0.0	0.0	1.0	1.0	0.0	0.0	0.0	
822	30.0	1.0	0.0	0.0	0.0	0.0	1.0	1.0	0.0	0.0	
823	26.0	0.0	0.0	1.0	0.0	0.0	0.0	1.0	0.0	1.0	
824	28.0	1.0	0.0	0.0	0.0	0.0	1.0	0.0	1.0	0.0	
825	28.0	1.0	0.0	0.0	0.0	0.0	0.0	1.0	0.0	1.0	
826	28.0	1.0	0.0	0.0	1.0	0.0	0.0	1.0	0.0	0.0	
827	30.0	1.0	0.0	0.0	0.0	0.0	1.0	1.0	0.0	0.0	
828	28.0	1.0	0.0	0.0	0.0	0.0	0.0	1.0	0.0	1.0	
829	28.0	0.0	1.0	0.0	0.0	0.0	1.0	1.0	0.0	0.0	
830	24.0	0.0	1.0	0.0	0.0	1.0	0.0	0.0	0.0	1.0	
831	26.0	0.0	1.0	0.0	0.0	0.0	0.0	1.0	0.0	1.0	
832	28.0	0.0	1.0	0.0	0.0	0.0	1.0	1.0	0.0	0.0	
833	30.0	1.0	0.0	0.0	0.0	0.0	1.0	1.0	0.0	0.0	
834	26.0	0.0	0.0	1.0	1.0	0.0	0.0	1.0	0.0	0.0	
835	28.0	0.0	1.0	0.0	0.0	0.0	1.0	1.0	0.0	0.0	
836	30.0	1.0	0.0	0.0	0.0	0.0	1.0	1.0	0.0	0.0	
837	30.0	1.0	0.0	0.0	0.0	0.0	1.0	1.0	0.0	0.0	
838	24.0	0.0	0.0	1.0	0.0	0.0	0.0	0.0	1.0	1.0	
839	28.0	0.0	0.0	1.0	0.0	0.0	1.0	1.0	0.0	0.0	
840	28.0	1.0	0.0	0.0	0.0	0.0	0.0	1.0	0.0	1.0	
841	26.0	1.0	0.0	0.0	0.0	0.0	0.0	0.0	1.0	1.0	
842	28.0	1.0	0.0	0.0	0.0	0.0	0.0	1.0	0.0	1.0	
843	28.0	1.0	0.0	0.0	0.0	1.0	1.0	0.0	0.0	0.0	
844	24.0	0.0	0.0	1.0	0.0	1.0	0.0	0.0	0.0	1.0	
845	28.0	0.0	1.0	0.0	0.0	0.0	1.0	1.0	0.0	0.0	
846	26.0	0.0	1.0	0.0	0.0	0.0	0.0	1.0	0.0	1.0	
847	28.0	1.0	0.0	0.0	0.0	0.0	1.0	0.0	1.0	0.0	
848	26.0	1.0	0.0	0.0	1.0	0.0	0.0	0.0	1.0	0.0	
849	28.0	1.0	0.0	0.0	0.0	0.0	0.0	1.0	0.0	1.0	
850	28.0	1.0	0.0	0.0	0.0	0.0	0.0	1.0	0.0	1.0	
851	30.0	1.0	0.0	0.0	0.0	0.0	1.0	1.0	0.0	0.0	
852	28.0	1.0	0.0	0.0	0.0	0.0	0.0	1.0	0.0	1.0	
853	24.0	0.0	0.0	1.0	0.0	1.0	0.0	0.0	0.0	1.0	
854	28.0	1.0	0.0	0.0	0.0	0.0	0.0	1.0	0.0	1.0	
855	30.0	1.0	0.0	0.0	0.0	0.0	1.0	1.0	0.0	0.0	
856	28.0	1.0	0.0	0.0	0.0	0.0	1.0	0.0	1.0	0.0	
857	28.0	0.0	1.0	0.0	0.0	0.0	1.0	1.0	0.0	0.0	
858	28.0	1.0	0.0	0.0	0.0	0.0	1.0	0.0	1.0	0.0	
859	28.0	1.0	0.0	0.0	0.0	0.0	0.0	1.0	0.0	1.0	
860	28.0	1.0	0.0	0.0	0.0	0.0	1.0	0.0	1.0	0.0	
861	26.0	1.0	0.0	0.0	1.0	0.0	0.0	0.0	1.0	0.0	
862	30.0	1.0	0.0	0.0	0.0	0.0	1.0	1.0	0.0	0.0	
863	26.0	0.0	1.0	0.0	0.0	0.0	1.0	0.0	1.0	0.0	
864	28.0	1.0	0.0	0.0	1.0	0.0	0.0	1.0	0.0	0.0	
865	28.0	0.0	1.0	0.0	0.0	0.0	1.0	1.0	0.0	0.0	
866	26.0	1.0	0.0	0.0	0.0	1.0	0.0	0.0	0.0	1.0	
867	26.0	0.0	1.0	0.0	0.0	0.0	0.0	1.0	0.0	1.0	
868	26.0	1.0	0.0	0.0	0.0	1.0	0.0	0.0	0.0	1.0	
869	24.0	0.0	0.0	1.0	0.0	1.0	0.0	0.0	0.0	1.0	
870	28.0	1.0	0.0	0.0	0.0	1.0	1.0	0.0	0.0	0.0	
871	26.0	1.0	0.0	0.0	0.0	0.0	0.0	0.0	1.0	1.0	
872	28.0	1.0	0.0	0.0	1.0	0.0	0.0	1.0	0.0	0.0	
873	26.0	0.0	0.0	1.0	0.0	0.0	0.0	1.0	0.0	1.0	
874	26.0	1.0	0.0	0.0	1.0	0.0	0.0	0.0	1.0	0.0	
875	30.0	1.0	0.0	0.0	0.0	0.0	1.0	1.0	0.0	0.0	
876	26.0	1.0	0.0	0.0	0.0	1.0	0.0	0.0	0.0	1.0	
877	28.0	1.0	0.0	0.0	0.0	0.0	0.0	1.0	0.0	1.0	
878	24.0	0.0	1.0	0.0	0.0	1.0	0.0	0.0	0.0	1.0	
879	26.0	0.0	1.0	0.0	0.0	1.0	1.0	0.0	0.0	0.0	
880	26.0	0.0	0.0	1.0	1.0	0.0	0.0	1.0	0.0	0.0	
881	26.0	0.0	1.0	0.0	1.0	0.0	0.0	1.0	0.0	0.0	
882	28.0	1.0	0.0	0.0	0.0	0.0	0.0	1.0	0.0	1.0	
883	28.0	1.0	0.0	0.0	0.0	0.0	1.0	0.0	1.0	0.0	
884	28.0	1.0	0.0	0.0	0.0	1.0	1.0	0.0	0.0	0.0	
885	28.0	1.0	0.0	0.0	1.0	0.0	0.0	1.0	0.0	0.0	
886	30.0	1.0	0.0	0.0	0.0	0.0	1.0	1.0	0.0	0.0	
887	24.0	0.0	1.0	0.0	0.0	0.0	0.0	0.0	1.0	1.0	
888	30.0	1.0	0.0	0.0	0.0	0.0	1.0	1.0	0.0	0.0	
889	28.0	1.0	0.0	0.0	1.0	0.0	0.0	1.0	0.0	0.0	
890	26.0	1.0	0.0	0.0	0.0	0.0	0.0	0.0	1.0	1.0	
891	26.0	0.0	0.0	1.0	0.0	0.0	0.0	1.0	0.0	1.0	
892	26.0	0.0	1.0	0.0	0.0	0.0	0.0	1.0	0.0	1.0	
893	26.0	1.0	0.0	0.0	0.0	0.0	0.0	0.0	1.0	1.0	
894	28.0	1.0	0.0	0.0	1.0	0.0	0.0	1.0	0.0	0.0	
895	26.0	1.0	0.0	0.0	0.0	1.0	0.0	0.0	0.0	1.0	
896	28.0	1.0	0.0	0.0	0.0	0.0	0.0	1.0	0.0	1.0	
897	28.0	1.0	0.0	0.0	0.0	0.0	1.0	0.0	1.0	0.0	
898	24.0	0.0	1.0	0.0	0.0	0.0	0.0	0.0	1.0	1.0	
899	26.0	1.0	0.0	0.0	0.0	0.0	0.0	0.0	1.0	1.0	
